[0.020s] Invoking command in '/root/colcon_ws/build/px4_ros_com': CMAKE_PREFIX_PATH=${CMAKE_PREFIX_PATH}:/opt/ros/foxy /usr/bin/cmake /root/colcon_ws/src/px4_ros_com -DCMAKE_INSTALL_PREFIX=/root/colcon_ws/install/px4_ros_com
[2.397s] -- The C compiler identification is GNU 9.3.0
[4.340s] -- The CXX compiler identification is GNU 9.3.0
[4.574s] -- Check for working C compiler: /usr/lib/ccache/cc
[4.790s] -- Check for working C compiler: /usr/lib/ccache/cc -- works
[4.792s] -- Detecting C compiler ABI info
[4.968s] -- Detecting C compiler ABI info - done
[4.986s] -- Detecting C compile features
[4.986s] -- Detecting C compile features - done
[4.990s] -- Check for working CXX compiler: /usr/lib/ccache/c++
[5.117s] -- Check for working CXX compiler: /usr/lib/ccache/c++ -- works
[5.119s] -- Detecting CXX compiler ABI info
[5.246s] -- Detecting CXX compiler ABI info - done
[5.259s] -- Detecting CXX compile features
[5.260s] -- Detecting CXX compile features - done
[5.307s] -- Found ament_cmake: 0.9.9 (/opt/ros/foxy/share/ament_cmake/cmake)
[5.374s] -- Found PythonInterp: /usr/bin/python3 (found suitable version "3.8.10", minimum required is "3") 
[5.374s] -- Using PYTHON_EXECUTABLE: /usr/bin/python3
[5.772s] -- Found builtin_interfaces: 1.0.0 (/opt/ros/foxy/share/builtin_interfaces/cmake)
[5.955s] -- Using all available rosidl_typesupport_c: rosidl_typesupport_fastrtps_c;rosidl_typesupport_introspection_c
[5.979s] -- Found rosidl_adapter: 1.2.1 (/opt/ros/foxy/share/rosidl_adapter/cmake)
[6.630s] -- Found OpenSSL: /usr/lib/x86_64-linux-gnu/libcrypto.so (found version "1.1.1f")  
[6.689s] -- Found FastRTPS: /opt/ros/foxy/include  
[6.855s] -- Using all available rosidl_typesupport_cpp: rosidl_typesupport_fastrtps_cpp;rosidl_typesupport_introspection_cpp
[6.964s] -- Found eigen3_cmake_module: 0.1.1 (/opt/ros/foxy/share/eigen3_cmake_module/cmake)
[7.002s] -- Found Eigen3: TRUE (found version "3.3.7") 
[7.026s] -- Found geometry_msgs: 2.0.5 (/opt/ros/foxy/share/geometry_msgs/cmake)
[7.161s] -- Found px4_msgs: 2.0.1 (/root/colcon_ws/install/px4_msgs/share/px4_msgs/cmake)
[7.263s] -- Found rclcpp: 2.4.1 (/opt/ros/foxy/share/rclcpp/cmake)
[7.414s] -- Found rmw_implementation_cmake: 1.0.3 (/opt/ros/foxy/share/rmw_implementation_cmake/cmake)
[7.421s] -- Using RMW implementation 'rmw_fastrtps_cpp' as default
[7.457s] -- Looking for pthread.h
[7.694s] -- Looking for pthread.h - found
[7.694s] -- Performing Test CMAKE_HAVE_LIBC_PTHREAD
[7.828s] -- Performing Test CMAKE_HAVE_LIBC_PTHREAD - Failed
[7.829s] -- Looking for pthread_create in pthreads
[7.959s] -- Looking for pthread_create in pthreads - not found
[7.959s] -- Looking for pthread_create in pthread
[8.049s] -- Looking for pthread_create in pthread - found
[8.050s] -- Found Threads: TRUE  
[8.459s] -- Found sensor_msgs: 2.0.5 (/opt/ros/foxy/share/sensor_msgs/cmake)
[8.605s] -- Found ament_lint_auto: 0.9.6 (/opt/ros/foxy/share/ament_lint_auto/cmake)
[8.794s] -- Added test 'copyright' to check source files copyright and LICENSE
[8.798s] -- Added test 'cppcheck' to perform static code analysis on C / C++ code
[8.799s] -- Configured cppcheck include dirs: /root/colcon_ws/src/px4_ros_com/include;$<BUILD_INTERFACE:/root/colcon_ws/src/px4_ros_com/include/px4_ros_com>
[8.799s] -- Configured cppcheck exclude dirs and/or files: 
[8.803s] -- Added test 'cpplint' to check C / C++ code against the Google style
[8.803s] -- Configured cpplint exclude dirs and/or files: 
[8.804s] -- Added test 'flake8' to check Python code syntax and style conventions
[8.806s] -- Added test 'lint_cmake' to check CMake code style
[8.807s] -- Added test 'pep257' to check Python code against some of the style conventions in PEP 257
[8.811s] -- Added test 'uncrustify' to check C / C++ code style
[8.811s] -- Configured uncrustify additional arguments: 
[8.812s] -- Added test 'xmllint' to check XML markup files
[8.824s] -- Configuring done
[8.850s] -- Generating done
[8.851s] -- Build files have been written to: /root/colcon_ws/build/px4_ros_com
[8.868s] Invoked command in '/root/colcon_ws/build/px4_ros_com' returned '0': CMAKE_PREFIX_PATH=${CMAKE_PREFIX_PATH}:/opt/ros/foxy /usr/bin/cmake /root/colcon_ws/src/px4_ros_com -DCMAKE_INSTALL_PREFIX=/root/colcon_ws/install/px4_ros_com
[8.869s] Invoking command in '/root/colcon_ws/build/px4_ros_com': CMAKE_PREFIX_PATH=${CMAKE_PREFIX_PATH}:/opt/ros/foxy /usr/bin/cmake --build /root/colcon_ws/build/px4_ros_com -- -j8 -l8
[8.933s] [35m[1mScanning dependencies of target frame_transforms[0m
[8.933s] [35m[1mScanning dependencies of target offboard_control[0m
[8.933s] [35m[1mScanning dependencies of target vehicle_gps_position_listener[0m
[8.937s] [35m[1mScanning dependencies of target debug_vect_advertiser[0m
[8.938s] [35m[1mScanning dependencies of target sensor_combined_listener[0m
[11.222s] [ 10%] [32mBuilding CXX object CMakeFiles/offboard_control.dir/src/examples/offboard/offboard_control.cpp.o[0m
[11.223s] [ 20%] [32mBuilding CXX object CMakeFiles/debug_vect_advertiser.dir/src/examples/advertisers/debug_vect_advertiser.cpp.o[0m
[11.231s] [ 30%] [32mBuilding CXX object CMakeFiles/sensor_combined_listener.dir/src/examples/listeners/sensor_combined_listener.cpp.o[0m
[11.231s] [ 40%] [32mBuilding CXX object CMakeFiles/vehicle_gps_position_listener.dir/src/examples/listeners/vehicle_gps_position_listener.cpp.o[0m
[12.498s] [ 50%] [32mBuilding CXX object CMakeFiles/frame_transforms.dir/src/lib/frame_transforms.cpp.o[0m
[18.852s] [ 60%] [32m[1mLinking CXX executable offboard_control[0m
[18.870s] [ 70%] [32m[1mLinking CXX executable debug_vect_advertiser[0m
[19.736s] [ 70%] Built target offboard_control
[19.746s] [ 70%] Built target debug_vect_advertiser
[20.222s] [ 80%] [32m[1mLinking CXX executable sensor_combined_listener[0m
[20.605s] [ 80%] Built target sensor_combined_listener
[21.741s] [ 90%] [32m[1mLinking CXX executable vehicle_gps_position_listener[0m
[21.934s] [100%] [32m[1mLinking CXX shared library libframe_transforms.so[0m
[22.064s] [100%] Built target vehicle_gps_position_listener
[22.403s] [100%] Built target frame_transforms
[22.420s] Invoked command in '/root/colcon_ws/build/px4_ros_com' returned '0': CMAKE_PREFIX_PATH=${CMAKE_PREFIX_PATH}:/opt/ros/foxy /usr/bin/cmake --build /root/colcon_ws/build/px4_ros_com -- -j8 -l8
[22.468s] Invoking command in '/root/colcon_ws/build/px4_ros_com': CMAKE_PREFIX_PATH=${CMAKE_PREFIX_PATH}:/opt/ros/foxy /usr/bin/cmake --install /root/colcon_ws/build/px4_ros_com
[22.482s] -- Install configuration: ""
[22.482s] -- Installing: /root/colcon_ws/install/px4_ros_com/lib/px4_ros_com/sensor_combined_listener
[22.485s] -- Set runtime path of "/root/colcon_ws/install/px4_ros_com/lib/px4_ros_com/sensor_combined_listener" to ""
[22.485s] -- Installing: /root/colcon_ws/install/px4_ros_com/lib/px4_ros_com/vehicle_gps_position_listener
[22.487s] -- Set runtime path of "/root/colcon_ws/install/px4_ros_com/lib/px4_ros_com/vehicle_gps_position_listener" to ""
[22.487s] -- Installing: /root/colcon_ws/install/px4_ros_com/lib/px4_ros_com/debug_vect_advertiser
[22.488s] -- Set runtime path of "/root/colcon_ws/install/px4_ros_com/lib/px4_ros_com/debug_vect_advertiser" to ""
[22.488s] -- Installing: /root/colcon_ws/install/px4_ros_com/lib/px4_ros_com/offboard_control
[22.490s] -- Set runtime path of "/root/colcon_ws/install/px4_ros_com/lib/px4_ros_com/offboard_control" to ""
[22.491s] -- Installing: /root/colcon_ws/install/px4_ros_com/share/px4_ros_com/environment/library_path.sh
[22.491s] -- Installing: /root/colcon_ws/install/px4_ros_com/share/px4_ros_com/environment/library_path.dsv
[22.491s] -- Installing: /root/colcon_ws/install/px4_ros_com/include/px4_ros_com
[22.491s] -- Installing: /root/colcon_ws/install/px4_ros_com/include/px4_ros_com/frame_transforms.h
[22.491s] -- Installing: /root/colcon_ws/install/px4_ros_com/lib/libframe_transforms.so
[22.495s] -- Set runtime path of "/root/colcon_ws/install/px4_ros_com/lib/libframe_transforms.so" to ""
[22.495s] -- Installing: /root/colcon_ws/install/px4_ros_com/share/px4_ros_com//launch
[22.495s] -- Installing: /root/colcon_ws/install/px4_ros_com/share/px4_ros_com//launch/offboard_control_launch.yaml
[22.495s] -- Installing: /root/colcon_ws/install/px4_ros_com/share/px4_ros_com//launch/sensor_combined_listener.launch.py
[22.495s] -- Installing: /root/colcon_ws/install/px4_ros_com/share/px4_ros_com//test
[22.495s] -- Installing: /root/colcon_ws/install/px4_ros_com/share/px4_ros_com//test/pipeline_io_test.py
[22.495s] -- Installing: /root/colcon_ws/install/px4_ros_com/share/px4_ros_com//test/test_input.py
[22.495s] -- Installing: /root/colcon_ws/install/px4_ros_com/share/px4_ros_com//test/__init__.py
[22.495s] -- Installing: /root/colcon_ws/install/px4_ros_com/share/px4_ros_com//test/test_output.py
[22.495s] -- Installing: /root/colcon_ws/install/px4_ros_com/share/ament_index/resource_index/package_run_dependencies/px4_ros_com
[22.496s] -- Installing: /root/colcon_ws/install/px4_ros_com/share/ament_index/resource_index/parent_prefix_path/px4_ros_com
[22.496s] -- Installing: /root/colcon_ws/install/px4_ros_com/share/px4_ros_com/environment/ament_prefix_path.sh
[22.496s] -- Installing: /root/colcon_ws/install/px4_ros_com/share/px4_ros_com/environment/ament_prefix_path.dsv
[22.496s] -- Installing: /root/colcon_ws/install/px4_ros_com/share/px4_ros_com/environment/path.sh
[22.496s] -- Installing: /root/colcon_ws/install/px4_ros_com/share/px4_ros_com/environment/path.dsv
[22.496s] -- Installing: /root/colcon_ws/install/px4_ros_com/share/px4_ros_com/local_setup.bash
[22.496s] -- Installing: /root/colcon_ws/install/px4_ros_com/share/px4_ros_com/local_setup.sh
[22.496s] -- Installing: /root/colcon_ws/install/px4_ros_com/share/px4_ros_com/local_setup.zsh
[22.497s] -- Installing: /root/colcon_ws/install/px4_ros_com/share/px4_ros_com/local_setup.dsv
[22.497s] -- Installing: /root/colcon_ws/install/px4_ros_com/share/px4_ros_com/package.dsv
[22.497s] -- Installing: /root/colcon_ws/install/px4_ros_com/share/ament_index/resource_index/packages/px4_ros_com
[22.497s] -- Installing: /root/colcon_ws/install/px4_ros_com/share/px4_ros_com/cmake/export_frame_transformsExport.cmake
[22.497s] -- Installing: /root/colcon_ws/install/px4_ros_com/share/px4_ros_com/cmake/export_frame_transformsExport-noconfig.cmake
[22.497s] -- Installing: /root/colcon_ws/install/px4_ros_com/share/px4_ros_com/cmake/ament_cmake_export_dependencies-extras.cmake
[22.498s] -- Installing: /root/colcon_ws/install/px4_ros_com/share/px4_ros_com/cmake/ament_cmake_export_targets-extras.cmake
[22.498s] -- Installing: /root/colcon_ws/install/px4_ros_com/share/px4_ros_com/cmake/ament_cmake_export_include_directories-extras.cmake
[22.498s] -- Installing: /root/colcon_ws/install/px4_ros_com/share/px4_ros_com/cmake/ament_cmake_export_libraries-extras.cmake
[22.498s] -- Installing: /root/colcon_ws/install/px4_ros_com/share/px4_ros_com/cmake/px4_ros_comConfig.cmake
[22.498s] -- Installing: /root/colcon_ws/install/px4_ros_com/share/px4_ros_com/cmake/px4_ros_comConfig-version.cmake
[22.498s] -- Installing: /root/colcon_ws/install/px4_ros_com/share/px4_ros_com/package.xml
[22.506s] Invoked command in '/root/colcon_ws/build/px4_ros_com' returned '0': CMAKE_PREFIX_PATH=${CMAKE_PREFIX_PATH}:/opt/ros/foxy /usr/bin/cmake --install /root/colcon_ws/build/px4_ros_com
