[  0%] Built target px4_msgs__cpp
[ 12%] Built target px4_msgs__rosidl_generator_c
[ 36%] Built target px4_msgs__rosidl_typesupport_c
[ 36%] Built target px4_msgs__rosidl_typesupport_cpp
[ 49%] Built target px4_msgs__rosidl_typesupport_introspection_cpp
[ 74%] Built target px4_msgs__rosidl_typesupport_introspection_c
[ 74%] Built target px4_msgs__rosidl_typesupport_fastrtps_cpp
[ 86%] Built target px4_msgs__rosidl_typesupport_fastrtps_c
[ 86%] Built target px4_msgs
[ 86%] Built target px4_msgs__py
[ 98%] Built target px4_msgs__python
[ 98%] Built target px4_msgs__rosidl_typesupport_introspection_c__pyext
[100%] Built target px4_msgs__rosidl_typesupport_fastrtps_c__pyext
[100%] Built target px4_msgs__rosidl_typesupport_c__pyext
-- Install configuration: ""
-- Up-to-date: /root/colcon_ws/install/px4_msgs/share/ament_index/resource_index/rosidl_interfaces/px4_msgs
-- Up-to-date: /root/colcon_ws/install/px4_msgs/include/px4_msgs
-- Up-to-date: /root/colcon_ws/install/px4_msgs/include/px4_msgs/msg
-- Up-to-date: /root/colcon_ws/install/px4_msgs/include/px4_msgs/msg/vehicle_trajectory_bezier.h
-- Up-to-date: /root/colcon_ws/install/px4_msgs/include/px4_msgs/msg/vehicle_attitude_setpoint.h
-- Up-to-date: /root/colcon_ws/install/px4_msgs/include/px4_msgs/msg/parameter_req.h
-- Up-to-date: /root/colcon_ws/install/px4_msgs/include/px4_msgs/msg/vehicle_local_position.h
-- Up-to-date: /root/colcon_ws/install/px4_msgs/include/px4_msgs/msg/collision_constraints.h
-- Up-to-date: /root/colcon_ws/install/px4_msgs/include/px4_msgs/msg/commander_set_state.h
-- Up-to-date: /root/colcon_ws/install/px4_msgs/include/px4_msgs/msg/offboard_control_mode.h
-- Up-to-date: /root/colcon_ws/install/px4_msgs/include/px4_msgs/msg/detail
-- Up-to-date: /root/colcon_ws/install/px4_msgs/include/px4_msgs/msg/detail/timesync_status__struct.h
-- Up-to-date: /root/colcon_ws/install/px4_msgs/include/px4_msgs/msg/detail/vehicle_odometry__functions.h
-- Up-to-date: /root/colcon_ws/install/px4_msgs/include/px4_msgs/msg/detail/vehicle_global_position__type_support.h
-- Up-to-date: /root/colcon_ws/install/px4_msgs/include/px4_msgs/msg/detail/obstacle_distance__type_support.h
-- Up-to-date: /root/colcon_ws/install/px4_msgs/include/px4_msgs/msg/detail/failsafe_flags__type_support.h
-- Up-to-date: /root/colcon_ws/install/px4_msgs/include/px4_msgs/msg/detail/telemetry_status__functions.c
-- Up-to-date: /root/colcon_ws/install/px4_msgs/include/px4_msgs/msg/detail/trajectory_waypoint__functions.c
-- Up-to-date: /root/colcon_ws/install/px4_msgs/include/px4_msgs/msg/detail/trajectory_setpoint__type_support.h
-- Up-to-date: /root/colcon_ws/install/px4_msgs/include/px4_msgs/msg/detail/vehicle_status__type_support.h
-- Up-to-date: /root/colcon_ws/install/px4_msgs/include/px4_msgs/msg/detail/vehicle_control_mode__struct.h
-- Up-to-date: /root/colcon_ws/install/px4_msgs/include/px4_msgs/msg/detail/vehicle_local_position__struct.h
-- Up-to-date: /root/colcon_ws/install/px4_msgs/include/px4_msgs/msg/detail/parameter_res__functions.c
-- Up-to-date: /root/colcon_ws/install/px4_msgs/include/px4_msgs/msg/detail/collision_constraints__functions.h
-- Up-to-date: /root/colcon_ws/install/px4_msgs/include/px4_msgs/msg/detail/trajectory_bezier__type_support.h
-- Up-to-date: /root/colcon_ws/install/px4_msgs/include/px4_msgs/msg/detail/vehicle_angular_velocity__functions.h
-- Up-to-date: /root/colcon_ws/install/px4_msgs/include/px4_msgs/msg/detail/vehicle_rates_setpoint__functions.c
-- Up-to-date: /root/colcon_ws/install/px4_msgs/include/px4_msgs/msg/detail/offboard_control_mode__functions.c
-- Up-to-date: /root/colcon_ws/install/px4_msgs/include/px4_msgs/msg/detail/onboard_computer_status__functions.h
-- Up-to-date: /root/colcon_ws/install/px4_msgs/include/px4_msgs/msg/detail/obstacle_distance__struct.h
-- Up-to-date: /root/colcon_ws/install/px4_msgs/include/px4_msgs/msg/detail/vehicle_trajectory_waypoint__type_support.h
-- Up-to-date: /root/colcon_ws/install/px4_msgs/include/px4_msgs/msg/detail/onboard_computer_status__struct.h
-- Up-to-date: /root/colcon_ws/install/px4_msgs/include/px4_msgs/msg/detail/commander_set_state__functions.h
-- Up-to-date: /root/colcon_ws/install/px4_msgs/include/px4_msgs/msg/detail/onboard_computer_status__functions.c
-- Up-to-date: /root/colcon_ws/install/px4_msgs/include/px4_msgs/msg/detail/debug_vect__functions.h
-- Up-to-date: /root/colcon_ws/install/px4_msgs/include/px4_msgs/msg/detail/vehicle_angular_velocity__functions.c
-- Up-to-date: /root/colcon_ws/install/px4_msgs/include/px4_msgs/msg/detail/vehicle_local_position__type_support.h
-- Up-to-date: /root/colcon_ws/install/px4_msgs/include/px4_msgs/msg/detail/action_request__functions.h
-- Up-to-date: /root/colcon_ws/install/px4_msgs/include/px4_msgs/msg/detail/vehicle_global_position__functions.h
-- Up-to-date: /root/colcon_ws/install/px4_msgs/include/px4_msgs/msg/detail/sensor_combined__functions.h
-- Up-to-date: /root/colcon_ws/install/px4_msgs/include/px4_msgs/msg/detail/telemetry_status__type_support.h
-- Up-to-date: /root/colcon_ws/install/px4_msgs/include/px4_msgs/msg/detail/vehicle_trajectory_waypoint__functions.h
-- Up-to-date: /root/colcon_ws/install/px4_msgs/include/px4_msgs/msg/detail/trajectory_bezier__functions.c
-- Up-to-date: /root/colcon_ws/install/px4_msgs/include/px4_msgs/msg/detail/collision_constraints__type_support.h
-- Up-to-date: /root/colcon_ws/install/px4_msgs/include/px4_msgs/msg/detail/vehicle_trajectory_bezier__struct.h
-- Up-to-date: /root/colcon_ws/install/px4_msgs/include/px4_msgs/msg/detail/trajectory_setpoint__functions.c
-- Up-to-date: /root/colcon_ws/install/px4_msgs/include/px4_msgs/msg/detail/vehicle_command__struct.h
-- Up-to-date: /root/colcon_ws/install/px4_msgs/include/px4_msgs/msg/detail/parameter_res__type_support.h
-- Up-to-date: /root/colcon_ws/install/px4_msgs/include/px4_msgs/msg/detail/debug_vect__functions.c
-- Up-to-date: /root/colcon_ws/install/px4_msgs/include/px4_msgs/msg/detail/obstacle_distance__functions.c
-- Up-to-date: /root/colcon_ws/install/px4_msgs/include/px4_msgs/msg/detail/action_request__type_support.h
-- Up-to-date: /root/colcon_ws/install/px4_msgs/include/px4_msgs/msg/detail/vehicle_odometry__functions.c
-- Up-to-date: /root/colcon_ws/install/px4_msgs/include/px4_msgs/msg/detail/vehicle_rates_setpoint__struct.h
-- Up-to-date: /root/colcon_ws/install/px4_msgs/include/px4_msgs/msg/detail/timesync_status__functions.h
-- Up-to-date: /root/colcon_ws/install/px4_msgs/include/px4_msgs/msg/detail/vehicle_control_mode__functions.c
-- Up-to-date: /root/colcon_ws/install/px4_msgs/include/px4_msgs/msg/detail/action_request__functions.c
-- Up-to-date: /root/colcon_ws/install/px4_msgs/include/px4_msgs/msg/detail/commander_set_state__functions.c
-- Up-to-date: /root/colcon_ws/install/px4_msgs/include/px4_msgs/msg/detail/commander_status__struct.h
-- Up-to-date: /root/colcon_ws/install/px4_msgs/include/px4_msgs/msg/detail/parameter_res__struct.h
-- Up-to-date: /root/colcon_ws/install/px4_msgs/include/px4_msgs/msg/detail/commander_set_state__struct.h
-- Up-to-date: /root/colcon_ws/install/px4_msgs/include/px4_msgs/msg/detail/vehicle_control_mode__functions.h
-- Up-to-date: /root/colcon_ws/install/px4_msgs/include/px4_msgs/msg/detail/commander_status__functions.c
-- Up-to-date: /root/colcon_ws/install/px4_msgs/include/px4_msgs/msg/detail/failsafe_flags__functions.h
-- Up-to-date: /root/colcon_ws/install/px4_msgs/include/px4_msgs/msg/detail/sensor_optical_flow__struct.h
-- Up-to-date: /root/colcon_ws/install/px4_msgs/include/px4_msgs/msg/detail/vehicle_attitude_setpoint__functions.h
-- Up-to-date: /root/colcon_ws/install/px4_msgs/include/px4_msgs/msg/detail/vehicle_attitude__functions.c
-- Up-to-date: /root/colcon_ws/install/px4_msgs/include/px4_msgs/msg/detail/vehicle_global_position__struct.h
-- Up-to-date: /root/colcon_ws/install/px4_msgs/include/px4_msgs/msg/detail/vehicle_attitude_setpoint__type_support.h
-- Up-to-date: /root/colcon_ws/install/px4_msgs/include/px4_msgs/msg/detail/sensor_combined__functions.c
-- Up-to-date: /root/colcon_ws/install/px4_msgs/include/px4_msgs/msg/detail/vehicle_attitude__struct.h
-- Up-to-date: /root/colcon_ws/install/px4_msgs/include/px4_msgs/msg/detail/vehicle_attitude_setpoint__struct.h
-- Up-to-date: /root/colcon_ws/install/px4_msgs/include/px4_msgs/msg/detail/trajectory_bezier__functions.h
-- Up-to-date: /root/colcon_ws/install/px4_msgs/include/px4_msgs/msg/detail/vehicle_control_mode__type_support.h
-- Up-to-date: /root/colcon_ws/install/px4_msgs/include/px4_msgs/msg/detail/vehicle_trajectory_waypoint__functions.c
-- Up-to-date: /root/colcon_ws/install/px4_msgs/include/px4_msgs/msg/detail/telemetry_status__struct.h
-- Up-to-date: /root/colcon_ws/install/px4_msgs/include/px4_msgs/msg/detail/vehicle_rates_setpoint__type_support.h
-- Up-to-date: /root/colcon_ws/install/px4_msgs/include/px4_msgs/msg/detail/debug_vect__type_support.h
-- Up-to-date: /root/colcon_ws/install/px4_msgs/include/px4_msgs/msg/detail/sensor_gps__functions.c
-- Up-to-date: /root/colcon_ws/install/px4_msgs/include/px4_msgs/msg/detail/sensor_optical_flow__functions.h
-- Up-to-date: /root/colcon_ws/install/px4_msgs/include/px4_msgs/msg/detail/timesync_status__type_support.h
-- Up-to-date: /root/colcon_ws/install/px4_msgs/include/px4_msgs/msg/detail/offboard_control_mode__functions.h
-- Up-to-date: /root/colcon_ws/install/px4_msgs/include/px4_msgs/msg/detail/obstacle_distance__functions.h
-- Up-to-date: /root/colcon_ws/install/px4_msgs/include/px4_msgs/msg/detail/offboard_control_mode__type_support.h
-- Up-to-date: /root/colcon_ws/install/px4_msgs/include/px4_msgs/msg/detail/vehicle_trajectory_bezier__functions.c
-- Up-to-date: /root/colcon_ws/install/px4_msgs/include/px4_msgs/msg/detail/commander_set_state__type_support.h
-- Up-to-date: /root/colcon_ws/install/px4_msgs/include/px4_msgs/msg/detail/vehicle_status__struct.h
-- Up-to-date: /root/colcon_ws/install/px4_msgs/include/px4_msgs/msg/detail/timesync_status__functions.c
-- Up-to-date: /root/colcon_ws/install/px4_msgs/include/px4_msgs/msg/detail/vehicle_angular_velocity__struct.h
-- Up-to-date: /root/colcon_ws/install/px4_msgs/include/px4_msgs/msg/detail/sensor_optical_flow__type_support.h
-- Up-to-date: /root/colcon_ws/install/px4_msgs/include/px4_msgs/msg/detail/sensor_combined__type_support.h
-- Up-to-date: /root/colcon_ws/install/px4_msgs/include/px4_msgs/msg/detail/vehicle_command__functions.h
-- Up-to-date: /root/colcon_ws/install/px4_msgs/include/px4_msgs/msg/detail/vehicle_odometry__type_support.h
-- Up-to-date: /root/colcon_ws/install/px4_msgs/include/px4_msgs/msg/detail/trajectory_waypoint__type_support.h
-- Up-to-date: /root/colcon_ws/install/px4_msgs/include/px4_msgs/msg/detail/trajectory_waypoint__functions.h
-- Up-to-date: /root/colcon_ws/install/px4_msgs/include/px4_msgs/msg/detail/collision_constraints__functions.c
-- Up-to-date: /root/colcon_ws/install/px4_msgs/include/px4_msgs/msg/detail/parameter_req__functions.c
-- Up-to-date: /root/colcon_ws/install/px4_msgs/include/px4_msgs/msg/detail/vehicle_attitude_setpoint__functions.c
-- Up-to-date: /root/colcon_ws/install/px4_msgs/include/px4_msgs/msg/detail/collision_constraints__struct.h
-- Up-to-date: /root/colcon_ws/install/px4_msgs/include/px4_msgs/msg/detail/vehicle_local_position__functions.h
-- Up-to-date: /root/colcon_ws/install/px4_msgs/include/px4_msgs/msg/detail/failsafe_flags__functions.c
-- Up-to-date: /root/colcon_ws/install/px4_msgs/include/px4_msgs/msg/detail/trajectory_bezier__struct.h
-- Up-to-date: /root/colcon_ws/install/px4_msgs/include/px4_msgs/msg/detail/vehicle_command__functions.c
-- Up-to-date: /root/colcon_ws/install/px4_msgs/include/px4_msgs/msg/detail/vehicle_status__functions.c
-- Up-to-date: /root/colcon_ws/install/px4_msgs/include/px4_msgs/msg/detail/vehicle_trajectory_bezier__type_support.h
-- Up-to-date: /root/colcon_ws/install/px4_msgs/include/px4_msgs/msg/detail/trajectory_waypoint__struct.h
-- Up-to-date: /root/colcon_ws/install/px4_msgs/include/px4_msgs/msg/detail/vehicle_odometry__struct.h
-- Up-to-date: /root/colcon_ws/install/px4_msgs/include/px4_msgs/msg/detail/parameter_req__functions.h
-- Up-to-date: /root/colcon_ws/install/px4_msgs/include/px4_msgs/msg/detail/commander_status__functions.h
-- Up-to-date: /root/colcon_ws/install/px4_msgs/include/px4_msgs/msg/detail/vehicle_status__functions.h
-- Up-to-date: /root/colcon_ws/install/px4_msgs/include/px4_msgs/msg/detail/vehicle_command__type_support.h
-- Up-to-date: /root/colcon_ws/install/px4_msgs/include/px4_msgs/msg/detail/sensor_gps__type_support.h
-- Up-to-date: /root/colcon_ws/install/px4_msgs/include/px4_msgs/msg/detail/onboard_computer_status__type_support.h
-- Up-to-date: /root/colcon_ws/install/px4_msgs/include/px4_msgs/msg/detail/vehicle_trajectory_bezier__functions.h
-- Up-to-date: /root/colcon_ws/install/px4_msgs/include/px4_msgs/msg/detail/telemetry_status__functions.h
-- Up-to-date: /root/colcon_ws/install/px4_msgs/include/px4_msgs/msg/detail/parameter_req__struct.h
-- Up-to-date: /root/colcon_ws/install/px4_msgs/include/px4_msgs/msg/detail/vehicle_angular_velocity__type_support.h
-- Up-to-date: /root/colcon_ws/install/px4_msgs/include/px4_msgs/msg/detail/commander_status__type_support.h
-- Up-to-date: /root/colcon_ws/install/px4_msgs/include/px4_msgs/msg/detail/action_request__struct.h
-- Up-to-date: /root/colcon_ws/install/px4_msgs/include/px4_msgs/msg/detail/parameter_res__functions.h
-- Up-to-date: /root/colcon_ws/install/px4_msgs/include/px4_msgs/msg/detail/offboard_control_mode__struct.h
-- Up-to-date: /root/colcon_ws/install/px4_msgs/include/px4_msgs/msg/detail/vehicle_attitude__type_support.h
-- Up-to-date: /root/colcon_ws/install/px4_msgs/include/px4_msgs/msg/detail/vehicle_global_position__functions.c
-- Up-to-date: /root/colcon_ws/install/px4_msgs/include/px4_msgs/msg/detail/failsafe_flags__struct.h
-- Up-to-date: /root/colcon_ws/install/px4_msgs/include/px4_msgs/msg/detail/sensor_optical_flow__functions.c
-- Up-to-date: /root/colcon_ws/install/px4_msgs/include/px4_msgs/msg/detail/sensor_combined__struct.h
-- Up-to-date: /root/colcon_ws/install/px4_msgs/include/px4_msgs/msg/detail/vehicle_trajectory_waypoint__struct.h
-- Up-to-date: /root/colcon_ws/install/px4_msgs/include/px4_msgs/msg/detail/sensor_gps__functions.h
-- Up-to-date: /root/colcon_ws/install/px4_msgs/include/px4_msgs/msg/detail/vehicle_local_position__functions.c
-- Up-to-date: /root/colcon_ws/install/px4_msgs/include/px4_msgs/msg/detail/trajectory_setpoint__functions.h
-- Up-to-date: /root/colcon_ws/install/px4_msgs/include/px4_msgs/msg/detail/vehicle_rates_setpoint__functions.h
-- Up-to-date: /root/colcon_ws/install/px4_msgs/include/px4_msgs/msg/detail/vehicle_attitude__functions.h
-- Up-to-date: /root/colcon_ws/install/px4_msgs/include/px4_msgs/msg/detail/sensor_gps__struct.h
-- Up-to-date: /root/colcon_ws/install/px4_msgs/include/px4_msgs/msg/detail/debug_vect__struct.h
-- Up-to-date: /root/colcon_ws/install/px4_msgs/include/px4_msgs/msg/detail/trajectory_setpoint__struct.h
-- Up-to-date: /root/colcon_ws/install/px4_msgs/include/px4_msgs/msg/detail/parameter_req__type_support.h
-- Up-to-date: /root/colcon_ws/install/px4_msgs/include/px4_msgs/msg/action_request.h
-- Up-to-date: /root/colcon_ws/install/px4_msgs/include/px4_msgs/msg/debug_vect.h
-- Up-to-date: /root/colcon_ws/install/px4_msgs/include/px4_msgs/msg/vehicle_command.h
-- Up-to-date: /root/colcon_ws/install/px4_msgs/include/px4_msgs/msg/parameter_res.h
-- Up-to-date: /root/colcon_ws/install/px4_msgs/include/px4_msgs/msg/vehicle_control_mode.h
-- Up-to-date: /root/colcon_ws/install/px4_msgs/include/px4_msgs/msg/sensor_gps.h
-- Up-to-date: /root/colcon_ws/install/px4_msgs/include/px4_msgs/msg/telemetry_status.h
-- Up-to-date: /root/colcon_ws/install/px4_msgs/include/px4_msgs/msg/failsafe_flags.h
-- Up-to-date: /root/colcon_ws/install/px4_msgs/include/px4_msgs/msg/sensor_combined.h
-- Up-to-date: /root/colcon_ws/install/px4_msgs/include/px4_msgs/msg/vehicle_odometry.h
-- Up-to-date: /root/colcon_ws/install/px4_msgs/include/px4_msgs/msg/vehicle_angular_velocity.h
-- Up-to-date: /root/colcon_ws/install/px4_msgs/include/px4_msgs/msg/obstacle_distance.h
-- Up-to-date: /root/colcon_ws/install/px4_msgs/include/px4_msgs/msg/vehicle_global_position.h
-- Up-to-date: /root/colcon_ws/install/px4_msgs/include/px4_msgs/msg/vehicle_attitude.h
-- Up-to-date: /root/colcon_ws/install/px4_msgs/include/px4_msgs/msg/vehicle_trajectory_waypoint.h
-- Up-to-date: /root/colcon_ws/install/px4_msgs/include/px4_msgs/msg/trajectory_waypoint.h
-- Up-to-date: /root/colcon_ws/install/px4_msgs/include/px4_msgs/msg/vehicle_rates_setpoint.h
-- Up-to-date: /root/colcon_ws/install/px4_msgs/include/px4_msgs/msg/vehicle_status.h
-- Up-to-date: /root/colcon_ws/install/px4_msgs/include/px4_msgs/msg/onboard_computer_status.h
-- Up-to-date: /root/colcon_ws/install/px4_msgs/include/px4_msgs/msg/commander_status.h
-- Up-to-date: /root/colcon_ws/install/px4_msgs/include/px4_msgs/msg/rosidl_generator_c__visibility_control.h
-- Up-to-date: /root/colcon_ws/install/px4_msgs/include/px4_msgs/msg/trajectory_bezier.h
-- Up-to-date: /root/colcon_ws/install/px4_msgs/include/px4_msgs/msg/timesync_status.h
-- Up-to-date: /root/colcon_ws/install/px4_msgs/include/px4_msgs/msg/sensor_optical_flow.h
-- Up-to-date: /root/colcon_ws/install/px4_msgs/include/px4_msgs/msg/trajectory_setpoint.h
-- Up-to-date: /root/colcon_ws/install/px4_msgs/share/px4_msgs/environment/library_path.sh
-- Up-to-date: /root/colcon_ws/install/px4_msgs/share/px4_msgs/environment/library_path.dsv
-- Up-to-date: /root/colcon_ws/install/px4_msgs/lib/libpx4_msgs__rosidl_generator_c.so
-- Up-to-date: /root/colcon_ws/install/px4_msgs/include/px4_msgs
-- Up-to-date: /root/colcon_ws/install/px4_msgs/include/px4_msgs/msg
-- Up-to-date: /root/colcon_ws/install/px4_msgs/include/px4_msgs/msg/detail
-- Up-to-date: /root/colcon_ws/install/px4_msgs/include/px4_msgs/msg/detail/sensor_optical_flow__rosidl_typesupport_fastrtps_c.h
-- Up-to-date: /root/colcon_ws/install/px4_msgs/include/px4_msgs/msg/detail/vehicle_rates_setpoint__rosidl_typesupport_fastrtps_c.h
-- Up-to-date: /root/colcon_ws/install/px4_msgs/include/px4_msgs/msg/detail/vehicle_global_position__rosidl_typesupport_fastrtps_c.h
-- Up-to-date: /root/colcon_ws/install/px4_msgs/include/px4_msgs/msg/detail/vehicle_control_mode__rosidl_typesupport_fastrtps_c.h
-- Up-to-date: /root/colcon_ws/install/px4_msgs/include/px4_msgs/msg/detail/vehicle_trajectory_waypoint__rosidl_typesupport_fastrtps_c.h
-- Up-to-date: /root/colcon_ws/install/px4_msgs/include/px4_msgs/msg/detail/vehicle_attitude__rosidl_typesupport_fastrtps_c.h
-- Up-to-date: /root/colcon_ws/install/px4_msgs/include/px4_msgs/msg/detail/vehicle_command__rosidl_typesupport_fastrtps_c.h
-- Up-to-date: /root/colcon_ws/install/px4_msgs/include/px4_msgs/msg/detail/vehicle_trajectory_bezier__rosidl_typesupport_fastrtps_c.h
-- Up-to-date: /root/colcon_ws/install/px4_msgs/include/px4_msgs/msg/detail/vehicle_local_position__rosidl_typesupport_fastrtps_c.h
-- Up-to-date: /root/colcon_ws/install/px4_msgs/include/px4_msgs/msg/detail/sensor_combined__rosidl_typesupport_fastrtps_c.h
-- Up-to-date: /root/colcon_ws/install/px4_msgs/include/px4_msgs/msg/detail/offboard_control_mode__rosidl_typesupport_fastrtps_c.h
-- Up-to-date: /root/colcon_ws/install/px4_msgs/include/px4_msgs/msg/detail/action_request__rosidl_typesupport_fastrtps_c.h
-- Up-to-date: /root/colcon_ws/install/px4_msgs/include/px4_msgs/msg/detail/timesync_status__rosidl_typesupport_fastrtps_c.h
-- Up-to-date: /root/colcon_ws/install/px4_msgs/include/px4_msgs/msg/detail/trajectory_bezier__rosidl_typesupport_fastrtps_c.h
-- Up-to-date: /root/colcon_ws/install/px4_msgs/include/px4_msgs/msg/detail/obstacle_distance__rosidl_typesupport_fastrtps_c.h
-- Up-to-date: /root/colcon_ws/install/px4_msgs/include/px4_msgs/msg/detail/parameter_res__rosidl_typesupport_fastrtps_c.h
-- Up-to-date: /root/colcon_ws/install/px4_msgs/include/px4_msgs/msg/detail/debug_vect__rosidl_typesupport_fastrtps_c.h
-- Up-to-date: /root/colcon_ws/install/px4_msgs/include/px4_msgs/msg/detail/vehicle_angular_velocity__rosidl_typesupport_fastrtps_c.h
-- Up-to-date: /root/colcon_ws/install/px4_msgs/include/px4_msgs/msg/detail/vehicle_odometry__rosidl_typesupport_fastrtps_c.h
-- Up-to-date: /root/colcon_ws/install/px4_msgs/include/px4_msgs/msg/detail/commander_status__rosidl_typesupport_fastrtps_c.h
-- Up-to-date: /root/colcon_ws/install/px4_msgs/include/px4_msgs/msg/detail/vehicle_attitude_setpoint__rosidl_typesupport_fastrtps_c.h
-- Up-to-date: /root/colcon_ws/install/px4_msgs/include/px4_msgs/msg/detail/failsafe_flags__rosidl_typesupport_fastrtps_c.h
-- Up-to-date: /root/colcon_ws/install/px4_msgs/include/px4_msgs/msg/detail/trajectory_setpoint__rosidl_typesupport_fastrtps_c.h
-- Up-to-date: /root/colcon_ws/install/px4_msgs/include/px4_msgs/msg/detail/collision_constraints__rosidl_typesupport_fastrtps_c.h
-- Up-to-date: /root/colcon_ws/install/px4_msgs/include/px4_msgs/msg/detail/commander_set_state__rosidl_typesupport_fastrtps_c.h
-- Up-to-date: /root/colcon_ws/install/px4_msgs/include/px4_msgs/msg/detail/trajectory_waypoint__rosidl_typesupport_fastrtps_c.h
-- Up-to-date: /root/colcon_ws/install/px4_msgs/include/px4_msgs/msg/detail/sensor_gps__rosidl_typesupport_fastrtps_c.h
-- Up-to-date: /root/colcon_ws/install/px4_msgs/include/px4_msgs/msg/detail/parameter_req__rosidl_typesupport_fastrtps_c.h
-- Up-to-date: /root/colcon_ws/install/px4_msgs/include/px4_msgs/msg/detail/telemetry_status__rosidl_typesupport_fastrtps_c.h
-- Up-to-date: /root/colcon_ws/install/px4_msgs/include/px4_msgs/msg/detail/onboard_computer_status__rosidl_typesupport_fastrtps_c.h
-- Up-to-date: /root/colcon_ws/install/px4_msgs/include/px4_msgs/msg/detail/vehicle_status__rosidl_typesupport_fastrtps_c.h
-- Up-to-date: /root/colcon_ws/install/px4_msgs/include/px4_msgs/msg/rosidl_typesupport_fastrtps_c__visibility_control.h
-- Up-to-date: /root/colcon_ws/install/px4_msgs/lib/libpx4_msgs__rosidl_typesupport_fastrtps_c.so
-- Up-to-date: /root/colcon_ws/install/px4_msgs/include/px4_msgs
-- Up-to-date: /root/colcon_ws/install/px4_msgs/include/px4_msgs/msg
-- Up-to-date: /root/colcon_ws/install/px4_msgs/include/px4_msgs/msg/detail
-- Up-to-date: /root/colcon_ws/install/px4_msgs/include/px4_msgs/msg/detail/commander_set_state__rosidl_typesupport_fastrtps_cpp.hpp
-- Up-to-date: /root/colcon_ws/install/px4_msgs/include/px4_msgs/msg/detail/sensor_optical_flow__rosidl_typesupport_fastrtps_cpp.hpp
-- Up-to-date: /root/colcon_ws/install/px4_msgs/include/px4_msgs/msg/detail/debug_vect__rosidl_typesupport_fastrtps_cpp.hpp
-- Up-to-date: /root/colcon_ws/install/px4_msgs/include/px4_msgs/msg/detail/timesync_status__rosidl_typesupport_fastrtps_cpp.hpp
-- Up-to-date: /root/colcon_ws/install/px4_msgs/include/px4_msgs/msg/detail/trajectory_setpoint__rosidl_typesupport_fastrtps_cpp.hpp
-- Up-to-date: /root/colcon_ws/install/px4_msgs/include/px4_msgs/msg/detail/onboard_computer_status__rosidl_typesupport_fastrtps_cpp.hpp
-- Up-to-date: /root/colcon_ws/install/px4_msgs/include/px4_msgs/msg/detail/offboard_control_mode__rosidl_typesupport_fastrtps_cpp.hpp
-- Up-to-date: /root/colcon_ws/install/px4_msgs/include/px4_msgs/msg/detail/sensor_gps__rosidl_typesupport_fastrtps_cpp.hpp
-- Up-to-date: /root/colcon_ws/install/px4_msgs/include/px4_msgs/msg/detail/vehicle_command__rosidl_typesupport_fastrtps_cpp.hpp
-- Up-to-date: /root/colcon_ws/install/px4_msgs/include/px4_msgs/msg/detail/trajectory_waypoint__rosidl_typesupport_fastrtps_cpp.hpp
-- Up-to-date: /root/colcon_ws/install/px4_msgs/include/px4_msgs/msg/detail/vehicle_local_position__rosidl_typesupport_fastrtps_cpp.hpp
-- Up-to-date: /root/colcon_ws/install/px4_msgs/include/px4_msgs/msg/detail/vehicle_trajectory_bezier__rosidl_typesupport_fastrtps_cpp.hpp
-- Up-to-date: /root/colcon_ws/install/px4_msgs/include/px4_msgs/msg/detail/vehicle_status__rosidl_typesupport_fastrtps_cpp.hpp
-- Up-to-date: /root/colcon_ws/install/px4_msgs/include/px4_msgs/msg/detail/vehicle_global_position__rosidl_typesupport_fastrtps_cpp.hpp
-- Up-to-date: /root/colcon_ws/install/px4_msgs/include/px4_msgs/msg/detail/collision_constraints__rosidl_typesupport_fastrtps_cpp.hpp
-- Up-to-date: /root/colcon_ws/install/px4_msgs/include/px4_msgs/msg/detail/trajectory_bezier__rosidl_typesupport_fastrtps_cpp.hpp
-- Up-to-date: /root/colcon_ws/install/px4_msgs/include/px4_msgs/msg/detail/vehicle_odometry__rosidl_typesupport_fastrtps_cpp.hpp
-- Up-to-date: /root/colcon_ws/install/px4_msgs/include/px4_msgs/msg/detail/commander_status__rosidl_typesupport_fastrtps_cpp.hpp
-- Up-to-date: /root/colcon_ws/install/px4_msgs/include/px4_msgs/msg/detail/dds_fastrtps
-- Up-to-date: /root/colcon_ws/install/px4_msgs/include/px4_msgs/msg/detail/failsafe_flags__rosidl_typesupport_fastrtps_cpp.hpp
-- Up-to-date: /root/colcon_ws/install/px4_msgs/include/px4_msgs/msg/detail/action_request__rosidl_typesupport_fastrtps_cpp.hpp
-- Up-to-date: /root/colcon_ws/install/px4_msgs/include/px4_msgs/msg/detail/parameter_req__rosidl_typesupport_fastrtps_cpp.hpp
-- Up-to-date: /root/colcon_ws/install/px4_msgs/include/px4_msgs/msg/detail/obstacle_distance__rosidl_typesupport_fastrtps_cpp.hpp
-- Up-to-date: /root/colcon_ws/install/px4_msgs/include/px4_msgs/msg/detail/sensor_combined__rosidl_typesupport_fastrtps_cpp.hpp
-- Up-to-date: /root/colcon_ws/install/px4_msgs/include/px4_msgs/msg/detail/vehicle_attitude_setpoint__rosidl_typesupport_fastrtps_cpp.hpp
-- Up-to-date: /root/colcon_ws/install/px4_msgs/include/px4_msgs/msg/detail/vehicle_control_mode__rosidl_typesupport_fastrtps_cpp.hpp
-- Up-to-date: /root/colcon_ws/install/px4_msgs/include/px4_msgs/msg/detail/vehicle_angular_velocity__rosidl_typesupport_fastrtps_cpp.hpp
-- Up-to-date: /root/colcon_ws/install/px4_msgs/include/px4_msgs/msg/detail/vehicle_trajectory_waypoint__rosidl_typesupport_fastrtps_cpp.hpp
-- Up-to-date: /root/colcon_ws/install/px4_msgs/include/px4_msgs/msg/detail/parameter_res__rosidl_typesupport_fastrtps_cpp.hpp
-- Up-to-date: /root/colcon_ws/install/px4_msgs/include/px4_msgs/msg/detail/vehicle_attitude__rosidl_typesupport_fastrtps_cpp.hpp
-- Up-to-date: /root/colcon_ws/install/px4_msgs/include/px4_msgs/msg/detail/vehicle_rates_setpoint__rosidl_typesupport_fastrtps_cpp.hpp
-- Up-to-date: /root/colcon_ws/install/px4_msgs/include/px4_msgs/msg/detail/telemetry_status__rosidl_typesupport_fastrtps_cpp.hpp
-- Up-to-date: /root/colcon_ws/install/px4_msgs/include/px4_msgs/msg/rosidl_typesupport_fastrtps_cpp__visibility_control.h
-- Up-to-date: /root/colcon_ws/install/px4_msgs/lib/libpx4_msgs__rosidl_typesupport_fastrtps_cpp.so
-- Up-to-date: /root/colcon_ws/install/px4_msgs/include/px4_msgs
-- Up-to-date: /root/colcon_ws/install/px4_msgs/include/px4_msgs/msg
-- Up-to-date: /root/colcon_ws/install/px4_msgs/include/px4_msgs/msg/detail
-- Up-to-date: /root/colcon_ws/install/px4_msgs/include/px4_msgs/msg/detail/trajectory_bezier__rosidl_typesupport_introspection_c.h
-- Up-to-date: /root/colcon_ws/install/px4_msgs/include/px4_msgs/msg/detail/trajectory_setpoint__rosidl_typesupport_introspection_c.h
-- Up-to-date: /root/colcon_ws/install/px4_msgs/include/px4_msgs/msg/detail/sensor_optical_flow__type_support.c
-- Up-to-date: /root/colcon_ws/install/px4_msgs/include/px4_msgs/msg/detail/debug_vect__type_support.c
-- Up-to-date: /root/colcon_ws/install/px4_msgs/include/px4_msgs/msg/detail/vehicle_attitude__rosidl_typesupport_introspection_c.h
-- Up-to-date: /root/colcon_ws/install/px4_msgs/include/px4_msgs/msg/detail/vehicle_command__rosidl_typesupport_introspection_c.h
-- Up-to-date: /root/colcon_ws/install/px4_msgs/include/px4_msgs/msg/detail/vehicle_rates_setpoint__type_support.c
-- Up-to-date: /root/colcon_ws/install/px4_msgs/include/px4_msgs/msg/detail/collision_constraints__rosidl_typesupport_introspection_c.h
-- Up-to-date: /root/colcon_ws/install/px4_msgs/include/px4_msgs/msg/detail/vehicle_attitude__type_support.c
-- Up-to-date: /root/colcon_ws/install/px4_msgs/include/px4_msgs/msg/detail/vehicle_control_mode__type_support.c
-- Up-to-date: /root/colcon_ws/install/px4_msgs/include/px4_msgs/msg/detail/obstacle_distance__rosidl_typesupport_introspection_c.h
-- Up-to-date: /root/colcon_ws/install/px4_msgs/include/px4_msgs/msg/detail/vehicle_control_mode__rosidl_typesupport_introspection_c.h
-- Up-to-date: /root/colcon_ws/install/px4_msgs/include/px4_msgs/msg/detail/trajectory_bezier__type_support.c
-- Up-to-date: /root/colcon_ws/install/px4_msgs/include/px4_msgs/msg/detail/vehicle_angular_velocity__rosidl_typesupport_introspection_c.h
-- Up-to-date: /root/colcon_ws/install/px4_msgs/include/px4_msgs/msg/detail/offboard_control_mode__rosidl_typesupport_introspection_c.h
-- Up-to-date: /root/colcon_ws/install/px4_msgs/include/px4_msgs/msg/detail/commander_status__rosidl_typesupport_introspection_c.h
-- Up-to-date: /root/colcon_ws/install/px4_msgs/include/px4_msgs/msg/detail/onboard_computer_status__rosidl_typesupport_introspection_c.h
-- Up-to-date: /root/colcon_ws/install/px4_msgs/include/px4_msgs/msg/detail/vehicle_trajectory_bezier__type_support.c
-- Up-to-date: /root/colcon_ws/install/px4_msgs/include/px4_msgs/msg/detail/trajectory_waypoint__type_support.c
-- Up-to-date: /root/colcon_ws/install/px4_msgs/include/px4_msgs/msg/detail/vehicle_trajectory_bezier__rosidl_typesupport_introspection_c.h
-- Up-to-date: /root/colcon_ws/install/px4_msgs/include/px4_msgs/msg/detail/vehicle_trajectory_waypoint__rosidl_typesupport_introspection_c.h
-- Up-to-date: /root/colcon_ws/install/px4_msgs/include/px4_msgs/msg/detail/trajectory_setpoint__type_support.c
-- Up-to-date: /root/colcon_ws/install/px4_msgs/include/px4_msgs/msg/detail/vehicle_rates_setpoint__rosidl_typesupport_introspection_c.h
-- Up-to-date: /root/colcon_ws/install/px4_msgs/include/px4_msgs/msg/detail/commander_set_state__type_support.c
-- Up-to-date: /root/colcon_ws/install/px4_msgs/include/px4_msgs/msg/detail/commander_set_state__rosidl_typesupport_introspection_c.h
-- Up-to-date: /root/colcon_ws/install/px4_msgs/include/px4_msgs/msg/detail/failsafe_flags__type_support.c
-- Up-to-date: /root/colcon_ws/install/px4_msgs/include/px4_msgs/msg/detail/telemetry_status__rosidl_typesupport_introspection_c.h
-- Up-to-date: /root/colcon_ws/install/px4_msgs/include/px4_msgs/msg/detail/parameter_req__rosidl_typesupport_introspection_c.h
-- Up-to-date: /root/colcon_ws/install/px4_msgs/include/px4_msgs/msg/detail/vehicle_odometry__rosidl_typesupport_introspection_c.h
-- Up-to-date: /root/colcon_ws/install/px4_msgs/include/px4_msgs/msg/detail/vehicle_status__rosidl_typesupport_introspection_c.h
-- Up-to-date: /root/colcon_ws/install/px4_msgs/include/px4_msgs/msg/detail/vehicle_local_position__type_support.c
-- Up-to-date: /root/colcon_ws/install/px4_msgs/include/px4_msgs/msg/detail/parameter_res__rosidl_typesupport_introspection_c.h
-- Up-to-date: /root/colcon_ws/install/px4_msgs/include/px4_msgs/msg/detail/sensor_combined__type_support.c
-- Up-to-date: /root/colcon_ws/install/px4_msgs/include/px4_msgs/msg/detail/obstacle_distance__type_support.c
-- Up-to-date: /root/colcon_ws/install/px4_msgs/include/px4_msgs/msg/detail/vehicle_trajectory_waypoint__type_support.c
-- Up-to-date: /root/colcon_ws/install/px4_msgs/include/px4_msgs/msg/detail/parameter_req__type_support.c
-- Up-to-date: /root/colcon_ws/install/px4_msgs/include/px4_msgs/msg/detail/trajectory_waypoint__rosidl_typesupport_introspection_c.h
-- Up-to-date: /root/colcon_ws/install/px4_msgs/include/px4_msgs/msg/detail/commander_status__type_support.c
-- Up-to-date: /root/colcon_ws/install/px4_msgs/include/px4_msgs/msg/detail/vehicle_attitude_setpoint__type_support.c
-- Up-to-date: /root/colcon_ws/install/px4_msgs/include/px4_msgs/msg/detail/sensor_gps__type_support.c
-- Up-to-date: /root/colcon_ws/install/px4_msgs/include/px4_msgs/msg/detail/timesync_status__rosidl_typesupport_introspection_c.h
-- Up-to-date: /root/colcon_ws/install/px4_msgs/include/px4_msgs/msg/detail/vehicle_angular_velocity__type_support.c
-- Up-to-date: /root/colcon_ws/install/px4_msgs/include/px4_msgs/msg/detail/action_request__rosidl_typesupport_introspection_c.h
-- Up-to-date: /root/colcon_ws/install/px4_msgs/include/px4_msgs/msg/detail/vehicle_command__type_support.c
-- Up-to-date: /root/colcon_ws/install/px4_msgs/include/px4_msgs/msg/detail/vehicle_attitude_setpoint__rosidl_typesupport_introspection_c.h
-- Up-to-date: /root/colcon_ws/install/px4_msgs/include/px4_msgs/msg/detail/vehicle_global_position__rosidl_typesupport_introspection_c.h
-- Up-to-date: /root/colcon_ws/install/px4_msgs/include/px4_msgs/msg/detail/sensor_combined__rosidl_typesupport_introspection_c.h
-- Up-to-date: /root/colcon_ws/install/px4_msgs/include/px4_msgs/msg/detail/vehicle_local_position__rosidl_typesupport_introspection_c.h
-- Up-to-date: /root/colcon_ws/install/px4_msgs/include/px4_msgs/msg/detail/action_request__type_support.c
-- Up-to-date: /root/colcon_ws/install/px4_msgs/include/px4_msgs/msg/detail/vehicle_global_position__type_support.c
-- Up-to-date: /root/colcon_ws/install/px4_msgs/include/px4_msgs/msg/detail/telemetry_status__type_support.c
-- Up-to-date: /root/colcon_ws/install/px4_msgs/include/px4_msgs/msg/detail/parameter_res__type_support.c
-- Up-to-date: /root/colcon_ws/install/px4_msgs/include/px4_msgs/msg/detail/vehicle_status__type_support.c
-- Up-to-date: /root/colcon_ws/install/px4_msgs/include/px4_msgs/msg/detail/sensor_optical_flow__rosidl_typesupport_introspection_c.h
-- Up-to-date: /root/colcon_ws/install/px4_msgs/include/px4_msgs/msg/detail/failsafe_flags__rosidl_typesupport_introspection_c.h
-- Up-to-date: /root/colcon_ws/install/px4_msgs/include/px4_msgs/msg/detail/timesync_status__type_support.c
-- Up-to-date: /root/colcon_ws/install/px4_msgs/include/px4_msgs/msg/detail/sensor_gps__rosidl_typesupport_introspection_c.h
-- Up-to-date: /root/colcon_ws/install/px4_msgs/include/px4_msgs/msg/detail/collision_constraints__type_support.c
-- Up-to-date: /root/colcon_ws/install/px4_msgs/include/px4_msgs/msg/detail/offboard_control_mode__type_support.c
-- Up-to-date: /root/colcon_ws/install/px4_msgs/include/px4_msgs/msg/detail/onboard_computer_status__type_support.c
-- Up-to-date: /root/colcon_ws/install/px4_msgs/include/px4_msgs/msg/detail/debug_vect__rosidl_typesupport_introspection_c.h
-- Up-to-date: /root/colcon_ws/install/px4_msgs/include/px4_msgs/msg/detail/vehicle_odometry__type_support.c
-- Up-to-date: /root/colcon_ws/install/px4_msgs/include/px4_msgs/msg/rosidl_typesupport_introspection_c__visibility_control.h
-- Up-to-date: /root/colcon_ws/install/px4_msgs/lib/libpx4_msgs__rosidl_typesupport_introspection_c.so
-- Up-to-date: /root/colcon_ws/install/px4_msgs/lib/libpx4_msgs__rosidl_typesupport_c.so
-- Up-to-date: /root/colcon_ws/install/px4_msgs/include/px4_msgs
-- Up-to-date: /root/colcon_ws/install/px4_msgs/include/px4_msgs/msg
-- Up-to-date: /root/colcon_ws/install/px4_msgs/include/px4_msgs/msg/vehicle_attitude.hpp
-- Up-to-date: /root/colcon_ws/install/px4_msgs/include/px4_msgs/msg/vehicle_attitude_setpoint.hpp
-- Up-to-date: /root/colcon_ws/install/px4_msgs/include/px4_msgs/msg/vehicle_status.hpp
-- Up-to-date: /root/colcon_ws/install/px4_msgs/include/px4_msgs/msg/detail
-- Up-to-date: /root/colcon_ws/install/px4_msgs/include/px4_msgs/msg/detail/trajectory_waypoint__traits.hpp
-- Up-to-date: /root/colcon_ws/install/px4_msgs/include/px4_msgs/msg/detail/offboard_control_mode__builder.hpp
-- Up-to-date: /root/colcon_ws/install/px4_msgs/include/px4_msgs/msg/detail/vehicle_rates_setpoint__builder.hpp
-- Up-to-date: /root/colcon_ws/install/px4_msgs/include/px4_msgs/msg/detail/commander_status__traits.hpp
-- Up-to-date: /root/colcon_ws/install/px4_msgs/include/px4_msgs/msg/detail/trajectory_waypoint__struct.hpp
-- Up-to-date: /root/colcon_ws/install/px4_msgs/include/px4_msgs/msg/detail/timesync_status__struct.hpp
-- Up-to-date: /root/colcon_ws/install/px4_msgs/include/px4_msgs/msg/detail/onboard_computer_status__builder.hpp
-- Up-to-date: /root/colcon_ws/install/px4_msgs/include/px4_msgs/msg/detail/telemetry_status__builder.hpp
-- Up-to-date: /root/colcon_ws/install/px4_msgs/include/px4_msgs/msg/detail/vehicle_angular_velocity__builder.hpp
-- Up-to-date: /root/colcon_ws/install/px4_msgs/include/px4_msgs/msg/detail/collision_constraints__traits.hpp
-- Up-to-date: /root/colcon_ws/install/px4_msgs/include/px4_msgs/msg/detail/sensor_gps__builder.hpp
-- Up-to-date: /root/colcon_ws/install/px4_msgs/include/px4_msgs/msg/detail/parameter_req__struct.hpp
-- Up-to-date: /root/colcon_ws/install/px4_msgs/include/px4_msgs/msg/detail/commander_set_state__traits.hpp
-- Up-to-date: /root/colcon_ws/install/px4_msgs/include/px4_msgs/msg/detail/timesync_status__builder.hpp
-- Up-to-date: /root/colcon_ws/install/px4_msgs/include/px4_msgs/msg/detail/vehicle_command__builder.hpp
-- Up-to-date: /root/colcon_ws/install/px4_msgs/include/px4_msgs/msg/detail/sensor_gps__struct.hpp
-- Up-to-date: /root/colcon_ws/install/px4_msgs/include/px4_msgs/msg/detail/vehicle_status__traits.hpp
-- Up-to-date: /root/colcon_ws/install/px4_msgs/include/px4_msgs/msg/detail/vehicle_control_mode__traits.hpp
-- Up-to-date: /root/colcon_ws/install/px4_msgs/include/px4_msgs/msg/detail/sensor_gps__traits.hpp
-- Up-to-date: /root/colcon_ws/install/px4_msgs/include/px4_msgs/msg/detail/vehicle_command__struct.hpp
-- Up-to-date: /root/colcon_ws/install/px4_msgs/include/px4_msgs/msg/detail/debug_vect__struct.hpp
-- Up-to-date: /root/colcon_ws/install/px4_msgs/include/px4_msgs/msg/detail/vehicle_trajectory_bezier__traits.hpp
-- Up-to-date: /root/colcon_ws/install/px4_msgs/include/px4_msgs/msg/detail/vehicle_rates_setpoint__struct.hpp
-- Up-to-date: /root/colcon_ws/install/px4_msgs/include/px4_msgs/msg/detail/timesync_status__traits.hpp
-- Up-to-date: /root/colcon_ws/install/px4_msgs/include/px4_msgs/msg/detail/parameter_res__traits.hpp
-- Up-to-date: /root/colcon_ws/install/px4_msgs/include/px4_msgs/msg/detail/parameter_req__traits.hpp
-- Up-to-date: /root/colcon_ws/install/px4_msgs/include/px4_msgs/msg/detail/vehicle_rates_setpoint__traits.hpp
-- Up-to-date: /root/colcon_ws/install/px4_msgs/include/px4_msgs/msg/detail/commander_set_state__builder.hpp
-- Up-to-date: /root/colcon_ws/install/px4_msgs/include/px4_msgs/msg/detail/obstacle_distance__traits.hpp
-- Up-to-date: /root/colcon_ws/install/px4_msgs/include/px4_msgs/msg/detail/sensor_optical_flow__builder.hpp
-- Up-to-date: /root/colcon_ws/install/px4_msgs/include/px4_msgs/msg/detail/failsafe_flags__traits.hpp
-- Up-to-date: /root/colcon_ws/install/px4_msgs/include/px4_msgs/msg/detail/sensor_optical_flow__struct.hpp
-- Up-to-date: /root/colcon_ws/install/px4_msgs/include/px4_msgs/msg/detail/trajectory_bezier__traits.hpp
-- Up-to-date: /root/colcon_ws/install/px4_msgs/include/px4_msgs/msg/detail/vehicle_control_mode__builder.hpp
-- Up-to-date: /root/colcon_ws/install/px4_msgs/include/px4_msgs/msg/detail/sensor_combined__builder.hpp
-- Up-to-date: /root/colcon_ws/install/px4_msgs/include/px4_msgs/msg/detail/failsafe_flags__builder.hpp
-- Up-to-date: /root/colcon_ws/install/px4_msgs/include/px4_msgs/msg/detail/vehicle_global_position__struct.hpp
-- Up-to-date: /root/colcon_ws/install/px4_msgs/include/px4_msgs/msg/detail/sensor_combined__traits.hpp
-- Up-to-date: /root/colcon_ws/install/px4_msgs/include/px4_msgs/msg/detail/offboard_control_mode__struct.hpp
-- Up-to-date: /root/colcon_ws/install/px4_msgs/include/px4_msgs/msg/detail/trajectory_bezier__struct.hpp
-- Up-to-date: /root/colcon_ws/install/px4_msgs/include/px4_msgs/msg/detail/commander_status__builder.hpp
-- Up-to-date: /root/colcon_ws/install/px4_msgs/include/px4_msgs/msg/detail/trajectory_setpoint__struct.hpp
-- Up-to-date: /root/colcon_ws/install/px4_msgs/include/px4_msgs/msg/detail/action_request__builder.hpp
-- Up-to-date: /root/colcon_ws/install/px4_msgs/include/px4_msgs/msg/detail/telemetry_status__struct.hpp
-- Up-to-date: /root/colcon_ws/install/px4_msgs/include/px4_msgs/msg/detail/vehicle_global_position__traits.hpp
-- Up-to-date: /root/colcon_ws/install/px4_msgs/include/px4_msgs/msg/detail/vehicle_global_position__builder.hpp
-- Up-to-date: /root/colcon_ws/install/px4_msgs/include/px4_msgs/msg/detail/vehicle_angular_velocity__traits.hpp
-- Up-to-date: /root/colcon_ws/install/px4_msgs/include/px4_msgs/msg/detail/commander_set_state__struct.hpp
-- Up-to-date: /root/colcon_ws/install/px4_msgs/include/px4_msgs/msg/detail/collision_constraints__builder.hpp
-- Up-to-date: /root/colcon_ws/install/px4_msgs/include/px4_msgs/msg/detail/vehicle_odometry__traits.hpp
-- Up-to-date: /root/colcon_ws/install/px4_msgs/include/px4_msgs/msg/detail/failsafe_flags__struct.hpp
-- Up-to-date: /root/colcon_ws/install/px4_msgs/include/px4_msgs/msg/detail/vehicle_status__struct.hpp
-- Up-to-date: /root/colcon_ws/install/px4_msgs/include/px4_msgs/msg/detail/parameter_res__struct.hpp
-- Up-to-date: /root/colcon_ws/install/px4_msgs/include/px4_msgs/msg/detail/action_request__struct.hpp
-- Up-to-date: /root/colcon_ws/install/px4_msgs/include/px4_msgs/msg/detail/commander_status__struct.hpp
-- Up-to-date: /root/colcon_ws/install/px4_msgs/include/px4_msgs/msg/detail/vehicle_attitude_setpoint__traits.hpp
-- Up-to-date: /root/colcon_ws/install/px4_msgs/include/px4_msgs/msg/detail/trajectory_setpoint__traits.hpp
-- Up-to-date: /root/colcon_ws/install/px4_msgs/include/px4_msgs/msg/detail/vehicle_trajectory_bezier__struct.hpp
-- Up-to-date: /root/colcon_ws/install/px4_msgs/include/px4_msgs/msg/detail/vehicle_command__traits.hpp
-- Up-to-date: /root/colcon_ws/install/px4_msgs/include/px4_msgs/msg/detail/debug_vect__builder.hpp
-- Up-to-date: /root/colcon_ws/install/px4_msgs/include/px4_msgs/msg/detail/trajectory_setpoint__builder.hpp
-- Up-to-date: /root/colcon_ws/install/px4_msgs/include/px4_msgs/msg/detail/parameter_req__builder.hpp
-- Up-to-date: /root/colcon_ws/install/px4_msgs/include/px4_msgs/msg/detail/vehicle_trajectory_waypoint__struct.hpp
-- Up-to-date: /root/colcon_ws/install/px4_msgs/include/px4_msgs/msg/detail/vehicle_trajectory_waypoint__traits.hpp
-- Up-to-date: /root/colcon_ws/install/px4_msgs/include/px4_msgs/msg/detail/action_request__traits.hpp
-- Up-to-date: /root/colcon_ws/install/px4_msgs/include/px4_msgs/msg/detail/vehicle_attitude__struct.hpp
-- Up-to-date: /root/colcon_ws/install/px4_msgs/include/px4_msgs/msg/detail/vehicle_odometry__builder.hpp
-- Up-to-date: /root/colcon_ws/install/px4_msgs/include/px4_msgs/msg/detail/obstacle_distance__builder.hpp
-- Up-to-date: /root/colcon_ws/install/px4_msgs/include/px4_msgs/msg/detail/vehicle_attitude_setpoint__struct.hpp
-- Up-to-date: /root/colcon_ws/install/px4_msgs/include/px4_msgs/msg/detail/vehicle_attitude__builder.hpp
-- Up-to-date: /root/colcon_ws/install/px4_msgs/include/px4_msgs/msg/detail/vehicle_trajectory_bezier__builder.hpp
-- Up-to-date: /root/colcon_ws/install/px4_msgs/include/px4_msgs/msg/detail/vehicle_local_position__struct.hpp
-- Up-to-date: /root/colcon_ws/install/px4_msgs/include/px4_msgs/msg/detail/trajectory_waypoint__builder.hpp
-- Up-to-date: /root/colcon_ws/install/px4_msgs/include/px4_msgs/msg/detail/vehicle_attitude_setpoint__builder.hpp
-- Up-to-date: /root/colcon_ws/install/px4_msgs/include/px4_msgs/msg/detail/vehicle_angular_velocity__struct.hpp
-- Up-to-date: /root/colcon_ws/install/px4_msgs/include/px4_msgs/msg/detail/sensor_optical_flow__traits.hpp
-- Up-to-date: /root/colcon_ws/install/px4_msgs/include/px4_msgs/msg/detail/debug_vect__traits.hpp
-- Up-to-date: /root/colcon_ws/install/px4_msgs/include/px4_msgs/msg/detail/vehicle_control_mode__struct.hpp
-- Up-to-date: /root/colcon_ws/install/px4_msgs/include/px4_msgs/msg/detail/vehicle_trajectory_waypoint__builder.hpp
-- Up-to-date: /root/colcon_ws/install/px4_msgs/include/px4_msgs/msg/detail/vehicle_attitude__traits.hpp
-- Up-to-date: /root/colcon_ws/install/px4_msgs/include/px4_msgs/msg/detail/trajectory_bezier__builder.hpp
-- Up-to-date: /root/colcon_ws/install/px4_msgs/include/px4_msgs/msg/detail/sensor_combined__struct.hpp
-- Up-to-date: /root/colcon_ws/install/px4_msgs/include/px4_msgs/msg/detail/vehicle_local_position__builder.hpp
-- Up-to-date: /root/colcon_ws/install/px4_msgs/include/px4_msgs/msg/detail/onboard_computer_status__traits.hpp
-- Up-to-date: /root/colcon_ws/install/px4_msgs/include/px4_msgs/msg/detail/vehicle_local_position__traits.hpp
-- Up-to-date: /root/colcon_ws/install/px4_msgs/include/px4_msgs/msg/detail/vehicle_odometry__struct.hpp
-- Up-to-date: /root/colcon_ws/install/px4_msgs/include/px4_msgs/msg/detail/obstacle_distance__struct.hpp
-- Up-to-date: /root/colcon_ws/install/px4_msgs/include/px4_msgs/msg/detail/offboard_control_mode__traits.hpp
-- Up-to-date: /root/colcon_ws/install/px4_msgs/include/px4_msgs/msg/detail/collision_constraints__struct.hpp
-- Up-to-date: /root/colcon_ws/install/px4_msgs/include/px4_msgs/msg/detail/parameter_res__builder.hpp
-- Up-to-date: /root/colcon_ws/install/px4_msgs/include/px4_msgs/msg/detail/vehicle_status__builder.hpp
-- Up-to-date: /root/colcon_ws/install/px4_msgs/include/px4_msgs/msg/detail/onboard_computer_status__struct.hpp
-- Up-to-date: /root/colcon_ws/install/px4_msgs/include/px4_msgs/msg/detail/telemetry_status__traits.hpp
-- Up-to-date: /root/colcon_ws/install/px4_msgs/include/px4_msgs/msg/parameter_req.hpp
-- Up-to-date: /root/colcon_ws/install/px4_msgs/include/px4_msgs/msg/commander_status.hpp
-- Up-to-date: /root/colcon_ws/install/px4_msgs/include/px4_msgs/msg/vehicle_local_position.hpp
-- Up-to-date: /root/colcon_ws/install/px4_msgs/include/px4_msgs/msg/vehicle_trajectory_waypoint.hpp
-- Up-to-date: /root/colcon_ws/install/px4_msgs/include/px4_msgs/msg/obstacle_distance.hpp
-- Up-to-date: /root/colcon_ws/install/px4_msgs/include/px4_msgs/msg/vehicle_odometry.hpp
-- Up-to-date: /root/colcon_ws/install/px4_msgs/include/px4_msgs/msg/vehicle_trajectory_bezier.hpp
-- Up-to-date: /root/colcon_ws/install/px4_msgs/include/px4_msgs/msg/timesync_status.hpp
-- Up-to-date: /root/colcon_ws/install/px4_msgs/include/px4_msgs/msg/onboard_computer_status.hpp
-- Up-to-date: /root/colcon_ws/install/px4_msgs/include/px4_msgs/msg/vehicle_angular_velocity.hpp
-- Up-to-date: /root/colcon_ws/install/px4_msgs/include/px4_msgs/msg/trajectory_setpoint.hpp
-- Up-to-date: /root/colcon_ws/install/px4_msgs/include/px4_msgs/msg/sensor_combined.hpp
-- Up-to-date: /root/colcon_ws/install/px4_msgs/include/px4_msgs/msg/commander_set_state.hpp
-- Up-to-date: /root/colcon_ws/install/px4_msgs/include/px4_msgs/msg/vehicle_global_position.hpp
-- Up-to-date: /root/colcon_ws/install/px4_msgs/include/px4_msgs/msg/sensor_optical_flow.hpp
-- Up-to-date: /root/colcon_ws/install/px4_msgs/include/px4_msgs/msg/offboard_control_mode.hpp
-- Up-to-date: /root/colcon_ws/install/px4_msgs/include/px4_msgs/msg/telemetry_status.hpp
-- Up-to-date: /root/colcon_ws/install/px4_msgs/include/px4_msgs/msg/sensor_gps.hpp
-- Up-to-date: /root/colcon_ws/install/px4_msgs/include/px4_msgs/msg/vehicle_rates_setpoint.hpp
-- Up-to-date: /root/colcon_ws/install/px4_msgs/include/px4_msgs/msg/debug_vect.hpp
-- Up-to-date: /root/colcon_ws/install/px4_msgs/include/px4_msgs/msg/action_request.hpp
-- Up-to-date: /root/colcon_ws/install/px4_msgs/include/px4_msgs/msg/failsafe_flags.hpp
-- Up-to-date: /root/colcon_ws/install/px4_msgs/include/px4_msgs/msg/vehicle_control_mode.hpp
-- Up-to-date: /root/colcon_ws/install/px4_msgs/include/px4_msgs/msg/collision_constraints.hpp
-- Up-to-date: /root/colcon_ws/install/px4_msgs/include/px4_msgs/msg/trajectory_bezier.hpp
-- Up-to-date: /root/colcon_ws/install/px4_msgs/include/px4_msgs/msg/vehicle_command.hpp
-- Up-to-date: /root/colcon_ws/install/px4_msgs/include/px4_msgs/msg/trajectory_waypoint.hpp
-- Up-to-date: /root/colcon_ws/install/px4_msgs/include/px4_msgs/msg/parameter_res.hpp
-- Up-to-date: /root/colcon_ws/install/px4_msgs/include/px4_msgs
-- Up-to-date: /root/colcon_ws/install/px4_msgs/include/px4_msgs/msg
-- Up-to-date: /root/colcon_ws/install/px4_msgs/include/px4_msgs/msg/detail
-- Up-to-date: /root/colcon_ws/install/px4_msgs/include/px4_msgs/msg/detail/vehicle_status__type_support.cpp
-- Up-to-date: /root/colcon_ws/install/px4_msgs/include/px4_msgs/msg/detail/telemetry_status__type_support.cpp
-- Up-to-date: /root/colcon_ws/install/px4_msgs/include/px4_msgs/msg/detail/failsafe_flags__type_support.cpp
-- Up-to-date: /root/colcon_ws/install/px4_msgs/include/px4_msgs/msg/detail/commander_set_state__type_support.cpp
-- Up-to-date: /root/colcon_ws/install/px4_msgs/include/px4_msgs/msg/detail/vehicle_attitude_setpoint__type_support.cpp
-- Up-to-date: /root/colcon_ws/install/px4_msgs/include/px4_msgs/msg/detail/vehicle_attitude__type_support.cpp
-- Up-to-date: /root/colcon_ws/install/px4_msgs/include/px4_msgs/msg/detail/trajectory_setpoint__type_support.cpp
-- Up-to-date: /root/colcon_ws/install/px4_msgs/include/px4_msgs/msg/detail/vehicle_rates_setpoint__type_support.cpp
-- Up-to-date: /root/colcon_ws/install/px4_msgs/include/px4_msgs/msg/detail/action_request__type_support.cpp
-- Up-to-date: /root/colcon_ws/install/px4_msgs/include/px4_msgs/msg/detail/sensor_gps__rosidl_typesupport_introspection_cpp.hpp
-- Up-to-date: /root/colcon_ws/install/px4_msgs/include/px4_msgs/msg/detail/debug_vect__rosidl_typesupport_introspection_cpp.hpp
-- Up-to-date: /root/colcon_ws/install/px4_msgs/include/px4_msgs/msg/detail/vehicle_odometry__type_support.cpp
-- Up-to-date: /root/colcon_ws/install/px4_msgs/include/px4_msgs/msg/detail/action_request__rosidl_typesupport_introspection_cpp.hpp
-- Up-to-date: /root/colcon_ws/install/px4_msgs/include/px4_msgs/msg/detail/timesync_status__type_support.cpp
-- Up-to-date: /root/colcon_ws/install/px4_msgs/include/px4_msgs/msg/detail/trajectory_setpoint__rosidl_typesupport_introspection_cpp.hpp
-- Up-to-date: /root/colcon_ws/install/px4_msgs/include/px4_msgs/msg/detail/vehicle_trajectory_waypoint__type_support.cpp
-- Up-to-date: /root/colcon_ws/install/px4_msgs/include/px4_msgs/msg/detail/parameter_res__type_support.cpp
-- Up-to-date: /root/colcon_ws/install/px4_msgs/include/px4_msgs/msg/detail/vehicle_command__type_support.cpp
-- Up-to-date: /root/colcon_ws/install/px4_msgs/include/px4_msgs/msg/detail/sensor_optical_flow__rosidl_typesupport_introspection_cpp.hpp
-- Up-to-date: /root/colcon_ws/install/px4_msgs/include/px4_msgs/msg/detail/vehicle_trajectory_waypoint__rosidl_typesupport_introspection_cpp.hpp
-- Up-to-date: /root/colcon_ws/install/px4_msgs/include/px4_msgs/msg/detail/commander_status__type_support.cpp
-- Up-to-date: /root/colcon_ws/install/px4_msgs/include/px4_msgs/msg/detail/offboard_control_mode__rosidl_typesupport_introspection_cpp.hpp
-- Up-to-date: /root/colcon_ws/install/px4_msgs/include/px4_msgs/msg/detail/trajectory_bezier__type_support.cpp
-- Up-to-date: /root/colcon_ws/install/px4_msgs/include/px4_msgs/msg/detail/debug_vect__type_support.cpp
-- Up-to-date: /root/colcon_ws/install/px4_msgs/include/px4_msgs/msg/detail/vehicle_local_position__rosidl_typesupport_introspection_cpp.hpp
-- Up-to-date: /root/colcon_ws/install/px4_msgs/include/px4_msgs/msg/detail/vehicle_attitude_setpoint__rosidl_typesupport_introspection_cpp.hpp
-- Up-to-date: /root/colcon_ws/install/px4_msgs/include/px4_msgs/msg/detail/collision_constraints__type_support.cpp
-- Up-to-date: /root/colcon_ws/install/px4_msgs/include/px4_msgs/msg/detail/vehicle_angular_velocity__type_support.cpp
-- Up-to-date: /root/colcon_ws/install/px4_msgs/include/px4_msgs/msg/detail/failsafe_flags__rosidl_typesupport_introspection_cpp.hpp
-- Up-to-date: /root/colcon_ws/install/px4_msgs/include/px4_msgs/msg/detail/vehicle_local_position__type_support.cpp
-- Up-to-date: /root/colcon_ws/install/px4_msgs/include/px4_msgs/msg/detail/vehicle_status__rosidl_typesupport_introspection_cpp.hpp
-- Up-to-date: /root/colcon_ws/install/px4_msgs/include/px4_msgs/msg/detail/offboard_control_mode__type_support.cpp
-- Up-to-date: /root/colcon_ws/install/px4_msgs/include/px4_msgs/msg/detail/sensor_optical_flow__type_support.cpp
-- Up-to-date: /root/colcon_ws/install/px4_msgs/include/px4_msgs/msg/detail/vehicle_angular_velocity__rosidl_typesupport_introspection_cpp.hpp
-- Up-to-date: /root/colcon_ws/install/px4_msgs/include/px4_msgs/msg/detail/vehicle_global_position__type_support.cpp
-- Up-to-date: /root/colcon_ws/install/px4_msgs/include/px4_msgs/msg/detail/vehicle_trajectory_bezier__type_support.cpp
-- Up-to-date: /root/colcon_ws/install/px4_msgs/include/px4_msgs/msg/detail/vehicle_rates_setpoint__rosidl_typesupport_introspection_cpp.hpp
-- Up-to-date: /root/colcon_ws/install/px4_msgs/include/px4_msgs/msg/detail/timesync_status__rosidl_typesupport_introspection_cpp.hpp
-- Up-to-date: /root/colcon_ws/install/px4_msgs/include/px4_msgs/msg/detail/onboard_computer_status__rosidl_typesupport_introspection_cpp.hpp
-- Up-to-date: /root/colcon_ws/install/px4_msgs/include/px4_msgs/msg/detail/vehicle_global_position__rosidl_typesupport_introspection_cpp.hpp
-- Up-to-date: /root/colcon_ws/install/px4_msgs/include/px4_msgs/msg/detail/vehicle_command__rosidl_typesupport_introspection_cpp.hpp
-- Up-to-date: /root/colcon_ws/install/px4_msgs/include/px4_msgs/msg/detail/collision_constraints__rosidl_typesupport_introspection_cpp.hpp
-- Up-to-date: /root/colcon_ws/install/px4_msgs/include/px4_msgs/msg/detail/vehicle_control_mode__rosidl_typesupport_introspection_cpp.hpp
-- Up-to-date: /root/colcon_ws/install/px4_msgs/include/px4_msgs/msg/detail/sensor_combined__type_support.cpp
-- Up-to-date: /root/colcon_ws/install/px4_msgs/include/px4_msgs/msg/detail/vehicle_trajectory_bezier__rosidl_typesupport_introspection_cpp.hpp
-- Up-to-date: /root/colcon_ws/install/px4_msgs/include/px4_msgs/msg/detail/parameter_req__type_support.cpp
-- Up-to-date: /root/colcon_ws/install/px4_msgs/include/px4_msgs/msg/detail/sensor_gps__type_support.cpp
-- Up-to-date: /root/colcon_ws/install/px4_msgs/include/px4_msgs/msg/detail/commander_status__rosidl_typesupport_introspection_cpp.hpp
-- Up-to-date: /root/colcon_ws/install/px4_msgs/include/px4_msgs/msg/detail/parameter_res__rosidl_typesupport_introspection_cpp.hpp
-- Up-to-date: /root/colcon_ws/install/px4_msgs/include/px4_msgs/msg/detail/onboard_computer_status__type_support.cpp
-- Up-to-date: /root/colcon_ws/install/px4_msgs/include/px4_msgs/msg/detail/vehicle_odometry__rosidl_typesupport_introspection_cpp.hpp
-- Up-to-date: /root/colcon_ws/install/px4_msgs/include/px4_msgs/msg/detail/vehicle_attitude__rosidl_typesupport_introspection_cpp.hpp
-- Up-to-date: /root/colcon_ws/install/px4_msgs/include/px4_msgs/msg/detail/obstacle_distance__type_support.cpp
-- Up-to-date: /root/colcon_ws/install/px4_msgs/include/px4_msgs/msg/detail/trajectory_waypoint__type_support.cpp
-- Up-to-date: /root/colcon_ws/install/px4_msgs/include/px4_msgs/msg/detail/vehicle_control_mode__type_support.cpp
-- Up-to-date: /root/colcon_ws/install/px4_msgs/include/px4_msgs/msg/detail/obstacle_distance__rosidl_typesupport_introspection_cpp.hpp
-- Up-to-date: /root/colcon_ws/install/px4_msgs/include/px4_msgs/msg/detail/parameter_req__rosidl_typesupport_introspection_cpp.hpp
-- Up-to-date: /root/colcon_ws/install/px4_msgs/include/px4_msgs/msg/detail/commander_set_state__rosidl_typesupport_introspection_cpp.hpp
-- Up-to-date: /root/colcon_ws/install/px4_msgs/include/px4_msgs/msg/detail/trajectory_bezier__rosidl_typesupport_introspection_cpp.hpp
-- Up-to-date: /root/colcon_ws/install/px4_msgs/include/px4_msgs/msg/detail/telemetry_status__rosidl_typesupport_introspection_cpp.hpp
-- Up-to-date: /root/colcon_ws/install/px4_msgs/include/px4_msgs/msg/detail/trajectory_waypoint__rosidl_typesupport_introspection_cpp.hpp
-- Up-to-date: /root/colcon_ws/install/px4_msgs/include/px4_msgs/msg/detail/sensor_combined__rosidl_typesupport_introspection_cpp.hpp
-- Up-to-date: /root/colcon_ws/install/px4_msgs/lib/libpx4_msgs__rosidl_typesupport_introspection_cpp.so
-- Up-to-date: /root/colcon_ws/install/px4_msgs/lib/libpx4_msgs__rosidl_typesupport_cpp.so
-- Up-to-date: /root/colcon_ws/install/px4_msgs/share/px4_msgs/environment/pythonpath.sh
-- Up-to-date: /root/colcon_ws/install/px4_msgs/share/px4_msgs/environment/pythonpath.dsv
-- Up-to-date: /root/colcon_ws/install/px4_msgs/lib/python3.8/site-packages/px4_msgs/__init__.py
-- Up-to-date: /root/colcon_ws/install/px4_msgs/lib/python3.8/site-packages/px4_msgs/msg
-- Up-to-date: /root/colcon_ws/install/px4_msgs/lib/python3.8/site-packages/px4_msgs/msg/_telemetry_status_s.c
-- Up-to-date: /root/colcon_ws/install/px4_msgs/lib/python3.8/site-packages/px4_msgs/msg/_commander_status_s.c
-- Up-to-date: /root/colcon_ws/install/px4_msgs/lib/python3.8/site-packages/px4_msgs/msg/_timesync_status_s.c
-- Up-to-date: /root/colcon_ws/install/px4_msgs/lib/python3.8/site-packages/px4_msgs/msg/_vehicle_attitude.py
-- Up-to-date: /root/colcon_ws/install/px4_msgs/lib/python3.8/site-packages/px4_msgs/msg/_vehicle_control_mode_s.c
-- Up-to-date: /root/colcon_ws/install/px4_msgs/lib/python3.8/site-packages/px4_msgs/msg/_parameter_res_s.c
-- Up-to-date: /root/colcon_ws/install/px4_msgs/lib/python3.8/site-packages/px4_msgs/msg/_sensor_gps_s.c
-- Up-to-date: /root/colcon_ws/install/px4_msgs/lib/python3.8/site-packages/px4_msgs/msg/_vehicle_status.py
-- Up-to-date: /root/colcon_ws/install/px4_msgs/lib/python3.8/site-packages/px4_msgs/msg/_timesync_status.py
-- Up-to-date: /root/colcon_ws/install/px4_msgs/lib/python3.8/site-packages/px4_msgs/msg/_sensor_optical_flow.py
-- Up-to-date: /root/colcon_ws/install/px4_msgs/lib/python3.8/site-packages/px4_msgs/msg/_sensor_combined.py
-- Up-to-date: /root/colcon_ws/install/px4_msgs/lib/python3.8/site-packages/px4_msgs/msg/_vehicle_local_position.py
-- Up-to-date: /root/colcon_ws/install/px4_msgs/lib/python3.8/site-packages/px4_msgs/msg/_parameter_req_s.c
-- Up-to-date: /root/colcon_ws/install/px4_msgs/lib/python3.8/site-packages/px4_msgs/msg/_telemetry_status.py
-- Up-to-date: /root/colcon_ws/install/px4_msgs/lib/python3.8/site-packages/px4_msgs/msg/_debug_vect_s.c
-- Up-to-date: /root/colcon_ws/install/px4_msgs/lib/python3.8/site-packages/px4_msgs/msg/_parameter_res.py
-- Up-to-date: /root/colcon_ws/install/px4_msgs/lib/python3.8/site-packages/px4_msgs/msg/_vehicle_attitude_s.c
-- Up-to-date: /root/colcon_ws/install/px4_msgs/lib/python3.8/site-packages/px4_msgs/msg/_vehicle_command_s.c
-- Up-to-date: /root/colcon_ws/install/px4_msgs/lib/python3.8/site-packages/px4_msgs/msg/_action_request_s.c
-- Up-to-date: /root/colcon_ws/install/px4_msgs/lib/python3.8/site-packages/px4_msgs/msg/_trajectory_bezier_s.c
-- Up-to-date: /root/colcon_ws/install/px4_msgs/lib/python3.8/site-packages/px4_msgs/msg/_onboard_computer_status.py
-- Up-to-date: /root/colcon_ws/install/px4_msgs/lib/python3.8/site-packages/px4_msgs/msg/_vehicle_trajectory_waypoint.py
-- Up-to-date: /root/colcon_ws/install/px4_msgs/lib/python3.8/site-packages/px4_msgs/msg/_trajectory_bezier.py
-- Up-to-date: /root/colcon_ws/install/px4_msgs/lib/python3.8/site-packages/px4_msgs/msg/_vehicle_odometry.py
-- Up-to-date: /root/colcon_ws/install/px4_msgs/lib/python3.8/site-packages/px4_msgs/msg/_vehicle_angular_velocity_s.c
-- Up-to-date: /root/colcon_ws/install/px4_msgs/lib/python3.8/site-packages/px4_msgs/msg/_sensor_combined_s.c
-- Up-to-date: /root/colcon_ws/install/px4_msgs/lib/python3.8/site-packages/px4_msgs/msg/_obstacle_distance_s.c
-- Up-to-date: /root/colcon_ws/install/px4_msgs/lib/python3.8/site-packages/px4_msgs/msg/_trajectory_waypoint.py
-- Up-to-date: /root/colcon_ws/install/px4_msgs/lib/python3.8/site-packages/px4_msgs/msg/_action_request.py
-- Up-to-date: /root/colcon_ws/install/px4_msgs/lib/python3.8/site-packages/px4_msgs/msg/_trajectory_waypoint_s.c
-- Up-to-date: /root/colcon_ws/install/px4_msgs/lib/python3.8/site-packages/px4_msgs/msg/_vehicle_attitude_setpoint.py
-- Up-to-date: /root/colcon_ws/install/px4_msgs/lib/python3.8/site-packages/px4_msgs/msg/_vehicle_rates_setpoint_s.c
-- Up-to-date: /root/colcon_ws/install/px4_msgs/lib/python3.8/site-packages/px4_msgs/msg/_vehicle_rates_setpoint.py
-- Up-to-date: /root/colcon_ws/install/px4_msgs/lib/python3.8/site-packages/px4_msgs/msg/_sensor_gps.py
-- Up-to-date: /root/colcon_ws/install/px4_msgs/lib/python3.8/site-packages/px4_msgs/msg/_vehicle_status_s.c
-- Up-to-date: /root/colcon_ws/install/px4_msgs/lib/python3.8/site-packages/px4_msgs/msg/_commander_set_state_s.c
-- Up-to-date: /root/colcon_ws/install/px4_msgs/lib/python3.8/site-packages/px4_msgs/msg/_collision_constraints_s.c
-- Up-to-date: /root/colcon_ws/install/px4_msgs/lib/python3.8/site-packages/px4_msgs/msg/_vehicle_global_position.py
-- Up-to-date: /root/colcon_ws/install/px4_msgs/lib/python3.8/site-packages/px4_msgs/msg/_debug_vect.py
-- Up-to-date: /root/colcon_ws/install/px4_msgs/lib/python3.8/site-packages/px4_msgs/msg/_vehicle_command.py
-- Up-to-date: /root/colcon_ws/install/px4_msgs/lib/python3.8/site-packages/px4_msgs/msg/_trajectory_setpoint.py
-- Up-to-date: /root/colcon_ws/install/px4_msgs/lib/python3.8/site-packages/px4_msgs/msg/_vehicle_attitude_setpoint_s.c
-- Up-to-date: /root/colcon_ws/install/px4_msgs/lib/python3.8/site-packages/px4_msgs/msg/_vehicle_global_position_s.c
-- Up-to-date: /root/colcon_ws/install/px4_msgs/lib/python3.8/site-packages/px4_msgs/msg/_commander_status.py
-- Up-to-date: /root/colcon_ws/install/px4_msgs/lib/python3.8/site-packages/px4_msgs/msg/_vehicle_angular_velocity.py
-- Up-to-date: /root/colcon_ws/install/px4_msgs/lib/python3.8/site-packages/px4_msgs/msg/_offboard_control_mode_s.c
-- Up-to-date: /root/colcon_ws/install/px4_msgs/lib/python3.8/site-packages/px4_msgs/msg/_parameter_req.py
-- Up-to-date: /root/colcon_ws/install/px4_msgs/lib/python3.8/site-packages/px4_msgs/msg/_vehicle_local_position_s.c
-- Up-to-date: /root/colcon_ws/install/px4_msgs/lib/python3.8/site-packages/px4_msgs/msg/_vehicle_trajectory_bezier.py
-- Up-to-date: /root/colcon_ws/install/px4_msgs/lib/python3.8/site-packages/px4_msgs/msg/__init__.py
-- Up-to-date: /root/colcon_ws/install/px4_msgs/lib/python3.8/site-packages/px4_msgs/msg/_collision_constraints.py
-- Up-to-date: /root/colcon_ws/install/px4_msgs/lib/python3.8/site-packages/px4_msgs/msg/_trajectory_setpoint_s.c
-- Up-to-date: /root/colcon_ws/install/px4_msgs/lib/python3.8/site-packages/px4_msgs/msg/_vehicle_control_mode.py
-- Up-to-date: /root/colcon_ws/install/px4_msgs/lib/python3.8/site-packages/px4_msgs/msg/_sensor_optical_flow_s.c
-- Up-to-date: /root/colcon_ws/install/px4_msgs/lib/python3.8/site-packages/px4_msgs/msg/_failsafe_flags_s.c
-- Up-to-date: /root/colcon_ws/install/px4_msgs/lib/python3.8/site-packages/px4_msgs/msg/_vehicle_trajectory_waypoint_s.c
-- Up-to-date: /root/colcon_ws/install/px4_msgs/lib/python3.8/site-packages/px4_msgs/msg/_vehicle_odometry_s.c
-- Up-to-date: /root/colcon_ws/install/px4_msgs/lib/python3.8/site-packages/px4_msgs/msg/_offboard_control_mode.py
-- Up-to-date: /root/colcon_ws/install/px4_msgs/lib/python3.8/site-packages/px4_msgs/msg/_vehicle_trajectory_bezier_s.c
-- Up-to-date: /root/colcon_ws/install/px4_msgs/lib/python3.8/site-packages/px4_msgs/msg/_onboard_computer_status_s.c
-- Up-to-date: /root/colcon_ws/install/px4_msgs/lib/python3.8/site-packages/px4_msgs/msg/_obstacle_distance.py
-- Up-to-date: /root/colcon_ws/install/px4_msgs/lib/python3.8/site-packages/px4_msgs/msg/_commander_set_state.py
-- Up-to-date: /root/colcon_ws/install/px4_msgs/lib/python3.8/site-packages/px4_msgs/msg/_failsafe_flags.py
-- Up-to-date: /root/colcon_ws/install/px4_msgs/lib/python3.8/site-packages/px4_msgs/px4_msgs_s__rosidl_typesupport_fastrtps_c.cpython-38-x86_64-linux-gnu.so
-- Up-to-date: /root/colcon_ws/install/px4_msgs/lib/python3.8/site-packages/px4_msgs/px4_msgs_s__rosidl_typesupport_introspection_c.cpython-38-x86_64-linux-gnu.so
-- Up-to-date: /root/colcon_ws/install/px4_msgs/lib/python3.8/site-packages/px4_msgs/px4_msgs_s__rosidl_typesupport_c.cpython-38-x86_64-linux-gnu.so
-- Up-to-date: /root/colcon_ws/install/px4_msgs/lib/libpx4_msgs__python.so
-- Up-to-date: /root/colcon_ws/install/px4_msgs/share/px4_msgs/msg/ActionRequest.idl
-- Up-to-date: /root/colcon_ws/install/px4_msgs/share/px4_msgs/msg/CollisionConstraints.idl
-- Up-to-date: /root/colcon_ws/install/px4_msgs/share/px4_msgs/msg/CommanderSetState.idl
-- Up-to-date: /root/colcon_ws/install/px4_msgs/share/px4_msgs/msg/CommanderStatus.idl
-- Up-to-date: /root/colcon_ws/install/px4_msgs/share/px4_msgs/msg/DebugVect.idl
-- Up-to-date: /root/colcon_ws/install/px4_msgs/share/px4_msgs/msg/FailsafeFlags.idl
-- Up-to-date: /root/colcon_ws/install/px4_msgs/share/px4_msgs/msg/ObstacleDistance.idl
-- Up-to-date: /root/colcon_ws/install/px4_msgs/share/px4_msgs/msg/OffboardControlMode.idl
-- Up-to-date: /root/colcon_ws/install/px4_msgs/share/px4_msgs/msg/OnboardComputerStatus.idl
-- Up-to-date: /root/colcon_ws/install/px4_msgs/share/px4_msgs/msg/ParameterReq.idl
-- Up-to-date: /root/colcon_ws/install/px4_msgs/share/px4_msgs/msg/ParameterRes.idl
-- Up-to-date: /root/colcon_ws/install/px4_msgs/share/px4_msgs/msg/SensorCombined.idl
-- Up-to-date: /root/colcon_ws/install/px4_msgs/share/px4_msgs/msg/SensorGps.idl
-- Up-to-date: /root/colcon_ws/install/px4_msgs/share/px4_msgs/msg/SensorOpticalFlow.idl
-- Up-to-date: /root/colcon_ws/install/px4_msgs/share/px4_msgs/msg/TelemetryStatus.idl
-- Up-to-date: /root/colcon_ws/install/px4_msgs/share/px4_msgs/msg/TimesyncStatus.idl
-- Up-to-date: /root/colcon_ws/install/px4_msgs/share/px4_msgs/msg/TrajectoryBezier.idl
-- Up-to-date: /root/colcon_ws/install/px4_msgs/share/px4_msgs/msg/TrajectorySetpoint.idl
-- Up-to-date: /root/colcon_ws/install/px4_msgs/share/px4_msgs/msg/TrajectoryWaypoint.idl
-- Up-to-date: /root/colcon_ws/install/px4_msgs/share/px4_msgs/msg/VehicleAngularVelocity.idl
-- Up-to-date: /root/colcon_ws/install/px4_msgs/share/px4_msgs/msg/VehicleAttitude.idl
-- Up-to-date: /root/colcon_ws/install/px4_msgs/share/px4_msgs/msg/VehicleAttitudeSetpoint.idl
-- Up-to-date: /root/colcon_ws/install/px4_msgs/share/px4_msgs/msg/VehicleCommand.idl
-- Up-to-date: /root/colcon_ws/install/px4_msgs/share/px4_msgs/msg/VehicleControlMode.idl
-- Up-to-date: /root/colcon_ws/install/px4_msgs/share/px4_msgs/msg/VehicleGlobalPosition.idl
-- Up-to-date: /root/colcon_ws/install/px4_msgs/share/px4_msgs/msg/VehicleLocalPosition.idl
-- Up-to-date: /root/colcon_ws/install/px4_msgs/share/px4_msgs/msg/VehicleOdometry.idl
-- Up-to-date: /root/colcon_ws/install/px4_msgs/share/px4_msgs/msg/VehicleRatesSetpoint.idl
-- Up-to-date: /root/colcon_ws/install/px4_msgs/share/px4_msgs/msg/VehicleStatus.idl
-- Up-to-date: /root/colcon_ws/install/px4_msgs/share/px4_msgs/msg/VehicleTrajectoryBezier.idl
-- Up-to-date: /root/colcon_ws/install/px4_msgs/share/px4_msgs/msg/VehicleTrajectoryWaypoint.idl
-- Up-to-date: /root/colcon_ws/install/px4_msgs/share/px4_msgs/msg/ActionRequest.msg
-- Up-to-date: /root/colcon_ws/install/px4_msgs/share/px4_msgs/msg/CollisionConstraints.msg
-- Up-to-date: /root/colcon_ws/install/px4_msgs/share/px4_msgs/msg/CommanderSetState.msg
-- Up-to-date: /root/colcon_ws/install/px4_msgs/share/px4_msgs/msg/CommanderStatus.msg
-- Up-to-date: /root/colcon_ws/install/px4_msgs/share/px4_msgs/msg/DebugVect.msg
-- Up-to-date: /root/colcon_ws/install/px4_msgs/share/px4_msgs/msg/FailsafeFlags.msg
-- Up-to-date: /root/colcon_ws/install/px4_msgs/share/px4_msgs/msg/ObstacleDistance.msg
-- Up-to-date: /root/colcon_ws/install/px4_msgs/share/px4_msgs/msg/OffboardControlMode.msg
-- Up-to-date: /root/colcon_ws/install/px4_msgs/share/px4_msgs/msg/OnboardComputerStatus.msg
-- Up-to-date: /root/colcon_ws/install/px4_msgs/share/px4_msgs/msg/ParameterReq.msg
-- Up-to-date: /root/colcon_ws/install/px4_msgs/share/px4_msgs/msg/ParameterRes.msg
-- Up-to-date: /root/colcon_ws/install/px4_msgs/share/px4_msgs/msg/SensorCombined.msg
-- Up-to-date: /root/colcon_ws/install/px4_msgs/share/px4_msgs/msg/SensorGps.msg
-- Up-to-date: /root/colcon_ws/install/px4_msgs/share/px4_msgs/msg/SensorOpticalFlow.msg
-- Up-to-date: /root/colcon_ws/install/px4_msgs/share/px4_msgs/msg/TelemetryStatus.msg
-- Up-to-date: /root/colcon_ws/install/px4_msgs/share/px4_msgs/msg/TimesyncStatus.msg
-- Up-to-date: /root/colcon_ws/install/px4_msgs/share/px4_msgs/msg/TrajectoryBezier.msg
-- Up-to-date: /root/colcon_ws/install/px4_msgs/share/px4_msgs/msg/TrajectorySetpoint.msg
-- Up-to-date: /root/colcon_ws/install/px4_msgs/share/px4_msgs/msg/TrajectoryWaypoint.msg
-- Up-to-date: /root/colcon_ws/install/px4_msgs/share/px4_msgs/msg/VehicleAngularVelocity.msg
-- Up-to-date: /root/colcon_ws/install/px4_msgs/share/px4_msgs/msg/VehicleAttitude.msg
-- Up-to-date: /root/colcon_ws/install/px4_msgs/share/px4_msgs/msg/VehicleAttitudeSetpoint.msg
-- Up-to-date: /root/colcon_ws/install/px4_msgs/share/px4_msgs/msg/VehicleCommand.msg
-- Up-to-date: /root/colcon_ws/install/px4_msgs/share/px4_msgs/msg/VehicleControlMode.msg
-- Up-to-date: /root/colcon_ws/install/px4_msgs/share/px4_msgs/msg/VehicleGlobalPosition.msg
-- Up-to-date: /root/colcon_ws/install/px4_msgs/share/px4_msgs/msg/VehicleLocalPosition.msg
-- Up-to-date: /root/colcon_ws/install/px4_msgs/share/px4_msgs/msg/VehicleOdometry.msg
-- Up-to-date: /root/colcon_ws/install/px4_msgs/share/px4_msgs/msg/VehicleRatesSetpoint.msg
-- Up-to-date: /root/colcon_ws/install/px4_msgs/share/px4_msgs/msg/VehicleStatus.msg
-- Up-to-date: /root/colcon_ws/install/px4_msgs/share/px4_msgs/msg/VehicleTrajectoryBezier.msg
-- Up-to-date: /root/colcon_ws/install/px4_msgs/share/px4_msgs/msg/VehicleTrajectoryWaypoint.msg
-- Up-to-date: /root/colcon_ws/install/px4_msgs/share/ament_index/resource_index/package_run_dependencies/px4_msgs
-- Up-to-date: /root/colcon_ws/install/px4_msgs/share/ament_index/resource_index/parent_prefix_path/px4_msgs
-- Up-to-date: /root/colcon_ws/install/px4_msgs/share/px4_msgs/environment/ament_prefix_path.sh
-- Up-to-date: /root/colcon_ws/install/px4_msgs/share/px4_msgs/environment/ament_prefix_path.dsv
-- Up-to-date: /root/colcon_ws/install/px4_msgs/share/px4_msgs/environment/path.sh
-- Up-to-date: /root/colcon_ws/install/px4_msgs/share/px4_msgs/environment/path.dsv
-- Up-to-date: /root/colcon_ws/install/px4_msgs/share/px4_msgs/local_setup.bash
-- Up-to-date: /root/colcon_ws/install/px4_msgs/share/px4_msgs/local_setup.sh
-- Up-to-date: /root/colcon_ws/install/px4_msgs/share/px4_msgs/local_setup.zsh
-- Up-to-date: /root/colcon_ws/install/px4_msgs/share/px4_msgs/local_setup.dsv
-- Installing: /root/colcon_ws/install/px4_msgs/share/px4_msgs/package.dsv
-- Up-to-date: /root/colcon_ws/install/px4_msgs/share/ament_index/resource_index/packages/px4_msgs
-- Up-to-date: /root/colcon_ws/install/px4_msgs/share/px4_msgs/cmake/px4_msgs__rosidl_generator_cExport.cmake
-- Up-to-date: /root/colcon_ws/install/px4_msgs/share/px4_msgs/cmake/px4_msgs__rosidl_generator_cExport-noconfig.cmake
-- Up-to-date: /root/colcon_ws/install/px4_msgs/share/px4_msgs/cmake/px4_msgs__rosidl_typesupport_introspection_cExport.cmake
-- Up-to-date: /root/colcon_ws/install/px4_msgs/share/px4_msgs/cmake/px4_msgs__rosidl_typesupport_introspection_cExport-noconfig.cmake
-- Up-to-date: /root/colcon_ws/install/px4_msgs/share/px4_msgs/cmake/px4_msgs__rosidl_typesupport_cExport.cmake
-- Up-to-date: /root/colcon_ws/install/px4_msgs/share/px4_msgs/cmake/px4_msgs__rosidl_typesupport_cExport-noconfig.cmake
-- Up-to-date: /root/colcon_ws/install/px4_msgs/share/px4_msgs/cmake/px4_msgs__rosidl_generator_cppExport.cmake
-- Up-to-date: /root/colcon_ws/install/px4_msgs/share/px4_msgs/cmake/px4_msgs__rosidl_typesupport_introspection_cppExport.cmake
-- Up-to-date: /root/colcon_ws/install/px4_msgs/share/px4_msgs/cmake/px4_msgs__rosidl_typesupport_introspection_cppExport-noconfig.cmake
-- Up-to-date: /root/colcon_ws/install/px4_msgs/share/px4_msgs/cmake/px4_msgs__rosidl_typesupport_cppExport.cmake
-- Up-to-date: /root/colcon_ws/install/px4_msgs/share/px4_msgs/cmake/px4_msgs__rosidl_typesupport_cppExport-noconfig.cmake
-- Up-to-date: /root/colcon_ws/install/px4_msgs/share/px4_msgs/cmake/rosidl_cmake-extras.cmake
-- Up-to-date: /root/colcon_ws/install/px4_msgs/share/px4_msgs/cmake/ament_cmake_export_dependencies-extras.cmake
-- Up-to-date: /root/colcon_ws/install/px4_msgs/share/px4_msgs/cmake/ament_cmake_export_libraries-extras.cmake
-- Up-to-date: /root/colcon_ws/install/px4_msgs/share/px4_msgs/cmake/ament_cmake_export_targets-extras.cmake
-- Up-to-date: /root/colcon_ws/install/px4_msgs/share/px4_msgs/cmake/ament_cmake_export_include_directories-extras.cmake
-- Up-to-date: /root/colcon_ws/install/px4_msgs/share/px4_msgs/cmake/rosidl_cmake_export_typesupport_libraries-extras.cmake
-- Up-to-date: /root/colcon_ws/install/px4_msgs/share/px4_msgs/cmake/rosidl_cmake_export_typesupport_targets-extras.cmake
-- Up-to-date: /root/colcon_ws/install/px4_msgs/share/px4_msgs/cmake/px4_msgsConfig.cmake
-- Up-to-date: /root/colcon_ws/install/px4_msgs/share/px4_msgs/cmake/px4_msgsConfig-version.cmake
-- Up-to-date: /root/colcon_ws/install/px4_msgs/share/px4_msgs/package.xml
