[0.042s] Invoking command in '/root/colcon_ws/build/px4_msgs': CMAKE_PREFIX_PATH=${CMAKE_PREFIX_PATH}:/opt/ros/foxy /usr/bin/cmake --build /root/colcon_ws/build/px4_msgs -- -j8 -l8
[0.142s] [  0%] Built target px4_msgs__cpp
[0.145s] [ 12%] Built target px4_msgs__rosidl_generator_c
[0.189s] [ 36%] Built target px4_msgs__rosidl_typesupport_c
[0.189s] [ 36%] Built target px4_msgs__rosidl_typesupport_cpp
[0.194s] [ 49%] Built target px4_msgs__rosidl_typesupport_introspection_cpp
[0.197s] [ 74%] Built target px4_msgs__rosidl_typesupport_introspection_c
[0.197s] [ 74%] Built target px4_msgs__rosidl_typesupport_fastrtps_cpp
[0.247s] [ 86%] Built target px4_msgs__rosidl_typesupport_fastrtps_c
[0.281s] [ 86%] Built target px4_msgs
[0.312s] [ 86%] Built target px4_msgs__py
[0.369s] [ 98%] Built target px4_msgs__python
[0.485s] [ 98%] Built target px4_msgs__rosidl_typesupport_introspection_c__pyext
[0.485s] [100%] Built target px4_msgs__rosidl_typesupport_fastrtps_c__pyext
[0.485s] [100%] Built target px4_msgs__rosidl_typesupport_c__pyext
[0.487s] Invoked command in '/root/colcon_ws/build/px4_msgs' returned '0': CMAKE_PREFIX_PATH=${CMAKE_PREFIX_PATH}:/opt/ros/foxy /usr/bin/cmake --build /root/colcon_ws/build/px4_msgs -- -j8 -l8
[1.148s] Invoking command in '/root/colcon_ws/build/px4_msgs': CMAKE_PREFIX_PATH=${CMAKE_PREFIX_PATH}:/opt/ros/foxy /usr/bin/cmake --install /root/colcon_ws/build/px4_msgs
[1.163s] -- Install configuration: ""
[1.163s] -- Up-to-date: /root/colcon_ws/install/px4_msgs/share/ament_index/resource_index/rosidl_interfaces/px4_msgs
[1.163s] -- Up-to-date: /root/colcon_ws/install/px4_msgs/include/px4_msgs
[1.163s] -- Up-to-date: /root/colcon_ws/install/px4_msgs/include/px4_msgs/msg
[1.164s] -- Up-to-date: /root/colcon_ws/install/px4_msgs/include/px4_msgs/msg/vehicle_trajectory_bezier.h
[1.164s] -- Up-to-date: /root/colcon_ws/install/px4_msgs/include/px4_msgs/msg/vehicle_attitude_setpoint.h
[1.164s] -- Up-to-date: /root/colcon_ws/install/px4_msgs/include/px4_msgs/msg/parameter_req.h
[1.164s] -- Up-to-date: /root/colcon_ws/install/px4_msgs/include/px4_msgs/msg/vehicle_local_position.h
[1.164s] -- Up-to-date: /root/colcon_ws/install/px4_msgs/include/px4_msgs/msg/collision_constraints.h
[1.164s] -- Up-to-date: /root/colcon_ws/install/px4_msgs/include/px4_msgs/msg/commander_set_state.h
[1.164s] -- Up-to-date: /root/colcon_ws/install/px4_msgs/include/px4_msgs/msg/offboard_control_mode.h
[1.164s] -- Up-to-date: /root/colcon_ws/install/px4_msgs/include/px4_msgs/msg/detail
[1.165s] -- Up-to-date: /root/colcon_ws/install/px4_msgs/include/px4_msgs/msg/detail/timesync_status__struct.h
[1.165s] -- Up-to-date: /root/colcon_ws/install/px4_msgs/include/px4_msgs/msg/detail/vehicle_odometry__functions.h
[1.165s] -- Up-to-date: /root/colcon_ws/install/px4_msgs/include/px4_msgs/msg/detail/vehicle_global_position__type_support.h
[1.165s] -- Up-to-date: /root/colcon_ws/install/px4_msgs/include/px4_msgs/msg/detail/obstacle_distance__type_support.h
[1.165s] -- Up-to-date: /root/colcon_ws/install/px4_msgs/include/px4_msgs/msg/detail/failsafe_flags__type_support.h
[1.165s] -- Up-to-date: /root/colcon_ws/install/px4_msgs/include/px4_msgs/msg/detail/telemetry_status__functions.c
[1.165s] -- Up-to-date: /root/colcon_ws/install/px4_msgs/include/px4_msgs/msg/detail/trajectory_waypoint__functions.c
[1.165s] -- Up-to-date: /root/colcon_ws/install/px4_msgs/include/px4_msgs/msg/detail/trajectory_setpoint__type_support.h
[1.165s] -- Up-to-date: /root/colcon_ws/install/px4_msgs/include/px4_msgs/msg/detail/vehicle_status__type_support.h
[1.165s] -- Up-to-date: /root/colcon_ws/install/px4_msgs/include/px4_msgs/msg/detail/vehicle_control_mode__struct.h
[1.166s] -- Up-to-date: /root/colcon_ws/install/px4_msgs/include/px4_msgs/msg/detail/vehicle_local_position__struct.h
[1.166s] -- Up-to-date: /root/colcon_ws/install/px4_msgs/include/px4_msgs/msg/detail/parameter_res__functions.c
[1.166s] -- Up-to-date: /root/colcon_ws/install/px4_msgs/include/px4_msgs/msg/detail/collision_constraints__functions.h
[1.166s] -- Up-to-date: /root/colcon_ws/install/px4_msgs/include/px4_msgs/msg/detail/trajectory_bezier__type_support.h
[1.166s] -- Up-to-date: /root/colcon_ws/install/px4_msgs/include/px4_msgs/msg/detail/vehicle_angular_velocity__functions.h
[1.166s] -- Up-to-date: /root/colcon_ws/install/px4_msgs/include/px4_msgs/msg/detail/vehicle_rates_setpoint__functions.c
[1.166s] -- Up-to-date: /root/colcon_ws/install/px4_msgs/include/px4_msgs/msg/detail/offboard_control_mode__functions.c
[1.166s] -- Up-to-date: /root/colcon_ws/install/px4_msgs/include/px4_msgs/msg/detail/onboard_computer_status__functions.h
[1.166s] -- Up-to-date: /root/colcon_ws/install/px4_msgs/include/px4_msgs/msg/detail/obstacle_distance__struct.h
[1.166s] -- Up-to-date: /root/colcon_ws/install/px4_msgs/include/px4_msgs/msg/detail/vehicle_trajectory_waypoint__type_support.h
[1.166s] -- Up-to-date: /root/colcon_ws/install/px4_msgs/include/px4_msgs/msg/detail/onboard_computer_status__struct.h
[1.167s] -- Up-to-date: /root/colcon_ws/install/px4_msgs/include/px4_msgs/msg/detail/commander_set_state__functions.h
[1.167s] -- Up-to-date: /root/colcon_ws/install/px4_msgs/include/px4_msgs/msg/detail/onboard_computer_status__functions.c
[1.167s] -- Up-to-date: /root/colcon_ws/install/px4_msgs/include/px4_msgs/msg/detail/debug_vect__functions.h
[1.167s] -- Up-to-date: /root/colcon_ws/install/px4_msgs/include/px4_msgs/msg/detail/vehicle_angular_velocity__functions.c
[1.167s] -- Up-to-date: /root/colcon_ws/install/px4_msgs/include/px4_msgs/msg/detail/vehicle_local_position__type_support.h
[1.167s] -- Up-to-date: /root/colcon_ws/install/px4_msgs/include/px4_msgs/msg/detail/action_request__functions.h
[1.167s] -- Up-to-date: /root/colcon_ws/install/px4_msgs/include/px4_msgs/msg/detail/vehicle_global_position__functions.h
[1.167s] -- Up-to-date: /root/colcon_ws/install/px4_msgs/include/px4_msgs/msg/detail/sensor_combined__functions.h
[1.167s] -- Up-to-date: /root/colcon_ws/install/px4_msgs/include/px4_msgs/msg/detail/telemetry_status__type_support.h
[1.167s] -- Up-to-date: /root/colcon_ws/install/px4_msgs/include/px4_msgs/msg/detail/vehicle_trajectory_waypoint__functions.h
[1.167s] -- Up-to-date: /root/colcon_ws/install/px4_msgs/include/px4_msgs/msg/detail/trajectory_bezier__functions.c
[1.168s] -- Up-to-date: /root/colcon_ws/install/px4_msgs/include/px4_msgs/msg/detail/collision_constraints__type_support.h
[1.168s] -- Up-to-date: /root/colcon_ws/install/px4_msgs/include/px4_msgs/msg/detail/vehicle_trajectory_bezier__struct.h
[1.168s] -- Up-to-date: /root/colcon_ws/install/px4_msgs/include/px4_msgs/msg/detail/trajectory_setpoint__functions.c
[1.168s] -- Up-to-date: /root/colcon_ws/install/px4_msgs/include/px4_msgs/msg/detail/vehicle_command__struct.h
[1.168s] -- Up-to-date: /root/colcon_ws/install/px4_msgs/include/px4_msgs/msg/detail/parameter_res__type_support.h
[1.168s] -- Up-to-date: /root/colcon_ws/install/px4_msgs/include/px4_msgs/msg/detail/debug_vect__functions.c
[1.168s] -- Up-to-date: /root/colcon_ws/install/px4_msgs/include/px4_msgs/msg/detail/obstacle_distance__functions.c
[1.168s] -- Up-to-date: /root/colcon_ws/install/px4_msgs/include/px4_msgs/msg/detail/action_request__type_support.h
[1.168s] -- Up-to-date: /root/colcon_ws/install/px4_msgs/include/px4_msgs/msg/detail/vehicle_odometry__functions.c
[1.168s] -- Up-to-date: /root/colcon_ws/install/px4_msgs/include/px4_msgs/msg/detail/vehicle_rates_setpoint__struct.h
[1.168s] -- Up-to-date: /root/colcon_ws/install/px4_msgs/include/px4_msgs/msg/detail/timesync_status__functions.h
[1.168s] -- Up-to-date: /root/colcon_ws/install/px4_msgs/include/px4_msgs/msg/detail/vehicle_control_mode__functions.c
[1.168s] -- Up-to-date: /root/colcon_ws/install/px4_msgs/include/px4_msgs/msg/detail/action_request__functions.c
[1.169s] -- Up-to-date: /root/colcon_ws/install/px4_msgs/include/px4_msgs/msg/detail/commander_set_state__functions.c
[1.169s] -- Up-to-date: /root/colcon_ws/install/px4_msgs/include/px4_msgs/msg/detail/commander_status__struct.h
[1.169s] -- Up-to-date: /root/colcon_ws/install/px4_msgs/include/px4_msgs/msg/detail/parameter_res__struct.h
[1.169s] -- Up-to-date: /root/colcon_ws/install/px4_msgs/include/px4_msgs/msg/detail/commander_set_state__struct.h
[1.169s] -- Up-to-date: /root/colcon_ws/install/px4_msgs/include/px4_msgs/msg/detail/vehicle_control_mode__functions.h
[1.169s] -- Up-to-date: /root/colcon_ws/install/px4_msgs/include/px4_msgs/msg/detail/commander_status__functions.c
[1.169s] -- Up-to-date: /root/colcon_ws/install/px4_msgs/include/px4_msgs/msg/detail/failsafe_flags__functions.h
[1.169s] -- Up-to-date: /root/colcon_ws/install/px4_msgs/include/px4_msgs/msg/detail/sensor_optical_flow__struct.h
[1.170s] -- Up-to-date: /root/colcon_ws/install/px4_msgs/include/px4_msgs/msg/detail/vehicle_attitude_setpoint__functions.h
[1.170s] -- Up-to-date: /root/colcon_ws/install/px4_msgs/include/px4_msgs/msg/detail/vehicle_attitude__functions.c
[1.170s] -- Up-to-date: /root/colcon_ws/install/px4_msgs/include/px4_msgs/msg/detail/vehicle_global_position__struct.h
[1.170s] -- Up-to-date: /root/colcon_ws/install/px4_msgs/include/px4_msgs/msg/detail/vehicle_attitude_setpoint__type_support.h
[1.170s] -- Up-to-date: /root/colcon_ws/install/px4_msgs/include/px4_msgs/msg/detail/sensor_combined__functions.c
[1.170s] -- Up-to-date: /root/colcon_ws/install/px4_msgs/include/px4_msgs/msg/detail/vehicle_attitude__struct.h
[1.170s] -- Up-to-date: /root/colcon_ws/install/px4_msgs/include/px4_msgs/msg/detail/vehicle_attitude_setpoint__struct.h
[1.170s] -- Up-to-date: /root/colcon_ws/install/px4_msgs/include/px4_msgs/msg/detail/trajectory_bezier__functions.h
[1.170s] -- Up-to-date: /root/colcon_ws/install/px4_msgs/include/px4_msgs/msg/detail/vehicle_control_mode__type_support.h
[1.170s] -- Up-to-date: /root/colcon_ws/install/px4_msgs/include/px4_msgs/msg/detail/vehicle_trajectory_waypoint__functions.c
[1.170s] -- Up-to-date: /root/colcon_ws/install/px4_msgs/include/px4_msgs/msg/detail/telemetry_status__struct.h
[1.170s] -- Up-to-date: /root/colcon_ws/install/px4_msgs/include/px4_msgs/msg/detail/vehicle_rates_setpoint__type_support.h
[1.171s] -- Up-to-date: /root/colcon_ws/install/px4_msgs/include/px4_msgs/msg/detail/debug_vect__type_support.h
[1.171s] -- Up-to-date: /root/colcon_ws/install/px4_msgs/include/px4_msgs/msg/detail/sensor_gps__functions.c
[1.171s] -- Up-to-date: /root/colcon_ws/install/px4_msgs/include/px4_msgs/msg/detail/sensor_optical_flow__functions.h
[1.171s] -- Up-to-date: /root/colcon_ws/install/px4_msgs/include/px4_msgs/msg/detail/timesync_status__type_support.h
[1.171s] -- Up-to-date: /root/colcon_ws/install/px4_msgs/include/px4_msgs/msg/detail/offboard_control_mode__functions.h
[1.171s] -- Up-to-date: /root/colcon_ws/install/px4_msgs/include/px4_msgs/msg/detail/obstacle_distance__functions.h
[1.171s] -- Up-to-date: /root/colcon_ws/install/px4_msgs/include/px4_msgs/msg/detail/offboard_control_mode__type_support.h
[1.171s] -- Up-to-date: /root/colcon_ws/install/px4_msgs/include/px4_msgs/msg/detail/vehicle_trajectory_bezier__functions.c
[1.172s] -- Up-to-date: /root/colcon_ws/install/px4_msgs/include/px4_msgs/msg/detail/commander_set_state__type_support.h
[1.172s] -- Up-to-date: /root/colcon_ws/install/px4_msgs/include/px4_msgs/msg/detail/vehicle_status__struct.h
[1.172s] -- Up-to-date: /root/colcon_ws/install/px4_msgs/include/px4_msgs/msg/detail/timesync_status__functions.c
[1.172s] -- Up-to-date: /root/colcon_ws/install/px4_msgs/include/px4_msgs/msg/detail/vehicle_angular_velocity__struct.h
[1.172s] -- Up-to-date: /root/colcon_ws/install/px4_msgs/include/px4_msgs/msg/detail/sensor_optical_flow__type_support.h
[1.172s] -- Up-to-date: /root/colcon_ws/install/px4_msgs/include/px4_msgs/msg/detail/sensor_combined__type_support.h
[1.172s] -- Up-to-date: /root/colcon_ws/install/px4_msgs/include/px4_msgs/msg/detail/vehicle_command__functions.h
[1.172s] -- Up-to-date: /root/colcon_ws/install/px4_msgs/include/px4_msgs/msg/detail/vehicle_odometry__type_support.h
[1.172s] -- Up-to-date: /root/colcon_ws/install/px4_msgs/include/px4_msgs/msg/detail/trajectory_waypoint__type_support.h
[1.172s] -- Up-to-date: /root/colcon_ws/install/px4_msgs/include/px4_msgs/msg/detail/trajectory_waypoint__functions.h
[1.172s] -- Up-to-date: /root/colcon_ws/install/px4_msgs/include/px4_msgs/msg/detail/collision_constraints__functions.c
[1.173s] -- Up-to-date: /root/colcon_ws/install/px4_msgs/include/px4_msgs/msg/detail/parameter_req__functions.c
[1.173s] -- Up-to-date: /root/colcon_ws/install/px4_msgs/include/px4_msgs/msg/detail/vehicle_attitude_setpoint__functions.c
[1.173s] -- Up-to-date: /root/colcon_ws/install/px4_msgs/include/px4_msgs/msg/detail/collision_constraints__struct.h
[1.173s] -- Up-to-date: /root/colcon_ws/install/px4_msgs/include/px4_msgs/msg/detail/vehicle_local_position__functions.h
[1.173s] -- Up-to-date: /root/colcon_ws/install/px4_msgs/include/px4_msgs/msg/detail/failsafe_flags__functions.c
[1.173s] -- Up-to-date: /root/colcon_ws/install/px4_msgs/include/px4_msgs/msg/detail/trajectory_bezier__struct.h
[1.173s] -- Up-to-date: /root/colcon_ws/install/px4_msgs/include/px4_msgs/msg/detail/vehicle_command__functions.c
[1.173s] -- Up-to-date: /root/colcon_ws/install/px4_msgs/include/px4_msgs/msg/detail/vehicle_status__functions.c
[1.174s] -- Up-to-date: /root/colcon_ws/install/px4_msgs/include/px4_msgs/msg/detail/vehicle_trajectory_bezier__type_support.h
[1.174s] -- Up-to-date: /root/colcon_ws/install/px4_msgs/include/px4_msgs/msg/detail/trajectory_waypoint__struct.h
[1.174s] -- Up-to-date: /root/colcon_ws/install/px4_msgs/include/px4_msgs/msg/detail/vehicle_odometry__struct.h
[1.174s] -- Up-to-date: /root/colcon_ws/install/px4_msgs/include/px4_msgs/msg/detail/parameter_req__functions.h
[1.174s] -- Up-to-date: /root/colcon_ws/install/px4_msgs/include/px4_msgs/msg/detail/commander_status__functions.h
[1.175s] -- Up-to-date: /root/colcon_ws/install/px4_msgs/include/px4_msgs/msg/detail/vehicle_status__functions.h
[1.175s] -- Up-to-date: /root/colcon_ws/install/px4_msgs/include/px4_msgs/msg/detail/vehicle_command__type_support.h
[1.175s] -- Up-to-date: /root/colcon_ws/install/px4_msgs/include/px4_msgs/msg/detail/sensor_gps__type_support.h
[1.175s] -- Up-to-date: /root/colcon_ws/install/px4_msgs/include/px4_msgs/msg/detail/onboard_computer_status__type_support.h
[1.175s] -- Up-to-date: /root/colcon_ws/install/px4_msgs/include/px4_msgs/msg/detail/vehicle_trajectory_bezier__functions.h
[1.176s] -- Up-to-date: /root/colcon_ws/install/px4_msgs/include/px4_msgs/msg/detail/telemetry_status__functions.h
[1.176s] -- Up-to-date: /root/colcon_ws/install/px4_msgs/include/px4_msgs/msg/detail/parameter_req__struct.h
[1.176s] -- Up-to-date: /root/colcon_ws/install/px4_msgs/include/px4_msgs/msg/detail/vehicle_angular_velocity__type_support.h
[1.176s] -- Up-to-date: /root/colcon_ws/install/px4_msgs/include/px4_msgs/msg/detail/commander_status__type_support.h
[1.176s] -- Up-to-date: /root/colcon_ws/install/px4_msgs/include/px4_msgs/msg/detail/action_request__struct.h
[1.176s] -- Up-to-date: /root/colcon_ws/install/px4_msgs/include/px4_msgs/msg/detail/parameter_res__functions.h
[1.176s] -- Up-to-date: /root/colcon_ws/install/px4_msgs/include/px4_msgs/msg/detail/offboard_control_mode__struct.h
[1.176s] -- Up-to-date: /root/colcon_ws/install/px4_msgs/include/px4_msgs/msg/detail/vehicle_attitude__type_support.h
[1.176s] -- Up-to-date: /root/colcon_ws/install/px4_msgs/include/px4_msgs/msg/detail/vehicle_global_position__functions.c
[1.176s] -- Up-to-date: /root/colcon_ws/install/px4_msgs/include/px4_msgs/msg/detail/failsafe_flags__struct.h
[1.177s] -- Up-to-date: /root/colcon_ws/install/px4_msgs/include/px4_msgs/msg/detail/sensor_optical_flow__functions.c
[1.177s] -- Up-to-date: /root/colcon_ws/install/px4_msgs/include/px4_msgs/msg/detail/sensor_combined__struct.h
[1.177s] -- Up-to-date: /root/colcon_ws/install/px4_msgs/include/px4_msgs/msg/detail/vehicle_trajectory_waypoint__struct.h
[1.177s] -- Up-to-date: /root/colcon_ws/install/px4_msgs/include/px4_msgs/msg/detail/sensor_gps__functions.h
[1.177s] -- Up-to-date: /root/colcon_ws/install/px4_msgs/include/px4_msgs/msg/detail/vehicle_local_position__functions.c
[1.177s] -- Up-to-date: /root/colcon_ws/install/px4_msgs/include/px4_msgs/msg/detail/trajectory_setpoint__functions.h
[1.177s] -- Up-to-date: /root/colcon_ws/install/px4_msgs/include/px4_msgs/msg/detail/vehicle_rates_setpoint__functions.h
[1.177s] -- Up-to-date: /root/colcon_ws/install/px4_msgs/include/px4_msgs/msg/detail/vehicle_attitude__functions.h
[1.177s] -- Up-to-date: /root/colcon_ws/install/px4_msgs/include/px4_msgs/msg/detail/sensor_gps__struct.h
[1.177s] -- Up-to-date: /root/colcon_ws/install/px4_msgs/include/px4_msgs/msg/detail/debug_vect__struct.h
[1.177s] -- Up-to-date: /root/colcon_ws/install/px4_msgs/include/px4_msgs/msg/detail/trajectory_setpoint__struct.h
[1.177s] -- Up-to-date: /root/colcon_ws/install/px4_msgs/include/px4_msgs/msg/detail/parameter_req__type_support.h
[1.177s] -- Up-to-date: /root/colcon_ws/install/px4_msgs/include/px4_msgs/msg/action_request.h
[1.177s] -- Up-to-date: /root/colcon_ws/install/px4_msgs/include/px4_msgs/msg/debug_vect.h
[1.177s] -- Up-to-date: /root/colcon_ws/install/px4_msgs/include/px4_msgs/msg/vehicle_command.h
[1.178s] -- Up-to-date: /root/colcon_ws/install/px4_msgs/include/px4_msgs/msg/parameter_res.h
[1.178s] -- Up-to-date: /root/colcon_ws/install/px4_msgs/include/px4_msgs/msg/vehicle_control_mode.h
[1.178s] -- Up-to-date: /root/colcon_ws/install/px4_msgs/include/px4_msgs/msg/sensor_gps.h
[1.178s] -- Up-to-date: /root/colcon_ws/install/px4_msgs/include/px4_msgs/msg/telemetry_status.h
[1.178s] -- Up-to-date: /root/colcon_ws/install/px4_msgs/include/px4_msgs/msg/failsafe_flags.h
[1.178s] -- Up-to-date: /root/colcon_ws/install/px4_msgs/include/px4_msgs/msg/sensor_combined.h
[1.178s] -- Up-to-date: /root/colcon_ws/install/px4_msgs/include/px4_msgs/msg/vehicle_odometry.h
[1.178s] -- Up-to-date: /root/colcon_ws/install/px4_msgs/include/px4_msgs/msg/vehicle_angular_velocity.h
[1.178s] -- Up-to-date: /root/colcon_ws/install/px4_msgs/include/px4_msgs/msg/obstacle_distance.h
[1.178s] -- Up-to-date: /root/colcon_ws/install/px4_msgs/include/px4_msgs/msg/vehicle_global_position.h
[1.178s] -- Up-to-date: /root/colcon_ws/install/px4_msgs/include/px4_msgs/msg/vehicle_attitude.h
[1.178s] -- Up-to-date: /root/colcon_ws/install/px4_msgs/include/px4_msgs/msg/vehicle_trajectory_waypoint.h
[1.178s] -- Up-to-date: /root/colcon_ws/install/px4_msgs/include/px4_msgs/msg/trajectory_waypoint.h
[1.178s] -- Up-to-date: /root/colcon_ws/install/px4_msgs/include/px4_msgs/msg/vehicle_rates_setpoint.h
[1.179s] -- Up-to-date: /root/colcon_ws/install/px4_msgs/include/px4_msgs/msg/vehicle_status.h
[1.179s] -- Up-to-date: /root/colcon_ws/install/px4_msgs/include/px4_msgs/msg/onboard_computer_status.h
[1.179s] -- Up-to-date: /root/colcon_ws/install/px4_msgs/include/px4_msgs/msg/commander_status.h
[1.179s] -- Up-to-date: /root/colcon_ws/install/px4_msgs/include/px4_msgs/msg/rosidl_generator_c__visibility_control.h
[1.179s] -- Up-to-date: /root/colcon_ws/install/px4_msgs/include/px4_msgs/msg/trajectory_bezier.h
[1.179s] -- Up-to-date: /root/colcon_ws/install/px4_msgs/include/px4_msgs/msg/timesync_status.h
[1.179s] -- Up-to-date: /root/colcon_ws/install/px4_msgs/include/px4_msgs/msg/sensor_optical_flow.h
[1.179s] -- Up-to-date: /root/colcon_ws/install/px4_msgs/include/px4_msgs/msg/trajectory_setpoint.h
[1.179s] -- Up-to-date: /root/colcon_ws/install/px4_msgs/share/px4_msgs/environment/library_path.sh
[1.179s] -- Up-to-date: /root/colcon_ws/install/px4_msgs/share/px4_msgs/environment/library_path.dsv
[1.179s] -- Up-to-date: /root/colcon_ws/install/px4_msgs/lib/libpx4_msgs__rosidl_generator_c.so
[1.179s] -- Up-to-date: /root/colcon_ws/install/px4_msgs/include/px4_msgs
[1.179s] -- Up-to-date: /root/colcon_ws/install/px4_msgs/include/px4_msgs/msg
[1.180s] -- Up-to-date: /root/colcon_ws/install/px4_msgs/include/px4_msgs/msg/detail
[1.180s] -- Up-to-date: /root/colcon_ws/install/px4_msgs/include/px4_msgs/msg/detail/sensor_optical_flow__rosidl_typesupport_fastrtps_c.h
[1.180s] -- Up-to-date: /root/colcon_ws/install/px4_msgs/include/px4_msgs/msg/detail/vehicle_rates_setpoint__rosidl_typesupport_fastrtps_c.h
[1.180s] -- Up-to-date: /root/colcon_ws/install/px4_msgs/include/px4_msgs/msg/detail/vehicle_global_position__rosidl_typesupport_fastrtps_c.h
[1.180s] -- Up-to-date: /root/colcon_ws/install/px4_msgs/include/px4_msgs/msg/detail/vehicle_control_mode__rosidl_typesupport_fastrtps_c.h
[1.180s] -- Up-to-date: /root/colcon_ws/install/px4_msgs/include/px4_msgs/msg/detail/vehicle_trajectory_waypoint__rosidl_typesupport_fastrtps_c.h
[1.180s] -- Up-to-date: /root/colcon_ws/install/px4_msgs/include/px4_msgs/msg/detail/vehicle_attitude__rosidl_typesupport_fastrtps_c.h
[1.180s] -- Up-to-date: /root/colcon_ws/install/px4_msgs/include/px4_msgs/msg/detail/vehicle_command__rosidl_typesupport_fastrtps_c.h
[1.180s] -- Up-to-date: /root/colcon_ws/install/px4_msgs/include/px4_msgs/msg/detail/vehicle_trajectory_bezier__rosidl_typesupport_fastrtps_c.h
[1.180s] -- Up-to-date: /root/colcon_ws/install/px4_msgs/include/px4_msgs/msg/detail/vehicle_local_position__rosidl_typesupport_fastrtps_c.h
[1.180s] -- Up-to-date: /root/colcon_ws/install/px4_msgs/include/px4_msgs/msg/detail/sensor_combined__rosidl_typesupport_fastrtps_c.h
[1.181s] -- Up-to-date: /root/colcon_ws/install/px4_msgs/include/px4_msgs/msg/detail/offboard_control_mode__rosidl_typesupport_fastrtps_c.h
[1.181s] -- Up-to-date: /root/colcon_ws/install/px4_msgs/include/px4_msgs/msg/detail/action_request__rosidl_typesupport_fastrtps_c.h
[1.181s] -- Up-to-date: /root/colcon_ws/install/px4_msgs/include/px4_msgs/msg/detail/timesync_status__rosidl_typesupport_fastrtps_c.h
[1.181s] -- Up-to-date: /root/colcon_ws/install/px4_msgs/include/px4_msgs/msg/detail/trajectory_bezier__rosidl_typesupport_fastrtps_c.h
[1.181s] -- Up-to-date: /root/colcon_ws/install/px4_msgs/include/px4_msgs/msg/detail/obstacle_distance__rosidl_typesupport_fastrtps_c.h
[1.181s] -- Up-to-date: /root/colcon_ws/install/px4_msgs/include/px4_msgs/msg/detail/parameter_res__rosidl_typesupport_fastrtps_c.h
[1.181s] -- Up-to-date: /root/colcon_ws/install/px4_msgs/include/px4_msgs/msg/detail/debug_vect__rosidl_typesupport_fastrtps_c.h
[1.181s] -- Up-to-date: /root/colcon_ws/install/px4_msgs/include/px4_msgs/msg/detail/vehicle_angular_velocity__rosidl_typesupport_fastrtps_c.h
[1.181s] -- Up-to-date: /root/colcon_ws/install/px4_msgs/include/px4_msgs/msg/detail/vehicle_odometry__rosidl_typesupport_fastrtps_c.h
[1.181s] -- Up-to-date: /root/colcon_ws/install/px4_msgs/include/px4_msgs/msg/detail/commander_status__rosidl_typesupport_fastrtps_c.h
[1.181s] -- Up-to-date: /root/colcon_ws/install/px4_msgs/include/px4_msgs/msg/detail/vehicle_attitude_setpoint__rosidl_typesupport_fastrtps_c.h
[1.181s] -- Up-to-date: /root/colcon_ws/install/px4_msgs/include/px4_msgs/msg/detail/failsafe_flags__rosidl_typesupport_fastrtps_c.h
[1.181s] -- Up-to-date: /root/colcon_ws/install/px4_msgs/include/px4_msgs/msg/detail/trajectory_setpoint__rosidl_typesupport_fastrtps_c.h
[1.181s] -- Up-to-date: /root/colcon_ws/install/px4_msgs/include/px4_msgs/msg/detail/collision_constraints__rosidl_typesupport_fastrtps_c.h
[1.181s] -- Up-to-date: /root/colcon_ws/install/px4_msgs/include/px4_msgs/msg/detail/commander_set_state__rosidl_typesupport_fastrtps_c.h
[1.181s] -- Up-to-date: /root/colcon_ws/install/px4_msgs/include/px4_msgs/msg/detail/trajectory_waypoint__rosidl_typesupport_fastrtps_c.h
[1.181s] -- Up-to-date: /root/colcon_ws/install/px4_msgs/include/px4_msgs/msg/detail/sensor_gps__rosidl_typesupport_fastrtps_c.h
[1.182s] -- Up-to-date: /root/colcon_ws/install/px4_msgs/include/px4_msgs/msg/detail/parameter_req__rosidl_typesupport_fastrtps_c.h
[1.182s] -- Up-to-date: /root/colcon_ws/install/px4_msgs/include/px4_msgs/msg/detail/telemetry_status__rosidl_typesupport_fastrtps_c.h
[1.182s] -- Up-to-date: /root/colcon_ws/install/px4_msgs/include/px4_msgs/msg/detail/onboard_computer_status__rosidl_typesupport_fastrtps_c.h
[1.182s] -- Up-to-date: /root/colcon_ws/install/px4_msgs/include/px4_msgs/msg/detail/vehicle_status__rosidl_typesupport_fastrtps_c.h
[1.182s] -- Up-to-date: /root/colcon_ws/install/px4_msgs/include/px4_msgs/msg/rosidl_typesupport_fastrtps_c__visibility_control.h
[1.182s] -- Up-to-date: /root/colcon_ws/install/px4_msgs/lib/libpx4_msgs__rosidl_typesupport_fastrtps_c.so
[1.182s] -- Up-to-date: /root/colcon_ws/install/px4_msgs/include/px4_msgs
[1.182s] -- Up-to-date: /root/colcon_ws/install/px4_msgs/include/px4_msgs/msg
[1.182s] -- Up-to-date: /root/colcon_ws/install/px4_msgs/include/px4_msgs/msg/detail
[1.182s] -- Up-to-date: /root/colcon_ws/install/px4_msgs/include/px4_msgs/msg/detail/commander_set_state__rosidl_typesupport_fastrtps_cpp.hpp
[1.182s] -- Up-to-date: /root/colcon_ws/install/px4_msgs/include/px4_msgs/msg/detail/sensor_optical_flow__rosidl_typesupport_fastrtps_cpp.hpp
[1.182s] -- Up-to-date: /root/colcon_ws/install/px4_msgs/include/px4_msgs/msg/detail/debug_vect__rosidl_typesupport_fastrtps_cpp.hpp
[1.182s] -- Up-to-date: /root/colcon_ws/install/px4_msgs/include/px4_msgs/msg/detail/timesync_status__rosidl_typesupport_fastrtps_cpp.hpp
[1.182s] -- Up-to-date: /root/colcon_ws/install/px4_msgs/include/px4_msgs/msg/detail/trajectory_setpoint__rosidl_typesupport_fastrtps_cpp.hpp
[1.183s] -- Up-to-date: /root/colcon_ws/install/px4_msgs/include/px4_msgs/msg/detail/onboard_computer_status__rosidl_typesupport_fastrtps_cpp.hpp
[1.183s] -- Up-to-date: /root/colcon_ws/install/px4_msgs/include/px4_msgs/msg/detail/offboard_control_mode__rosidl_typesupport_fastrtps_cpp.hpp
[1.183s] -- Up-to-date: /root/colcon_ws/install/px4_msgs/include/px4_msgs/msg/detail/sensor_gps__rosidl_typesupport_fastrtps_cpp.hpp
[1.183s] -- Up-to-date: /root/colcon_ws/install/px4_msgs/include/px4_msgs/msg/detail/vehicle_command__rosidl_typesupport_fastrtps_cpp.hpp
[1.183s] -- Up-to-date: /root/colcon_ws/install/px4_msgs/include/px4_msgs/msg/detail/trajectory_waypoint__rosidl_typesupport_fastrtps_cpp.hpp
[1.183s] -- Up-to-date: /root/colcon_ws/install/px4_msgs/include/px4_msgs/msg/detail/vehicle_local_position__rosidl_typesupport_fastrtps_cpp.hpp
[1.183s] -- Up-to-date: /root/colcon_ws/install/px4_msgs/include/px4_msgs/msg/detail/vehicle_trajectory_bezier__rosidl_typesupport_fastrtps_cpp.hpp
[1.183s] -- Up-to-date: /root/colcon_ws/install/px4_msgs/include/px4_msgs/msg/detail/vehicle_status__rosidl_typesupport_fastrtps_cpp.hpp
[1.183s] -- Up-to-date: /root/colcon_ws/install/px4_msgs/include/px4_msgs/msg/detail/vehicle_global_position__rosidl_typesupport_fastrtps_cpp.hpp
[1.183s] -- Up-to-date: /root/colcon_ws/install/px4_msgs/include/px4_msgs/msg/detail/collision_constraints__rosidl_typesupport_fastrtps_cpp.hpp
[1.183s] -- Up-to-date: /root/colcon_ws/install/px4_msgs/include/px4_msgs/msg/detail/trajectory_bezier__rosidl_typesupport_fastrtps_cpp.hpp
[1.183s] -- Up-to-date: /root/colcon_ws/install/px4_msgs/include/px4_msgs/msg/detail/vehicle_odometry__rosidl_typesupport_fastrtps_cpp.hpp
[1.183s] -- Up-to-date: /root/colcon_ws/install/px4_msgs/include/px4_msgs/msg/detail/commander_status__rosidl_typesupport_fastrtps_cpp.hpp
[1.183s] -- Up-to-date: /root/colcon_ws/install/px4_msgs/include/px4_msgs/msg/detail/dds_fastrtps
[1.183s] -- Up-to-date: /root/colcon_ws/install/px4_msgs/include/px4_msgs/msg/detail/failsafe_flags__rosidl_typesupport_fastrtps_cpp.hpp
[1.183s] -- Up-to-date: /root/colcon_ws/install/px4_msgs/include/px4_msgs/msg/detail/action_request__rosidl_typesupport_fastrtps_cpp.hpp
[1.183s] -- Up-to-date: /root/colcon_ws/install/px4_msgs/include/px4_msgs/msg/detail/parameter_req__rosidl_typesupport_fastrtps_cpp.hpp
[1.184s] -- Up-to-date: /root/colcon_ws/install/px4_msgs/include/px4_msgs/msg/detail/obstacle_distance__rosidl_typesupport_fastrtps_cpp.hpp
[1.184s] -- Up-to-date: /root/colcon_ws/install/px4_msgs/include/px4_msgs/msg/detail/sensor_combined__rosidl_typesupport_fastrtps_cpp.hpp
[1.184s] -- Up-to-date: /root/colcon_ws/install/px4_msgs/include/px4_msgs/msg/detail/vehicle_attitude_setpoint__rosidl_typesupport_fastrtps_cpp.hpp
[1.184s] -- Up-to-date: /root/colcon_ws/install/px4_msgs/include/px4_msgs/msg/detail/vehicle_control_mode__rosidl_typesupport_fastrtps_cpp.hpp
[1.184s] -- Up-to-date: /root/colcon_ws/install/px4_msgs/include/px4_msgs/msg/detail/vehicle_angular_velocity__rosidl_typesupport_fastrtps_cpp.hpp
[1.184s] -- Up-to-date: /root/colcon_ws/install/px4_msgs/include/px4_msgs/msg/detail/vehicle_trajectory_waypoint__rosidl_typesupport_fastrtps_cpp.hpp
[1.184s] -- Up-to-date: /root/colcon_ws/install/px4_msgs/include/px4_msgs/msg/detail/parameter_res__rosidl_typesupport_fastrtps_cpp.hpp
[1.184s] -- Up-to-date: /root/colcon_ws/install/px4_msgs/include/px4_msgs/msg/detail/vehicle_attitude__rosidl_typesupport_fastrtps_cpp.hpp
[1.184s] -- Up-to-date: /root/colcon_ws/install/px4_msgs/include/px4_msgs/msg/detail/vehicle_rates_setpoint__rosidl_typesupport_fastrtps_cpp.hpp
[1.184s] -- Up-to-date: /root/colcon_ws/install/px4_msgs/include/px4_msgs/msg/detail/telemetry_status__rosidl_typesupport_fastrtps_cpp.hpp
[1.184s] -- Up-to-date: /root/colcon_ws/install/px4_msgs/include/px4_msgs/msg/rosidl_typesupport_fastrtps_cpp__visibility_control.h
[1.184s] -- Up-to-date: /root/colcon_ws/install/px4_msgs/lib/libpx4_msgs__rosidl_typesupport_fastrtps_cpp.so
[1.184s] -- Up-to-date: /root/colcon_ws/install/px4_msgs/include/px4_msgs
[1.184s] -- Up-to-date: /root/colcon_ws/install/px4_msgs/include/px4_msgs/msg
[1.184s] -- Up-to-date: /root/colcon_ws/install/px4_msgs/include/px4_msgs/msg/detail
[1.184s] -- Up-to-date: /root/colcon_ws/install/px4_msgs/include/px4_msgs/msg/detail/trajectory_bezier__rosidl_typesupport_introspection_c.h
[1.184s] -- Up-to-date: /root/colcon_ws/install/px4_msgs/include/px4_msgs/msg/detail/trajectory_setpoint__rosidl_typesupport_introspection_c.h
[1.184s] -- Up-to-date: /root/colcon_ws/install/px4_msgs/include/px4_msgs/msg/detail/sensor_optical_flow__type_support.c
[1.185s] -- Up-to-date: /root/colcon_ws/install/px4_msgs/include/px4_msgs/msg/detail/debug_vect__type_support.c
[1.185s] -- Up-to-date: /root/colcon_ws/install/px4_msgs/include/px4_msgs/msg/detail/vehicle_attitude__rosidl_typesupport_introspection_c.h
[1.185s] -- Up-to-date: /root/colcon_ws/install/px4_msgs/include/px4_msgs/msg/detail/vehicle_command__rosidl_typesupport_introspection_c.h
[1.185s] -- Up-to-date: /root/colcon_ws/install/px4_msgs/include/px4_msgs/msg/detail/vehicle_rates_setpoint__type_support.c
[1.185s] -- Up-to-date: /root/colcon_ws/install/px4_msgs/include/px4_msgs/msg/detail/collision_constraints__rosidl_typesupport_introspection_c.h
[1.185s] -- Up-to-date: /root/colcon_ws/install/px4_msgs/include/px4_msgs/msg/detail/vehicle_attitude__type_support.c
[1.185s] -- Up-to-date: /root/colcon_ws/install/px4_msgs/include/px4_msgs/msg/detail/vehicle_control_mode__type_support.c
[1.185s] -- Up-to-date: /root/colcon_ws/install/px4_msgs/include/px4_msgs/msg/detail/obstacle_distance__rosidl_typesupport_introspection_c.h
[1.185s] -- Up-to-date: /root/colcon_ws/install/px4_msgs/include/px4_msgs/msg/detail/vehicle_control_mode__rosidl_typesupport_introspection_c.h
[1.185s] -- Up-to-date: /root/colcon_ws/install/px4_msgs/include/px4_msgs/msg/detail/trajectory_bezier__type_support.c
[1.185s] -- Up-to-date: /root/colcon_ws/install/px4_msgs/include/px4_msgs/msg/detail/vehicle_angular_velocity__rosidl_typesupport_introspection_c.h
[1.185s] -- Up-to-date: /root/colcon_ws/install/px4_msgs/include/px4_msgs/msg/detail/offboard_control_mode__rosidl_typesupport_introspection_c.h
[1.185s] -- Up-to-date: /root/colcon_ws/install/px4_msgs/include/px4_msgs/msg/detail/commander_status__rosidl_typesupport_introspection_c.h
[1.185s] -- Up-to-date: /root/colcon_ws/install/px4_msgs/include/px4_msgs/msg/detail/onboard_computer_status__rosidl_typesupport_introspection_c.h
[1.185s] -- Up-to-date: /root/colcon_ws/install/px4_msgs/include/px4_msgs/msg/detail/vehicle_trajectory_bezier__type_support.c
[1.185s] -- Up-to-date: /root/colcon_ws/install/px4_msgs/include/px4_msgs/msg/detail/trajectory_waypoint__type_support.c
[1.185s] -- Up-to-date: /root/colcon_ws/install/px4_msgs/include/px4_msgs/msg/detail/vehicle_trajectory_bezier__rosidl_typesupport_introspection_c.h
[1.185s] -- Up-to-date: /root/colcon_ws/install/px4_msgs/include/px4_msgs/msg/detail/vehicle_trajectory_waypoint__rosidl_typesupport_introspection_c.h
[1.186s] -- Up-to-date: /root/colcon_ws/install/px4_msgs/include/px4_msgs/msg/detail/trajectory_setpoint__type_support.c
[1.186s] -- Up-to-date: /root/colcon_ws/install/px4_msgs/include/px4_msgs/msg/detail/vehicle_rates_setpoint__rosidl_typesupport_introspection_c.h
[1.186s] -- Up-to-date: /root/colcon_ws/install/px4_msgs/include/px4_msgs/msg/detail/commander_set_state__type_support.c
[1.186s] -- Up-to-date: /root/colcon_ws/install/px4_msgs/include/px4_msgs/msg/detail/commander_set_state__rosidl_typesupport_introspection_c.h
[1.186s] -- Up-to-date: /root/colcon_ws/install/px4_msgs/include/px4_msgs/msg/detail/failsafe_flags__type_support.c
[1.186s] -- Up-to-date: /root/colcon_ws/install/px4_msgs/include/px4_msgs/msg/detail/telemetry_status__rosidl_typesupport_introspection_c.h
[1.186s] -- Up-to-date: /root/colcon_ws/install/px4_msgs/include/px4_msgs/msg/detail/parameter_req__rosidl_typesupport_introspection_c.h
[1.186s] -- Up-to-date: /root/colcon_ws/install/px4_msgs/include/px4_msgs/msg/detail/vehicle_odometry__rosidl_typesupport_introspection_c.h
[1.186s] -- Up-to-date: /root/colcon_ws/install/px4_msgs/include/px4_msgs/msg/detail/vehicle_status__rosidl_typesupport_introspection_c.h
[1.186s] -- Up-to-date: /root/colcon_ws/install/px4_msgs/include/px4_msgs/msg/detail/vehicle_local_position__type_support.c
[1.186s] -- Up-to-date: /root/colcon_ws/install/px4_msgs/include/px4_msgs/msg/detail/parameter_res__rosidl_typesupport_introspection_c.h
[1.186s] -- Up-to-date: /root/colcon_ws/install/px4_msgs/include/px4_msgs/msg/detail/sensor_combined__type_support.c
[1.186s] -- Up-to-date: /root/colcon_ws/install/px4_msgs/include/px4_msgs/msg/detail/obstacle_distance__type_support.c
[1.186s] -- Up-to-date: /root/colcon_ws/install/px4_msgs/include/px4_msgs/msg/detail/vehicle_trajectory_waypoint__type_support.c
[1.186s] -- Up-to-date: /root/colcon_ws/install/px4_msgs/include/px4_msgs/msg/detail/parameter_req__type_support.c
[1.187s] -- Up-to-date: /root/colcon_ws/install/px4_msgs/include/px4_msgs/msg/detail/trajectory_waypoint__rosidl_typesupport_introspection_c.h
[1.187s] -- Up-to-date: /root/colcon_ws/install/px4_msgs/include/px4_msgs/msg/detail/commander_status__type_support.c
[1.187s] -- Up-to-date: /root/colcon_ws/install/px4_msgs/include/px4_msgs/msg/detail/vehicle_attitude_setpoint__type_support.c
[1.187s] -- Up-to-date: /root/colcon_ws/install/px4_msgs/include/px4_msgs/msg/detail/sensor_gps__type_support.c
[1.187s] -- Up-to-date: /root/colcon_ws/install/px4_msgs/include/px4_msgs/msg/detail/timesync_status__rosidl_typesupport_introspection_c.h
[1.187s] -- Up-to-date: /root/colcon_ws/install/px4_msgs/include/px4_msgs/msg/detail/vehicle_angular_velocity__type_support.c
[1.187s] -- Up-to-date: /root/colcon_ws/install/px4_msgs/include/px4_msgs/msg/detail/action_request__rosidl_typesupport_introspection_c.h
[1.187s] -- Up-to-date: /root/colcon_ws/install/px4_msgs/include/px4_msgs/msg/detail/vehicle_command__type_support.c
[1.187s] -- Up-to-date: /root/colcon_ws/install/px4_msgs/include/px4_msgs/msg/detail/vehicle_attitude_setpoint__rosidl_typesupport_introspection_c.h
[1.187s] -- Up-to-date: /root/colcon_ws/install/px4_msgs/include/px4_msgs/msg/detail/vehicle_global_position__rosidl_typesupport_introspection_c.h
[1.187s] -- Up-to-date: /root/colcon_ws/install/px4_msgs/include/px4_msgs/msg/detail/sensor_combined__rosidl_typesupport_introspection_c.h
[1.187s] -- Up-to-date: /root/colcon_ws/install/px4_msgs/include/px4_msgs/msg/detail/vehicle_local_position__rosidl_typesupport_introspection_c.h
[1.187s] -- Up-to-date: /root/colcon_ws/install/px4_msgs/include/px4_msgs/msg/detail/action_request__type_support.c
[1.187s] -- Up-to-date: /root/colcon_ws/install/px4_msgs/include/px4_msgs/msg/detail/vehicle_global_position__type_support.c
[1.187s] -- Up-to-date: /root/colcon_ws/install/px4_msgs/include/px4_msgs/msg/detail/telemetry_status__type_support.c
[1.187s] -- Up-to-date: /root/colcon_ws/install/px4_msgs/include/px4_msgs/msg/detail/parameter_res__type_support.c
[1.188s] -- Up-to-date: /root/colcon_ws/install/px4_msgs/include/px4_msgs/msg/detail/vehicle_status__type_support.c
[1.188s] -- Up-to-date: /root/colcon_ws/install/px4_msgs/include/px4_msgs/msg/detail/sensor_optical_flow__rosidl_typesupport_introspection_c.h
[1.188s] -- Up-to-date: /root/colcon_ws/install/px4_msgs/include/px4_msgs/msg/detail/failsafe_flags__rosidl_typesupport_introspection_c.h
[1.188s] -- Up-to-date: /root/colcon_ws/install/px4_msgs/include/px4_msgs/msg/detail/timesync_status__type_support.c
[1.188s] -- Up-to-date: /root/colcon_ws/install/px4_msgs/include/px4_msgs/msg/detail/sensor_gps__rosidl_typesupport_introspection_c.h
[1.188s] -- Up-to-date: /root/colcon_ws/install/px4_msgs/include/px4_msgs/msg/detail/collision_constraints__type_support.c
[1.188s] -- Up-to-date: /root/colcon_ws/install/px4_msgs/include/px4_msgs/msg/detail/offboard_control_mode__type_support.c
[1.188s] -- Up-to-date: /root/colcon_ws/install/px4_msgs/include/px4_msgs/msg/detail/onboard_computer_status__type_support.c
[1.188s] -- Up-to-date: /root/colcon_ws/install/px4_msgs/include/px4_msgs/msg/detail/debug_vect__rosidl_typesupport_introspection_c.h
[1.188s] -- Up-to-date: /root/colcon_ws/install/px4_msgs/include/px4_msgs/msg/detail/vehicle_odometry__type_support.c
[1.188s] -- Up-to-date: /root/colcon_ws/install/px4_msgs/include/px4_msgs/msg/rosidl_typesupport_introspection_c__visibility_control.h
[1.188s] -- Up-to-date: /root/colcon_ws/install/px4_msgs/lib/libpx4_msgs__rosidl_typesupport_introspection_c.so
[1.188s] -- Up-to-date: /root/colcon_ws/install/px4_msgs/lib/libpx4_msgs__rosidl_typesupport_c.so
[1.188s] -- Up-to-date: /root/colcon_ws/install/px4_msgs/include/px4_msgs
[1.188s] -- Up-to-date: /root/colcon_ws/install/px4_msgs/include/px4_msgs/msg
[1.188s] -- Up-to-date: /root/colcon_ws/install/px4_msgs/include/px4_msgs/msg/vehicle_attitude.hpp
[1.189s] -- Up-to-date: /root/colcon_ws/install/px4_msgs/include/px4_msgs/msg/vehicle_attitude_setpoint.hpp
[1.189s] -- Up-to-date: /root/colcon_ws/install/px4_msgs/include/px4_msgs/msg/vehicle_status.hpp
[1.189s] -- Up-to-date: /root/colcon_ws/install/px4_msgs/include/px4_msgs/msg/detail
[1.189s] -- Up-to-date: /root/colcon_ws/install/px4_msgs/include/px4_msgs/msg/detail/trajectory_waypoint__traits.hpp
[1.189s] -- Up-to-date: /root/colcon_ws/install/px4_msgs/include/px4_msgs/msg/detail/offboard_control_mode__builder.hpp
[1.189s] -- Up-to-date: /root/colcon_ws/install/px4_msgs/include/px4_msgs/msg/detail/vehicle_rates_setpoint__builder.hpp
[1.189s] -- Up-to-date: /root/colcon_ws/install/px4_msgs/include/px4_msgs/msg/detail/commander_status__traits.hpp
[1.189s] -- Up-to-date: /root/colcon_ws/install/px4_msgs/include/px4_msgs/msg/detail/trajectory_waypoint__struct.hpp
[1.189s] -- Up-to-date: /root/colcon_ws/install/px4_msgs/include/px4_msgs/msg/detail/timesync_status__struct.hpp
[1.189s] -- Up-to-date: /root/colcon_ws/install/px4_msgs/include/px4_msgs/msg/detail/onboard_computer_status__builder.hpp
[1.189s] -- Up-to-date: /root/colcon_ws/install/px4_msgs/include/px4_msgs/msg/detail/telemetry_status__builder.hpp
[1.189s] -- Up-to-date: /root/colcon_ws/install/px4_msgs/include/px4_msgs/msg/detail/vehicle_angular_velocity__builder.hpp
[1.189s] -- Up-to-date: /root/colcon_ws/install/px4_msgs/include/px4_msgs/msg/detail/collision_constraints__traits.hpp
[1.190s] -- Up-to-date: /root/colcon_ws/install/px4_msgs/include/px4_msgs/msg/detail/sensor_gps__builder.hpp
[1.190s] -- Up-to-date: /root/colcon_ws/install/px4_msgs/include/px4_msgs/msg/detail/parameter_req__struct.hpp
[1.190s] -- Up-to-date: /root/colcon_ws/install/px4_msgs/include/px4_msgs/msg/detail/commander_set_state__traits.hpp
[1.190s] -- Up-to-date: /root/colcon_ws/install/px4_msgs/include/px4_msgs/msg/detail/timesync_status__builder.hpp
[1.190s] -- Up-to-date: /root/colcon_ws/install/px4_msgs/include/px4_msgs/msg/detail/vehicle_command__builder.hpp
[1.190s] -- Up-to-date: /root/colcon_ws/install/px4_msgs/include/px4_msgs/msg/detail/sensor_gps__struct.hpp
[1.190s] -- Up-to-date: /root/colcon_ws/install/px4_msgs/include/px4_msgs/msg/detail/vehicle_status__traits.hpp
[1.190s] -- Up-to-date: /root/colcon_ws/install/px4_msgs/include/px4_msgs/msg/detail/vehicle_control_mode__traits.hpp
[1.190s] -- Up-to-date: /root/colcon_ws/install/px4_msgs/include/px4_msgs/msg/detail/sensor_gps__traits.hpp
[1.191s] -- Up-to-date: /root/colcon_ws/install/px4_msgs/include/px4_msgs/msg/detail/vehicle_command__struct.hpp
[1.191s] -- Up-to-date: /root/colcon_ws/install/px4_msgs/include/px4_msgs/msg/detail/debug_vect__struct.hpp
[1.191s] -- Up-to-date: /root/colcon_ws/install/px4_msgs/include/px4_msgs/msg/detail/vehicle_trajectory_bezier__traits.hpp
[1.191s] -- Up-to-date: /root/colcon_ws/install/px4_msgs/include/px4_msgs/msg/detail/vehicle_rates_setpoint__struct.hpp
[1.191s] -- Up-to-date: /root/colcon_ws/install/px4_msgs/include/px4_msgs/msg/detail/timesync_status__traits.hpp
[1.191s] -- Up-to-date: /root/colcon_ws/install/px4_msgs/include/px4_msgs/msg/detail/parameter_res__traits.hpp
[1.191s] -- Up-to-date: /root/colcon_ws/install/px4_msgs/include/px4_msgs/msg/detail/parameter_req__traits.hpp
[1.191s] -- Up-to-date: /root/colcon_ws/install/px4_msgs/include/px4_msgs/msg/detail/vehicle_rates_setpoint__traits.hpp
[1.191s] -- Up-to-date: /root/colcon_ws/install/px4_msgs/include/px4_msgs/msg/detail/commander_set_state__builder.hpp
[1.191s] -- Up-to-date: /root/colcon_ws/install/px4_msgs/include/px4_msgs/msg/detail/obstacle_distance__traits.hpp
[1.192s] -- Up-to-date: /root/colcon_ws/install/px4_msgs/include/px4_msgs/msg/detail/sensor_optical_flow__builder.hpp
[1.192s] -- Up-to-date: /root/colcon_ws/install/px4_msgs/include/px4_msgs/msg/detail/failsafe_flags__traits.hpp
[1.192s] -- Up-to-date: /root/colcon_ws/install/px4_msgs/include/px4_msgs/msg/detail/sensor_optical_flow__struct.hpp
[1.192s] -- Up-to-date: /root/colcon_ws/install/px4_msgs/include/px4_msgs/msg/detail/trajectory_bezier__traits.hpp
[1.192s] -- Up-to-date: /root/colcon_ws/install/px4_msgs/include/px4_msgs/msg/detail/vehicle_control_mode__builder.hpp
[1.192s] -- Up-to-date: /root/colcon_ws/install/px4_msgs/include/px4_msgs/msg/detail/sensor_combined__builder.hpp
[1.192s] -- Up-to-date: /root/colcon_ws/install/px4_msgs/include/px4_msgs/msg/detail/failsafe_flags__builder.hpp
[1.192s] -- Up-to-date: /root/colcon_ws/install/px4_msgs/include/px4_msgs/msg/detail/vehicle_global_position__struct.hpp
[1.192s] -- Up-to-date: /root/colcon_ws/install/px4_msgs/include/px4_msgs/msg/detail/sensor_combined__traits.hpp
[1.192s] -- Up-to-date: /root/colcon_ws/install/px4_msgs/include/px4_msgs/msg/detail/offboard_control_mode__struct.hpp
[1.192s] -- Up-to-date: /root/colcon_ws/install/px4_msgs/include/px4_msgs/msg/detail/trajectory_bezier__struct.hpp
[1.192s] -- Up-to-date: /root/colcon_ws/install/px4_msgs/include/px4_msgs/msg/detail/commander_status__builder.hpp
[1.192s] -- Up-to-date: /root/colcon_ws/install/px4_msgs/include/px4_msgs/msg/detail/trajectory_setpoint__struct.hpp
[1.192s] -- Up-to-date: /root/colcon_ws/install/px4_msgs/include/px4_msgs/msg/detail/action_request__builder.hpp
[1.192s] -- Up-to-date: /root/colcon_ws/install/px4_msgs/include/px4_msgs/msg/detail/telemetry_status__struct.hpp
[1.192s] -- Up-to-date: /root/colcon_ws/install/px4_msgs/include/px4_msgs/msg/detail/vehicle_global_position__traits.hpp
[1.193s] -- Up-to-date: /root/colcon_ws/install/px4_msgs/include/px4_msgs/msg/detail/vehicle_global_position__builder.hpp
[1.193s] -- Up-to-date: /root/colcon_ws/install/px4_msgs/include/px4_msgs/msg/detail/vehicle_angular_velocity__traits.hpp
[1.193s] -- Up-to-date: /root/colcon_ws/install/px4_msgs/include/px4_msgs/msg/detail/commander_set_state__struct.hpp
[1.193s] -- Up-to-date: /root/colcon_ws/install/px4_msgs/include/px4_msgs/msg/detail/collision_constraints__builder.hpp
[1.193s] -- Up-to-date: /root/colcon_ws/install/px4_msgs/include/px4_msgs/msg/detail/vehicle_odometry__traits.hpp
[1.193s] -- Up-to-date: /root/colcon_ws/install/px4_msgs/include/px4_msgs/msg/detail/failsafe_flags__struct.hpp
[1.193s] -- Up-to-date: /root/colcon_ws/install/px4_msgs/include/px4_msgs/msg/detail/vehicle_status__struct.hpp
[1.193s] -- Up-to-date: /root/colcon_ws/install/px4_msgs/include/px4_msgs/msg/detail/parameter_res__struct.hpp
[1.193s] -- Up-to-date: /root/colcon_ws/install/px4_msgs/include/px4_msgs/msg/detail/action_request__struct.hpp
[1.193s] -- Up-to-date: /root/colcon_ws/install/px4_msgs/include/px4_msgs/msg/detail/commander_status__struct.hpp
[1.193s] -- Up-to-date: /root/colcon_ws/install/px4_msgs/include/px4_msgs/msg/detail/vehicle_attitude_setpoint__traits.hpp
[1.193s] -- Up-to-date: /root/colcon_ws/install/px4_msgs/include/px4_msgs/msg/detail/trajectory_setpoint__traits.hpp
[1.193s] -- Up-to-date: /root/colcon_ws/install/px4_msgs/include/px4_msgs/msg/detail/vehicle_trajectory_bezier__struct.hpp
[1.193s] -- Up-to-date: /root/colcon_ws/install/px4_msgs/include/px4_msgs/msg/detail/vehicle_command__traits.hpp
[1.193s] -- Up-to-date: /root/colcon_ws/install/px4_msgs/include/px4_msgs/msg/detail/debug_vect__builder.hpp
[1.193s] -- Up-to-date: /root/colcon_ws/install/px4_msgs/include/px4_msgs/msg/detail/trajectory_setpoint__builder.hpp
[1.193s] -- Up-to-date: /root/colcon_ws/install/px4_msgs/include/px4_msgs/msg/detail/parameter_req__builder.hpp
[1.194s] -- Up-to-date: /root/colcon_ws/install/px4_msgs/include/px4_msgs/msg/detail/vehicle_trajectory_waypoint__struct.hpp
[1.194s] -- Up-to-date: /root/colcon_ws/install/px4_msgs/include/px4_msgs/msg/detail/vehicle_trajectory_waypoint__traits.hpp
[1.194s] -- Up-to-date: /root/colcon_ws/install/px4_msgs/include/px4_msgs/msg/detail/action_request__traits.hpp
[1.194s] -- Up-to-date: /root/colcon_ws/install/px4_msgs/include/px4_msgs/msg/detail/vehicle_attitude__struct.hpp
[1.194s] -- Up-to-date: /root/colcon_ws/install/px4_msgs/include/px4_msgs/msg/detail/vehicle_odometry__builder.hpp
[1.194s] -- Up-to-date: /root/colcon_ws/install/px4_msgs/include/px4_msgs/msg/detail/obstacle_distance__builder.hpp
[1.194s] -- Up-to-date: /root/colcon_ws/install/px4_msgs/include/px4_msgs/msg/detail/vehicle_attitude_setpoint__struct.hpp
[1.194s] -- Up-to-date: /root/colcon_ws/install/px4_msgs/include/px4_msgs/msg/detail/vehicle_attitude__builder.hpp
[1.194s] -- Up-to-date: /root/colcon_ws/install/px4_msgs/include/px4_msgs/msg/detail/vehicle_trajectory_bezier__builder.hpp
[1.194s] -- Up-to-date: /root/colcon_ws/install/px4_msgs/include/px4_msgs/msg/detail/vehicle_local_position__struct.hpp
[1.194s] -- Up-to-date: /root/colcon_ws/install/px4_msgs/include/px4_msgs/msg/detail/trajectory_waypoint__builder.hpp
[1.194s] -- Up-to-date: /root/colcon_ws/install/px4_msgs/include/px4_msgs/msg/detail/vehicle_attitude_setpoint__builder.hpp
[1.194s] -- Up-to-date: /root/colcon_ws/install/px4_msgs/include/px4_msgs/msg/detail/vehicle_angular_velocity__struct.hpp
[1.195s] -- Up-to-date: /root/colcon_ws/install/px4_msgs/include/px4_msgs/msg/detail/sensor_optical_flow__traits.hpp
[1.195s] -- Up-to-date: /root/colcon_ws/install/px4_msgs/include/px4_msgs/msg/detail/debug_vect__traits.hpp
[1.195s] -- Up-to-date: /root/colcon_ws/install/px4_msgs/include/px4_msgs/msg/detail/vehicle_control_mode__struct.hpp
[1.195s] -- Up-to-date: /root/colcon_ws/install/px4_msgs/include/px4_msgs/msg/detail/vehicle_trajectory_waypoint__builder.hpp
[1.195s] -- Up-to-date: /root/colcon_ws/install/px4_msgs/include/px4_msgs/msg/detail/vehicle_attitude__traits.hpp
[1.195s] -- Up-to-date: /root/colcon_ws/install/px4_msgs/include/px4_msgs/msg/detail/trajectory_bezier__builder.hpp
[1.195s] -- Up-to-date: /root/colcon_ws/install/px4_msgs/include/px4_msgs/msg/detail/sensor_combined__struct.hpp
[1.195s] -- Up-to-date: /root/colcon_ws/install/px4_msgs/include/px4_msgs/msg/detail/vehicle_local_position__builder.hpp
[1.195s] -- Up-to-date: /root/colcon_ws/install/px4_msgs/include/px4_msgs/msg/detail/onboard_computer_status__traits.hpp
[1.195s] -- Up-to-date: /root/colcon_ws/install/px4_msgs/include/px4_msgs/msg/detail/vehicle_local_position__traits.hpp
[1.195s] -- Up-to-date: /root/colcon_ws/install/px4_msgs/include/px4_msgs/msg/detail/vehicle_odometry__struct.hpp
[1.195s] -- Up-to-date: /root/colcon_ws/install/px4_msgs/include/px4_msgs/msg/detail/obstacle_distance__struct.hpp
[1.195s] -- Up-to-date: /root/colcon_ws/install/px4_msgs/include/px4_msgs/msg/detail/offboard_control_mode__traits.hpp
[1.195s] -- Up-to-date: /root/colcon_ws/install/px4_msgs/include/px4_msgs/msg/detail/collision_constraints__struct.hpp
[1.195s] -- Up-to-date: /root/colcon_ws/install/px4_msgs/include/px4_msgs/msg/detail/parameter_res__builder.hpp
[1.196s] -- Up-to-date: /root/colcon_ws/install/px4_msgs/include/px4_msgs/msg/detail/vehicle_status__builder.hpp
[1.196s] -- Up-to-date: /root/colcon_ws/install/px4_msgs/include/px4_msgs/msg/detail/onboard_computer_status__struct.hpp
[1.196s] -- Up-to-date: /root/colcon_ws/install/px4_msgs/include/px4_msgs/msg/detail/telemetry_status__traits.hpp
[1.196s] -- Up-to-date: /root/colcon_ws/install/px4_msgs/include/px4_msgs/msg/parameter_req.hpp
[1.196s] -- Up-to-date: /root/colcon_ws/install/px4_msgs/include/px4_msgs/msg/commander_status.hpp
[1.196s] -- Up-to-date: /root/colcon_ws/install/px4_msgs/include/px4_msgs/msg/vehicle_local_position.hpp
[1.196s] -- Up-to-date: /root/colcon_ws/install/px4_msgs/include/px4_msgs/msg/vehicle_trajectory_waypoint.hpp
[1.196s] -- Up-to-date: /root/colcon_ws/install/px4_msgs/include/px4_msgs/msg/obstacle_distance.hpp
[1.196s] -- Up-to-date: /root/colcon_ws/install/px4_msgs/include/px4_msgs/msg/vehicle_odometry.hpp
[1.196s] -- Up-to-date: /root/colcon_ws/install/px4_msgs/include/px4_msgs/msg/vehicle_trajectory_bezier.hpp
[1.196s] -- Up-to-date: /root/colcon_ws/install/px4_msgs/include/px4_msgs/msg/timesync_status.hpp
[1.196s] -- Up-to-date: /root/colcon_ws/install/px4_msgs/include/px4_msgs/msg/onboard_computer_status.hpp
[1.196s] -- Up-to-date: /root/colcon_ws/install/px4_msgs/include/px4_msgs/msg/vehicle_angular_velocity.hpp
[1.196s] -- Up-to-date: /root/colcon_ws/install/px4_msgs/include/px4_msgs/msg/trajectory_setpoint.hpp
[1.196s] -- Up-to-date: /root/colcon_ws/install/px4_msgs/include/px4_msgs/msg/sensor_combined.hpp
[1.196s] -- Up-to-date: /root/colcon_ws/install/px4_msgs/include/px4_msgs/msg/commander_set_state.hpp
[1.196s] -- Up-to-date: /root/colcon_ws/install/px4_msgs/include/px4_msgs/msg/vehicle_global_position.hpp
[1.196s] -- Up-to-date: /root/colcon_ws/install/px4_msgs/include/px4_msgs/msg/sensor_optical_flow.hpp
[1.197s] -- Up-to-date: /root/colcon_ws/install/px4_msgs/include/px4_msgs/msg/offboard_control_mode.hpp
[1.197s] -- Up-to-date: /root/colcon_ws/install/px4_msgs/include/px4_msgs/msg/telemetry_status.hpp
[1.197s] -- Up-to-date: /root/colcon_ws/install/px4_msgs/include/px4_msgs/msg/sensor_gps.hpp
[1.197s] -- Up-to-date: /root/colcon_ws/install/px4_msgs/include/px4_msgs/msg/vehicle_rates_setpoint.hpp
[1.197s] -- Up-to-date: /root/colcon_ws/install/px4_msgs/include/px4_msgs/msg/debug_vect.hpp
[1.197s] -- Up-to-date: /root/colcon_ws/install/px4_msgs/include/px4_msgs/msg/action_request.hpp
[1.197s] -- Up-to-date: /root/colcon_ws/install/px4_msgs/include/px4_msgs/msg/failsafe_flags.hpp
[1.197s] -- Up-to-date: /root/colcon_ws/install/px4_msgs/include/px4_msgs/msg/vehicle_control_mode.hpp
[1.197s] -- Up-to-date: /root/colcon_ws/install/px4_msgs/include/px4_msgs/msg/collision_constraints.hpp
[1.197s] -- Up-to-date: /root/colcon_ws/install/px4_msgs/include/px4_msgs/msg/trajectory_bezier.hpp
[1.197s] -- Up-to-date: /root/colcon_ws/install/px4_msgs/include/px4_msgs/msg/vehicle_command.hpp
[1.197s] -- Up-to-date: /root/colcon_ws/install/px4_msgs/include/px4_msgs/msg/trajectory_waypoint.hpp
[1.197s] -- Up-to-date: /root/colcon_ws/install/px4_msgs/include/px4_msgs/msg/parameter_res.hpp
[1.197s] -- Up-to-date: /root/colcon_ws/install/px4_msgs/include/px4_msgs
[1.197s] -- Up-to-date: /root/colcon_ws/install/px4_msgs/include/px4_msgs/msg
[1.197s] -- Up-to-date: /root/colcon_ws/install/px4_msgs/include/px4_msgs/msg/detail
[1.197s] -- Up-to-date: /root/colcon_ws/install/px4_msgs/include/px4_msgs/msg/detail/vehicle_status__type_support.cpp
[1.197s] -- Up-to-date: /root/colcon_ws/install/px4_msgs/include/px4_msgs/msg/detail/telemetry_status__type_support.cpp
[1.198s] -- Up-to-date: /root/colcon_ws/install/px4_msgs/include/px4_msgs/msg/detail/failsafe_flags__type_support.cpp
[1.198s] -- Up-to-date: /root/colcon_ws/install/px4_msgs/include/px4_msgs/msg/detail/commander_set_state__type_support.cpp
[1.198s] -- Up-to-date: /root/colcon_ws/install/px4_msgs/include/px4_msgs/msg/detail/vehicle_attitude_setpoint__type_support.cpp
[1.198s] -- Up-to-date: /root/colcon_ws/install/px4_msgs/include/px4_msgs/msg/detail/vehicle_attitude__type_support.cpp
[1.198s] -- Up-to-date: /root/colcon_ws/install/px4_msgs/include/px4_msgs/msg/detail/trajectory_setpoint__type_support.cpp
[1.198s] -- Up-to-date: /root/colcon_ws/install/px4_msgs/include/px4_msgs/msg/detail/vehicle_rates_setpoint__type_support.cpp
[1.198s] -- Up-to-date: /root/colcon_ws/install/px4_msgs/include/px4_msgs/msg/detail/action_request__type_support.cpp
[1.198s] -- Up-to-date: /root/colcon_ws/install/px4_msgs/include/px4_msgs/msg/detail/sensor_gps__rosidl_typesupport_introspection_cpp.hpp
[1.198s] -- Up-to-date: /root/colcon_ws/install/px4_msgs/include/px4_msgs/msg/detail/debug_vect__rosidl_typesupport_introspection_cpp.hpp
[1.198s] -- Up-to-date: /root/colcon_ws/install/px4_msgs/include/px4_msgs/msg/detail/vehicle_odometry__type_support.cpp
[1.198s] -- Up-to-date: /root/colcon_ws/install/px4_msgs/include/px4_msgs/msg/detail/action_request__rosidl_typesupport_introspection_cpp.hpp
[1.198s] -- Up-to-date: /root/colcon_ws/install/px4_msgs/include/px4_msgs/msg/detail/timesync_status__type_support.cpp
[1.198s] -- Up-to-date: /root/colcon_ws/install/px4_msgs/include/px4_msgs/msg/detail/trajectory_setpoint__rosidl_typesupport_introspection_cpp.hpp
[1.199s] -- Up-to-date: /root/colcon_ws/install/px4_msgs/include/px4_msgs/msg/detail/vehicle_trajectory_waypoint__type_support.cpp
[1.199s] -- Up-to-date: /root/colcon_ws/install/px4_msgs/include/px4_msgs/msg/detail/parameter_res__type_support.cpp
[1.199s] -- Up-to-date: /root/colcon_ws/install/px4_msgs/include/px4_msgs/msg/detail/vehicle_command__type_support.cpp
[1.199s] -- Up-to-date: /root/colcon_ws/install/px4_msgs/include/px4_msgs/msg/detail/sensor_optical_flow__rosidl_typesupport_introspection_cpp.hpp
[1.199s] -- Up-to-date: /root/colcon_ws/install/px4_msgs/include/px4_msgs/msg/detail/vehicle_trajectory_waypoint__rosidl_typesupport_introspection_cpp.hpp
[1.199s] -- Up-to-date: /root/colcon_ws/install/px4_msgs/include/px4_msgs/msg/detail/commander_status__type_support.cpp
[1.199s] -- Up-to-date: /root/colcon_ws/install/px4_msgs/include/px4_msgs/msg/detail/offboard_control_mode__rosidl_typesupport_introspection_cpp.hpp
[1.199s] -- Up-to-date: /root/colcon_ws/install/px4_msgs/include/px4_msgs/msg/detail/trajectory_bezier__type_support.cpp
[1.199s] -- Up-to-date: /root/colcon_ws/install/px4_msgs/include/px4_msgs/msg/detail/debug_vect__type_support.cpp
[1.199s] -- Up-to-date: /root/colcon_ws/install/px4_msgs/include/px4_msgs/msg/detail/vehicle_local_position__rosidl_typesupport_introspection_cpp.hpp
[1.199s] -- Up-to-date: /root/colcon_ws/install/px4_msgs/include/px4_msgs/msg/detail/vehicle_attitude_setpoint__rosidl_typesupport_introspection_cpp.hpp
[1.199s] -- Up-to-date: /root/colcon_ws/install/px4_msgs/include/px4_msgs/msg/detail/collision_constraints__type_support.cpp
[1.200s] -- Up-to-date: /root/colcon_ws/install/px4_msgs/include/px4_msgs/msg/detail/vehicle_angular_velocity__type_support.cpp
[1.200s] -- Up-to-date: /root/colcon_ws/install/px4_msgs/include/px4_msgs/msg/detail/failsafe_flags__rosidl_typesupport_introspection_cpp.hpp
[1.200s] -- Up-to-date: /root/colcon_ws/install/px4_msgs/include/px4_msgs/msg/detail/vehicle_local_position__type_support.cpp
[1.200s] -- Up-to-date: /root/colcon_ws/install/px4_msgs/include/px4_msgs/msg/detail/vehicle_status__rosidl_typesupport_introspection_cpp.hpp
[1.200s] -- Up-to-date: /root/colcon_ws/install/px4_msgs/include/px4_msgs/msg/detail/offboard_control_mode__type_support.cpp
[1.200s] -- Up-to-date: /root/colcon_ws/install/px4_msgs/include/px4_msgs/msg/detail/sensor_optical_flow__type_support.cpp
[1.200s] -- Up-to-date: /root/colcon_ws/install/px4_msgs/include/px4_msgs/msg/detail/vehicle_angular_velocity__rosidl_typesupport_introspection_cpp.hpp
[1.200s] -- Up-to-date: /root/colcon_ws/install/px4_msgs/include/px4_msgs/msg/detail/vehicle_global_position__type_support.cpp
[1.200s] -- Up-to-date: /root/colcon_ws/install/px4_msgs/include/px4_msgs/msg/detail/vehicle_trajectory_bezier__type_support.cpp
[1.200s] -- Up-to-date: /root/colcon_ws/install/px4_msgs/include/px4_msgs/msg/detail/vehicle_rates_setpoint__rosidl_typesupport_introspection_cpp.hpp
[1.200s] -- Up-to-date: /root/colcon_ws/install/px4_msgs/include/px4_msgs/msg/detail/timesync_status__rosidl_typesupport_introspection_cpp.hpp
[1.200s] -- Up-to-date: /root/colcon_ws/install/px4_msgs/include/px4_msgs/msg/detail/onboard_computer_status__rosidl_typesupport_introspection_cpp.hpp
[1.200s] -- Up-to-date: /root/colcon_ws/install/px4_msgs/include/px4_msgs/msg/detail/vehicle_global_position__rosidl_typesupport_introspection_cpp.hpp
[1.200s] -- Up-to-date: /root/colcon_ws/install/px4_msgs/include/px4_msgs/msg/detail/vehicle_command__rosidl_typesupport_introspection_cpp.hpp
[1.200s] -- Up-to-date: /root/colcon_ws/install/px4_msgs/include/px4_msgs/msg/detail/collision_constraints__rosidl_typesupport_introspection_cpp.hpp
[1.200s] -- Up-to-date: /root/colcon_ws/install/px4_msgs/include/px4_msgs/msg/detail/vehicle_control_mode__rosidl_typesupport_introspection_cpp.hpp
[1.200s] -- Up-to-date: /root/colcon_ws/install/px4_msgs/include/px4_msgs/msg/detail/sensor_combined__type_support.cpp
[1.200s] -- Up-to-date: /root/colcon_ws/install/px4_msgs/include/px4_msgs/msg/detail/vehicle_trajectory_bezier__rosidl_typesupport_introspection_cpp.hpp
[1.201s] -- Up-to-date: /root/colcon_ws/install/px4_msgs/include/px4_msgs/msg/detail/parameter_req__type_support.cpp
[1.201s] -- Up-to-date: /root/colcon_ws/install/px4_msgs/include/px4_msgs/msg/detail/sensor_gps__type_support.cpp
[1.201s] -- Up-to-date: /root/colcon_ws/install/px4_msgs/include/px4_msgs/msg/detail/commander_status__rosidl_typesupport_introspection_cpp.hpp
[1.201s] -- Up-to-date: /root/colcon_ws/install/px4_msgs/include/px4_msgs/msg/detail/parameter_res__rosidl_typesupport_introspection_cpp.hpp
[1.201s] -- Up-to-date: /root/colcon_ws/install/px4_msgs/include/px4_msgs/msg/detail/onboard_computer_status__type_support.cpp
[1.201s] -- Up-to-date: /root/colcon_ws/install/px4_msgs/include/px4_msgs/msg/detail/vehicle_odometry__rosidl_typesupport_introspection_cpp.hpp
[1.201s] -- Up-to-date: /root/colcon_ws/install/px4_msgs/include/px4_msgs/msg/detail/vehicle_attitude__rosidl_typesupport_introspection_cpp.hpp
[1.201s] -- Up-to-date: /root/colcon_ws/install/px4_msgs/include/px4_msgs/msg/detail/obstacle_distance__type_support.cpp
[1.201s] -- Up-to-date: /root/colcon_ws/install/px4_msgs/include/px4_msgs/msg/detail/trajectory_waypoint__type_support.cpp
[1.201s] -- Up-to-date: /root/colcon_ws/install/px4_msgs/include/px4_msgs/msg/detail/vehicle_control_mode__type_support.cpp
[1.201s] -- Up-to-date: /root/colcon_ws/install/px4_msgs/include/px4_msgs/msg/detail/obstacle_distance__rosidl_typesupport_introspection_cpp.hpp
[1.201s] -- Up-to-date: /root/colcon_ws/install/px4_msgs/include/px4_msgs/msg/detail/parameter_req__rosidl_typesupport_introspection_cpp.hpp
[1.201s] -- Up-to-date: /root/colcon_ws/install/px4_msgs/include/px4_msgs/msg/detail/commander_set_state__rosidl_typesupport_introspection_cpp.hpp
[1.201s] -- Up-to-date: /root/colcon_ws/install/px4_msgs/include/px4_msgs/msg/detail/trajectory_bezier__rosidl_typesupport_introspection_cpp.hpp
[1.201s] -- Up-to-date: /root/colcon_ws/install/px4_msgs/include/px4_msgs/msg/detail/telemetry_status__rosidl_typesupport_introspection_cpp.hpp
[1.202s] -- Up-to-date: /root/colcon_ws/install/px4_msgs/include/px4_msgs/msg/detail/trajectory_waypoint__rosidl_typesupport_introspection_cpp.hpp
[1.202s] -- Up-to-date: /root/colcon_ws/install/px4_msgs/include/px4_msgs/msg/detail/sensor_combined__rosidl_typesupport_introspection_cpp.hpp
[1.202s] -- Up-to-date: /root/colcon_ws/install/px4_msgs/lib/libpx4_msgs__rosidl_typesupport_introspection_cpp.so
[1.202s] -- Up-to-date: /root/colcon_ws/install/px4_msgs/lib/libpx4_msgs__rosidl_typesupport_cpp.so
[1.202s] -- Up-to-date: /root/colcon_ws/install/px4_msgs/share/px4_msgs/environment/pythonpath.sh
[1.202s] -- Up-to-date: /root/colcon_ws/install/px4_msgs/share/px4_msgs/environment/pythonpath.dsv
[1.202s] -- Up-to-date: /root/colcon_ws/install/px4_msgs/lib/python3.8/site-packages/px4_msgs/__init__.py
[1.224s] -- Up-to-date: /root/colcon_ws/install/px4_msgs/lib/python3.8/site-packages/px4_msgs/msg
[1.224s] -- Up-to-date: /root/colcon_ws/install/px4_msgs/lib/python3.8/site-packages/px4_msgs/msg/_telemetry_status_s.c
[1.225s] -- Up-to-date: /root/colcon_ws/install/px4_msgs/lib/python3.8/site-packages/px4_msgs/msg/_commander_status_s.c
[1.225s] -- Up-to-date: /root/colcon_ws/install/px4_msgs/lib/python3.8/site-packages/px4_msgs/msg/_timesync_status_s.c
[1.225s] -- Up-to-date: /root/colcon_ws/install/px4_msgs/lib/python3.8/site-packages/px4_msgs/msg/_vehicle_attitude.py
[1.225s] -- Up-to-date: /root/colcon_ws/install/px4_msgs/lib/python3.8/site-packages/px4_msgs/msg/_vehicle_control_mode_s.c
[1.225s] -- Up-to-date: /root/colcon_ws/install/px4_msgs/lib/python3.8/site-packages/px4_msgs/msg/_parameter_res_s.c
[1.225s] -- Up-to-date: /root/colcon_ws/install/px4_msgs/lib/python3.8/site-packages/px4_msgs/msg/_sensor_gps_s.c
[1.225s] -- Up-to-date: /root/colcon_ws/install/px4_msgs/lib/python3.8/site-packages/px4_msgs/msg/_vehicle_status.py
[1.225s] -- Up-to-date: /root/colcon_ws/install/px4_msgs/lib/python3.8/site-packages/px4_msgs/msg/_timesync_status.py
[1.226s] -- Up-to-date: /root/colcon_ws/install/px4_msgs/lib/python3.8/site-packages/px4_msgs/msg/_sensor_optical_flow.py
[1.226s] -- Up-to-date: /root/colcon_ws/install/px4_msgs/lib/python3.8/site-packages/px4_msgs/msg/_sensor_combined.py
[1.226s] -- Up-to-date: /root/colcon_ws/install/px4_msgs/lib/python3.8/site-packages/px4_msgs/msg/_vehicle_local_position.py
[1.226s] -- Up-to-date: /root/colcon_ws/install/px4_msgs/lib/python3.8/site-packages/px4_msgs/msg/_parameter_req_s.c
[1.226s] -- Up-to-date: /root/colcon_ws/install/px4_msgs/lib/python3.8/site-packages/px4_msgs/msg/_telemetry_status.py
[1.226s] -- Up-to-date: /root/colcon_ws/install/px4_msgs/lib/python3.8/site-packages/px4_msgs/msg/_debug_vect_s.c
[1.226s] -- Up-to-date: /root/colcon_ws/install/px4_msgs/lib/python3.8/site-packages/px4_msgs/msg/_parameter_res.py
[1.226s] -- Up-to-date: /root/colcon_ws/install/px4_msgs/lib/python3.8/site-packages/px4_msgs/msg/_vehicle_attitude_s.c
[1.226s] -- Up-to-date: /root/colcon_ws/install/px4_msgs/lib/python3.8/site-packages/px4_msgs/msg/_vehicle_command_s.c
[1.226s] -- Up-to-date: /root/colcon_ws/install/px4_msgs/lib/python3.8/site-packages/px4_msgs/msg/_action_request_s.c
[1.226s] -- Up-to-date: /root/colcon_ws/install/px4_msgs/lib/python3.8/site-packages/px4_msgs/msg/_trajectory_bezier_s.c
[1.227s] -- Up-to-date: /root/colcon_ws/install/px4_msgs/lib/python3.8/site-packages/px4_msgs/msg/_onboard_computer_status.py
[1.227s] -- Up-to-date: /root/colcon_ws/install/px4_msgs/lib/python3.8/site-packages/px4_msgs/msg/_vehicle_trajectory_waypoint.py
[1.227s] -- Up-to-date: /root/colcon_ws/install/px4_msgs/lib/python3.8/site-packages/px4_msgs/msg/_trajectory_bezier.py
[1.227s] -- Up-to-date: /root/colcon_ws/install/px4_msgs/lib/python3.8/site-packages/px4_msgs/msg/_vehicle_odometry.py
[1.227s] -- Up-to-date: /root/colcon_ws/install/px4_msgs/lib/python3.8/site-packages/px4_msgs/msg/_vehicle_angular_velocity_s.c
[1.227s] -- Up-to-date: /root/colcon_ws/install/px4_msgs/lib/python3.8/site-packages/px4_msgs/msg/_sensor_combined_s.c
[1.227s] -- Up-to-date: /root/colcon_ws/install/px4_msgs/lib/python3.8/site-packages/px4_msgs/msg/_obstacle_distance_s.c
[1.227s] -- Up-to-date: /root/colcon_ws/install/px4_msgs/lib/python3.8/site-packages/px4_msgs/msg/_trajectory_waypoint.py
[1.227s] -- Up-to-date: /root/colcon_ws/install/px4_msgs/lib/python3.8/site-packages/px4_msgs/msg/_action_request.py
[1.227s] -- Up-to-date: /root/colcon_ws/install/px4_msgs/lib/python3.8/site-packages/px4_msgs/msg/_trajectory_waypoint_s.c
[1.227s] -- Up-to-date: /root/colcon_ws/install/px4_msgs/lib/python3.8/site-packages/px4_msgs/msg/_vehicle_attitude_setpoint.py
[1.227s] -- Up-to-date: /root/colcon_ws/install/px4_msgs/lib/python3.8/site-packages/px4_msgs/msg/_vehicle_rates_setpoint_s.c
[1.227s] -- Up-to-date: /root/colcon_ws/install/px4_msgs/lib/python3.8/site-packages/px4_msgs/msg/_vehicle_rates_setpoint.py
[1.228s] -- Up-to-date: /root/colcon_ws/install/px4_msgs/lib/python3.8/site-packages/px4_msgs/msg/_sensor_gps.py
[1.228s] -- Up-to-date: /root/colcon_ws/install/px4_msgs/lib/python3.8/site-packages/px4_msgs/msg/_vehicle_status_s.c
[1.228s] -- Up-to-date: /root/colcon_ws/install/px4_msgs/lib/python3.8/site-packages/px4_msgs/msg/_commander_set_state_s.c
[1.228s] -- Up-to-date: /root/colcon_ws/install/px4_msgs/lib/python3.8/site-packages/px4_msgs/msg/_collision_constraints_s.c
[1.228s] -- Up-to-date: /root/colcon_ws/install/px4_msgs/lib/python3.8/site-packages/px4_msgs/msg/_vehicle_global_position.py
[1.228s] -- Up-to-date: /root/colcon_ws/install/px4_msgs/lib/python3.8/site-packages/px4_msgs/msg/_debug_vect.py
[1.228s] -- Up-to-date: /root/colcon_ws/install/px4_msgs/lib/python3.8/site-packages/px4_msgs/msg/_vehicle_command.py
[1.228s] -- Up-to-date: /root/colcon_ws/install/px4_msgs/lib/python3.8/site-packages/px4_msgs/msg/_trajectory_setpoint.py
[1.228s] -- Up-to-date: /root/colcon_ws/install/px4_msgs/lib/python3.8/site-packages/px4_msgs/msg/_vehicle_attitude_setpoint_s.c
[1.229s] -- Up-to-date: /root/colcon_ws/install/px4_msgs/lib/python3.8/site-packages/px4_msgs/msg/_vehicle_global_position_s.c
[1.229s] -- Up-to-date: /root/colcon_ws/install/px4_msgs/lib/python3.8/site-packages/px4_msgs/msg/_commander_status.py
[1.229s] -- Up-to-date: /root/colcon_ws/install/px4_msgs/lib/python3.8/site-packages/px4_msgs/msg/_vehicle_angular_velocity.py
[1.229s] -- Up-to-date: /root/colcon_ws/install/px4_msgs/lib/python3.8/site-packages/px4_msgs/msg/_offboard_control_mode_s.c
[1.229s] -- Up-to-date: /root/colcon_ws/install/px4_msgs/lib/python3.8/site-packages/px4_msgs/msg/_parameter_req.py
[1.229s] -- Up-to-date: /root/colcon_ws/install/px4_msgs/lib/python3.8/site-packages/px4_msgs/msg/_vehicle_local_position_s.c
[1.229s] -- Up-to-date: /root/colcon_ws/install/px4_msgs/lib/python3.8/site-packages/px4_msgs/msg/_vehicle_trajectory_bezier.py
[1.229s] -- Up-to-date: /root/colcon_ws/install/px4_msgs/lib/python3.8/site-packages/px4_msgs/msg/__init__.py
[1.230s] -- Up-to-date: /root/colcon_ws/install/px4_msgs/lib/python3.8/site-packages/px4_msgs/msg/_collision_constraints.py
[1.230s] -- Up-to-date: /root/colcon_ws/install/px4_msgs/lib/python3.8/site-packages/px4_msgs/msg/_trajectory_setpoint_s.c
[1.230s] -- Up-to-date: /root/colcon_ws/install/px4_msgs/lib/python3.8/site-packages/px4_msgs/msg/_vehicle_control_mode.py
[1.230s] -- Up-to-date: /root/colcon_ws/install/px4_msgs/lib/python3.8/site-packages/px4_msgs/msg/_sensor_optical_flow_s.c
[1.230s] -- Up-to-date: /root/colcon_ws/install/px4_msgs/lib/python3.8/site-packages/px4_msgs/msg/_failsafe_flags_s.c
[1.230s] -- Up-to-date: /root/colcon_ws/install/px4_msgs/lib/python3.8/site-packages/px4_msgs/msg/_vehicle_trajectory_waypoint_s.c
[1.230s] -- Up-to-date: /root/colcon_ws/install/px4_msgs/lib/python3.8/site-packages/px4_msgs/msg/_vehicle_odometry_s.c
[1.231s] -- Up-to-date: /root/colcon_ws/install/px4_msgs/lib/python3.8/site-packages/px4_msgs/msg/_offboard_control_mode.py
[1.231s] -- Up-to-date: /root/colcon_ws/install/px4_msgs/lib/python3.8/site-packages/px4_msgs/msg/_vehicle_trajectory_bezier_s.c
[1.231s] -- Up-to-date: /root/colcon_ws/install/px4_msgs/lib/python3.8/site-packages/px4_msgs/msg/_onboard_computer_status_s.c
[1.231s] -- Up-to-date: /root/colcon_ws/install/px4_msgs/lib/python3.8/site-packages/px4_msgs/msg/_obstacle_distance.py
[1.231s] -- Up-to-date: /root/colcon_ws/install/px4_msgs/lib/python3.8/site-packages/px4_msgs/msg/_commander_set_state.py
[1.231s] -- Up-to-date: /root/colcon_ws/install/px4_msgs/lib/python3.8/site-packages/px4_msgs/msg/_failsafe_flags.py
[1.231s] -- Up-to-date: /root/colcon_ws/install/px4_msgs/lib/python3.8/site-packages/px4_msgs/px4_msgs_s__rosidl_typesupport_fastrtps_c.cpython-38-x86_64-linux-gnu.so
[1.231s] -- Up-to-date: /root/colcon_ws/install/px4_msgs/lib/python3.8/site-packages/px4_msgs/px4_msgs_s__rosidl_typesupport_introspection_c.cpython-38-x86_64-linux-gnu.so
[1.231s] -- Up-to-date: /root/colcon_ws/install/px4_msgs/lib/python3.8/site-packages/px4_msgs/px4_msgs_s__rosidl_typesupport_c.cpython-38-x86_64-linux-gnu.so
[1.231s] -- Up-to-date: /root/colcon_ws/install/px4_msgs/lib/libpx4_msgs__python.so
[1.231s] -- Up-to-date: /root/colcon_ws/install/px4_msgs/share/px4_msgs/msg/ActionRequest.idl
[1.231s] -- Up-to-date: /root/colcon_ws/install/px4_msgs/share/px4_msgs/msg/CollisionConstraints.idl
[1.231s] -- Up-to-date: /root/colcon_ws/install/px4_msgs/share/px4_msgs/msg/CommanderSetState.idl
[1.231s] -- Up-to-date: /root/colcon_ws/install/px4_msgs/share/px4_msgs/msg/CommanderStatus.idl
[1.232s] -- Up-to-date: /root/colcon_ws/install/px4_msgs/share/px4_msgs/msg/DebugVect.idl
[1.232s] -- Up-to-date: /root/colcon_ws/install/px4_msgs/share/px4_msgs/msg/FailsafeFlags.idl
[1.232s] -- Up-to-date: /root/colcon_ws/install/px4_msgs/share/px4_msgs/msg/ObstacleDistance.idl
[1.232s] -- Up-to-date: /root/colcon_ws/install/px4_msgs/share/px4_msgs/msg/OffboardControlMode.idl
[1.232s] -- Up-to-date: /root/colcon_ws/install/px4_msgs/share/px4_msgs/msg/OnboardComputerStatus.idl
[1.232s] -- Up-to-date: /root/colcon_ws/install/px4_msgs/share/px4_msgs/msg/ParameterReq.idl
[1.232s] -- Up-to-date: /root/colcon_ws/install/px4_msgs/share/px4_msgs/msg/ParameterRes.idl
[1.232s] -- Up-to-date: /root/colcon_ws/install/px4_msgs/share/px4_msgs/msg/SensorCombined.idl
[1.232s] -- Up-to-date: /root/colcon_ws/install/px4_msgs/share/px4_msgs/msg/SensorGps.idl
[1.232s] -- Up-to-date: /root/colcon_ws/install/px4_msgs/share/px4_msgs/msg/SensorOpticalFlow.idl
[1.232s] -- Up-to-date: /root/colcon_ws/install/px4_msgs/share/px4_msgs/msg/TelemetryStatus.idl
[1.232s] -- Up-to-date: /root/colcon_ws/install/px4_msgs/share/px4_msgs/msg/TimesyncStatus.idl
[1.232s] -- Up-to-date: /root/colcon_ws/install/px4_msgs/share/px4_msgs/msg/TrajectoryBezier.idl
[1.233s] -- Up-to-date: /root/colcon_ws/install/px4_msgs/share/px4_msgs/msg/TrajectorySetpoint.idl
[1.233s] -- Up-to-date: /root/colcon_ws/install/px4_msgs/share/px4_msgs/msg/TrajectoryWaypoint.idl
[1.233s] -- Up-to-date: /root/colcon_ws/install/px4_msgs/share/px4_msgs/msg/VehicleAngularVelocity.idl
[1.233s] -- Up-to-date: /root/colcon_ws/install/px4_msgs/share/px4_msgs/msg/VehicleAttitude.idl
[1.233s] -- Up-to-date: /root/colcon_ws/install/px4_msgs/share/px4_msgs/msg/VehicleAttitudeSetpoint.idl
[1.233s] -- Up-to-date: /root/colcon_ws/install/px4_msgs/share/px4_msgs/msg/VehicleCommand.idl
[1.233s] -- Up-to-date: /root/colcon_ws/install/px4_msgs/share/px4_msgs/msg/VehicleControlMode.idl
[1.233s] -- Up-to-date: /root/colcon_ws/install/px4_msgs/share/px4_msgs/msg/VehicleGlobalPosition.idl
[1.233s] -- Up-to-date: /root/colcon_ws/install/px4_msgs/share/px4_msgs/msg/VehicleLocalPosition.idl
[1.234s] -- Up-to-date: /root/colcon_ws/install/px4_msgs/share/px4_msgs/msg/VehicleOdometry.idl
[1.234s] -- Up-to-date: /root/colcon_ws/install/px4_msgs/share/px4_msgs/msg/VehicleRatesSetpoint.idl
[1.234s] -- Up-to-date: /root/colcon_ws/install/px4_msgs/share/px4_msgs/msg/VehicleStatus.idl
[1.234s] -- Up-to-date: /root/colcon_ws/install/px4_msgs/share/px4_msgs/msg/VehicleTrajectoryBezier.idl
[1.234s] -- Up-to-date: /root/colcon_ws/install/px4_msgs/share/px4_msgs/msg/VehicleTrajectoryWaypoint.idl
[1.234s] -- Up-to-date: /root/colcon_ws/install/px4_msgs/share/px4_msgs/msg/ActionRequest.msg
[1.235s] -- Up-to-date: /root/colcon_ws/install/px4_msgs/share/px4_msgs/msg/CollisionConstraints.msg
[1.235s] -- Up-to-date: /root/colcon_ws/install/px4_msgs/share/px4_msgs/msg/CommanderSetState.msg
[1.235s] -- Up-to-date: /root/colcon_ws/install/px4_msgs/share/px4_msgs/msg/CommanderStatus.msg
[1.235s] -- Up-to-date: /root/colcon_ws/install/px4_msgs/share/px4_msgs/msg/DebugVect.msg
[1.235s] -- Up-to-date: /root/colcon_ws/install/px4_msgs/share/px4_msgs/msg/FailsafeFlags.msg
[1.235s] -- Up-to-date: /root/colcon_ws/install/px4_msgs/share/px4_msgs/msg/ObstacleDistance.msg
[1.236s] -- Up-to-date: /root/colcon_ws/install/px4_msgs/share/px4_msgs/msg/OffboardControlMode.msg
[1.236s] -- Up-to-date: /root/colcon_ws/install/px4_msgs/share/px4_msgs/msg/OnboardComputerStatus.msg
[1.236s] -- Up-to-date: /root/colcon_ws/install/px4_msgs/share/px4_msgs/msg/ParameterReq.msg
[1.236s] -- Up-to-date: /root/colcon_ws/install/px4_msgs/share/px4_msgs/msg/ParameterRes.msg
[1.236s] -- Up-to-date: /root/colcon_ws/install/px4_msgs/share/px4_msgs/msg/SensorCombined.msg
[1.236s] -- Up-to-date: /root/colcon_ws/install/px4_msgs/share/px4_msgs/msg/SensorGps.msg
[1.236s] -- Up-to-date: /root/colcon_ws/install/px4_msgs/share/px4_msgs/msg/SensorOpticalFlow.msg
[1.237s] -- Up-to-date: /root/colcon_ws/install/px4_msgs/share/px4_msgs/msg/TelemetryStatus.msg
[1.237s] -- Up-to-date: /root/colcon_ws/install/px4_msgs/share/px4_msgs/msg/TimesyncStatus.msg
[1.237s] -- Up-to-date: /root/colcon_ws/install/px4_msgs/share/px4_msgs/msg/TrajectoryBezier.msg
[1.237s] -- Up-to-date: /root/colcon_ws/install/px4_msgs/share/px4_msgs/msg/TrajectorySetpoint.msg
[1.237s] -- Up-to-date: /root/colcon_ws/install/px4_msgs/share/px4_msgs/msg/TrajectoryWaypoint.msg
[1.237s] -- Up-to-date: /root/colcon_ws/install/px4_msgs/share/px4_msgs/msg/VehicleAngularVelocity.msg
[1.237s] -- Up-to-date: /root/colcon_ws/install/px4_msgs/share/px4_msgs/msg/VehicleAttitude.msg
[1.237s] -- Up-to-date: /root/colcon_ws/install/px4_msgs/share/px4_msgs/msg/VehicleAttitudeSetpoint.msg
[1.237s] -- Up-to-date: /root/colcon_ws/install/px4_msgs/share/px4_msgs/msg/VehicleCommand.msg
[1.237s] -- Up-to-date: /root/colcon_ws/install/px4_msgs/share/px4_msgs/msg/VehicleControlMode.msg
[1.237s] -- Up-to-date: /root/colcon_ws/install/px4_msgs/share/px4_msgs/msg/VehicleGlobalPosition.msg
[1.237s] -- Up-to-date: /root/colcon_ws/install/px4_msgs/share/px4_msgs/msg/VehicleLocalPosition.msg
[1.237s] -- Up-to-date: /root/colcon_ws/install/px4_msgs/share/px4_msgs/msg/VehicleOdometry.msg
[1.238s] -- Up-to-date: /root/colcon_ws/install/px4_msgs/share/px4_msgs/msg/VehicleRatesSetpoint.msg
[1.238s] -- Up-to-date: /root/colcon_ws/install/px4_msgs/share/px4_msgs/msg/VehicleStatus.msg
[1.238s] -- Up-to-date: /root/colcon_ws/install/px4_msgs/share/px4_msgs/msg/VehicleTrajectoryBezier.msg
[1.238s] -- Up-to-date: /root/colcon_ws/install/px4_msgs/share/px4_msgs/msg/VehicleTrajectoryWaypoint.msg
[1.238s] -- Up-to-date: /root/colcon_ws/install/px4_msgs/share/ament_index/resource_index/package_run_dependencies/px4_msgs
[1.238s] -- Up-to-date: /root/colcon_ws/install/px4_msgs/share/ament_index/resource_index/parent_prefix_path/px4_msgs
[1.238s] -- Up-to-date: /root/colcon_ws/install/px4_msgs/share/px4_msgs/environment/ament_prefix_path.sh
[1.239s] -- Up-to-date: /root/colcon_ws/install/px4_msgs/share/px4_msgs/environment/ament_prefix_path.dsv
[1.239s] -- Up-to-date: /root/colcon_ws/install/px4_msgs/share/px4_msgs/environment/path.sh
[1.239s] -- Up-to-date: /root/colcon_ws/install/px4_msgs/share/px4_msgs/environment/path.dsv
[1.239s] -- Up-to-date: /root/colcon_ws/install/px4_msgs/share/px4_msgs/local_setup.bash
[1.239s] -- Up-to-date: /root/colcon_ws/install/px4_msgs/share/px4_msgs/local_setup.sh
[1.240s] -- Up-to-date: /root/colcon_ws/install/px4_msgs/share/px4_msgs/local_setup.zsh
[1.240s] -- Up-to-date: /root/colcon_ws/install/px4_msgs/share/px4_msgs/local_setup.dsv
[1.240s] -- Installing: /root/colcon_ws/install/px4_msgs/share/px4_msgs/package.dsv
[1.240s] -- Up-to-date: /root/colcon_ws/install/px4_msgs/share/ament_index/resource_index/packages/px4_msgs
[1.240s] -- Up-to-date: /root/colcon_ws/install/px4_msgs/share/px4_msgs/cmake/px4_msgs__rosidl_generator_cExport.cmake
[1.240s] -- Up-to-date: /root/colcon_ws/install/px4_msgs/share/px4_msgs/cmake/px4_msgs__rosidl_generator_cExport-noconfig.cmake
[1.240s] -- Up-to-date: /root/colcon_ws/install/px4_msgs/share/px4_msgs/cmake/px4_msgs__rosidl_typesupport_introspection_cExport.cmake
[1.240s] -- Up-to-date: /root/colcon_ws/install/px4_msgs/share/px4_msgs/cmake/px4_msgs__rosidl_typesupport_introspection_cExport-noconfig.cmake
[1.240s] -- Up-to-date: /root/colcon_ws/install/px4_msgs/share/px4_msgs/cmake/px4_msgs__rosidl_typesupport_cExport.cmake
[1.240s] -- Up-to-date: /root/colcon_ws/install/px4_msgs/share/px4_msgs/cmake/px4_msgs__rosidl_typesupport_cExport-noconfig.cmake
[1.240s] -- Up-to-date: /root/colcon_ws/install/px4_msgs/share/px4_msgs/cmake/px4_msgs__rosidl_generator_cppExport.cmake
[1.240s] -- Up-to-date: /root/colcon_ws/install/px4_msgs/share/px4_msgs/cmake/px4_msgs__rosidl_typesupport_introspection_cppExport.cmake
[1.240s] -- Up-to-date: /root/colcon_ws/install/px4_msgs/share/px4_msgs/cmake/px4_msgs__rosidl_typesupport_introspection_cppExport-noconfig.cmake
[1.241s] -- Up-to-date: /root/colcon_ws/install/px4_msgs/share/px4_msgs/cmake/px4_msgs__rosidl_typesupport_cppExport.cmake
[1.241s] -- Up-to-date: /root/colcon_ws/install/px4_msgs/share/px4_msgs/cmake/px4_msgs__rosidl_typesupport_cppExport-noconfig.cmake
[1.241s] -- Up-to-date: /root/colcon_ws/install/px4_msgs/share/px4_msgs/cmake/rosidl_cmake-extras.cmake
[1.241s] -- Up-to-date: /root/colcon_ws/install/px4_msgs/share/px4_msgs/cmake/ament_cmake_export_dependencies-extras.cmake
[1.241s] -- Up-to-date: /root/colcon_ws/install/px4_msgs/share/px4_msgs/cmake/ament_cmake_export_libraries-extras.cmake
[1.241s] -- Up-to-date: /root/colcon_ws/install/px4_msgs/share/px4_msgs/cmake/ament_cmake_export_targets-extras.cmake
[1.241s] -- Up-to-date: /root/colcon_ws/install/px4_msgs/share/px4_msgs/cmake/ament_cmake_export_include_directories-extras.cmake
[1.241s] -- Up-to-date: /root/colcon_ws/install/px4_msgs/share/px4_msgs/cmake/rosidl_cmake_export_typesupport_libraries-extras.cmake
[1.242s] -- Up-to-date: /root/colcon_ws/install/px4_msgs/share/px4_msgs/cmake/rosidl_cmake_export_typesupport_targets-extras.cmake
[1.249s] -- Up-to-date: /root/colcon_ws/install/px4_msgs/share/px4_msgs/cmake/px4_msgsConfig.cmake
[1.249s] -- Up-to-date: /root/colcon_ws/install/px4_msgs/share/px4_msgs/cmake/px4_msgsConfig-version.cmake
[1.249s] -- Up-to-date: /root/colcon_ws/install/px4_msgs/share/px4_msgs/package.xml
[1.249s] Invoked command in '/root/colcon_ws/build/px4_msgs' returned '0': CMAKE_PREFIX_PATH=${CMAKE_PREFIX_PATH}:/opt/ros/foxy /usr/bin/cmake --install /root/colcon_ws/build/px4_msgs
