[0.040s] Invoking command in '/root/colcon_ws/build/px4_msgs': CMAKE_PREFIX_PATH=${CMAKE_PREFIX_PATH}:/opt/ros/foxy /usr/bin/cmake --build /root/colcon_ws/build/px4_msgs -- -j8 -l8
[0.125s] [  0%] Built target px4_msgs__cpp
[0.129s] [ 12%] Built target px4_msgs__rosidl_generator_c
[0.163s] [ 24%] Built target px4_msgs__rosidl_typesupport_cpp
[0.165s] [ 37%] Built target px4_msgs__rosidl_typesupport_introspection_cpp
[0.173s] [ 49%] Built target px4_msgs__rosidl_typesupport_c
[0.175s] [ 62%] Built target px4_msgs__rosidl_typesupport_introspection_c
[0.176s] [ 74%] Built target px4_msgs__rosidl_typesupport_fastrtps_cpp
[0.223s] [ 86%] Built target px4_msgs__rosidl_typesupport_fastrtps_c
[0.250s] [ 86%] Built target px4_msgs
[0.276s] [ 86%] Built target px4_msgs__py
[0.328s] [ 98%] Built target px4_msgs__python
[0.447s] [ 98%] Built target px4_msgs__rosidl_typesupport_introspection_c__pyext
[0.447s] [ 99%] Built target px4_msgs__rosidl_typesupport_c__pyext
[0.447s] [100%] Built target px4_msgs__rosidl_typesupport_fastrtps_c__pyext
[0.448s] Invoked command in '/root/colcon_ws/build/px4_msgs' returned '0': CMAKE_PREFIX_PATH=${CMAKE_PREFIX_PATH}:/opt/ros/foxy /usr/bin/cmake --build /root/colcon_ws/build/px4_msgs -- -j8 -l8
[0.942s] Invoking command in '/root/colcon_ws/build/px4_msgs': CMAKE_PREFIX_PATH=${CMAKE_PREFIX_PATH}:/opt/ros/foxy /usr/bin/cmake --install /root/colcon_ws/build/px4_msgs
[0.955s] -- Install configuration: ""
[0.955s] -- Up-to-date: /root/colcon_ws/install/px4_msgs/share/ament_index/resource_index/rosidl_interfaces/px4_msgs
[0.955s] -- Up-to-date: /root/colcon_ws/install/px4_msgs/include/px4_msgs
[0.955s] -- Up-to-date: /root/colcon_ws/install/px4_msgs/include/px4_msgs/msg
[0.955s] -- Up-to-date: /root/colcon_ws/install/px4_msgs/include/px4_msgs/msg/vehicle_trajectory_bezier.h
[0.956s] -- Up-to-date: /root/colcon_ws/install/px4_msgs/include/px4_msgs/msg/vehicle_attitude_setpoint.h
[0.956s] -- Up-to-date: /root/colcon_ws/install/px4_msgs/include/px4_msgs/msg/parameter_req.h
[0.956s] -- Up-to-date: /root/colcon_ws/install/px4_msgs/include/px4_msgs/msg/vehicle_local_position.h
[0.957s] -- Up-to-date: /root/colcon_ws/install/px4_msgs/include/px4_msgs/msg/collision_constraints.h
[0.957s] -- Up-to-date: /root/colcon_ws/install/px4_msgs/include/px4_msgs/msg/commander_set_state.h
[0.957s] -- Up-to-date: /root/colcon_ws/install/px4_msgs/include/px4_msgs/msg/offboard_control_mode.h
[0.958s] -- Up-to-date: /root/colcon_ws/install/px4_msgs/include/px4_msgs/msg/detail
[0.958s] -- Up-to-date: /root/colcon_ws/install/px4_msgs/include/px4_msgs/msg/detail/timesync_status__struct.h
[0.958s] -- Up-to-date: /root/colcon_ws/install/px4_msgs/include/px4_msgs/msg/detail/vehicle_odometry__functions.h
[0.958s] -- Up-to-date: /root/colcon_ws/install/px4_msgs/include/px4_msgs/msg/detail/vehicle_global_position__type_support.h
[0.958s] -- Up-to-date: /root/colcon_ws/install/px4_msgs/include/px4_msgs/msg/detail/obstacle_distance__type_support.h
[0.958s] -- Up-to-date: /root/colcon_ws/install/px4_msgs/include/px4_msgs/msg/detail/failsafe_flags__type_support.h
[0.958s] -- Up-to-date: /root/colcon_ws/install/px4_msgs/include/px4_msgs/msg/detail/telemetry_status__functions.c
[0.958s] -- Up-to-date: /root/colcon_ws/install/px4_msgs/include/px4_msgs/msg/detail/trajectory_waypoint__functions.c
[0.958s] -- Up-to-date: /root/colcon_ws/install/px4_msgs/include/px4_msgs/msg/detail/trajectory_setpoint__type_support.h
[0.959s] -- Up-to-date: /root/colcon_ws/install/px4_msgs/include/px4_msgs/msg/detail/vehicle_status__type_support.h
[0.959s] -- Up-to-date: /root/colcon_ws/install/px4_msgs/include/px4_msgs/msg/detail/vehicle_control_mode__struct.h
[0.959s] -- Up-to-date: /root/colcon_ws/install/px4_msgs/include/px4_msgs/msg/detail/vehicle_local_position__struct.h
[0.959s] -- Up-to-date: /root/colcon_ws/install/px4_msgs/include/px4_msgs/msg/detail/parameter_res__functions.c
[0.959s] -- Up-to-date: /root/colcon_ws/install/px4_msgs/include/px4_msgs/msg/detail/collision_constraints__functions.h
[0.959s] -- Up-to-date: /root/colcon_ws/install/px4_msgs/include/px4_msgs/msg/detail/trajectory_bezier__type_support.h
[0.959s] -- Up-to-date: /root/colcon_ws/install/px4_msgs/include/px4_msgs/msg/detail/vehicle_angular_velocity__functions.h
[0.959s] -- Up-to-date: /root/colcon_ws/install/px4_msgs/include/px4_msgs/msg/detail/vehicle_rates_setpoint__functions.c
[0.959s] -- Up-to-date: /root/colcon_ws/install/px4_msgs/include/px4_msgs/msg/detail/offboard_control_mode__functions.c
[0.959s] -- Up-to-date: /root/colcon_ws/install/px4_msgs/include/px4_msgs/msg/detail/onboard_computer_status__functions.h
[0.959s] -- Up-to-date: /root/colcon_ws/install/px4_msgs/include/px4_msgs/msg/detail/obstacle_distance__struct.h
[0.960s] -- Up-to-date: /root/colcon_ws/install/px4_msgs/include/px4_msgs/msg/detail/vehicle_trajectory_waypoint__type_support.h
[0.960s] -- Up-to-date: /root/colcon_ws/install/px4_msgs/include/px4_msgs/msg/detail/onboard_computer_status__struct.h
[0.960s] -- Up-to-date: /root/colcon_ws/install/px4_msgs/include/px4_msgs/msg/detail/commander_set_state__functions.h
[0.960s] -- Up-to-date: /root/colcon_ws/install/px4_msgs/include/px4_msgs/msg/detail/onboard_computer_status__functions.c
[0.960s] -- Up-to-date: /root/colcon_ws/install/px4_msgs/include/px4_msgs/msg/detail/debug_vect__functions.h
[0.960s] -- Up-to-date: /root/colcon_ws/install/px4_msgs/include/px4_msgs/msg/detail/vehicle_angular_velocity__functions.c
[0.960s] -- Up-to-date: /root/colcon_ws/install/px4_msgs/include/px4_msgs/msg/detail/vehicle_local_position__type_support.h
[0.960s] -- Up-to-date: /root/colcon_ws/install/px4_msgs/include/px4_msgs/msg/detail/action_request__functions.h
[0.960s] -- Up-to-date: /root/colcon_ws/install/px4_msgs/include/px4_msgs/msg/detail/vehicle_global_position__functions.h
[0.960s] -- Up-to-date: /root/colcon_ws/install/px4_msgs/include/px4_msgs/msg/detail/sensor_combined__functions.h
[0.960s] -- Up-to-date: /root/colcon_ws/install/px4_msgs/include/px4_msgs/msg/detail/telemetry_status__type_support.h
[0.961s] -- Up-to-date: /root/colcon_ws/install/px4_msgs/include/px4_msgs/msg/detail/vehicle_trajectory_waypoint__functions.h
[0.961s] -- Up-to-date: /root/colcon_ws/install/px4_msgs/include/px4_msgs/msg/detail/trajectory_bezier__functions.c
[0.961s] -- Up-to-date: /root/colcon_ws/install/px4_msgs/include/px4_msgs/msg/detail/collision_constraints__type_support.h
[0.961s] -- Up-to-date: /root/colcon_ws/install/px4_msgs/include/px4_msgs/msg/detail/vehicle_trajectory_bezier__struct.h
[0.961s] -- Up-to-date: /root/colcon_ws/install/px4_msgs/include/px4_msgs/msg/detail/trajectory_setpoint__functions.c
[0.961s] -- Up-to-date: /root/colcon_ws/install/px4_msgs/include/px4_msgs/msg/detail/vehicle_command__struct.h
[0.961s] -- Up-to-date: /root/colcon_ws/install/px4_msgs/include/px4_msgs/msg/detail/parameter_res__type_support.h
[0.961s] -- Up-to-date: /root/colcon_ws/install/px4_msgs/include/px4_msgs/msg/detail/debug_vect__functions.c
[0.961s] -- Up-to-date: /root/colcon_ws/install/px4_msgs/include/px4_msgs/msg/detail/obstacle_distance__functions.c
[0.961s] -- Up-to-date: /root/colcon_ws/install/px4_msgs/include/px4_msgs/msg/detail/action_request__type_support.h
[0.961s] -- Up-to-date: /root/colcon_ws/install/px4_msgs/include/px4_msgs/msg/detail/vehicle_odometry__functions.c
[0.962s] -- Up-to-date: /root/colcon_ws/install/px4_msgs/include/px4_msgs/msg/detail/vehicle_rates_setpoint__struct.h
[0.962s] -- Up-to-date: /root/colcon_ws/install/px4_msgs/include/px4_msgs/msg/detail/timesync_status__functions.h
[0.962s] -- Up-to-date: /root/colcon_ws/install/px4_msgs/include/px4_msgs/msg/detail/vehicle_control_mode__functions.c
[0.962s] -- Up-to-date: /root/colcon_ws/install/px4_msgs/include/px4_msgs/msg/detail/action_request__functions.c
[0.962s] -- Up-to-date: /root/colcon_ws/install/px4_msgs/include/px4_msgs/msg/detail/commander_set_state__functions.c
[0.962s] -- Up-to-date: /root/colcon_ws/install/px4_msgs/include/px4_msgs/msg/detail/commander_status__struct.h
[0.962s] -- Up-to-date: /root/colcon_ws/install/px4_msgs/include/px4_msgs/msg/detail/parameter_res__struct.h
[0.962s] -- Up-to-date: /root/colcon_ws/install/px4_msgs/include/px4_msgs/msg/detail/commander_set_state__struct.h
[0.962s] -- Up-to-date: /root/colcon_ws/install/px4_msgs/include/px4_msgs/msg/detail/vehicle_control_mode__functions.h
[0.962s] -- Up-to-date: /root/colcon_ws/install/px4_msgs/include/px4_msgs/msg/detail/commander_status__functions.c
[0.963s] -- Up-to-date: /root/colcon_ws/install/px4_msgs/include/px4_msgs/msg/detail/failsafe_flags__functions.h
[0.963s] -- Up-to-date: /root/colcon_ws/install/px4_msgs/include/px4_msgs/msg/detail/sensor_optical_flow__struct.h
[0.963s] -- Up-to-date: /root/colcon_ws/install/px4_msgs/include/px4_msgs/msg/detail/vehicle_attitude_setpoint__functions.h
[0.963s] -- Up-to-date: /root/colcon_ws/install/px4_msgs/include/px4_msgs/msg/detail/vehicle_attitude__functions.c
[0.963s] -- Up-to-date: /root/colcon_ws/install/px4_msgs/include/px4_msgs/msg/detail/vehicle_global_position__struct.h
[0.963s] -- Up-to-date: /root/colcon_ws/install/px4_msgs/include/px4_msgs/msg/detail/vehicle_attitude_setpoint__type_support.h
[0.963s] -- Up-to-date: /root/colcon_ws/install/px4_msgs/include/px4_msgs/msg/detail/sensor_combined__functions.c
[0.963s] -- Up-to-date: /root/colcon_ws/install/px4_msgs/include/px4_msgs/msg/detail/vehicle_attitude__struct.h
[0.963s] -- Up-to-date: /root/colcon_ws/install/px4_msgs/include/px4_msgs/msg/detail/vehicle_attitude_setpoint__struct.h
[0.963s] -- Up-to-date: /root/colcon_ws/install/px4_msgs/include/px4_msgs/msg/detail/trajectory_bezier__functions.h
[0.963s] -- Up-to-date: /root/colcon_ws/install/px4_msgs/include/px4_msgs/msg/detail/vehicle_control_mode__type_support.h
[0.963s] -- Up-to-date: /root/colcon_ws/install/px4_msgs/include/px4_msgs/msg/detail/vehicle_trajectory_waypoint__functions.c
[0.964s] -- Up-to-date: /root/colcon_ws/install/px4_msgs/include/px4_msgs/msg/detail/telemetry_status__struct.h
[0.964s] -- Up-to-date: /root/colcon_ws/install/px4_msgs/include/px4_msgs/msg/detail/vehicle_rates_setpoint__type_support.h
[0.964s] -- Up-to-date: /root/colcon_ws/install/px4_msgs/include/px4_msgs/msg/detail/debug_vect__type_support.h
[0.964s] -- Up-to-date: /root/colcon_ws/install/px4_msgs/include/px4_msgs/msg/detail/sensor_gps__functions.c
[0.964s] -- Up-to-date: /root/colcon_ws/install/px4_msgs/include/px4_msgs/msg/detail/sensor_optical_flow__functions.h
[0.964s] -- Up-to-date: /root/colcon_ws/install/px4_msgs/include/px4_msgs/msg/detail/timesync_status__type_support.h
[0.964s] -- Up-to-date: /root/colcon_ws/install/px4_msgs/include/px4_msgs/msg/detail/offboard_control_mode__functions.h
[0.964s] -- Up-to-date: /root/colcon_ws/install/px4_msgs/include/px4_msgs/msg/detail/obstacle_distance__functions.h
[0.964s] -- Up-to-date: /root/colcon_ws/install/px4_msgs/include/px4_msgs/msg/detail/offboard_control_mode__type_support.h
[0.964s] -- Up-to-date: /root/colcon_ws/install/px4_msgs/include/px4_msgs/msg/detail/vehicle_trajectory_bezier__functions.c
[0.964s] -- Up-to-date: /root/colcon_ws/install/px4_msgs/include/px4_msgs/msg/detail/commander_set_state__type_support.h
[0.964s] -- Up-to-date: /root/colcon_ws/install/px4_msgs/include/px4_msgs/msg/detail/vehicle_status__struct.h
[0.964s] -- Up-to-date: /root/colcon_ws/install/px4_msgs/include/px4_msgs/msg/detail/timesync_status__functions.c
[0.964s] -- Up-to-date: /root/colcon_ws/install/px4_msgs/include/px4_msgs/msg/detail/vehicle_angular_velocity__struct.h
[0.965s] -- Up-to-date: /root/colcon_ws/install/px4_msgs/include/px4_msgs/msg/detail/sensor_optical_flow__type_support.h
[0.965s] -- Up-to-date: /root/colcon_ws/install/px4_msgs/include/px4_msgs/msg/detail/sensor_combined__type_support.h
[0.965s] -- Up-to-date: /root/colcon_ws/install/px4_msgs/include/px4_msgs/msg/detail/vehicle_command__functions.h
[0.965s] -- Up-to-date: /root/colcon_ws/install/px4_msgs/include/px4_msgs/msg/detail/vehicle_odometry__type_support.h
[0.965s] -- Up-to-date: /root/colcon_ws/install/px4_msgs/include/px4_msgs/msg/detail/trajectory_waypoint__type_support.h
[0.965s] -- Up-to-date: /root/colcon_ws/install/px4_msgs/include/px4_msgs/msg/detail/trajectory_waypoint__functions.h
[0.965s] -- Up-to-date: /root/colcon_ws/install/px4_msgs/include/px4_msgs/msg/detail/collision_constraints__functions.c
[0.966s] -- Up-to-date: /root/colcon_ws/install/px4_msgs/include/px4_msgs/msg/detail/parameter_req__functions.c
[0.966s] -- Up-to-date: /root/colcon_ws/install/px4_msgs/include/px4_msgs/msg/detail/vehicle_attitude_setpoint__functions.c
[0.966s] -- Up-to-date: /root/colcon_ws/install/px4_msgs/include/px4_msgs/msg/detail/collision_constraints__struct.h
[0.966s] -- Up-to-date: /root/colcon_ws/install/px4_msgs/include/px4_msgs/msg/detail/vehicle_local_position__functions.h
[0.966s] -- Up-to-date: /root/colcon_ws/install/px4_msgs/include/px4_msgs/msg/detail/failsafe_flags__functions.c
[0.966s] -- Up-to-date: /root/colcon_ws/install/px4_msgs/include/px4_msgs/msg/detail/trajectory_bezier__struct.h
[0.966s] -- Up-to-date: /root/colcon_ws/install/px4_msgs/include/px4_msgs/msg/detail/vehicle_command__functions.c
[0.967s] -- Up-to-date: /root/colcon_ws/install/px4_msgs/include/px4_msgs/msg/detail/vehicle_status__functions.c
[0.967s] -- Up-to-date: /root/colcon_ws/install/px4_msgs/include/px4_msgs/msg/detail/vehicle_trajectory_bezier__type_support.h
[0.967s] -- Up-to-date: /root/colcon_ws/install/px4_msgs/include/px4_msgs/msg/detail/trajectory_waypoint__struct.h
[0.967s] -- Up-to-date: /root/colcon_ws/install/px4_msgs/include/px4_msgs/msg/detail/vehicle_odometry__struct.h
[0.967s] -- Up-to-date: /root/colcon_ws/install/px4_msgs/include/px4_msgs/msg/detail/parameter_req__functions.h
[0.967s] -- Up-to-date: /root/colcon_ws/install/px4_msgs/include/px4_msgs/msg/detail/commander_status__functions.h
[0.967s] -- Up-to-date: /root/colcon_ws/install/px4_msgs/include/px4_msgs/msg/detail/vehicle_status__functions.h
[0.967s] -- Up-to-date: /root/colcon_ws/install/px4_msgs/include/px4_msgs/msg/detail/vehicle_command__type_support.h
[0.967s] -- Up-to-date: /root/colcon_ws/install/px4_msgs/include/px4_msgs/msg/detail/sensor_gps__type_support.h
[0.967s] -- Up-to-date: /root/colcon_ws/install/px4_msgs/include/px4_msgs/msg/detail/onboard_computer_status__type_support.h
[0.967s] -- Up-to-date: /root/colcon_ws/install/px4_msgs/include/px4_msgs/msg/detail/vehicle_trajectory_bezier__functions.h
[0.968s] -- Up-to-date: /root/colcon_ws/install/px4_msgs/include/px4_msgs/msg/detail/telemetry_status__functions.h
[0.968s] -- Up-to-date: /root/colcon_ws/install/px4_msgs/include/px4_msgs/msg/detail/parameter_req__struct.h
[0.968s] -- Up-to-date: /root/colcon_ws/install/px4_msgs/include/px4_msgs/msg/detail/vehicle_angular_velocity__type_support.h
[0.968s] -- Up-to-date: /root/colcon_ws/install/px4_msgs/include/px4_msgs/msg/detail/commander_status__type_support.h
[0.968s] -- Up-to-date: /root/colcon_ws/install/px4_msgs/include/px4_msgs/msg/detail/action_request__struct.h
[0.968s] -- Up-to-date: /root/colcon_ws/install/px4_msgs/include/px4_msgs/msg/detail/parameter_res__functions.h
[0.968s] -- Up-to-date: /root/colcon_ws/install/px4_msgs/include/px4_msgs/msg/detail/offboard_control_mode__struct.h
[0.968s] -- Up-to-date: /root/colcon_ws/install/px4_msgs/include/px4_msgs/msg/detail/vehicle_attitude__type_support.h
[0.968s] -- Up-to-date: /root/colcon_ws/install/px4_msgs/include/px4_msgs/msg/detail/vehicle_global_position__functions.c
[0.968s] -- Up-to-date: /root/colcon_ws/install/px4_msgs/include/px4_msgs/msg/detail/failsafe_flags__struct.h
[0.968s] -- Up-to-date: /root/colcon_ws/install/px4_msgs/include/px4_msgs/msg/detail/sensor_optical_flow__functions.c
[0.968s] -- Up-to-date: /root/colcon_ws/install/px4_msgs/include/px4_msgs/msg/detail/sensor_combined__struct.h
[0.968s] -- Up-to-date: /root/colcon_ws/install/px4_msgs/include/px4_msgs/msg/detail/vehicle_trajectory_waypoint__struct.h
[0.968s] -- Up-to-date: /root/colcon_ws/install/px4_msgs/include/px4_msgs/msg/detail/sensor_gps__functions.h
[0.969s] -- Up-to-date: /root/colcon_ws/install/px4_msgs/include/px4_msgs/msg/detail/vehicle_local_position__functions.c
[0.969s] -- Up-to-date: /root/colcon_ws/install/px4_msgs/include/px4_msgs/msg/detail/trajectory_setpoint__functions.h
[0.969s] -- Up-to-date: /root/colcon_ws/install/px4_msgs/include/px4_msgs/msg/detail/vehicle_rates_setpoint__functions.h
[0.969s] -- Up-to-date: /root/colcon_ws/install/px4_msgs/include/px4_msgs/msg/detail/vehicle_attitude__functions.h
[0.969s] -- Up-to-date: /root/colcon_ws/install/px4_msgs/include/px4_msgs/msg/detail/sensor_gps__struct.h
[0.969s] -- Up-to-date: /root/colcon_ws/install/px4_msgs/include/px4_msgs/msg/detail/debug_vect__struct.h
[0.969s] -- Up-to-date: /root/colcon_ws/install/px4_msgs/include/px4_msgs/msg/detail/trajectory_setpoint__struct.h
[0.969s] -- Up-to-date: /root/colcon_ws/install/px4_msgs/include/px4_msgs/msg/detail/parameter_req__type_support.h
[0.969s] -- Up-to-date: /root/colcon_ws/install/px4_msgs/include/px4_msgs/msg/action_request.h
[0.969s] -- Up-to-date: /root/colcon_ws/install/px4_msgs/include/px4_msgs/msg/debug_vect.h
[0.969s] -- Up-to-date: /root/colcon_ws/install/px4_msgs/include/px4_msgs/msg/vehicle_command.h
[0.969s] -- Up-to-date: /root/colcon_ws/install/px4_msgs/include/px4_msgs/msg/parameter_res.h
[0.969s] -- Up-to-date: /root/colcon_ws/install/px4_msgs/include/px4_msgs/msg/vehicle_control_mode.h
[0.969s] -- Up-to-date: /root/colcon_ws/install/px4_msgs/include/px4_msgs/msg/sensor_gps.h
[0.970s] -- Up-to-date: /root/colcon_ws/install/px4_msgs/include/px4_msgs/msg/telemetry_status.h
[0.970s] -- Up-to-date: /root/colcon_ws/install/px4_msgs/include/px4_msgs/msg/failsafe_flags.h
[0.970s] -- Up-to-date: /root/colcon_ws/install/px4_msgs/include/px4_msgs/msg/sensor_combined.h
[0.970s] -- Up-to-date: /root/colcon_ws/install/px4_msgs/include/px4_msgs/msg/vehicle_odometry.h
[0.970s] -- Up-to-date: /root/colcon_ws/install/px4_msgs/include/px4_msgs/msg/vehicle_angular_velocity.h
[0.970s] -- Up-to-date: /root/colcon_ws/install/px4_msgs/include/px4_msgs/msg/obstacle_distance.h
[0.970s] -- Up-to-date: /root/colcon_ws/install/px4_msgs/include/px4_msgs/msg/vehicle_global_position.h
[0.970s] -- Up-to-date: /root/colcon_ws/install/px4_msgs/include/px4_msgs/msg/vehicle_attitude.h
[0.970s] -- Up-to-date: /root/colcon_ws/install/px4_msgs/include/px4_msgs/msg/vehicle_trajectory_waypoint.h
[0.970s] -- Up-to-date: /root/colcon_ws/install/px4_msgs/include/px4_msgs/msg/trajectory_waypoint.h
[0.970s] -- Up-to-date: /root/colcon_ws/install/px4_msgs/include/px4_msgs/msg/vehicle_rates_setpoint.h
[0.970s] -- Up-to-date: /root/colcon_ws/install/px4_msgs/include/px4_msgs/msg/vehicle_status.h
[0.970s] -- Up-to-date: /root/colcon_ws/install/px4_msgs/include/px4_msgs/msg/onboard_computer_status.h
[0.970s] -- Up-to-date: /root/colcon_ws/install/px4_msgs/include/px4_msgs/msg/commander_status.h
[0.970s] -- Up-to-date: /root/colcon_ws/install/px4_msgs/include/px4_msgs/msg/rosidl_generator_c__visibility_control.h
[0.970s] -- Up-to-date: /root/colcon_ws/install/px4_msgs/include/px4_msgs/msg/trajectory_bezier.h
[0.970s] -- Up-to-date: /root/colcon_ws/install/px4_msgs/include/px4_msgs/msg/timesync_status.h
[0.971s] -- Up-to-date: /root/colcon_ws/install/px4_msgs/include/px4_msgs/msg/sensor_optical_flow.h
[0.971s] -- Up-to-date: /root/colcon_ws/install/px4_msgs/include/px4_msgs/msg/trajectory_setpoint.h
[0.971s] -- Up-to-date: /root/colcon_ws/install/px4_msgs/share/px4_msgs/environment/library_path.sh
[0.971s] -- Up-to-date: /root/colcon_ws/install/px4_msgs/share/px4_msgs/environment/library_path.dsv
[0.971s] -- Up-to-date: /root/colcon_ws/install/px4_msgs/lib/libpx4_msgs__rosidl_generator_c.so
[0.971s] -- Up-to-date: /root/colcon_ws/install/px4_msgs/include/px4_msgs
[0.971s] -- Up-to-date: /root/colcon_ws/install/px4_msgs/include/px4_msgs/msg
[0.971s] -- Up-to-date: /root/colcon_ws/install/px4_msgs/include/px4_msgs/msg/detail
[0.971s] -- Up-to-date: /root/colcon_ws/install/px4_msgs/include/px4_msgs/msg/detail/sensor_optical_flow__rosidl_typesupport_fastrtps_c.h
[0.971s] -- Up-to-date: /root/colcon_ws/install/px4_msgs/include/px4_msgs/msg/detail/vehicle_rates_setpoint__rosidl_typesupport_fastrtps_c.h
[0.971s] -- Up-to-date: /root/colcon_ws/install/px4_msgs/include/px4_msgs/msg/detail/vehicle_global_position__rosidl_typesupport_fastrtps_c.h
[0.971s] -- Up-to-date: /root/colcon_ws/install/px4_msgs/include/px4_msgs/msg/detail/vehicle_control_mode__rosidl_typesupport_fastrtps_c.h
[0.971s] -- Up-to-date: /root/colcon_ws/install/px4_msgs/include/px4_msgs/msg/detail/vehicle_trajectory_waypoint__rosidl_typesupport_fastrtps_c.h
[0.971s] -- Up-to-date: /root/colcon_ws/install/px4_msgs/include/px4_msgs/msg/detail/vehicle_attitude__rosidl_typesupport_fastrtps_c.h
[0.971s] -- Up-to-date: /root/colcon_ws/install/px4_msgs/include/px4_msgs/msg/detail/vehicle_command__rosidl_typesupport_fastrtps_c.h
[0.971s] -- Up-to-date: /root/colcon_ws/install/px4_msgs/include/px4_msgs/msg/detail/vehicle_trajectory_bezier__rosidl_typesupport_fastrtps_c.h
[0.971s] -- Up-to-date: /root/colcon_ws/install/px4_msgs/include/px4_msgs/msg/detail/vehicle_local_position__rosidl_typesupport_fastrtps_c.h
[0.972s] -- Up-to-date: /root/colcon_ws/install/px4_msgs/include/px4_msgs/msg/detail/sensor_combined__rosidl_typesupport_fastrtps_c.h
[0.972s] -- Up-to-date: /root/colcon_ws/install/px4_msgs/include/px4_msgs/msg/detail/offboard_control_mode__rosidl_typesupport_fastrtps_c.h
[0.972s] -- Up-to-date: /root/colcon_ws/install/px4_msgs/include/px4_msgs/msg/detail/action_request__rosidl_typesupport_fastrtps_c.h
[0.972s] -- Up-to-date: /root/colcon_ws/install/px4_msgs/include/px4_msgs/msg/detail/timesync_status__rosidl_typesupport_fastrtps_c.h
[0.972s] -- Up-to-date: /root/colcon_ws/install/px4_msgs/include/px4_msgs/msg/detail/trajectory_bezier__rosidl_typesupport_fastrtps_c.h
[0.972s] -- Up-to-date: /root/colcon_ws/install/px4_msgs/include/px4_msgs/msg/detail/obstacle_distance__rosidl_typesupport_fastrtps_c.h
[0.972s] -- Up-to-date: /root/colcon_ws/install/px4_msgs/include/px4_msgs/msg/detail/parameter_res__rosidl_typesupport_fastrtps_c.h
[0.972s] -- Up-to-date: /root/colcon_ws/install/px4_msgs/include/px4_msgs/msg/detail/debug_vect__rosidl_typesupport_fastrtps_c.h
[0.972s] -- Up-to-date: /root/colcon_ws/install/px4_msgs/include/px4_msgs/msg/detail/vehicle_angular_velocity__rosidl_typesupport_fastrtps_c.h
[0.972s] -- Up-to-date: /root/colcon_ws/install/px4_msgs/include/px4_msgs/msg/detail/vehicle_odometry__rosidl_typesupport_fastrtps_c.h
[0.972s] -- Up-to-date: /root/colcon_ws/install/px4_msgs/include/px4_msgs/msg/detail/commander_status__rosidl_typesupport_fastrtps_c.h
[0.972s] -- Up-to-date: /root/colcon_ws/install/px4_msgs/include/px4_msgs/msg/detail/vehicle_attitude_setpoint__rosidl_typesupport_fastrtps_c.h
[0.972s] -- Up-to-date: /root/colcon_ws/install/px4_msgs/include/px4_msgs/msg/detail/failsafe_flags__rosidl_typesupport_fastrtps_c.h
[0.972s] -- Up-to-date: /root/colcon_ws/install/px4_msgs/include/px4_msgs/msg/detail/trajectory_setpoint__rosidl_typesupport_fastrtps_c.h
[0.972s] -- Up-to-date: /root/colcon_ws/install/px4_msgs/include/px4_msgs/msg/detail/collision_constraints__rosidl_typesupport_fastrtps_c.h
[0.972s] -- Up-to-date: /root/colcon_ws/install/px4_msgs/include/px4_msgs/msg/detail/commander_set_state__rosidl_typesupport_fastrtps_c.h
[0.972s] -- Up-to-date: /root/colcon_ws/install/px4_msgs/include/px4_msgs/msg/detail/trajectory_waypoint__rosidl_typesupport_fastrtps_c.h
[0.972s] -- Up-to-date: /root/colcon_ws/install/px4_msgs/include/px4_msgs/msg/detail/sensor_gps__rosidl_typesupport_fastrtps_c.h
[0.973s] -- Up-to-date: /root/colcon_ws/install/px4_msgs/include/px4_msgs/msg/detail/parameter_req__rosidl_typesupport_fastrtps_c.h
[0.973s] -- Up-to-date: /root/colcon_ws/install/px4_msgs/include/px4_msgs/msg/detail/telemetry_status__rosidl_typesupport_fastrtps_c.h
[0.973s] -- Up-to-date: /root/colcon_ws/install/px4_msgs/include/px4_msgs/msg/detail/onboard_computer_status__rosidl_typesupport_fastrtps_c.h
[0.973s] -- Up-to-date: /root/colcon_ws/install/px4_msgs/include/px4_msgs/msg/detail/vehicle_status__rosidl_typesupport_fastrtps_c.h
[0.973s] -- Up-to-date: /root/colcon_ws/install/px4_msgs/include/px4_msgs/msg/rosidl_typesupport_fastrtps_c__visibility_control.h
[0.973s] -- Up-to-date: /root/colcon_ws/install/px4_msgs/lib/libpx4_msgs__rosidl_typesupport_fastrtps_c.so
[0.973s] -- Up-to-date: /root/colcon_ws/install/px4_msgs/include/px4_msgs
[0.973s] -- Up-to-date: /root/colcon_ws/install/px4_msgs/include/px4_msgs/msg
[0.973s] -- Up-to-date: /root/colcon_ws/install/px4_msgs/include/px4_msgs/msg/detail
[0.973s] -- Up-to-date: /root/colcon_ws/install/px4_msgs/include/px4_msgs/msg/detail/commander_set_state__rosidl_typesupport_fastrtps_cpp.hpp
[0.973s] -- Up-to-date: /root/colcon_ws/install/px4_msgs/include/px4_msgs/msg/detail/sensor_optical_flow__rosidl_typesupport_fastrtps_cpp.hpp
[0.973s] -- Up-to-date: /root/colcon_ws/install/px4_msgs/include/px4_msgs/msg/detail/debug_vect__rosidl_typesupport_fastrtps_cpp.hpp
[0.973s] -- Up-to-date: /root/colcon_ws/install/px4_msgs/include/px4_msgs/msg/detail/timesync_status__rosidl_typesupport_fastrtps_cpp.hpp
[0.973s] -- Up-to-date: /root/colcon_ws/install/px4_msgs/include/px4_msgs/msg/detail/trajectory_setpoint__rosidl_typesupport_fastrtps_cpp.hpp
[0.974s] -- Up-to-date: /root/colcon_ws/install/px4_msgs/include/px4_msgs/msg/detail/onboard_computer_status__rosidl_typesupport_fastrtps_cpp.hpp
[0.974s] -- Up-to-date: /root/colcon_ws/install/px4_msgs/include/px4_msgs/msg/detail/offboard_control_mode__rosidl_typesupport_fastrtps_cpp.hpp
[0.974s] -- Up-to-date: /root/colcon_ws/install/px4_msgs/include/px4_msgs/msg/detail/sensor_gps__rosidl_typesupport_fastrtps_cpp.hpp
[0.974s] -- Up-to-date: /root/colcon_ws/install/px4_msgs/include/px4_msgs/msg/detail/vehicle_command__rosidl_typesupport_fastrtps_cpp.hpp
[0.974s] -- Up-to-date: /root/colcon_ws/install/px4_msgs/include/px4_msgs/msg/detail/trajectory_waypoint__rosidl_typesupport_fastrtps_cpp.hpp
[0.974s] -- Up-to-date: /root/colcon_ws/install/px4_msgs/include/px4_msgs/msg/detail/vehicle_local_position__rosidl_typesupport_fastrtps_cpp.hpp
[0.974s] -- Up-to-date: /root/colcon_ws/install/px4_msgs/include/px4_msgs/msg/detail/vehicle_trajectory_bezier__rosidl_typesupport_fastrtps_cpp.hpp
[0.974s] -- Up-to-date: /root/colcon_ws/install/px4_msgs/include/px4_msgs/msg/detail/vehicle_status__rosidl_typesupport_fastrtps_cpp.hpp
[0.974s] -- Up-to-date: /root/colcon_ws/install/px4_msgs/include/px4_msgs/msg/detail/vehicle_global_position__rosidl_typesupport_fastrtps_cpp.hpp
[0.974s] -- Up-to-date: /root/colcon_ws/install/px4_msgs/include/px4_msgs/msg/detail/collision_constraints__rosidl_typesupport_fastrtps_cpp.hpp
[0.975s] -- Up-to-date: /root/colcon_ws/install/px4_msgs/include/px4_msgs/msg/detail/trajectory_bezier__rosidl_typesupport_fastrtps_cpp.hpp
[0.975s] -- Up-to-date: /root/colcon_ws/install/px4_msgs/include/px4_msgs/msg/detail/vehicle_odometry__rosidl_typesupport_fastrtps_cpp.hpp
[0.975s] -- Up-to-date: /root/colcon_ws/install/px4_msgs/include/px4_msgs/msg/detail/commander_status__rosidl_typesupport_fastrtps_cpp.hpp
[0.975s] -- Up-to-date: /root/colcon_ws/install/px4_msgs/include/px4_msgs/msg/detail/dds_fastrtps
[0.975s] -- Up-to-date: /root/colcon_ws/install/px4_msgs/include/px4_msgs/msg/detail/failsafe_flags__rosidl_typesupport_fastrtps_cpp.hpp
[0.975s] -- Up-to-date: /root/colcon_ws/install/px4_msgs/include/px4_msgs/msg/detail/action_request__rosidl_typesupport_fastrtps_cpp.hpp
[0.975s] -- Up-to-date: /root/colcon_ws/install/px4_msgs/include/px4_msgs/msg/detail/parameter_req__rosidl_typesupport_fastrtps_cpp.hpp
[0.975s] -- Up-to-date: /root/colcon_ws/install/px4_msgs/include/px4_msgs/msg/detail/obstacle_distance__rosidl_typesupport_fastrtps_cpp.hpp
[0.976s] -- Up-to-date: /root/colcon_ws/install/px4_msgs/include/px4_msgs/msg/detail/sensor_combined__rosidl_typesupport_fastrtps_cpp.hpp
[0.976s] -- Up-to-date: /root/colcon_ws/install/px4_msgs/include/px4_msgs/msg/detail/vehicle_attitude_setpoint__rosidl_typesupport_fastrtps_cpp.hpp
[0.976s] -- Up-to-date: /root/colcon_ws/install/px4_msgs/include/px4_msgs/msg/detail/vehicle_control_mode__rosidl_typesupport_fastrtps_cpp.hpp
[0.976s] -- Up-to-date: /root/colcon_ws/install/px4_msgs/include/px4_msgs/msg/detail/vehicle_angular_velocity__rosidl_typesupport_fastrtps_cpp.hpp
[0.976s] -- Up-to-date: /root/colcon_ws/install/px4_msgs/include/px4_msgs/msg/detail/vehicle_trajectory_waypoint__rosidl_typesupport_fastrtps_cpp.hpp
[0.976s] -- Up-to-date: /root/colcon_ws/install/px4_msgs/include/px4_msgs/msg/detail/parameter_res__rosidl_typesupport_fastrtps_cpp.hpp
[0.976s] -- Up-to-date: /root/colcon_ws/install/px4_msgs/include/px4_msgs/msg/detail/vehicle_attitude__rosidl_typesupport_fastrtps_cpp.hpp
[0.976s] -- Up-to-date: /root/colcon_ws/install/px4_msgs/include/px4_msgs/msg/detail/vehicle_rates_setpoint__rosidl_typesupport_fastrtps_cpp.hpp
[0.976s] -- Up-to-date: /root/colcon_ws/install/px4_msgs/include/px4_msgs/msg/detail/telemetry_status__rosidl_typesupport_fastrtps_cpp.hpp
[0.976s] -- Up-to-date: /root/colcon_ws/install/px4_msgs/include/px4_msgs/msg/rosidl_typesupport_fastrtps_cpp__visibility_control.h
[0.977s] -- Up-to-date: /root/colcon_ws/install/px4_msgs/lib/libpx4_msgs__rosidl_typesupport_fastrtps_cpp.so
[0.977s] -- Up-to-date: /root/colcon_ws/install/px4_msgs/include/px4_msgs
[0.977s] -- Up-to-date: /root/colcon_ws/install/px4_msgs/include/px4_msgs/msg
[0.977s] -- Up-to-date: /root/colcon_ws/install/px4_msgs/include/px4_msgs/msg/detail
[0.977s] -- Up-to-date: /root/colcon_ws/install/px4_msgs/include/px4_msgs/msg/detail/trajectory_bezier__rosidl_typesupport_introspection_c.h
[0.977s] -- Up-to-date: /root/colcon_ws/install/px4_msgs/include/px4_msgs/msg/detail/trajectory_setpoint__rosidl_typesupport_introspection_c.h
[0.977s] -- Up-to-date: /root/colcon_ws/install/px4_msgs/include/px4_msgs/msg/detail/sensor_optical_flow__type_support.c
[0.977s] -- Up-to-date: /root/colcon_ws/install/px4_msgs/include/px4_msgs/msg/detail/debug_vect__type_support.c
[0.978s] -- Up-to-date: /root/colcon_ws/install/px4_msgs/include/px4_msgs/msg/detail/vehicle_attitude__rosidl_typesupport_introspection_c.h
[0.978s] -- Up-to-date: /root/colcon_ws/install/px4_msgs/include/px4_msgs/msg/detail/vehicle_command__rosidl_typesupport_introspection_c.h
[0.978s] -- Up-to-date: /root/colcon_ws/install/px4_msgs/include/px4_msgs/msg/detail/vehicle_rates_setpoint__type_support.c
[0.978s] -- Up-to-date: /root/colcon_ws/install/px4_msgs/include/px4_msgs/msg/detail/collision_constraints__rosidl_typesupport_introspection_c.h
[0.978s] -- Up-to-date: /root/colcon_ws/install/px4_msgs/include/px4_msgs/msg/detail/vehicle_attitude__type_support.c
[0.978s] -- Up-to-date: /root/colcon_ws/install/px4_msgs/include/px4_msgs/msg/detail/vehicle_control_mode__type_support.c
[0.978s] -- Up-to-date: /root/colcon_ws/install/px4_msgs/include/px4_msgs/msg/detail/obstacle_distance__rosidl_typesupport_introspection_c.h
[0.978s] -- Up-to-date: /root/colcon_ws/install/px4_msgs/include/px4_msgs/msg/detail/vehicle_control_mode__rosidl_typesupport_introspection_c.h
[0.978s] -- Up-to-date: /root/colcon_ws/install/px4_msgs/include/px4_msgs/msg/detail/trajectory_bezier__type_support.c
[0.979s] -- Up-to-date: /root/colcon_ws/install/px4_msgs/include/px4_msgs/msg/detail/vehicle_angular_velocity__rosidl_typesupport_introspection_c.h
[0.979s] -- Up-to-date: /root/colcon_ws/install/px4_msgs/include/px4_msgs/msg/detail/offboard_control_mode__rosidl_typesupport_introspection_c.h
[0.979s] -- Up-to-date: /root/colcon_ws/install/px4_msgs/include/px4_msgs/msg/detail/commander_status__rosidl_typesupport_introspection_c.h
[0.979s] -- Up-to-date: /root/colcon_ws/install/px4_msgs/include/px4_msgs/msg/detail/onboard_computer_status__rosidl_typesupport_introspection_c.h
[0.979s] -- Up-to-date: /root/colcon_ws/install/px4_msgs/include/px4_msgs/msg/detail/vehicle_trajectory_bezier__type_support.c
[0.979s] -- Up-to-date: /root/colcon_ws/install/px4_msgs/include/px4_msgs/msg/detail/trajectory_waypoint__type_support.c
[0.979s] -- Up-to-date: /root/colcon_ws/install/px4_msgs/include/px4_msgs/msg/detail/vehicle_trajectory_bezier__rosidl_typesupport_introspection_c.h
[0.979s] -- Up-to-date: /root/colcon_ws/install/px4_msgs/include/px4_msgs/msg/detail/vehicle_trajectory_waypoint__rosidl_typesupport_introspection_c.h
[0.979s] -- Up-to-date: /root/colcon_ws/install/px4_msgs/include/px4_msgs/msg/detail/trajectory_setpoint__type_support.c
[0.979s] -- Up-to-date: /root/colcon_ws/install/px4_msgs/include/px4_msgs/msg/detail/vehicle_rates_setpoint__rosidl_typesupport_introspection_c.h
[0.979s] -- Up-to-date: /root/colcon_ws/install/px4_msgs/include/px4_msgs/msg/detail/commander_set_state__type_support.c
[0.980s] -- Up-to-date: /root/colcon_ws/install/px4_msgs/include/px4_msgs/msg/detail/commander_set_state__rosidl_typesupport_introspection_c.h
[0.980s] -- Up-to-date: /root/colcon_ws/install/px4_msgs/include/px4_msgs/msg/detail/failsafe_flags__type_support.c
[0.980s] -- Up-to-date: /root/colcon_ws/install/px4_msgs/include/px4_msgs/msg/detail/telemetry_status__rosidl_typesupport_introspection_c.h
[0.980s] -- Up-to-date: /root/colcon_ws/install/px4_msgs/include/px4_msgs/msg/detail/parameter_req__rosidl_typesupport_introspection_c.h
[0.980s] -- Up-to-date: /root/colcon_ws/install/px4_msgs/include/px4_msgs/msg/detail/vehicle_odometry__rosidl_typesupport_introspection_c.h
[0.980s] -- Up-to-date: /root/colcon_ws/install/px4_msgs/include/px4_msgs/msg/detail/vehicle_status__rosidl_typesupport_introspection_c.h
[0.980s] -- Up-to-date: /root/colcon_ws/install/px4_msgs/include/px4_msgs/msg/detail/vehicle_local_position__type_support.c
[0.981s] -- Up-to-date: /root/colcon_ws/install/px4_msgs/include/px4_msgs/msg/detail/parameter_res__rosidl_typesupport_introspection_c.h
[0.981s] -- Up-to-date: /root/colcon_ws/install/px4_msgs/include/px4_msgs/msg/detail/sensor_combined__type_support.c
[0.981s] -- Up-to-date: /root/colcon_ws/install/px4_msgs/include/px4_msgs/msg/detail/obstacle_distance__type_support.c
[0.981s] -- Up-to-date: /root/colcon_ws/install/px4_msgs/include/px4_msgs/msg/detail/vehicle_trajectory_waypoint__type_support.c
[0.981s] -- Up-to-date: /root/colcon_ws/install/px4_msgs/include/px4_msgs/msg/detail/parameter_req__type_support.c
[0.981s] -- Up-to-date: /root/colcon_ws/install/px4_msgs/include/px4_msgs/msg/detail/trajectory_waypoint__rosidl_typesupport_introspection_c.h
[0.981s] -- Up-to-date: /root/colcon_ws/install/px4_msgs/include/px4_msgs/msg/detail/commander_status__type_support.c
[0.981s] -- Up-to-date: /root/colcon_ws/install/px4_msgs/include/px4_msgs/msg/detail/vehicle_attitude_setpoint__type_support.c
[0.981s] -- Up-to-date: /root/colcon_ws/install/px4_msgs/include/px4_msgs/msg/detail/sensor_gps__type_support.c
[0.981s] -- Up-to-date: /root/colcon_ws/install/px4_msgs/include/px4_msgs/msg/detail/timesync_status__rosidl_typesupport_introspection_c.h
[0.981s] -- Up-to-date: /root/colcon_ws/install/px4_msgs/include/px4_msgs/msg/detail/vehicle_angular_velocity__type_support.c
[0.982s] -- Up-to-date: /root/colcon_ws/install/px4_msgs/include/px4_msgs/msg/detail/action_request__rosidl_typesupport_introspection_c.h
[0.982s] -- Up-to-date: /root/colcon_ws/install/px4_msgs/include/px4_msgs/msg/detail/vehicle_command__type_support.c
[0.982s] -- Up-to-date: /root/colcon_ws/install/px4_msgs/include/px4_msgs/msg/detail/vehicle_attitude_setpoint__rosidl_typesupport_introspection_c.h
[0.982s] -- Up-to-date: /root/colcon_ws/install/px4_msgs/include/px4_msgs/msg/detail/vehicle_global_position__rosidl_typesupport_introspection_c.h
[0.982s] -- Up-to-date: /root/colcon_ws/install/px4_msgs/include/px4_msgs/msg/detail/sensor_combined__rosidl_typesupport_introspection_c.h
[0.982s] -- Up-to-date: /root/colcon_ws/install/px4_msgs/include/px4_msgs/msg/detail/vehicle_local_position__rosidl_typesupport_introspection_c.h
[0.982s] -- Up-to-date: /root/colcon_ws/install/px4_msgs/include/px4_msgs/msg/detail/action_request__type_support.c
[0.982s] -- Up-to-date: /root/colcon_ws/install/px4_msgs/include/px4_msgs/msg/detail/vehicle_global_position__type_support.c
[0.982s] -- Up-to-date: /root/colcon_ws/install/px4_msgs/include/px4_msgs/msg/detail/telemetry_status__type_support.c
[0.982s] -- Up-to-date: /root/colcon_ws/install/px4_msgs/include/px4_msgs/msg/detail/parameter_res__type_support.c
[0.982s] -- Up-to-date: /root/colcon_ws/install/px4_msgs/include/px4_msgs/msg/detail/vehicle_status__type_support.c
[0.982s] -- Up-to-date: /root/colcon_ws/install/px4_msgs/include/px4_msgs/msg/detail/sensor_optical_flow__rosidl_typesupport_introspection_c.h
[0.982s] -- Up-to-date: /root/colcon_ws/install/px4_msgs/include/px4_msgs/msg/detail/failsafe_flags__rosidl_typesupport_introspection_c.h
[0.982s] -- Up-to-date: /root/colcon_ws/install/px4_msgs/include/px4_msgs/msg/detail/timesync_status__type_support.c
[0.983s] -- Up-to-date: /root/colcon_ws/install/px4_msgs/include/px4_msgs/msg/detail/sensor_gps__rosidl_typesupport_introspection_c.h
[0.983s] -- Up-to-date: /root/colcon_ws/install/px4_msgs/include/px4_msgs/msg/detail/collision_constraints__type_support.c
[0.983s] -- Up-to-date: /root/colcon_ws/install/px4_msgs/include/px4_msgs/msg/detail/offboard_control_mode__type_support.c
[0.983s] -- Up-to-date: /root/colcon_ws/install/px4_msgs/include/px4_msgs/msg/detail/onboard_computer_status__type_support.c
[0.983s] -- Up-to-date: /root/colcon_ws/install/px4_msgs/include/px4_msgs/msg/detail/debug_vect__rosidl_typesupport_introspection_c.h
[0.983s] -- Up-to-date: /root/colcon_ws/install/px4_msgs/include/px4_msgs/msg/detail/vehicle_odometry__type_support.c
[0.983s] -- Up-to-date: /root/colcon_ws/install/px4_msgs/include/px4_msgs/msg/rosidl_typesupport_introspection_c__visibility_control.h
[0.983s] -- Up-to-date: /root/colcon_ws/install/px4_msgs/lib/libpx4_msgs__rosidl_typesupport_introspection_c.so
[0.983s] -- Up-to-date: /root/colcon_ws/install/px4_msgs/lib/libpx4_msgs__rosidl_typesupport_c.so
[0.983s] -- Up-to-date: /root/colcon_ws/install/px4_msgs/include/px4_msgs
[0.983s] -- Up-to-date: /root/colcon_ws/install/px4_msgs/include/px4_msgs/msg
[0.983s] -- Up-to-date: /root/colcon_ws/install/px4_msgs/include/px4_msgs/msg/vehicle_attitude.hpp
[0.983s] -- Up-to-date: /root/colcon_ws/install/px4_msgs/include/px4_msgs/msg/vehicle_attitude_setpoint.hpp
[0.983s] -- Up-to-date: /root/colcon_ws/install/px4_msgs/include/px4_msgs/msg/vehicle_status.hpp
[0.983s] -- Up-to-date: /root/colcon_ws/install/px4_msgs/include/px4_msgs/msg/detail
[0.983s] -- Up-to-date: /root/colcon_ws/install/px4_msgs/include/px4_msgs/msg/detail/trajectory_waypoint__traits.hpp
[0.984s] -- Up-to-date: /root/colcon_ws/install/px4_msgs/include/px4_msgs/msg/detail/offboard_control_mode__builder.hpp
[0.984s] -- Up-to-date: /root/colcon_ws/install/px4_msgs/include/px4_msgs/msg/detail/vehicle_rates_setpoint__builder.hpp
[0.984s] -- Up-to-date: /root/colcon_ws/install/px4_msgs/include/px4_msgs/msg/detail/commander_status__traits.hpp
[0.984s] -- Up-to-date: /root/colcon_ws/install/px4_msgs/include/px4_msgs/msg/detail/trajectory_waypoint__struct.hpp
[0.984s] -- Up-to-date: /root/colcon_ws/install/px4_msgs/include/px4_msgs/msg/detail/timesync_status__struct.hpp
[0.984s] -- Up-to-date: /root/colcon_ws/install/px4_msgs/include/px4_msgs/msg/detail/onboard_computer_status__builder.hpp
[0.984s] -- Up-to-date: /root/colcon_ws/install/px4_msgs/include/px4_msgs/msg/detail/telemetry_status__builder.hpp
[0.984s] -- Up-to-date: /root/colcon_ws/install/px4_msgs/include/px4_msgs/msg/detail/vehicle_angular_velocity__builder.hpp
[0.984s] -- Up-to-date: /root/colcon_ws/install/px4_msgs/include/px4_msgs/msg/detail/collision_constraints__traits.hpp
[0.984s] -- Up-to-date: /root/colcon_ws/install/px4_msgs/include/px4_msgs/msg/detail/sensor_gps__builder.hpp
[0.984s] -- Up-to-date: /root/colcon_ws/install/px4_msgs/include/px4_msgs/msg/detail/parameter_req__struct.hpp
[0.985s] -- Up-to-date: /root/colcon_ws/install/px4_msgs/include/px4_msgs/msg/detail/commander_set_state__traits.hpp
[0.985s] -- Up-to-date: /root/colcon_ws/install/px4_msgs/include/px4_msgs/msg/detail/timesync_status__builder.hpp
[0.985s] -- Up-to-date: /root/colcon_ws/install/px4_msgs/include/px4_msgs/msg/detail/vehicle_command__builder.hpp
[0.985s] -- Up-to-date: /root/colcon_ws/install/px4_msgs/include/px4_msgs/msg/detail/sensor_gps__struct.hpp
[0.985s] -- Up-to-date: /root/colcon_ws/install/px4_msgs/include/px4_msgs/msg/detail/vehicle_status__traits.hpp
[0.985s] -- Up-to-date: /root/colcon_ws/install/px4_msgs/include/px4_msgs/msg/detail/vehicle_control_mode__traits.hpp
[0.985s] -- Up-to-date: /root/colcon_ws/install/px4_msgs/include/px4_msgs/msg/detail/sensor_gps__traits.hpp
[0.986s] -- Up-to-date: /root/colcon_ws/install/px4_msgs/include/px4_msgs/msg/detail/vehicle_command__struct.hpp
[0.986s] -- Up-to-date: /root/colcon_ws/install/px4_msgs/include/px4_msgs/msg/detail/debug_vect__struct.hpp
[0.986s] -- Up-to-date: /root/colcon_ws/install/px4_msgs/include/px4_msgs/msg/detail/vehicle_trajectory_bezier__traits.hpp
[0.986s] -- Up-to-date: /root/colcon_ws/install/px4_msgs/include/px4_msgs/msg/detail/vehicle_rates_setpoint__struct.hpp
[0.986s] -- Up-to-date: /root/colcon_ws/install/px4_msgs/include/px4_msgs/msg/detail/timesync_status__traits.hpp
[0.986s] -- Up-to-date: /root/colcon_ws/install/px4_msgs/include/px4_msgs/msg/detail/parameter_res__traits.hpp
[0.986s] -- Up-to-date: /root/colcon_ws/install/px4_msgs/include/px4_msgs/msg/detail/parameter_req__traits.hpp
[0.986s] -- Up-to-date: /root/colcon_ws/install/px4_msgs/include/px4_msgs/msg/detail/vehicle_rates_setpoint__traits.hpp
[0.986s] -- Up-to-date: /root/colcon_ws/install/px4_msgs/include/px4_msgs/msg/detail/commander_set_state__builder.hpp
[0.986s] -- Up-to-date: /root/colcon_ws/install/px4_msgs/include/px4_msgs/msg/detail/obstacle_distance__traits.hpp
[0.986s] -- Up-to-date: /root/colcon_ws/install/px4_msgs/include/px4_msgs/msg/detail/sensor_optical_flow__builder.hpp
[0.986s] -- Up-to-date: /root/colcon_ws/install/px4_msgs/include/px4_msgs/msg/detail/failsafe_flags__traits.hpp
[0.987s] -- Up-to-date: /root/colcon_ws/install/px4_msgs/include/px4_msgs/msg/detail/sensor_optical_flow__struct.hpp
[0.987s] -- Up-to-date: /root/colcon_ws/install/px4_msgs/include/px4_msgs/msg/detail/trajectory_bezier__traits.hpp
[0.987s] -- Up-to-date: /root/colcon_ws/install/px4_msgs/include/px4_msgs/msg/detail/vehicle_control_mode__builder.hpp
[0.987s] -- Up-to-date: /root/colcon_ws/install/px4_msgs/include/px4_msgs/msg/detail/sensor_combined__builder.hpp
[0.987s] -- Up-to-date: /root/colcon_ws/install/px4_msgs/include/px4_msgs/msg/detail/failsafe_flags__builder.hpp
[0.987s] -- Up-to-date: /root/colcon_ws/install/px4_msgs/include/px4_msgs/msg/detail/vehicle_global_position__struct.hpp
[0.987s] -- Up-to-date: /root/colcon_ws/install/px4_msgs/include/px4_msgs/msg/detail/sensor_combined__traits.hpp
[0.987s] -- Up-to-date: /root/colcon_ws/install/px4_msgs/include/px4_msgs/msg/detail/offboard_control_mode__struct.hpp
[0.987s] -- Up-to-date: /root/colcon_ws/install/px4_msgs/include/px4_msgs/msg/detail/trajectory_bezier__struct.hpp
[0.987s] -- Up-to-date: /root/colcon_ws/install/px4_msgs/include/px4_msgs/msg/detail/commander_status__builder.hpp
[0.987s] -- Up-to-date: /root/colcon_ws/install/px4_msgs/include/px4_msgs/msg/detail/trajectory_setpoint__struct.hpp
[0.987s] -- Up-to-date: /root/colcon_ws/install/px4_msgs/include/px4_msgs/msg/detail/action_request__builder.hpp
[0.987s] -- Up-to-date: /root/colcon_ws/install/px4_msgs/include/px4_msgs/msg/detail/telemetry_status__struct.hpp
[0.987s] -- Up-to-date: /root/colcon_ws/install/px4_msgs/include/px4_msgs/msg/detail/vehicle_global_position__traits.hpp
[0.987s] -- Up-to-date: /root/colcon_ws/install/px4_msgs/include/px4_msgs/msg/detail/vehicle_global_position__builder.hpp
[0.987s] -- Up-to-date: /root/colcon_ws/install/px4_msgs/include/px4_msgs/msg/detail/vehicle_angular_velocity__traits.hpp
[0.987s] -- Up-to-date: /root/colcon_ws/install/px4_msgs/include/px4_msgs/msg/detail/commander_set_state__struct.hpp
[0.987s] -- Up-to-date: /root/colcon_ws/install/px4_msgs/include/px4_msgs/msg/detail/collision_constraints__builder.hpp
[0.988s] -- Up-to-date: /root/colcon_ws/install/px4_msgs/include/px4_msgs/msg/detail/vehicle_odometry__traits.hpp
[0.988s] -- Up-to-date: /root/colcon_ws/install/px4_msgs/include/px4_msgs/msg/detail/failsafe_flags__struct.hpp
[0.988s] -- Up-to-date: /root/colcon_ws/install/px4_msgs/include/px4_msgs/msg/detail/vehicle_status__struct.hpp
[0.988s] -- Up-to-date: /root/colcon_ws/install/px4_msgs/include/px4_msgs/msg/detail/parameter_res__struct.hpp
[0.988s] -- Up-to-date: /root/colcon_ws/install/px4_msgs/include/px4_msgs/msg/detail/action_request__struct.hpp
[0.988s] -- Up-to-date: /root/colcon_ws/install/px4_msgs/include/px4_msgs/msg/detail/commander_status__struct.hpp
[0.988s] -- Up-to-date: /root/colcon_ws/install/px4_msgs/include/px4_msgs/msg/detail/vehicle_attitude_setpoint__traits.hpp
[0.988s] -- Up-to-date: /root/colcon_ws/install/px4_msgs/include/px4_msgs/msg/detail/trajectory_setpoint__traits.hpp
[0.988s] -- Up-to-date: /root/colcon_ws/install/px4_msgs/include/px4_msgs/msg/detail/vehicle_trajectory_bezier__struct.hpp
[0.988s] -- Up-to-date: /root/colcon_ws/install/px4_msgs/include/px4_msgs/msg/detail/vehicle_command__traits.hpp
[0.988s] -- Up-to-date: /root/colcon_ws/install/px4_msgs/include/px4_msgs/msg/detail/debug_vect__builder.hpp
[0.988s] -- Up-to-date: /root/colcon_ws/install/px4_msgs/include/px4_msgs/msg/detail/trajectory_setpoint__builder.hpp
[0.988s] -- Up-to-date: /root/colcon_ws/install/px4_msgs/include/px4_msgs/msg/detail/parameter_req__builder.hpp
[0.988s] -- Up-to-date: /root/colcon_ws/install/px4_msgs/include/px4_msgs/msg/detail/vehicle_trajectory_waypoint__struct.hpp
[0.988s] -- Up-to-date: /root/colcon_ws/install/px4_msgs/include/px4_msgs/msg/detail/vehicle_trajectory_waypoint__traits.hpp
[0.988s] -- Up-to-date: /root/colcon_ws/install/px4_msgs/include/px4_msgs/msg/detail/action_request__traits.hpp
[0.988s] -- Up-to-date: /root/colcon_ws/install/px4_msgs/include/px4_msgs/msg/detail/vehicle_attitude__struct.hpp
[0.989s] -- Up-to-date: /root/colcon_ws/install/px4_msgs/include/px4_msgs/msg/detail/vehicle_odometry__builder.hpp
[0.989s] -- Up-to-date: /root/colcon_ws/install/px4_msgs/include/px4_msgs/msg/detail/obstacle_distance__builder.hpp
[0.989s] -- Up-to-date: /root/colcon_ws/install/px4_msgs/include/px4_msgs/msg/detail/vehicle_attitude_setpoint__struct.hpp
[0.989s] -- Up-to-date: /root/colcon_ws/install/px4_msgs/include/px4_msgs/msg/detail/vehicle_attitude__builder.hpp
[0.989s] -- Up-to-date: /root/colcon_ws/install/px4_msgs/include/px4_msgs/msg/detail/vehicle_trajectory_bezier__builder.hpp
[0.989s] -- Up-to-date: /root/colcon_ws/install/px4_msgs/include/px4_msgs/msg/detail/vehicle_local_position__struct.hpp
[0.989s] -- Up-to-date: /root/colcon_ws/install/px4_msgs/include/px4_msgs/msg/detail/trajectory_waypoint__builder.hpp
[0.989s] -- Up-to-date: /root/colcon_ws/install/px4_msgs/include/px4_msgs/msg/detail/vehicle_attitude_setpoint__builder.hpp
[0.989s] -- Up-to-date: /root/colcon_ws/install/px4_msgs/include/px4_msgs/msg/detail/vehicle_angular_velocity__struct.hpp
[0.989s] -- Up-to-date: /root/colcon_ws/install/px4_msgs/include/px4_msgs/msg/detail/sensor_optical_flow__traits.hpp
[0.989s] -- Up-to-date: /root/colcon_ws/install/px4_msgs/include/px4_msgs/msg/detail/debug_vect__traits.hpp
[0.989s] -- Up-to-date: /root/colcon_ws/install/px4_msgs/include/px4_msgs/msg/detail/vehicle_control_mode__struct.hpp
[0.989s] -- Up-to-date: /root/colcon_ws/install/px4_msgs/include/px4_msgs/msg/detail/vehicle_trajectory_waypoint__builder.hpp
[0.989s] -- Up-to-date: /root/colcon_ws/install/px4_msgs/include/px4_msgs/msg/detail/vehicle_attitude__traits.hpp
[0.990s] -- Up-to-date: /root/colcon_ws/install/px4_msgs/include/px4_msgs/msg/detail/trajectory_bezier__builder.hpp
[0.990s] -- Up-to-date: /root/colcon_ws/install/px4_msgs/include/px4_msgs/msg/detail/sensor_combined__struct.hpp
[0.990s] -- Up-to-date: /root/colcon_ws/install/px4_msgs/include/px4_msgs/msg/detail/vehicle_local_position__builder.hpp
[0.990s] -- Up-to-date: /root/colcon_ws/install/px4_msgs/include/px4_msgs/msg/detail/onboard_computer_status__traits.hpp
[0.990s] -- Up-to-date: /root/colcon_ws/install/px4_msgs/include/px4_msgs/msg/detail/vehicle_local_position__traits.hpp
[0.990s] -- Up-to-date: /root/colcon_ws/install/px4_msgs/include/px4_msgs/msg/detail/vehicle_odometry__struct.hpp
[0.990s] -- Up-to-date: /root/colcon_ws/install/px4_msgs/include/px4_msgs/msg/detail/obstacle_distance__struct.hpp
[0.990s] -- Up-to-date: /root/colcon_ws/install/px4_msgs/include/px4_msgs/msg/detail/offboard_control_mode__traits.hpp
[0.990s] -- Up-to-date: /root/colcon_ws/install/px4_msgs/include/px4_msgs/msg/detail/collision_constraints__struct.hpp
[0.990s] -- Up-to-date: /root/colcon_ws/install/px4_msgs/include/px4_msgs/msg/detail/parameter_res__builder.hpp
[0.990s] -- Up-to-date: /root/colcon_ws/install/px4_msgs/include/px4_msgs/msg/detail/vehicle_status__builder.hpp
[0.990s] -- Up-to-date: /root/colcon_ws/install/px4_msgs/include/px4_msgs/msg/detail/onboard_computer_status__struct.hpp
[0.990s] -- Up-to-date: /root/colcon_ws/install/px4_msgs/include/px4_msgs/msg/detail/telemetry_status__traits.hpp
[0.990s] -- Up-to-date: /root/colcon_ws/install/px4_msgs/include/px4_msgs/msg/parameter_req.hpp
[0.990s] -- Up-to-date: /root/colcon_ws/install/px4_msgs/include/px4_msgs/msg/commander_status.hpp
[0.990s] -- Up-to-date: /root/colcon_ws/install/px4_msgs/include/px4_msgs/msg/vehicle_local_position.hpp
[0.991s] -- Up-to-date: /root/colcon_ws/install/px4_msgs/include/px4_msgs/msg/vehicle_trajectory_waypoint.hpp
[0.991s] -- Up-to-date: /root/colcon_ws/install/px4_msgs/include/px4_msgs/msg/obstacle_distance.hpp
[0.991s] -- Up-to-date: /root/colcon_ws/install/px4_msgs/include/px4_msgs/msg/vehicle_odometry.hpp
[0.991s] -- Up-to-date: /root/colcon_ws/install/px4_msgs/include/px4_msgs/msg/vehicle_trajectory_bezier.hpp
[0.991s] -- Up-to-date: /root/colcon_ws/install/px4_msgs/include/px4_msgs/msg/timesync_status.hpp
[0.991s] -- Up-to-date: /root/colcon_ws/install/px4_msgs/include/px4_msgs/msg/onboard_computer_status.hpp
[0.991s] -- Up-to-date: /root/colcon_ws/install/px4_msgs/include/px4_msgs/msg/vehicle_angular_velocity.hpp
[0.991s] -- Up-to-date: /root/colcon_ws/install/px4_msgs/include/px4_msgs/msg/trajectory_setpoint.hpp
[0.991s] -- Up-to-date: /root/colcon_ws/install/px4_msgs/include/px4_msgs/msg/sensor_combined.hpp
[0.991s] -- Up-to-date: /root/colcon_ws/install/px4_msgs/include/px4_msgs/msg/commander_set_state.hpp
[0.991s] -- Up-to-date: /root/colcon_ws/install/px4_msgs/include/px4_msgs/msg/vehicle_global_position.hpp
[0.991s] -- Up-to-date: /root/colcon_ws/install/px4_msgs/include/px4_msgs/msg/sensor_optical_flow.hpp
[0.991s] -- Up-to-date: /root/colcon_ws/install/px4_msgs/include/px4_msgs/msg/offboard_control_mode.hpp
[0.991s] -- Up-to-date: /root/colcon_ws/install/px4_msgs/include/px4_msgs/msg/telemetry_status.hpp
[0.991s] -- Up-to-date: /root/colcon_ws/install/px4_msgs/include/px4_msgs/msg/sensor_gps.hpp
[0.991s] -- Up-to-date: /root/colcon_ws/install/px4_msgs/include/px4_msgs/msg/vehicle_rates_setpoint.hpp
[0.992s] -- Up-to-date: /root/colcon_ws/install/px4_msgs/include/px4_msgs/msg/debug_vect.hpp
[0.992s] -- Up-to-date: /root/colcon_ws/install/px4_msgs/include/px4_msgs/msg/action_request.hpp
[0.992s] -- Up-to-date: /root/colcon_ws/install/px4_msgs/include/px4_msgs/msg/failsafe_flags.hpp
[0.992s] -- Up-to-date: /root/colcon_ws/install/px4_msgs/include/px4_msgs/msg/vehicle_control_mode.hpp
[0.992s] -- Up-to-date: /root/colcon_ws/install/px4_msgs/include/px4_msgs/msg/collision_constraints.hpp
[0.992s] -- Up-to-date: /root/colcon_ws/install/px4_msgs/include/px4_msgs/msg/trajectory_bezier.hpp
[0.992s] -- Up-to-date: /root/colcon_ws/install/px4_msgs/include/px4_msgs/msg/vehicle_command.hpp
[0.992s] -- Up-to-date: /root/colcon_ws/install/px4_msgs/include/px4_msgs/msg/trajectory_waypoint.hpp
[0.992s] -- Up-to-date: /root/colcon_ws/install/px4_msgs/include/px4_msgs/msg/parameter_res.hpp
[0.992s] -- Up-to-date: /root/colcon_ws/install/px4_msgs/include/px4_msgs
[0.992s] -- Up-to-date: /root/colcon_ws/install/px4_msgs/include/px4_msgs/msg
[0.992s] -- Up-to-date: /root/colcon_ws/install/px4_msgs/include/px4_msgs/msg/detail
[0.992s] -- Up-to-date: /root/colcon_ws/install/px4_msgs/include/px4_msgs/msg/detail/vehicle_status__type_support.cpp
[0.992s] -- Up-to-date: /root/colcon_ws/install/px4_msgs/include/px4_msgs/msg/detail/telemetry_status__type_support.cpp
[0.992s] -- Up-to-date: /root/colcon_ws/install/px4_msgs/include/px4_msgs/msg/detail/failsafe_flags__type_support.cpp
[0.992s] -- Up-to-date: /root/colcon_ws/install/px4_msgs/include/px4_msgs/msg/detail/commander_set_state__type_support.cpp
[0.992s] -- Up-to-date: /root/colcon_ws/install/px4_msgs/include/px4_msgs/msg/detail/vehicle_attitude_setpoint__type_support.cpp
[0.993s] -- Up-to-date: /root/colcon_ws/install/px4_msgs/include/px4_msgs/msg/detail/vehicle_attitude__type_support.cpp
[0.993s] -- Up-to-date: /root/colcon_ws/install/px4_msgs/include/px4_msgs/msg/detail/trajectory_setpoint__type_support.cpp
[0.993s] -- Up-to-date: /root/colcon_ws/install/px4_msgs/include/px4_msgs/msg/detail/vehicle_rates_setpoint__type_support.cpp
[0.993s] -- Up-to-date: /root/colcon_ws/install/px4_msgs/include/px4_msgs/msg/detail/action_request__type_support.cpp
[0.993s] -- Up-to-date: /root/colcon_ws/install/px4_msgs/include/px4_msgs/msg/detail/sensor_gps__rosidl_typesupport_introspection_cpp.hpp
[0.993s] -- Up-to-date: /root/colcon_ws/install/px4_msgs/include/px4_msgs/msg/detail/debug_vect__rosidl_typesupport_introspection_cpp.hpp
[0.993s] -- Up-to-date: /root/colcon_ws/install/px4_msgs/include/px4_msgs/msg/detail/vehicle_odometry__type_support.cpp
[0.993s] -- Up-to-date: /root/colcon_ws/install/px4_msgs/include/px4_msgs/msg/detail/action_request__rosidl_typesupport_introspection_cpp.hpp
[0.993s] -- Up-to-date: /root/colcon_ws/install/px4_msgs/include/px4_msgs/msg/detail/timesync_status__type_support.cpp
[0.993s] -- Up-to-date: /root/colcon_ws/install/px4_msgs/include/px4_msgs/msg/detail/trajectory_setpoint__rosidl_typesupport_introspection_cpp.hpp
[0.993s] -- Up-to-date: /root/colcon_ws/install/px4_msgs/include/px4_msgs/msg/detail/vehicle_trajectory_waypoint__type_support.cpp
[0.993s] -- Up-to-date: /root/colcon_ws/install/px4_msgs/include/px4_msgs/msg/detail/parameter_res__type_support.cpp
[0.993s] -- Up-to-date: /root/colcon_ws/install/px4_msgs/include/px4_msgs/msg/detail/vehicle_command__type_support.cpp
[0.994s] -- Up-to-date: /root/colcon_ws/install/px4_msgs/include/px4_msgs/msg/detail/sensor_optical_flow__rosidl_typesupport_introspection_cpp.hpp
[0.994s] -- Up-to-date: /root/colcon_ws/install/px4_msgs/include/px4_msgs/msg/detail/vehicle_trajectory_waypoint__rosidl_typesupport_introspection_cpp.hpp
[0.994s] -- Up-to-date: /root/colcon_ws/install/px4_msgs/include/px4_msgs/msg/detail/commander_status__type_support.cpp
[0.994s] -- Up-to-date: /root/colcon_ws/install/px4_msgs/include/px4_msgs/msg/detail/offboard_control_mode__rosidl_typesupport_introspection_cpp.hpp
[0.994s] -- Up-to-date: /root/colcon_ws/install/px4_msgs/include/px4_msgs/msg/detail/trajectory_bezier__type_support.cpp
[0.994s] -- Up-to-date: /root/colcon_ws/install/px4_msgs/include/px4_msgs/msg/detail/debug_vect__type_support.cpp
[0.994s] -- Up-to-date: /root/colcon_ws/install/px4_msgs/include/px4_msgs/msg/detail/vehicle_local_position__rosidl_typesupport_introspection_cpp.hpp
[0.994s] -- Up-to-date: /root/colcon_ws/install/px4_msgs/include/px4_msgs/msg/detail/vehicle_attitude_setpoint__rosidl_typesupport_introspection_cpp.hpp
[0.994s] -- Up-to-date: /root/colcon_ws/install/px4_msgs/include/px4_msgs/msg/detail/collision_constraints__type_support.cpp
[0.994s] -- Up-to-date: /root/colcon_ws/install/px4_msgs/include/px4_msgs/msg/detail/vehicle_angular_velocity__type_support.cpp
[0.994s] -- Up-to-date: /root/colcon_ws/install/px4_msgs/include/px4_msgs/msg/detail/failsafe_flags__rosidl_typesupport_introspection_cpp.hpp
[0.994s] -- Up-to-date: /root/colcon_ws/install/px4_msgs/include/px4_msgs/msg/detail/vehicle_local_position__type_support.cpp
[0.994s] -- Up-to-date: /root/colcon_ws/install/px4_msgs/include/px4_msgs/msg/detail/vehicle_status__rosidl_typesupport_introspection_cpp.hpp
[0.994s] -- Up-to-date: /root/colcon_ws/install/px4_msgs/include/px4_msgs/msg/detail/offboard_control_mode__type_support.cpp
[0.994s] -- Up-to-date: /root/colcon_ws/install/px4_msgs/include/px4_msgs/msg/detail/sensor_optical_flow__type_support.cpp
[0.994s] -- Up-to-date: /root/colcon_ws/install/px4_msgs/include/px4_msgs/msg/detail/vehicle_angular_velocity__rosidl_typesupport_introspection_cpp.hpp
[0.995s] -- Up-to-date: /root/colcon_ws/install/px4_msgs/include/px4_msgs/msg/detail/vehicle_global_position__type_support.cpp
[0.995s] -- Up-to-date: /root/colcon_ws/install/px4_msgs/include/px4_msgs/msg/detail/vehicle_trajectory_bezier__type_support.cpp
[0.995s] -- Up-to-date: /root/colcon_ws/install/px4_msgs/include/px4_msgs/msg/detail/vehicle_rates_setpoint__rosidl_typesupport_introspection_cpp.hpp
[0.995s] -- Up-to-date: /root/colcon_ws/install/px4_msgs/include/px4_msgs/msg/detail/timesync_status__rosidl_typesupport_introspection_cpp.hpp
[0.995s] -- Up-to-date: /root/colcon_ws/install/px4_msgs/include/px4_msgs/msg/detail/onboard_computer_status__rosidl_typesupport_introspection_cpp.hpp
[0.995s] -- Up-to-date: /root/colcon_ws/install/px4_msgs/include/px4_msgs/msg/detail/vehicle_global_position__rosidl_typesupport_introspection_cpp.hpp
[0.995s] -- Up-to-date: /root/colcon_ws/install/px4_msgs/include/px4_msgs/msg/detail/vehicle_command__rosidl_typesupport_introspection_cpp.hpp
[0.995s] -- Up-to-date: /root/colcon_ws/install/px4_msgs/include/px4_msgs/msg/detail/collision_constraints__rosidl_typesupport_introspection_cpp.hpp
[0.995s] -- Up-to-date: /root/colcon_ws/install/px4_msgs/include/px4_msgs/msg/detail/vehicle_control_mode__rosidl_typesupport_introspection_cpp.hpp
[0.995s] -- Up-to-date: /root/colcon_ws/install/px4_msgs/include/px4_msgs/msg/detail/sensor_combined__type_support.cpp
[0.995s] -- Up-to-date: /root/colcon_ws/install/px4_msgs/include/px4_msgs/msg/detail/vehicle_trajectory_bezier__rosidl_typesupport_introspection_cpp.hpp
[0.995s] -- Up-to-date: /root/colcon_ws/install/px4_msgs/include/px4_msgs/msg/detail/parameter_req__type_support.cpp
[0.995s] -- Up-to-date: /root/colcon_ws/install/px4_msgs/include/px4_msgs/msg/detail/sensor_gps__type_support.cpp
[0.995s] -- Up-to-date: /root/colcon_ws/install/px4_msgs/include/px4_msgs/msg/detail/commander_status__rosidl_typesupport_introspection_cpp.hpp
[0.995s] -- Up-to-date: /root/colcon_ws/install/px4_msgs/include/px4_msgs/msg/detail/parameter_res__rosidl_typesupport_introspection_cpp.hpp
[0.995s] -- Up-to-date: /root/colcon_ws/install/px4_msgs/include/px4_msgs/msg/detail/onboard_computer_status__type_support.cpp
[0.995s] -- Up-to-date: /root/colcon_ws/install/px4_msgs/include/px4_msgs/msg/detail/vehicle_odometry__rosidl_typesupport_introspection_cpp.hpp
[0.995s] -- Up-to-date: /root/colcon_ws/install/px4_msgs/include/px4_msgs/msg/detail/vehicle_attitude__rosidl_typesupport_introspection_cpp.hpp
[0.996s] -- Up-to-date: /root/colcon_ws/install/px4_msgs/include/px4_msgs/msg/detail/obstacle_distance__type_support.cpp
[0.996s] -- Up-to-date: /root/colcon_ws/install/px4_msgs/include/px4_msgs/msg/detail/trajectory_waypoint__type_support.cpp
[0.996s] -- Up-to-date: /root/colcon_ws/install/px4_msgs/include/px4_msgs/msg/detail/vehicle_control_mode__type_support.cpp
[0.996s] -- Up-to-date: /root/colcon_ws/install/px4_msgs/include/px4_msgs/msg/detail/obstacle_distance__rosidl_typesupport_introspection_cpp.hpp
[0.996s] -- Up-to-date: /root/colcon_ws/install/px4_msgs/include/px4_msgs/msg/detail/parameter_req__rosidl_typesupport_introspection_cpp.hpp
[0.996s] -- Up-to-date: /root/colcon_ws/install/px4_msgs/include/px4_msgs/msg/detail/commander_set_state__rosidl_typesupport_introspection_cpp.hpp
[0.996s] -- Up-to-date: /root/colcon_ws/install/px4_msgs/include/px4_msgs/msg/detail/trajectory_bezier__rosidl_typesupport_introspection_cpp.hpp
[0.996s] -- Up-to-date: /root/colcon_ws/install/px4_msgs/include/px4_msgs/msg/detail/telemetry_status__rosidl_typesupport_introspection_cpp.hpp
[0.996s] -- Up-to-date: /root/colcon_ws/install/px4_msgs/include/px4_msgs/msg/detail/trajectory_waypoint__rosidl_typesupport_introspection_cpp.hpp
[0.996s] -- Up-to-date: /root/colcon_ws/install/px4_msgs/include/px4_msgs/msg/detail/sensor_combined__rosidl_typesupport_introspection_cpp.hpp
[0.996s] -- Up-to-date: /root/colcon_ws/install/px4_msgs/lib/libpx4_msgs__rosidl_typesupport_introspection_cpp.so
[0.996s] -- Up-to-date: /root/colcon_ws/install/px4_msgs/lib/libpx4_msgs__rosidl_typesupport_cpp.so
[0.996s] -- Up-to-date: /root/colcon_ws/install/px4_msgs/share/px4_msgs/environment/pythonpath.sh
[0.996s] -- Up-to-date: /root/colcon_ws/install/px4_msgs/share/px4_msgs/environment/pythonpath.dsv
[0.996s] -- Up-to-date: /root/colcon_ws/install/px4_msgs/lib/python3.8/site-packages/px4_msgs/__init__.py
[1.006s] -- Up-to-date: /root/colcon_ws/install/px4_msgs/lib/python3.8/site-packages/px4_msgs/msg
[1.006s] -- Up-to-date: /root/colcon_ws/install/px4_msgs/lib/python3.8/site-packages/px4_msgs/msg/_telemetry_status_s.c
[1.006s] -- Up-to-date: /root/colcon_ws/install/px4_msgs/lib/python3.8/site-packages/px4_msgs/msg/_commander_status_s.c
[1.007s] -- Up-to-date: /root/colcon_ws/install/px4_msgs/lib/python3.8/site-packages/px4_msgs/msg/_timesync_status_s.c
[1.007s] -- Up-to-date: /root/colcon_ws/install/px4_msgs/lib/python3.8/site-packages/px4_msgs/msg/_vehicle_attitude.py
[1.007s] -- Up-to-date: /root/colcon_ws/install/px4_msgs/lib/python3.8/site-packages/px4_msgs/msg/_vehicle_control_mode_s.c
[1.007s] -- Up-to-date: /root/colcon_ws/install/px4_msgs/lib/python3.8/site-packages/px4_msgs/msg/_parameter_res_s.c
[1.007s] -- Up-to-date: /root/colcon_ws/install/px4_msgs/lib/python3.8/site-packages/px4_msgs/msg/_sensor_gps_s.c
[1.007s] -- Up-to-date: /root/colcon_ws/install/px4_msgs/lib/python3.8/site-packages/px4_msgs/msg/_vehicle_status.py
[1.007s] -- Up-to-date: /root/colcon_ws/install/px4_msgs/lib/python3.8/site-packages/px4_msgs/msg/_timesync_status.py
[1.007s] -- Up-to-date: /root/colcon_ws/install/px4_msgs/lib/python3.8/site-packages/px4_msgs/msg/_sensor_optical_flow.py
[1.007s] -- Up-to-date: /root/colcon_ws/install/px4_msgs/lib/python3.8/site-packages/px4_msgs/msg/_sensor_combined.py
[1.007s] -- Up-to-date: /root/colcon_ws/install/px4_msgs/lib/python3.8/site-packages/px4_msgs/msg/_vehicle_local_position.py
[1.008s] -- Up-to-date: /root/colcon_ws/install/px4_msgs/lib/python3.8/site-packages/px4_msgs/msg/_parameter_req_s.c
[1.008s] -- Up-to-date: /root/colcon_ws/install/px4_msgs/lib/python3.8/site-packages/px4_msgs/msg/_telemetry_status.py
[1.008s] -- Up-to-date: /root/colcon_ws/install/px4_msgs/lib/python3.8/site-packages/px4_msgs/msg/_debug_vect_s.c
[1.008s] -- Up-to-date: /root/colcon_ws/install/px4_msgs/lib/python3.8/site-packages/px4_msgs/msg/_parameter_res.py
[1.008s] -- Up-to-date: /root/colcon_ws/install/px4_msgs/lib/python3.8/site-packages/px4_msgs/msg/_vehicle_attitude_s.c
[1.008s] -- Up-to-date: /root/colcon_ws/install/px4_msgs/lib/python3.8/site-packages/px4_msgs/msg/_vehicle_command_s.c
[1.008s] -- Up-to-date: /root/colcon_ws/install/px4_msgs/lib/python3.8/site-packages/px4_msgs/msg/_action_request_s.c
[1.008s] -- Up-to-date: /root/colcon_ws/install/px4_msgs/lib/python3.8/site-packages/px4_msgs/msg/_trajectory_bezier_s.c
[1.008s] -- Up-to-date: /root/colcon_ws/install/px4_msgs/lib/python3.8/site-packages/px4_msgs/msg/_onboard_computer_status.py
[1.008s] -- Up-to-date: /root/colcon_ws/install/px4_msgs/lib/python3.8/site-packages/px4_msgs/msg/_vehicle_trajectory_waypoint.py
[1.008s] -- Up-to-date: /root/colcon_ws/install/px4_msgs/lib/python3.8/site-packages/px4_msgs/msg/_trajectory_bezier.py
[1.008s] -- Up-to-date: /root/colcon_ws/install/px4_msgs/lib/python3.8/site-packages/px4_msgs/msg/_vehicle_odometry.py
[1.008s] -- Up-to-date: /root/colcon_ws/install/px4_msgs/lib/python3.8/site-packages/px4_msgs/msg/_vehicle_angular_velocity_s.c
[1.009s] -- Up-to-date: /root/colcon_ws/install/px4_msgs/lib/python3.8/site-packages/px4_msgs/msg/_sensor_combined_s.c
[1.009s] -- Up-to-date: /root/colcon_ws/install/px4_msgs/lib/python3.8/site-packages/px4_msgs/msg/_obstacle_distance_s.c
[1.009s] -- Up-to-date: /root/colcon_ws/install/px4_msgs/lib/python3.8/site-packages/px4_msgs/msg/_trajectory_waypoint.py
[1.009s] -- Up-to-date: /root/colcon_ws/install/px4_msgs/lib/python3.8/site-packages/px4_msgs/msg/_action_request.py
[1.009s] -- Up-to-date: /root/colcon_ws/install/px4_msgs/lib/python3.8/site-packages/px4_msgs/msg/_trajectory_waypoint_s.c
[1.009s] -- Up-to-date: /root/colcon_ws/install/px4_msgs/lib/python3.8/site-packages/px4_msgs/msg/_vehicle_attitude_setpoint.py
[1.009s] -- Up-to-date: /root/colcon_ws/install/px4_msgs/lib/python3.8/site-packages/px4_msgs/msg/_vehicle_rates_setpoint_s.c
[1.009s] -- Up-to-date: /root/colcon_ws/install/px4_msgs/lib/python3.8/site-packages/px4_msgs/msg/_vehicle_rates_setpoint.py
[1.009s] -- Up-to-date: /root/colcon_ws/install/px4_msgs/lib/python3.8/site-packages/px4_msgs/msg/_sensor_gps.py
[1.009s] -- Up-to-date: /root/colcon_ws/install/px4_msgs/lib/python3.8/site-packages/px4_msgs/msg/_vehicle_status_s.c
[1.010s] -- Up-to-date: /root/colcon_ws/install/px4_msgs/lib/python3.8/site-packages/px4_msgs/msg/_commander_set_state_s.c
[1.010s] -- Up-to-date: /root/colcon_ws/install/px4_msgs/lib/python3.8/site-packages/px4_msgs/msg/_collision_constraints_s.c
[1.010s] -- Up-to-date: /root/colcon_ws/install/px4_msgs/lib/python3.8/site-packages/px4_msgs/msg/_vehicle_global_position.py
[1.010s] -- Up-to-date: /root/colcon_ws/install/px4_msgs/lib/python3.8/site-packages/px4_msgs/msg/_debug_vect.py
[1.010s] -- Up-to-date: /root/colcon_ws/install/px4_msgs/lib/python3.8/site-packages/px4_msgs/msg/_vehicle_command.py
[1.010s] -- Up-to-date: /root/colcon_ws/install/px4_msgs/lib/python3.8/site-packages/px4_msgs/msg/_trajectory_setpoint.py
[1.010s] -- Up-to-date: /root/colcon_ws/install/px4_msgs/lib/python3.8/site-packages/px4_msgs/msg/_vehicle_attitude_setpoint_s.c
[1.010s] -- Up-to-date: /root/colcon_ws/install/px4_msgs/lib/python3.8/site-packages/px4_msgs/msg/_vehicle_global_position_s.c
[1.010s] -- Up-to-date: /root/colcon_ws/install/px4_msgs/lib/python3.8/site-packages/px4_msgs/msg/_commander_status.py
[1.010s] -- Up-to-date: /root/colcon_ws/install/px4_msgs/lib/python3.8/site-packages/px4_msgs/msg/_vehicle_angular_velocity.py
[1.010s] -- Up-to-date: /root/colcon_ws/install/px4_msgs/lib/python3.8/site-packages/px4_msgs/msg/_offboard_control_mode_s.c
[1.011s] -- Up-to-date: /root/colcon_ws/install/px4_msgs/lib/python3.8/site-packages/px4_msgs/msg/_parameter_req.py
[1.011s] -- Up-to-date: /root/colcon_ws/install/px4_msgs/lib/python3.8/site-packages/px4_msgs/msg/_vehicle_local_position_s.c
[1.011s] -- Up-to-date: /root/colcon_ws/install/px4_msgs/lib/python3.8/site-packages/px4_msgs/msg/_vehicle_trajectory_bezier.py
[1.011s] -- Up-to-date: /root/colcon_ws/install/px4_msgs/lib/python3.8/site-packages/px4_msgs/msg/__init__.py
[1.011s] -- Up-to-date: /root/colcon_ws/install/px4_msgs/lib/python3.8/site-packages/px4_msgs/msg/_collision_constraints.py
[1.011s] -- Up-to-date: /root/colcon_ws/install/px4_msgs/lib/python3.8/site-packages/px4_msgs/msg/_trajectory_setpoint_s.c
[1.011s] -- Up-to-date: /root/colcon_ws/install/px4_msgs/lib/python3.8/site-packages/px4_msgs/msg/_vehicle_control_mode.py
[1.011s] -- Up-to-date: /root/colcon_ws/install/px4_msgs/lib/python3.8/site-packages/px4_msgs/msg/_sensor_optical_flow_s.c
[1.011s] -- Up-to-date: /root/colcon_ws/install/px4_msgs/lib/python3.8/site-packages/px4_msgs/msg/_failsafe_flags_s.c
[1.011s] -- Up-to-date: /root/colcon_ws/install/px4_msgs/lib/python3.8/site-packages/px4_msgs/msg/_vehicle_trajectory_waypoint_s.c
[1.012s] -- Up-to-date: /root/colcon_ws/install/px4_msgs/lib/python3.8/site-packages/px4_msgs/msg/_vehicle_odometry_s.c
[1.012s] -- Up-to-date: /root/colcon_ws/install/px4_msgs/lib/python3.8/site-packages/px4_msgs/msg/_offboard_control_mode.py
[1.012s] -- Up-to-date: /root/colcon_ws/install/px4_msgs/lib/python3.8/site-packages/px4_msgs/msg/_vehicle_trajectory_bezier_s.c
[1.012s] -- Up-to-date: /root/colcon_ws/install/px4_msgs/lib/python3.8/site-packages/px4_msgs/msg/_onboard_computer_status_s.c
[1.012s] -- Up-to-date: /root/colcon_ws/install/px4_msgs/lib/python3.8/site-packages/px4_msgs/msg/_obstacle_distance.py
[1.012s] -- Up-to-date: /root/colcon_ws/install/px4_msgs/lib/python3.8/site-packages/px4_msgs/msg/_commander_set_state.py
[1.012s] -- Up-to-date: /root/colcon_ws/install/px4_msgs/lib/python3.8/site-packages/px4_msgs/msg/_failsafe_flags.py
[1.012s] -- Up-to-date: /root/colcon_ws/install/px4_msgs/lib/python3.8/site-packages/px4_msgs/px4_msgs_s__rosidl_typesupport_fastrtps_c.cpython-38-x86_64-linux-gnu.so
[1.013s] -- Up-to-date: /root/colcon_ws/install/px4_msgs/lib/python3.8/site-packages/px4_msgs/px4_msgs_s__rosidl_typesupport_introspection_c.cpython-38-x86_64-linux-gnu.so
[1.014s] -- Up-to-date: /root/colcon_ws/install/px4_msgs/lib/python3.8/site-packages/px4_msgs/px4_msgs_s__rosidl_typesupport_c.cpython-38-x86_64-linux-gnu.so
[1.015s] -- Up-to-date: /root/colcon_ws/install/px4_msgs/lib/libpx4_msgs__python.so
[1.015s] -- Up-to-date: /root/colcon_ws/install/px4_msgs/share/px4_msgs/msg/ActionRequest.idl
[1.015s] -- Up-to-date: /root/colcon_ws/install/px4_msgs/share/px4_msgs/msg/CollisionConstraints.idl
[1.015s] -- Up-to-date: /root/colcon_ws/install/px4_msgs/share/px4_msgs/msg/CommanderSetState.idl
[1.016s] -- Up-to-date: /root/colcon_ws/install/px4_msgs/share/px4_msgs/msg/CommanderStatus.idl
[1.016s] -- Up-to-date: /root/colcon_ws/install/px4_msgs/share/px4_msgs/msg/DebugVect.idl
[1.016s] -- Up-to-date: /root/colcon_ws/install/px4_msgs/share/px4_msgs/msg/FailsafeFlags.idl
[1.016s] -- Up-to-date: /root/colcon_ws/install/px4_msgs/share/px4_msgs/msg/ObstacleDistance.idl
[1.017s] -- Up-to-date: /root/colcon_ws/install/px4_msgs/share/px4_msgs/msg/OffboardControlMode.idl
[1.017s] -- Up-to-date: /root/colcon_ws/install/px4_msgs/share/px4_msgs/msg/OnboardComputerStatus.idl
[1.017s] -- Up-to-date: /root/colcon_ws/install/px4_msgs/share/px4_msgs/msg/ParameterReq.idl
[1.018s] -- Up-to-date: /root/colcon_ws/install/px4_msgs/share/px4_msgs/msg/ParameterRes.idl
[1.018s] -- Up-to-date: /root/colcon_ws/install/px4_msgs/share/px4_msgs/msg/SensorCombined.idl
[1.018s] -- Up-to-date: /root/colcon_ws/install/px4_msgs/share/px4_msgs/msg/SensorGps.idl
[1.018s] -- Up-to-date: /root/colcon_ws/install/px4_msgs/share/px4_msgs/msg/SensorOpticalFlow.idl
[1.018s] -- Up-to-date: /root/colcon_ws/install/px4_msgs/share/px4_msgs/msg/TelemetryStatus.idl
[1.018s] -- Up-to-date: /root/colcon_ws/install/px4_msgs/share/px4_msgs/msg/TimesyncStatus.idl
[1.019s] -- Up-to-date: /root/colcon_ws/install/px4_msgs/share/px4_msgs/msg/TrajectoryBezier.idl
[1.019s] -- Up-to-date: /root/colcon_ws/install/px4_msgs/share/px4_msgs/msg/TrajectorySetpoint.idl
[1.019s] -- Up-to-date: /root/colcon_ws/install/px4_msgs/share/px4_msgs/msg/TrajectoryWaypoint.idl
[1.019s] -- Up-to-date: /root/colcon_ws/install/px4_msgs/share/px4_msgs/msg/VehicleAngularVelocity.idl
[1.019s] -- Up-to-date: /root/colcon_ws/install/px4_msgs/share/px4_msgs/msg/VehicleAttitude.idl
[1.019s] -- Up-to-date: /root/colcon_ws/install/px4_msgs/share/px4_msgs/msg/VehicleAttitudeSetpoint.idl
[1.019s] -- Up-to-date: /root/colcon_ws/install/px4_msgs/share/px4_msgs/msg/VehicleCommand.idl
[1.019s] -- Up-to-date: /root/colcon_ws/install/px4_msgs/share/px4_msgs/msg/VehicleControlMode.idl
[1.019s] -- Up-to-date: /root/colcon_ws/install/px4_msgs/share/px4_msgs/msg/VehicleGlobalPosition.idl
[1.019s] -- Up-to-date: /root/colcon_ws/install/px4_msgs/share/px4_msgs/msg/VehicleLocalPosition.idl
[1.020s] -- Up-to-date: /root/colcon_ws/install/px4_msgs/share/px4_msgs/msg/VehicleOdometry.idl
[1.020s] -- Up-to-date: /root/colcon_ws/install/px4_msgs/share/px4_msgs/msg/VehicleRatesSetpoint.idl
[1.020s] -- Up-to-date: /root/colcon_ws/install/px4_msgs/share/px4_msgs/msg/VehicleStatus.idl
[1.020s] -- Up-to-date: /root/colcon_ws/install/px4_msgs/share/px4_msgs/msg/VehicleTrajectoryBezier.idl
[1.020s] -- Up-to-date: /root/colcon_ws/install/px4_msgs/share/px4_msgs/msg/VehicleTrajectoryWaypoint.idl
[1.020s] -- Up-to-date: /root/colcon_ws/install/px4_msgs/share/px4_msgs/msg/ActionRequest.msg
[1.021s] -- Up-to-date: /root/colcon_ws/install/px4_msgs/share/px4_msgs/msg/CollisionConstraints.msg
[1.021s] -- Up-to-date: /root/colcon_ws/install/px4_msgs/share/px4_msgs/msg/CommanderSetState.msg
[1.021s] -- Up-to-date: /root/colcon_ws/install/px4_msgs/share/px4_msgs/msg/CommanderStatus.msg
[1.021s] -- Up-to-date: /root/colcon_ws/install/px4_msgs/share/px4_msgs/msg/DebugVect.msg
[1.021s] -- Up-to-date: /root/colcon_ws/install/px4_msgs/share/px4_msgs/msg/FailsafeFlags.msg
[1.021s] -- Up-to-date: /root/colcon_ws/install/px4_msgs/share/px4_msgs/msg/ObstacleDistance.msg
[1.021s] -- Up-to-date: /root/colcon_ws/install/px4_msgs/share/px4_msgs/msg/OffboardControlMode.msg
[1.022s] -- Up-to-date: /root/colcon_ws/install/px4_msgs/share/px4_msgs/msg/OnboardComputerStatus.msg
[1.022s] -- Up-to-date: /root/colcon_ws/install/px4_msgs/share/px4_msgs/msg/ParameterReq.msg
[1.022s] -- Up-to-date: /root/colcon_ws/install/px4_msgs/share/px4_msgs/msg/ParameterRes.msg
[1.022s] -- Up-to-date: /root/colcon_ws/install/px4_msgs/share/px4_msgs/msg/SensorCombined.msg
[1.023s] -- Up-to-date: /root/colcon_ws/install/px4_msgs/share/px4_msgs/msg/SensorGps.msg
[1.023s] -- Up-to-date: /root/colcon_ws/install/px4_msgs/share/px4_msgs/msg/SensorOpticalFlow.msg
[1.023s] -- Up-to-date: /root/colcon_ws/install/px4_msgs/share/px4_msgs/msg/TelemetryStatus.msg
[1.023s] -- Up-to-date: /root/colcon_ws/install/px4_msgs/share/px4_msgs/msg/TimesyncStatus.msg
[1.023s] -- Up-to-date: /root/colcon_ws/install/px4_msgs/share/px4_msgs/msg/TrajectoryBezier.msg
[1.023s] -- Up-to-date: /root/colcon_ws/install/px4_msgs/share/px4_msgs/msg/TrajectorySetpoint.msg
[1.023s] -- Up-to-date: /root/colcon_ws/install/px4_msgs/share/px4_msgs/msg/TrajectoryWaypoint.msg
[1.023s] -- Up-to-date: /root/colcon_ws/install/px4_msgs/share/px4_msgs/msg/VehicleAngularVelocity.msg
[1.023s] -- Up-to-date: /root/colcon_ws/install/px4_msgs/share/px4_msgs/msg/VehicleAttitude.msg
[1.024s] -- Up-to-date: /root/colcon_ws/install/px4_msgs/share/px4_msgs/msg/VehicleAttitudeSetpoint.msg
[1.024s] -- Up-to-date: /root/colcon_ws/install/px4_msgs/share/px4_msgs/msg/VehicleCommand.msg
[1.024s] -- Up-to-date: /root/colcon_ws/install/px4_msgs/share/px4_msgs/msg/VehicleControlMode.msg
[1.024s] -- Up-to-date: /root/colcon_ws/install/px4_msgs/share/px4_msgs/msg/VehicleGlobalPosition.msg
[1.024s] -- Up-to-date: /root/colcon_ws/install/px4_msgs/share/px4_msgs/msg/VehicleLocalPosition.msg
[1.024s] -- Up-to-date: /root/colcon_ws/install/px4_msgs/share/px4_msgs/msg/VehicleOdometry.msg
[1.024s] -- Up-to-date: /root/colcon_ws/install/px4_msgs/share/px4_msgs/msg/VehicleRatesSetpoint.msg
[1.024s] -- Up-to-date: /root/colcon_ws/install/px4_msgs/share/px4_msgs/msg/VehicleStatus.msg
[1.024s] -- Up-to-date: /root/colcon_ws/install/px4_msgs/share/px4_msgs/msg/VehicleTrajectoryBezier.msg
[1.024s] -- Up-to-date: /root/colcon_ws/install/px4_msgs/share/px4_msgs/msg/VehicleTrajectoryWaypoint.msg
[1.024s] -- Up-to-date: /root/colcon_ws/install/px4_msgs/share/ament_index/resource_index/package_run_dependencies/px4_msgs
[1.024s] -- Up-to-date: /root/colcon_ws/install/px4_msgs/share/ament_index/resource_index/parent_prefix_path/px4_msgs
[1.024s] -- Up-to-date: /root/colcon_ws/install/px4_msgs/share/px4_msgs/environment/ament_prefix_path.sh
[1.024s] -- Up-to-date: /root/colcon_ws/install/px4_msgs/share/px4_msgs/environment/ament_prefix_path.dsv
[1.025s] -- Up-to-date: /root/colcon_ws/install/px4_msgs/share/px4_msgs/environment/path.sh
[1.025s] -- Up-to-date: /root/colcon_ws/install/px4_msgs/share/px4_msgs/environment/path.dsv
[1.025s] -- Up-to-date: /root/colcon_ws/install/px4_msgs/share/px4_msgs/local_setup.bash
[1.025s] -- Up-to-date: /root/colcon_ws/install/px4_msgs/share/px4_msgs/local_setup.sh
[1.025s] -- Up-to-date: /root/colcon_ws/install/px4_msgs/share/px4_msgs/local_setup.zsh
[1.025s] -- Up-to-date: /root/colcon_ws/install/px4_msgs/share/px4_msgs/local_setup.dsv
[1.025s] -- Installing: /root/colcon_ws/install/px4_msgs/share/px4_msgs/package.dsv
[1.025s] -- Up-to-date: /root/colcon_ws/install/px4_msgs/share/ament_index/resource_index/packages/px4_msgs
[1.025s] -- Up-to-date: /root/colcon_ws/install/px4_msgs/share/px4_msgs/cmake/px4_msgs__rosidl_generator_cExport.cmake
[1.025s] -- Up-to-date: /root/colcon_ws/install/px4_msgs/share/px4_msgs/cmake/px4_msgs__rosidl_generator_cExport-noconfig.cmake
[1.025s] -- Up-to-date: /root/colcon_ws/install/px4_msgs/share/px4_msgs/cmake/px4_msgs__rosidl_typesupport_introspection_cExport.cmake
[1.025s] -- Up-to-date: /root/colcon_ws/install/px4_msgs/share/px4_msgs/cmake/px4_msgs__rosidl_typesupport_introspection_cExport-noconfig.cmake
[1.026s] -- Up-to-date: /root/colcon_ws/install/px4_msgs/share/px4_msgs/cmake/px4_msgs__rosidl_typesupport_cExport.cmake
[1.026s] -- Up-to-date: /root/colcon_ws/install/px4_msgs/share/px4_msgs/cmake/px4_msgs__rosidl_typesupport_cExport-noconfig.cmake
[1.031s] -- Up-to-date: /root/colcon_ws/install/px4_msgs/share/px4_msgs/cmake/px4_msgs__rosidl_generator_cppExport.cmake
[1.031s] -- Up-to-date: /root/colcon_ws/install/px4_msgs/share/px4_msgs/cmake/px4_msgs__rosidl_typesupport_introspection_cppExport.cmake
[1.032s] -- Up-to-date: /root/colcon_ws/install/px4_msgs/share/px4_msgs/cmake/px4_msgs__rosidl_typesupport_introspection_cppExport-noconfig.cmake
[1.032s] -- Up-to-date: /root/colcon_ws/install/px4_msgs/share/px4_msgs/cmake/px4_msgs__rosidl_typesupport_cppExport.cmake
[1.032s] -- Up-to-date: /root/colcon_ws/install/px4_msgs/share/px4_msgs/cmake/px4_msgs__rosidl_typesupport_cppExport-noconfig.cmake
[1.032s] -- Up-to-date: /root/colcon_ws/install/px4_msgs/share/px4_msgs/cmake/rosidl_cmake-extras.cmake
[1.032s] -- Up-to-date: /root/colcon_ws/install/px4_msgs/share/px4_msgs/cmake/ament_cmake_export_dependencies-extras.cmake
[1.032s] -- Up-to-date: /root/colcon_ws/install/px4_msgs/share/px4_msgs/cmake/ament_cmake_export_libraries-extras.cmake
[1.032s] -- Up-to-date: /root/colcon_ws/install/px4_msgs/share/px4_msgs/cmake/ament_cmake_export_targets-extras.cmake
[1.032s] -- Up-to-date: /root/colcon_ws/install/px4_msgs/share/px4_msgs/cmake/ament_cmake_export_include_directories-extras.cmake
[1.032s] -- Up-to-date: /root/colcon_ws/install/px4_msgs/share/px4_msgs/cmake/rosidl_cmake_export_typesupport_libraries-extras.cmake
[1.033s] -- Up-to-date: /root/colcon_ws/install/px4_msgs/share/px4_msgs/cmake/rosidl_cmake_export_typesupport_targets-extras.cmake
[1.033s] -- Up-to-date: /root/colcon_ws/install/px4_msgs/share/px4_msgs/cmake/px4_msgsConfig.cmake
[1.033s] -- Up-to-date: /root/colcon_ws/install/px4_msgs/share/px4_msgs/cmake/px4_msgsConfig-version.cmake
[1.033s] -- Up-to-date: /root/colcon_ws/install/px4_msgs/share/px4_msgs/package.xml
[1.033s] Invoked command in '/root/colcon_ws/build/px4_msgs' returned '0': CMAKE_PREFIX_PATH=${CMAKE_PREFIX_PATH}:/opt/ros/foxy /usr/bin/cmake --install /root/colcon_ws/build/px4_msgs
