[0.199s] Invoking command in '/root/colcon_ws/build/px4_msgs': CMAKE_PREFIX_PATH=${CMAKE_PREFIX_PATH}:/opt/ros/foxy /usr/bin/cmake --build /root/colcon_ws/build/px4_msgs -- -j8 -l8
[2.988s] [  0%] Built target px4_msgs__cpp
[3.123s] [ 12%] Built target px4_msgs__rosidl_generator_c
[3.359s] [ 24%] Built target px4_msgs__rosidl_typesupport_fastrtps_cpp
[3.405s] [ 37%] Built target px4_msgs__rosidl_typesupport_introspection_cpp
[3.460s] [ 50%] Built target px4_msgs__rosidl_typesupport_introspection_c
[3.772s] [ 62%] Built target px4_msgs__rosidl_typesupport_c
[3.786s] [ 74%] Built target px4_msgs__rosidl_typesupport_cpp
[3.838s] [ 86%] Built target px4_msgs__rosidl_typesupport_fastrtps_c
[3.880s] [ 86%] Built target px4_msgs
[3.949s] [ 86%] Built target px4_msgs__py
[4.716s] [ 98%] Built target px4_msgs__python
[4.746s] [ 99%] Built target px4_msgs__rosidl_typesupport_fastrtps_c__pyext
[4.772s] [100%] Built target px4_msgs__rosidl_typesupport_c__pyext
[4.772s] [100%] Built target px4_msgs__rosidl_typesupport_introspection_c__pyext
[4.936s] Invoked command in '/root/colcon_ws/build/px4_msgs' returned '0': CMAKE_PREFIX_PATH=${CMAKE_PREFIX_PATH}:/opt/ros/foxy /usr/bin/cmake --build /root/colcon_ws/build/px4_msgs -- -j8 -l8
[5.583s] Invoking command in '/root/colcon_ws/build/px4_msgs': CMAKE_PREFIX_PATH=${CMAKE_PREFIX_PATH}:/opt/ros/foxy /usr/bin/cmake --install /root/colcon_ws/build/px4_msgs
[5.598s] -- Install configuration: ""
[5.598s] -- Up-to-date: /root/colcon_ws/install/px4_msgs/share/ament_index/resource_index/rosidl_interfaces/px4_msgs
[5.599s] -- Up-to-date: /root/colcon_ws/install/px4_msgs/include/px4_msgs
[5.599s] -- Up-to-date: /root/colcon_ws/install/px4_msgs/include/px4_msgs/msg
[5.600s] -- Up-to-date: /root/colcon_ws/install/px4_msgs/include/px4_msgs/msg/vehicle_trajectory_bezier.h
[5.600s] -- Up-to-date: /root/colcon_ws/install/px4_msgs/include/px4_msgs/msg/vehicle_attitude_setpoint.h
[5.600s] -- Up-to-date: /root/colcon_ws/install/px4_msgs/include/px4_msgs/msg/parameter_req.h
[5.600s] -- Up-to-date: /root/colcon_ws/install/px4_msgs/include/px4_msgs/msg/vehicle_local_position.h
[5.600s] -- Up-to-date: /root/colcon_ws/install/px4_msgs/include/px4_msgs/msg/collision_constraints.h
[5.600s] -- Up-to-date: /root/colcon_ws/install/px4_msgs/include/px4_msgs/msg/commander_set_state.h
[5.600s] -- Up-to-date: /root/colcon_ws/install/px4_msgs/include/px4_msgs/msg/offboard_control_mode.h
[5.600s] -- Up-to-date: /root/colcon_ws/install/px4_msgs/include/px4_msgs/msg/detail
[5.600s] -- Up-to-date: /root/colcon_ws/install/px4_msgs/include/px4_msgs/msg/detail/timesync_status__struct.h
[5.600s] -- Up-to-date: /root/colcon_ws/install/px4_msgs/include/px4_msgs/msg/detail/vehicle_odometry__functions.h
[5.600s] -- Up-to-date: /root/colcon_ws/install/px4_msgs/include/px4_msgs/msg/detail/vehicle_global_position__type_support.h
[5.601s] -- Up-to-date: /root/colcon_ws/install/px4_msgs/include/px4_msgs/msg/detail/obstacle_distance__type_support.h
[5.601s] -- Up-to-date: /root/colcon_ws/install/px4_msgs/include/px4_msgs/msg/detail/failsafe_flags__type_support.h
[5.601s] -- Up-to-date: /root/colcon_ws/install/px4_msgs/include/px4_msgs/msg/detail/telemetry_status__functions.c
[5.601s] -- Up-to-date: /root/colcon_ws/install/px4_msgs/include/px4_msgs/msg/detail/trajectory_waypoint__functions.c
[5.601s] -- Up-to-date: /root/colcon_ws/install/px4_msgs/include/px4_msgs/msg/detail/trajectory_setpoint__type_support.h
[5.601s] -- Up-to-date: /root/colcon_ws/install/px4_msgs/include/px4_msgs/msg/detail/vehicle_status__type_support.h
[5.601s] -- Up-to-date: /root/colcon_ws/install/px4_msgs/include/px4_msgs/msg/detail/vehicle_control_mode__struct.h
[5.601s] -- Up-to-date: /root/colcon_ws/install/px4_msgs/include/px4_msgs/msg/detail/vehicle_local_position__struct.h
[5.602s] -- Up-to-date: /root/colcon_ws/install/px4_msgs/include/px4_msgs/msg/detail/parameter_res__functions.c
[5.602s] -- Up-to-date: /root/colcon_ws/install/px4_msgs/include/px4_msgs/msg/detail/collision_constraints__functions.h
[5.602s] -- Up-to-date: /root/colcon_ws/install/px4_msgs/include/px4_msgs/msg/detail/trajectory_bezier__type_support.h
[5.602s] -- Up-to-date: /root/colcon_ws/install/px4_msgs/include/px4_msgs/msg/detail/vehicle_angular_velocity__functions.h
[5.602s] -- Up-to-date: /root/colcon_ws/install/px4_msgs/include/px4_msgs/msg/detail/vehicle_rates_setpoint__functions.c
[5.602s] -- Up-to-date: /root/colcon_ws/install/px4_msgs/include/px4_msgs/msg/detail/offboard_control_mode__functions.c
[5.602s] -- Up-to-date: /root/colcon_ws/install/px4_msgs/include/px4_msgs/msg/detail/onboard_computer_status__functions.h
[5.602s] -- Up-to-date: /root/colcon_ws/install/px4_msgs/include/px4_msgs/msg/detail/obstacle_distance__struct.h
[5.602s] -- Up-to-date: /root/colcon_ws/install/px4_msgs/include/px4_msgs/msg/detail/vehicle_trajectory_waypoint__type_support.h
[5.603s] -- Up-to-date: /root/colcon_ws/install/px4_msgs/include/px4_msgs/msg/detail/onboard_computer_status__struct.h
[5.603s] -- Up-to-date: /root/colcon_ws/install/px4_msgs/include/px4_msgs/msg/detail/commander_set_state__functions.h
[5.603s] -- Up-to-date: /root/colcon_ws/install/px4_msgs/include/px4_msgs/msg/detail/onboard_computer_status__functions.c
[5.603s] -- Up-to-date: /root/colcon_ws/install/px4_msgs/include/px4_msgs/msg/detail/debug_vect__functions.h
[5.603s] -- Up-to-date: /root/colcon_ws/install/px4_msgs/include/px4_msgs/msg/detail/vehicle_angular_velocity__functions.c
[5.603s] -- Up-to-date: /root/colcon_ws/install/px4_msgs/include/px4_msgs/msg/detail/vehicle_local_position__type_support.h
[5.603s] -- Up-to-date: /root/colcon_ws/install/px4_msgs/include/px4_msgs/msg/detail/action_request__functions.h
[5.603s] -- Up-to-date: /root/colcon_ws/install/px4_msgs/include/px4_msgs/msg/detail/vehicle_global_position__functions.h
[5.603s] -- Up-to-date: /root/colcon_ws/install/px4_msgs/include/px4_msgs/msg/detail/sensor_combined__functions.h
[5.603s] -- Up-to-date: /root/colcon_ws/install/px4_msgs/include/px4_msgs/msg/detail/telemetry_status__type_support.h
[5.604s] -- Up-to-date: /root/colcon_ws/install/px4_msgs/include/px4_msgs/msg/detail/vehicle_trajectory_waypoint__functions.h
[5.604s] -- Up-to-date: /root/colcon_ws/install/px4_msgs/include/px4_msgs/msg/detail/trajectory_bezier__functions.c
[5.604s] -- Up-to-date: /root/colcon_ws/install/px4_msgs/include/px4_msgs/msg/detail/collision_constraints__type_support.h
[5.604s] -- Up-to-date: /root/colcon_ws/install/px4_msgs/include/px4_msgs/msg/detail/vehicle_trajectory_bezier__struct.h
[5.604s] -- Up-to-date: /root/colcon_ws/install/px4_msgs/include/px4_msgs/msg/detail/trajectory_setpoint__functions.c
[5.604s] -- Up-to-date: /root/colcon_ws/install/px4_msgs/include/px4_msgs/msg/detail/vehicle_command__struct.h
[5.604s] -- Up-to-date: /root/colcon_ws/install/px4_msgs/include/px4_msgs/msg/detail/parameter_res__type_support.h
[5.604s] -- Up-to-date: /root/colcon_ws/install/px4_msgs/include/px4_msgs/msg/detail/debug_vect__functions.c
[5.604s] -- Up-to-date: /root/colcon_ws/install/px4_msgs/include/px4_msgs/msg/detail/obstacle_distance__functions.c
[5.604s] -- Up-to-date: /root/colcon_ws/install/px4_msgs/include/px4_msgs/msg/detail/action_request__type_support.h
[5.604s] -- Up-to-date: /root/colcon_ws/install/px4_msgs/include/px4_msgs/msg/detail/vehicle_odometry__functions.c
[5.604s] -- Up-to-date: /root/colcon_ws/install/px4_msgs/include/px4_msgs/msg/detail/vehicle_rates_setpoint__struct.h
[5.604s] -- Up-to-date: /root/colcon_ws/install/px4_msgs/include/px4_msgs/msg/detail/timesync_status__functions.h
[5.604s] -- Up-to-date: /root/colcon_ws/install/px4_msgs/include/px4_msgs/msg/detail/vehicle_control_mode__functions.c
[5.604s] -- Up-to-date: /root/colcon_ws/install/px4_msgs/include/px4_msgs/msg/detail/action_request__functions.c
[5.604s] -- Up-to-date: /root/colcon_ws/install/px4_msgs/include/px4_msgs/msg/detail/commander_set_state__functions.c
[5.604s] -- Up-to-date: /root/colcon_ws/install/px4_msgs/include/px4_msgs/msg/detail/commander_status__struct.h
[5.605s] -- Up-to-date: /root/colcon_ws/install/px4_msgs/include/px4_msgs/msg/detail/parameter_res__struct.h
[5.605s] -- Up-to-date: /root/colcon_ws/install/px4_msgs/include/px4_msgs/msg/detail/commander_set_state__struct.h
[5.605s] -- Up-to-date: /root/colcon_ws/install/px4_msgs/include/px4_msgs/msg/detail/vehicle_control_mode__functions.h
[5.605s] -- Up-to-date: /root/colcon_ws/install/px4_msgs/include/px4_msgs/msg/detail/commander_status__functions.c
[5.605s] -- Up-to-date: /root/colcon_ws/install/px4_msgs/include/px4_msgs/msg/detail/failsafe_flags__functions.h
[5.605s] -- Up-to-date: /root/colcon_ws/install/px4_msgs/include/px4_msgs/msg/detail/sensor_optical_flow__struct.h
[5.605s] -- Up-to-date: /root/colcon_ws/install/px4_msgs/include/px4_msgs/msg/detail/vehicle_attitude_setpoint__functions.h
[5.605s] -- Up-to-date: /root/colcon_ws/install/px4_msgs/include/px4_msgs/msg/detail/vehicle_attitude__functions.c
[5.605s] -- Up-to-date: /root/colcon_ws/install/px4_msgs/include/px4_msgs/msg/detail/vehicle_global_position__struct.h
[5.605s] -- Up-to-date: /root/colcon_ws/install/px4_msgs/include/px4_msgs/msg/detail/vehicle_attitude_setpoint__type_support.h
[5.605s] -- Up-to-date: /root/colcon_ws/install/px4_msgs/include/px4_msgs/msg/detail/sensor_combined__functions.c
[5.605s] -- Up-to-date: /root/colcon_ws/install/px4_msgs/include/px4_msgs/msg/detail/vehicle_attitude__struct.h
[5.605s] -- Up-to-date: /root/colcon_ws/install/px4_msgs/include/px4_msgs/msg/detail/vehicle_attitude_setpoint__struct.h
[5.605s] -- Up-to-date: /root/colcon_ws/install/px4_msgs/include/px4_msgs/msg/detail/trajectory_bezier__functions.h
[5.605s] -- Up-to-date: /root/colcon_ws/install/px4_msgs/include/px4_msgs/msg/detail/vehicle_control_mode__type_support.h
[5.605s] -- Up-to-date: /root/colcon_ws/install/px4_msgs/include/px4_msgs/msg/detail/vehicle_trajectory_waypoint__functions.c
[5.605s] -- Up-to-date: /root/colcon_ws/install/px4_msgs/include/px4_msgs/msg/detail/telemetry_status__struct.h
[5.606s] -- Up-to-date: /root/colcon_ws/install/px4_msgs/include/px4_msgs/msg/detail/vehicle_rates_setpoint__type_support.h
[5.606s] -- Up-to-date: /root/colcon_ws/install/px4_msgs/include/px4_msgs/msg/detail/debug_vect__type_support.h
[5.606s] -- Up-to-date: /root/colcon_ws/install/px4_msgs/include/px4_msgs/msg/detail/sensor_gps__functions.c
[5.606s] -- Up-to-date: /root/colcon_ws/install/px4_msgs/include/px4_msgs/msg/detail/sensor_optical_flow__functions.h
[5.606s] -- Up-to-date: /root/colcon_ws/install/px4_msgs/include/px4_msgs/msg/detail/timesync_status__type_support.h
[5.606s] -- Up-to-date: /root/colcon_ws/install/px4_msgs/include/px4_msgs/msg/detail/offboard_control_mode__functions.h
[5.606s] -- Up-to-date: /root/colcon_ws/install/px4_msgs/include/px4_msgs/msg/detail/obstacle_distance__functions.h
[5.606s] -- Up-to-date: /root/colcon_ws/install/px4_msgs/include/px4_msgs/msg/detail/offboard_control_mode__type_support.h
[5.606s] -- Up-to-date: /root/colcon_ws/install/px4_msgs/include/px4_msgs/msg/detail/vehicle_trajectory_bezier__functions.c
[5.606s] -- Up-to-date: /root/colcon_ws/install/px4_msgs/include/px4_msgs/msg/detail/commander_set_state__type_support.h
[5.606s] -- Up-to-date: /root/colcon_ws/install/px4_msgs/include/px4_msgs/msg/detail/vehicle_status__struct.h
[5.606s] -- Up-to-date: /root/colcon_ws/install/px4_msgs/include/px4_msgs/msg/detail/timesync_status__functions.c
[5.606s] -- Up-to-date: /root/colcon_ws/install/px4_msgs/include/px4_msgs/msg/detail/vehicle_angular_velocity__struct.h
[5.606s] -- Up-to-date: /root/colcon_ws/install/px4_msgs/include/px4_msgs/msg/detail/sensor_optical_flow__type_support.h
[5.606s] -- Up-to-date: /root/colcon_ws/install/px4_msgs/include/px4_msgs/msg/detail/sensor_combined__type_support.h
[5.606s] -- Up-to-date: /root/colcon_ws/install/px4_msgs/include/px4_msgs/msg/detail/vehicle_command__functions.h
[5.607s] -- Up-to-date: /root/colcon_ws/install/px4_msgs/include/px4_msgs/msg/detail/vehicle_odometry__type_support.h
[5.607s] -- Up-to-date: /root/colcon_ws/install/px4_msgs/include/px4_msgs/msg/detail/trajectory_waypoint__type_support.h
[5.607s] -- Up-to-date: /root/colcon_ws/install/px4_msgs/include/px4_msgs/msg/detail/trajectory_waypoint__functions.h
[5.607s] -- Up-to-date: /root/colcon_ws/install/px4_msgs/include/px4_msgs/msg/detail/collision_constraints__functions.c
[5.607s] -- Up-to-date: /root/colcon_ws/install/px4_msgs/include/px4_msgs/msg/detail/parameter_req__functions.c
[5.607s] -- Up-to-date: /root/colcon_ws/install/px4_msgs/include/px4_msgs/msg/detail/vehicle_attitude_setpoint__functions.c
[5.607s] -- Up-to-date: /root/colcon_ws/install/px4_msgs/include/px4_msgs/msg/detail/collision_constraints__struct.h
[5.607s] -- Up-to-date: /root/colcon_ws/install/px4_msgs/include/px4_msgs/msg/detail/vehicle_local_position__functions.h
[5.607s] -- Up-to-date: /root/colcon_ws/install/px4_msgs/include/px4_msgs/msg/detail/failsafe_flags__functions.c
[5.607s] -- Up-to-date: /root/colcon_ws/install/px4_msgs/include/px4_msgs/msg/detail/trajectory_bezier__struct.h
[5.607s] -- Up-to-date: /root/colcon_ws/install/px4_msgs/include/px4_msgs/msg/detail/vehicle_command__functions.c
[5.607s] -- Up-to-date: /root/colcon_ws/install/px4_msgs/include/px4_msgs/msg/detail/vehicle_status__functions.c
[5.607s] -- Up-to-date: /root/colcon_ws/install/px4_msgs/include/px4_msgs/msg/detail/vehicle_trajectory_bezier__type_support.h
[5.607s] -- Up-to-date: /root/colcon_ws/install/px4_msgs/include/px4_msgs/msg/detail/trajectory_waypoint__struct.h
[5.607s] -- Up-to-date: /root/colcon_ws/install/px4_msgs/include/px4_msgs/msg/detail/vehicle_odometry__struct.h
[5.608s] -- Up-to-date: /root/colcon_ws/install/px4_msgs/include/px4_msgs/msg/detail/parameter_req__functions.h
[5.608s] -- Up-to-date: /root/colcon_ws/install/px4_msgs/include/px4_msgs/msg/detail/commander_status__functions.h
[5.608s] -- Up-to-date: /root/colcon_ws/install/px4_msgs/include/px4_msgs/msg/detail/vehicle_status__functions.h
[5.608s] -- Up-to-date: /root/colcon_ws/install/px4_msgs/include/px4_msgs/msg/detail/vehicle_command__type_support.h
[5.608s] -- Up-to-date: /root/colcon_ws/install/px4_msgs/include/px4_msgs/msg/detail/sensor_gps__type_support.h
[5.608s] -- Up-to-date: /root/colcon_ws/install/px4_msgs/include/px4_msgs/msg/detail/onboard_computer_status__type_support.h
[5.608s] -- Up-to-date: /root/colcon_ws/install/px4_msgs/include/px4_msgs/msg/detail/vehicle_trajectory_bezier__functions.h
[5.608s] -- Up-to-date: /root/colcon_ws/install/px4_msgs/include/px4_msgs/msg/detail/telemetry_status__functions.h
[5.608s] -- Up-to-date: /root/colcon_ws/install/px4_msgs/include/px4_msgs/msg/detail/parameter_req__struct.h
[5.608s] -- Up-to-date: /root/colcon_ws/install/px4_msgs/include/px4_msgs/msg/detail/vehicle_angular_velocity__type_support.h
[5.608s] -- Up-to-date: /root/colcon_ws/install/px4_msgs/include/px4_msgs/msg/detail/commander_status__type_support.h
[5.608s] -- Up-to-date: /root/colcon_ws/install/px4_msgs/include/px4_msgs/msg/detail/action_request__struct.h
[5.608s] -- Up-to-date: /root/colcon_ws/install/px4_msgs/include/px4_msgs/msg/detail/parameter_res__functions.h
[5.608s] -- Up-to-date: /root/colcon_ws/install/px4_msgs/include/px4_msgs/msg/detail/offboard_control_mode__struct.h
[5.608s] -- Up-to-date: /root/colcon_ws/install/px4_msgs/include/px4_msgs/msg/detail/vehicle_attitude__type_support.h
[5.608s] -- Up-to-date: /root/colcon_ws/install/px4_msgs/include/px4_msgs/msg/detail/vehicle_global_position__functions.c
[5.609s] -- Up-to-date: /root/colcon_ws/install/px4_msgs/include/px4_msgs/msg/detail/failsafe_flags__struct.h
[5.609s] -- Up-to-date: /root/colcon_ws/install/px4_msgs/include/px4_msgs/msg/detail/sensor_optical_flow__functions.c
[5.609s] -- Up-to-date: /root/colcon_ws/install/px4_msgs/include/px4_msgs/msg/detail/sensor_combined__struct.h
[5.609s] -- Up-to-date: /root/colcon_ws/install/px4_msgs/include/px4_msgs/msg/detail/vehicle_trajectory_waypoint__struct.h
[5.609s] -- Up-to-date: /root/colcon_ws/install/px4_msgs/include/px4_msgs/msg/detail/sensor_gps__functions.h
[5.609s] -- Up-to-date: /root/colcon_ws/install/px4_msgs/include/px4_msgs/msg/detail/vehicle_local_position__functions.c
[5.609s] -- Up-to-date: /root/colcon_ws/install/px4_msgs/include/px4_msgs/msg/detail/trajectory_setpoint__functions.h
[5.609s] -- Up-to-date: /root/colcon_ws/install/px4_msgs/include/px4_msgs/msg/detail/vehicle_rates_setpoint__functions.h
[5.609s] -- Up-to-date: /root/colcon_ws/install/px4_msgs/include/px4_msgs/msg/detail/vehicle_attitude__functions.h
[5.609s] -- Up-to-date: /root/colcon_ws/install/px4_msgs/include/px4_msgs/msg/detail/sensor_gps__struct.h
[5.609s] -- Up-to-date: /root/colcon_ws/install/px4_msgs/include/px4_msgs/msg/detail/debug_vect__struct.h
[5.609s] -- Up-to-date: /root/colcon_ws/install/px4_msgs/include/px4_msgs/msg/detail/trajectory_setpoint__struct.h
[5.609s] -- Up-to-date: /root/colcon_ws/install/px4_msgs/include/px4_msgs/msg/detail/parameter_req__type_support.h
[5.609s] -- Up-to-date: /root/colcon_ws/install/px4_msgs/include/px4_msgs/msg/action_request.h
[5.609s] -- Up-to-date: /root/colcon_ws/install/px4_msgs/include/px4_msgs/msg/debug_vect.h
[5.609s] -- Up-to-date: /root/colcon_ws/install/px4_msgs/include/px4_msgs/msg/vehicle_command.h
[5.610s] -- Up-to-date: /root/colcon_ws/install/px4_msgs/include/px4_msgs/msg/parameter_res.h
[5.610s] -- Up-to-date: /root/colcon_ws/install/px4_msgs/include/px4_msgs/msg/vehicle_control_mode.h
[5.610s] -- Up-to-date: /root/colcon_ws/install/px4_msgs/include/px4_msgs/msg/sensor_gps.h
[5.610s] -- Up-to-date: /root/colcon_ws/install/px4_msgs/include/px4_msgs/msg/telemetry_status.h
[5.610s] -- Up-to-date: /root/colcon_ws/install/px4_msgs/include/px4_msgs/msg/failsafe_flags.h
[5.610s] -- Up-to-date: /root/colcon_ws/install/px4_msgs/include/px4_msgs/msg/sensor_combined.h
[5.610s] -- Up-to-date: /root/colcon_ws/install/px4_msgs/include/px4_msgs/msg/vehicle_odometry.h
[5.610s] -- Up-to-date: /root/colcon_ws/install/px4_msgs/include/px4_msgs/msg/vehicle_angular_velocity.h
[5.610s] -- Up-to-date: /root/colcon_ws/install/px4_msgs/include/px4_msgs/msg/obstacle_distance.h
[5.610s] -- Up-to-date: /root/colcon_ws/install/px4_msgs/include/px4_msgs/msg/vehicle_global_position.h
[5.610s] -- Up-to-date: /root/colcon_ws/install/px4_msgs/include/px4_msgs/msg/vehicle_attitude.h
[5.610s] -- Up-to-date: /root/colcon_ws/install/px4_msgs/include/px4_msgs/msg/vehicle_trajectory_waypoint.h
[5.610s] -- Up-to-date: /root/colcon_ws/install/px4_msgs/include/px4_msgs/msg/trajectory_waypoint.h
[5.610s] -- Up-to-date: /root/colcon_ws/install/px4_msgs/include/px4_msgs/msg/vehicle_rates_setpoint.h
[5.610s] -- Up-to-date: /root/colcon_ws/install/px4_msgs/include/px4_msgs/msg/vehicle_status.h
[5.610s] -- Up-to-date: /root/colcon_ws/install/px4_msgs/include/px4_msgs/msg/onboard_computer_status.h
[5.610s] -- Up-to-date: /root/colcon_ws/install/px4_msgs/include/px4_msgs/msg/commander_status.h
[5.611s] -- Up-to-date: /root/colcon_ws/install/px4_msgs/include/px4_msgs/msg/rosidl_generator_c__visibility_control.h
[5.611s] -- Up-to-date: /root/colcon_ws/install/px4_msgs/include/px4_msgs/msg/trajectory_bezier.h
[5.611s] -- Up-to-date: /root/colcon_ws/install/px4_msgs/include/px4_msgs/msg/timesync_status.h
[5.611s] -- Up-to-date: /root/colcon_ws/install/px4_msgs/include/px4_msgs/msg/sensor_optical_flow.h
[5.611s] -- Up-to-date: /root/colcon_ws/install/px4_msgs/include/px4_msgs/msg/trajectory_setpoint.h
[5.611s] -- Up-to-date: /root/colcon_ws/install/px4_msgs/share/px4_msgs/environment/library_path.sh
[5.611s] -- Up-to-date: /root/colcon_ws/install/px4_msgs/share/px4_msgs/environment/library_path.dsv
[5.649s] -- Up-to-date: /root/colcon_ws/install/px4_msgs/lib/libpx4_msgs__rosidl_generator_c.so
[5.649s] -- Up-to-date: /root/colcon_ws/install/px4_msgs/include/px4_msgs
[5.650s] -- Up-to-date: /root/colcon_ws/install/px4_msgs/include/px4_msgs/msg
[5.650s] -- Up-to-date: /root/colcon_ws/install/px4_msgs/include/px4_msgs/msg/detail
[5.650s] -- Up-to-date: /root/colcon_ws/install/px4_msgs/include/px4_msgs/msg/detail/sensor_optical_flow__rosidl_typesupport_fastrtps_c.h
[5.650s] -- Up-to-date: /root/colcon_ws/install/px4_msgs/include/px4_msgs/msg/detail/vehicle_rates_setpoint__rosidl_typesupport_fastrtps_c.h
[5.650s] -- Up-to-date: /root/colcon_ws/install/px4_msgs/include/px4_msgs/msg/detail/vehicle_global_position__rosidl_typesupport_fastrtps_c.h
[5.650s] -- Up-to-date: /root/colcon_ws/install/px4_msgs/include/px4_msgs/msg/detail/vehicle_control_mode__rosidl_typesupport_fastrtps_c.h
[5.650s] -- Up-to-date: /root/colcon_ws/install/px4_msgs/include/px4_msgs/msg/detail/vehicle_trajectory_waypoint__rosidl_typesupport_fastrtps_c.h
[5.650s] -- Up-to-date: /root/colcon_ws/install/px4_msgs/include/px4_msgs/msg/detail/vehicle_attitude__rosidl_typesupport_fastrtps_c.h
[5.650s] -- Up-to-date: /root/colcon_ws/install/px4_msgs/include/px4_msgs/msg/detail/vehicle_command__rosidl_typesupport_fastrtps_c.h
[5.651s] -- Up-to-date: /root/colcon_ws/install/px4_msgs/include/px4_msgs/msg/detail/vehicle_trajectory_bezier__rosidl_typesupport_fastrtps_c.h
[5.651s] -- Up-to-date: /root/colcon_ws/install/px4_msgs/include/px4_msgs/msg/detail/vehicle_local_position__rosidl_typesupport_fastrtps_c.h
[5.651s] -- Up-to-date: /root/colcon_ws/install/px4_msgs/include/px4_msgs/msg/detail/sensor_combined__rosidl_typesupport_fastrtps_c.h
[5.651s] -- Up-to-date: /root/colcon_ws/install/px4_msgs/include/px4_msgs/msg/detail/offboard_control_mode__rosidl_typesupport_fastrtps_c.h
[5.651s] -- Up-to-date: /root/colcon_ws/install/px4_msgs/include/px4_msgs/msg/detail/action_request__rosidl_typesupport_fastrtps_c.h
[5.651s] -- Up-to-date: /root/colcon_ws/install/px4_msgs/include/px4_msgs/msg/detail/timesync_status__rosidl_typesupport_fastrtps_c.h
[5.651s] -- Up-to-date: /root/colcon_ws/install/px4_msgs/include/px4_msgs/msg/detail/trajectory_bezier__rosidl_typesupport_fastrtps_c.h
[5.651s] -- Up-to-date: /root/colcon_ws/install/px4_msgs/include/px4_msgs/msg/detail/obstacle_distance__rosidl_typesupport_fastrtps_c.h
[5.651s] -- Up-to-date: /root/colcon_ws/install/px4_msgs/include/px4_msgs/msg/detail/parameter_res__rosidl_typesupport_fastrtps_c.h
[5.651s] -- Up-to-date: /root/colcon_ws/install/px4_msgs/include/px4_msgs/msg/detail/debug_vect__rosidl_typesupport_fastrtps_c.h
[5.651s] -- Up-to-date: /root/colcon_ws/install/px4_msgs/include/px4_msgs/msg/detail/vehicle_angular_velocity__rosidl_typesupport_fastrtps_c.h
[5.651s] -- Up-to-date: /root/colcon_ws/install/px4_msgs/include/px4_msgs/msg/detail/vehicle_odometry__rosidl_typesupport_fastrtps_c.h
[5.651s] -- Up-to-date: /root/colcon_ws/install/px4_msgs/include/px4_msgs/msg/detail/commander_status__rosidl_typesupport_fastrtps_c.h
[5.652s] -- Up-to-date: /root/colcon_ws/install/px4_msgs/include/px4_msgs/msg/detail/vehicle_attitude_setpoint__rosidl_typesupport_fastrtps_c.h
[5.652s] -- Up-to-date: /root/colcon_ws/install/px4_msgs/include/px4_msgs/msg/detail/failsafe_flags__rosidl_typesupport_fastrtps_c.h
[5.652s] -- Up-to-date: /root/colcon_ws/install/px4_msgs/include/px4_msgs/msg/detail/trajectory_setpoint__rosidl_typesupport_fastrtps_c.h
[5.652s] -- Up-to-date: /root/colcon_ws/install/px4_msgs/include/px4_msgs/msg/detail/collision_constraints__rosidl_typesupport_fastrtps_c.h
[5.652s] -- Up-to-date: /root/colcon_ws/install/px4_msgs/include/px4_msgs/msg/detail/commander_set_state__rosidl_typesupport_fastrtps_c.h
[5.652s] -- Up-to-date: /root/colcon_ws/install/px4_msgs/include/px4_msgs/msg/detail/trajectory_waypoint__rosidl_typesupport_fastrtps_c.h
[5.652s] -- Up-to-date: /root/colcon_ws/install/px4_msgs/include/px4_msgs/msg/detail/sensor_gps__rosidl_typesupport_fastrtps_c.h
[5.652s] -- Up-to-date: /root/colcon_ws/install/px4_msgs/include/px4_msgs/msg/detail/parameter_req__rosidl_typesupport_fastrtps_c.h
[5.652s] -- Up-to-date: /root/colcon_ws/install/px4_msgs/include/px4_msgs/msg/detail/telemetry_status__rosidl_typesupport_fastrtps_c.h
[5.652s] -- Up-to-date: /root/colcon_ws/install/px4_msgs/include/px4_msgs/msg/detail/onboard_computer_status__rosidl_typesupport_fastrtps_c.h
[5.652s] -- Up-to-date: /root/colcon_ws/install/px4_msgs/include/px4_msgs/msg/detail/vehicle_status__rosidl_typesupport_fastrtps_c.h
[5.652s] -- Up-to-date: /root/colcon_ws/install/px4_msgs/include/px4_msgs/msg/rosidl_typesupport_fastrtps_c__visibility_control.h
[5.653s] -- Up-to-date: /root/colcon_ws/install/px4_msgs/lib/libpx4_msgs__rosidl_typesupport_fastrtps_c.so
[5.653s] -- Up-to-date: /root/colcon_ws/install/px4_msgs/include/px4_msgs
[5.653s] -- Up-to-date: /root/colcon_ws/install/px4_msgs/include/px4_msgs/msg
[5.653s] -- Up-to-date: /root/colcon_ws/install/px4_msgs/include/px4_msgs/msg/detail
[5.653s] -- Up-to-date: /root/colcon_ws/install/px4_msgs/include/px4_msgs/msg/detail/commander_set_state__rosidl_typesupport_fastrtps_cpp.hpp
[5.653s] -- Up-to-date: /root/colcon_ws/install/px4_msgs/include/px4_msgs/msg/detail/sensor_optical_flow__rosidl_typesupport_fastrtps_cpp.hpp
[5.653s] -- Up-to-date: /root/colcon_ws/install/px4_msgs/include/px4_msgs/msg/detail/debug_vect__rosidl_typesupport_fastrtps_cpp.hpp
[5.653s] -- Up-to-date: /root/colcon_ws/install/px4_msgs/include/px4_msgs/msg/detail/timesync_status__rosidl_typesupport_fastrtps_cpp.hpp
[5.653s] -- Up-to-date: /root/colcon_ws/install/px4_msgs/include/px4_msgs/msg/detail/trajectory_setpoint__rosidl_typesupport_fastrtps_cpp.hpp
[5.653s] -- Up-to-date: /root/colcon_ws/install/px4_msgs/include/px4_msgs/msg/detail/onboard_computer_status__rosidl_typesupport_fastrtps_cpp.hpp
[5.653s] -- Up-to-date: /root/colcon_ws/install/px4_msgs/include/px4_msgs/msg/detail/offboard_control_mode__rosidl_typesupport_fastrtps_cpp.hpp
[5.653s] -- Up-to-date: /root/colcon_ws/install/px4_msgs/include/px4_msgs/msg/detail/sensor_gps__rosidl_typesupport_fastrtps_cpp.hpp
[5.653s] -- Up-to-date: /root/colcon_ws/install/px4_msgs/include/px4_msgs/msg/detail/vehicle_command__rosidl_typesupport_fastrtps_cpp.hpp
[5.653s] -- Up-to-date: /root/colcon_ws/install/px4_msgs/include/px4_msgs/msg/detail/trajectory_waypoint__rosidl_typesupport_fastrtps_cpp.hpp
[5.653s] -- Up-to-date: /root/colcon_ws/install/px4_msgs/include/px4_msgs/msg/detail/vehicle_local_position__rosidl_typesupport_fastrtps_cpp.hpp
[5.653s] -- Up-to-date: /root/colcon_ws/install/px4_msgs/include/px4_msgs/msg/detail/vehicle_trajectory_bezier__rosidl_typesupport_fastrtps_cpp.hpp
[5.653s] -- Up-to-date: /root/colcon_ws/install/px4_msgs/include/px4_msgs/msg/detail/vehicle_status__rosidl_typesupport_fastrtps_cpp.hpp
[5.653s] -- Up-to-date: /root/colcon_ws/install/px4_msgs/include/px4_msgs/msg/detail/vehicle_global_position__rosidl_typesupport_fastrtps_cpp.hpp
[5.654s] -- Up-to-date: /root/colcon_ws/install/px4_msgs/include/px4_msgs/msg/detail/collision_constraints__rosidl_typesupport_fastrtps_cpp.hpp
[5.654s] -- Up-to-date: /root/colcon_ws/install/px4_msgs/include/px4_msgs/msg/detail/trajectory_bezier__rosidl_typesupport_fastrtps_cpp.hpp
[5.654s] -- Up-to-date: /root/colcon_ws/install/px4_msgs/include/px4_msgs/msg/detail/vehicle_odometry__rosidl_typesupport_fastrtps_cpp.hpp
[5.654s] -- Up-to-date: /root/colcon_ws/install/px4_msgs/include/px4_msgs/msg/detail/commander_status__rosidl_typesupport_fastrtps_cpp.hpp
[5.654s] -- Up-to-date: /root/colcon_ws/install/px4_msgs/include/px4_msgs/msg/detail/dds_fastrtps
[5.654s] -- Up-to-date: /root/colcon_ws/install/px4_msgs/include/px4_msgs/msg/detail/failsafe_flags__rosidl_typesupport_fastrtps_cpp.hpp
[5.654s] -- Up-to-date: /root/colcon_ws/install/px4_msgs/include/px4_msgs/msg/detail/action_request__rosidl_typesupport_fastrtps_cpp.hpp
[5.654s] -- Up-to-date: /root/colcon_ws/install/px4_msgs/include/px4_msgs/msg/detail/parameter_req__rosidl_typesupport_fastrtps_cpp.hpp
[5.654s] -- Up-to-date: /root/colcon_ws/install/px4_msgs/include/px4_msgs/msg/detail/obstacle_distance__rosidl_typesupport_fastrtps_cpp.hpp
[5.654s] -- Up-to-date: /root/colcon_ws/install/px4_msgs/include/px4_msgs/msg/detail/sensor_combined__rosidl_typesupport_fastrtps_cpp.hpp
[5.654s] -- Up-to-date: /root/colcon_ws/install/px4_msgs/include/px4_msgs/msg/detail/vehicle_attitude_setpoint__rosidl_typesupport_fastrtps_cpp.hpp
[5.654s] -- Up-to-date: /root/colcon_ws/install/px4_msgs/include/px4_msgs/msg/detail/vehicle_control_mode__rosidl_typesupport_fastrtps_cpp.hpp
[5.654s] -- Up-to-date: /root/colcon_ws/install/px4_msgs/include/px4_msgs/msg/detail/vehicle_angular_velocity__rosidl_typesupport_fastrtps_cpp.hpp
[5.654s] -- Up-to-date: /root/colcon_ws/install/px4_msgs/include/px4_msgs/msg/detail/vehicle_trajectory_waypoint__rosidl_typesupport_fastrtps_cpp.hpp
[5.654s] -- Up-to-date: /root/colcon_ws/install/px4_msgs/include/px4_msgs/msg/detail/parameter_res__rosidl_typesupport_fastrtps_cpp.hpp
[5.654s] -- Up-to-date: /root/colcon_ws/install/px4_msgs/include/px4_msgs/msg/detail/vehicle_attitude__rosidl_typesupport_fastrtps_cpp.hpp
[5.654s] -- Up-to-date: /root/colcon_ws/install/px4_msgs/include/px4_msgs/msg/detail/vehicle_rates_setpoint__rosidl_typesupport_fastrtps_cpp.hpp
[5.655s] -- Up-to-date: /root/colcon_ws/install/px4_msgs/include/px4_msgs/msg/detail/telemetry_status__rosidl_typesupport_fastrtps_cpp.hpp
[5.655s] -- Up-to-date: /root/colcon_ws/install/px4_msgs/include/px4_msgs/msg/rosidl_typesupport_fastrtps_cpp__visibility_control.h
[5.666s] -- Up-to-date: /root/colcon_ws/install/px4_msgs/lib/libpx4_msgs__rosidl_typesupport_fastrtps_cpp.so
[5.666s] -- Up-to-date: /root/colcon_ws/install/px4_msgs/include/px4_msgs
[5.666s] -- Up-to-date: /root/colcon_ws/install/px4_msgs/include/px4_msgs/msg
[5.666s] -- Up-to-date: /root/colcon_ws/install/px4_msgs/include/px4_msgs/msg/detail
[5.666s] -- Up-to-date: /root/colcon_ws/install/px4_msgs/include/px4_msgs/msg/detail/trajectory_bezier__rosidl_typesupport_introspection_c.h
[5.666s] -- Up-to-date: /root/colcon_ws/install/px4_msgs/include/px4_msgs/msg/detail/trajectory_setpoint__rosidl_typesupport_introspection_c.h
[5.666s] -- Up-to-date: /root/colcon_ws/install/px4_msgs/include/px4_msgs/msg/detail/sensor_optical_flow__type_support.c
[5.667s] -- Up-to-date: /root/colcon_ws/install/px4_msgs/include/px4_msgs/msg/detail/debug_vect__type_support.c
[5.667s] -- Up-to-date: /root/colcon_ws/install/px4_msgs/include/px4_msgs/msg/detail/vehicle_attitude__rosidl_typesupport_introspection_c.h
[5.667s] -- Up-to-date: /root/colcon_ws/install/px4_msgs/include/px4_msgs/msg/detail/vehicle_command__rosidl_typesupport_introspection_c.h
[5.667s] -- Up-to-date: /root/colcon_ws/install/px4_msgs/include/px4_msgs/msg/detail/vehicle_rates_setpoint__type_support.c
[5.667s] -- Up-to-date: /root/colcon_ws/install/px4_msgs/include/px4_msgs/msg/detail/collision_constraints__rosidl_typesupport_introspection_c.h
[5.667s] -- Up-to-date: /root/colcon_ws/install/px4_msgs/include/px4_msgs/msg/detail/vehicle_attitude__type_support.c
[5.667s] -- Up-to-date: /root/colcon_ws/install/px4_msgs/include/px4_msgs/msg/detail/vehicle_control_mode__type_support.c
[5.667s] -- Up-to-date: /root/colcon_ws/install/px4_msgs/include/px4_msgs/msg/detail/obstacle_distance__rosidl_typesupport_introspection_c.h
[5.667s] -- Up-to-date: /root/colcon_ws/install/px4_msgs/include/px4_msgs/msg/detail/vehicle_control_mode__rosidl_typesupport_introspection_c.h
[5.667s] -- Up-to-date: /root/colcon_ws/install/px4_msgs/include/px4_msgs/msg/detail/trajectory_bezier__type_support.c
[5.667s] -- Up-to-date: /root/colcon_ws/install/px4_msgs/include/px4_msgs/msg/detail/vehicle_angular_velocity__rosidl_typesupport_introspection_c.h
[5.667s] -- Up-to-date: /root/colcon_ws/install/px4_msgs/include/px4_msgs/msg/detail/offboard_control_mode__rosidl_typesupport_introspection_c.h
[5.668s] -- Up-to-date: /root/colcon_ws/install/px4_msgs/include/px4_msgs/msg/detail/commander_status__rosidl_typesupport_introspection_c.h
[5.668s] -- Up-to-date: /root/colcon_ws/install/px4_msgs/include/px4_msgs/msg/detail/onboard_computer_status__rosidl_typesupport_introspection_c.h
[5.668s] -- Up-to-date: /root/colcon_ws/install/px4_msgs/include/px4_msgs/msg/detail/vehicle_trajectory_bezier__type_support.c
[5.668s] -- Up-to-date: /root/colcon_ws/install/px4_msgs/include/px4_msgs/msg/detail/trajectory_waypoint__type_support.c
[5.668s] -- Up-to-date: /root/colcon_ws/install/px4_msgs/include/px4_msgs/msg/detail/vehicle_trajectory_bezier__rosidl_typesupport_introspection_c.h
[5.668s] -- Up-to-date: /root/colcon_ws/install/px4_msgs/include/px4_msgs/msg/detail/vehicle_trajectory_waypoint__rosidl_typesupport_introspection_c.h
[5.668s] -- Up-to-date: /root/colcon_ws/install/px4_msgs/include/px4_msgs/msg/detail/trajectory_setpoint__type_support.c
[5.668s] -- Up-to-date: /root/colcon_ws/install/px4_msgs/include/px4_msgs/msg/detail/vehicle_rates_setpoint__rosidl_typesupport_introspection_c.h
[5.668s] -- Up-to-date: /root/colcon_ws/install/px4_msgs/include/px4_msgs/msg/detail/commander_set_state__type_support.c
[5.668s] -- Up-to-date: /root/colcon_ws/install/px4_msgs/include/px4_msgs/msg/detail/commander_set_state__rosidl_typesupport_introspection_c.h
[5.668s] -- Up-to-date: /root/colcon_ws/install/px4_msgs/include/px4_msgs/msg/detail/failsafe_flags__type_support.c
[5.668s] -- Up-to-date: /root/colcon_ws/install/px4_msgs/include/px4_msgs/msg/detail/telemetry_status__rosidl_typesupport_introspection_c.h
[5.668s] -- Up-to-date: /root/colcon_ws/install/px4_msgs/include/px4_msgs/msg/detail/parameter_req__rosidl_typesupport_introspection_c.h
[5.668s] -- Up-to-date: /root/colcon_ws/install/px4_msgs/include/px4_msgs/msg/detail/vehicle_odometry__rosidl_typesupport_introspection_c.h
[5.668s] -- Up-to-date: /root/colcon_ws/install/px4_msgs/include/px4_msgs/msg/detail/vehicle_status__rosidl_typesupport_introspection_c.h
[5.668s] -- Up-to-date: /root/colcon_ws/install/px4_msgs/include/px4_msgs/msg/detail/vehicle_local_position__type_support.c
[5.668s] -- Up-to-date: /root/colcon_ws/install/px4_msgs/include/px4_msgs/msg/detail/parameter_res__rosidl_typesupport_introspection_c.h
[5.668s] -- Up-to-date: /root/colcon_ws/install/px4_msgs/include/px4_msgs/msg/detail/sensor_combined__type_support.c
[5.669s] -- Up-to-date: /root/colcon_ws/install/px4_msgs/include/px4_msgs/msg/detail/obstacle_distance__type_support.c
[5.669s] -- Up-to-date: /root/colcon_ws/install/px4_msgs/include/px4_msgs/msg/detail/vehicle_trajectory_waypoint__type_support.c
[5.669s] -- Up-to-date: /root/colcon_ws/install/px4_msgs/include/px4_msgs/msg/detail/parameter_req__type_support.c
[5.669s] -- Up-to-date: /root/colcon_ws/install/px4_msgs/include/px4_msgs/msg/detail/trajectory_waypoint__rosidl_typesupport_introspection_c.h
[5.669s] -- Up-to-date: /root/colcon_ws/install/px4_msgs/include/px4_msgs/msg/detail/commander_status__type_support.c
[5.669s] -- Up-to-date: /root/colcon_ws/install/px4_msgs/include/px4_msgs/msg/detail/vehicle_attitude_setpoint__type_support.c
[5.669s] -- Up-to-date: /root/colcon_ws/install/px4_msgs/include/px4_msgs/msg/detail/sensor_gps__type_support.c
[5.669s] -- Up-to-date: /root/colcon_ws/install/px4_msgs/include/px4_msgs/msg/detail/timesync_status__rosidl_typesupport_introspection_c.h
[5.669s] -- Up-to-date: /root/colcon_ws/install/px4_msgs/include/px4_msgs/msg/detail/vehicle_angular_velocity__type_support.c
[5.669s] -- Up-to-date: /root/colcon_ws/install/px4_msgs/include/px4_msgs/msg/detail/action_request__rosidl_typesupport_introspection_c.h
[5.669s] -- Up-to-date: /root/colcon_ws/install/px4_msgs/include/px4_msgs/msg/detail/vehicle_command__type_support.c
[5.669s] -- Up-to-date: /root/colcon_ws/install/px4_msgs/include/px4_msgs/msg/detail/vehicle_attitude_setpoint__rosidl_typesupport_introspection_c.h
[5.669s] -- Up-to-date: /root/colcon_ws/install/px4_msgs/include/px4_msgs/msg/detail/vehicle_global_position__rosidl_typesupport_introspection_c.h
[5.669s] -- Up-to-date: /root/colcon_ws/install/px4_msgs/include/px4_msgs/msg/detail/sensor_combined__rosidl_typesupport_introspection_c.h
[5.669s] -- Up-to-date: /root/colcon_ws/install/px4_msgs/include/px4_msgs/msg/detail/vehicle_local_position__rosidl_typesupport_introspection_c.h
[5.669s] -- Up-to-date: /root/colcon_ws/install/px4_msgs/include/px4_msgs/msg/detail/action_request__type_support.c
[5.669s] -- Up-to-date: /root/colcon_ws/install/px4_msgs/include/px4_msgs/msg/detail/vehicle_global_position__type_support.c
[5.669s] -- Up-to-date: /root/colcon_ws/install/px4_msgs/include/px4_msgs/msg/detail/telemetry_status__type_support.c
[5.670s] -- Up-to-date: /root/colcon_ws/install/px4_msgs/include/px4_msgs/msg/detail/parameter_res__type_support.c
[5.670s] -- Up-to-date: /root/colcon_ws/install/px4_msgs/include/px4_msgs/msg/detail/vehicle_status__type_support.c
[5.670s] -- Up-to-date: /root/colcon_ws/install/px4_msgs/include/px4_msgs/msg/detail/sensor_optical_flow__rosidl_typesupport_introspection_c.h
[5.670s] -- Up-to-date: /root/colcon_ws/install/px4_msgs/include/px4_msgs/msg/detail/failsafe_flags__rosidl_typesupport_introspection_c.h
[5.670s] -- Up-to-date: /root/colcon_ws/install/px4_msgs/include/px4_msgs/msg/detail/timesync_status__type_support.c
[5.670s] -- Up-to-date: /root/colcon_ws/install/px4_msgs/include/px4_msgs/msg/detail/sensor_gps__rosidl_typesupport_introspection_c.h
[5.670s] -- Up-to-date: /root/colcon_ws/install/px4_msgs/include/px4_msgs/msg/detail/collision_constraints__type_support.c
[5.670s] -- Up-to-date: /root/colcon_ws/install/px4_msgs/include/px4_msgs/msg/detail/offboard_control_mode__type_support.c
[5.670s] -- Up-to-date: /root/colcon_ws/install/px4_msgs/include/px4_msgs/msg/detail/onboard_computer_status__type_support.c
[5.670s] -- Up-to-date: /root/colcon_ws/install/px4_msgs/include/px4_msgs/msg/detail/debug_vect__rosidl_typesupport_introspection_c.h
[5.670s] -- Up-to-date: /root/colcon_ws/install/px4_msgs/include/px4_msgs/msg/detail/vehicle_odometry__type_support.c
[5.670s] -- Up-to-date: /root/colcon_ws/install/px4_msgs/include/px4_msgs/msg/rosidl_typesupport_introspection_c__visibility_control.h
[5.670s] -- Up-to-date: /root/colcon_ws/install/px4_msgs/lib/libpx4_msgs__rosidl_typesupport_introspection_c.so
[5.675s] -- Up-to-date: /root/colcon_ws/install/px4_msgs/lib/libpx4_msgs__rosidl_typesupport_c.so
[5.675s] -- Up-to-date: /root/colcon_ws/install/px4_msgs/include/px4_msgs
[5.675s] -- Up-to-date: /root/colcon_ws/install/px4_msgs/include/px4_msgs/msg
[5.675s] -- Up-to-date: /root/colcon_ws/install/px4_msgs/include/px4_msgs/msg/vehicle_attitude.hpp
[5.675s] -- Up-to-date: /root/colcon_ws/install/px4_msgs/include/px4_msgs/msg/vehicle_attitude_setpoint.hpp
[5.676s] -- Up-to-date: /root/colcon_ws/install/px4_msgs/include/px4_msgs/msg/vehicle_status.hpp
[5.676s] -- Up-to-date: /root/colcon_ws/install/px4_msgs/include/px4_msgs/msg/detail
[5.676s] -- Up-to-date: /root/colcon_ws/install/px4_msgs/include/px4_msgs/msg/detail/trajectory_waypoint__traits.hpp
[5.676s] -- Up-to-date: /root/colcon_ws/install/px4_msgs/include/px4_msgs/msg/detail/offboard_control_mode__builder.hpp
[5.676s] -- Up-to-date: /root/colcon_ws/install/px4_msgs/include/px4_msgs/msg/detail/vehicle_rates_setpoint__builder.hpp
[5.676s] -- Up-to-date: /root/colcon_ws/install/px4_msgs/include/px4_msgs/msg/detail/commander_status__traits.hpp
[5.676s] -- Up-to-date: /root/colcon_ws/install/px4_msgs/include/px4_msgs/msg/detail/trajectory_waypoint__struct.hpp
[5.676s] -- Up-to-date: /root/colcon_ws/install/px4_msgs/include/px4_msgs/msg/detail/timesync_status__struct.hpp
[5.676s] -- Up-to-date: /root/colcon_ws/install/px4_msgs/include/px4_msgs/msg/detail/onboard_computer_status__builder.hpp
[5.676s] -- Up-to-date: /root/colcon_ws/install/px4_msgs/include/px4_msgs/msg/detail/telemetry_status__builder.hpp
[5.677s] -- Up-to-date: /root/colcon_ws/install/px4_msgs/include/px4_msgs/msg/detail/vehicle_angular_velocity__builder.hpp
[5.677s] -- Up-to-date: /root/colcon_ws/install/px4_msgs/include/px4_msgs/msg/detail/collision_constraints__traits.hpp
[5.677s] -- Up-to-date: /root/colcon_ws/install/px4_msgs/include/px4_msgs/msg/detail/sensor_gps__builder.hpp
[5.677s] -- Up-to-date: /root/colcon_ws/install/px4_msgs/include/px4_msgs/msg/detail/parameter_req__struct.hpp
[5.677s] -- Up-to-date: /root/colcon_ws/install/px4_msgs/include/px4_msgs/msg/detail/commander_set_state__traits.hpp
[5.677s] -- Up-to-date: /root/colcon_ws/install/px4_msgs/include/px4_msgs/msg/detail/timesync_status__builder.hpp
[5.677s] -- Up-to-date: /root/colcon_ws/install/px4_msgs/include/px4_msgs/msg/detail/vehicle_command__builder.hpp
[5.677s] -- Up-to-date: /root/colcon_ws/install/px4_msgs/include/px4_msgs/msg/detail/sensor_gps__struct.hpp
[5.677s] -- Up-to-date: /root/colcon_ws/install/px4_msgs/include/px4_msgs/msg/detail/vehicle_status__traits.hpp
[5.678s] -- Up-to-date: /root/colcon_ws/install/px4_msgs/include/px4_msgs/msg/detail/vehicle_control_mode__traits.hpp
[5.678s] -- Up-to-date: /root/colcon_ws/install/px4_msgs/include/px4_msgs/msg/detail/sensor_gps__traits.hpp
[5.678s] -- Up-to-date: /root/colcon_ws/install/px4_msgs/include/px4_msgs/msg/detail/vehicle_command__struct.hpp
[5.678s] -- Up-to-date: /root/colcon_ws/install/px4_msgs/include/px4_msgs/msg/detail/debug_vect__struct.hpp
[5.678s] -- Up-to-date: /root/colcon_ws/install/px4_msgs/include/px4_msgs/msg/detail/vehicle_trajectory_bezier__traits.hpp
[5.678s] -- Up-to-date: /root/colcon_ws/install/px4_msgs/include/px4_msgs/msg/detail/vehicle_rates_setpoint__struct.hpp
[5.678s] -- Up-to-date: /root/colcon_ws/install/px4_msgs/include/px4_msgs/msg/detail/timesync_status__traits.hpp
[5.679s] -- Up-to-date: /root/colcon_ws/install/px4_msgs/include/px4_msgs/msg/detail/parameter_res__traits.hpp
[5.679s] -- Up-to-date: /root/colcon_ws/install/px4_msgs/include/px4_msgs/msg/detail/parameter_req__traits.hpp
[5.679s] -- Up-to-date: /root/colcon_ws/install/px4_msgs/include/px4_msgs/msg/detail/vehicle_rates_setpoint__traits.hpp
[5.679s] -- Up-to-date: /root/colcon_ws/install/px4_msgs/include/px4_msgs/msg/detail/commander_set_state__builder.hpp
[5.679s] -- Up-to-date: /root/colcon_ws/install/px4_msgs/include/px4_msgs/msg/detail/obstacle_distance__traits.hpp
[5.679s] -- Up-to-date: /root/colcon_ws/install/px4_msgs/include/px4_msgs/msg/detail/sensor_optical_flow__builder.hpp
[5.679s] -- Up-to-date: /root/colcon_ws/install/px4_msgs/include/px4_msgs/msg/detail/failsafe_flags__traits.hpp
[5.679s] -- Up-to-date: /root/colcon_ws/install/px4_msgs/include/px4_msgs/msg/detail/sensor_optical_flow__struct.hpp
[5.679s] -- Up-to-date: /root/colcon_ws/install/px4_msgs/include/px4_msgs/msg/detail/trajectory_bezier__traits.hpp
[5.679s] -- Up-to-date: /root/colcon_ws/install/px4_msgs/include/px4_msgs/msg/detail/vehicle_control_mode__builder.hpp
[5.679s] -- Up-to-date: /root/colcon_ws/install/px4_msgs/include/px4_msgs/msg/detail/sensor_combined__builder.hpp
[5.680s] -- Up-to-date: /root/colcon_ws/install/px4_msgs/include/px4_msgs/msg/detail/failsafe_flags__builder.hpp
[5.680s] -- Up-to-date: /root/colcon_ws/install/px4_msgs/include/px4_msgs/msg/detail/vehicle_global_position__struct.hpp
[5.680s] -- Up-to-date: /root/colcon_ws/install/px4_msgs/include/px4_msgs/msg/detail/sensor_combined__traits.hpp
[5.680s] -- Up-to-date: /root/colcon_ws/install/px4_msgs/include/px4_msgs/msg/detail/offboard_control_mode__struct.hpp
[5.680s] -- Up-to-date: /root/colcon_ws/install/px4_msgs/include/px4_msgs/msg/detail/trajectory_bezier__struct.hpp
[5.680s] -- Up-to-date: /root/colcon_ws/install/px4_msgs/include/px4_msgs/msg/detail/commander_status__builder.hpp
[5.680s] -- Up-to-date: /root/colcon_ws/install/px4_msgs/include/px4_msgs/msg/detail/trajectory_setpoint__struct.hpp
[5.680s] -- Up-to-date: /root/colcon_ws/install/px4_msgs/include/px4_msgs/msg/detail/action_request__builder.hpp
[5.680s] -- Up-to-date: /root/colcon_ws/install/px4_msgs/include/px4_msgs/msg/detail/telemetry_status__struct.hpp
[5.680s] -- Up-to-date: /root/colcon_ws/install/px4_msgs/include/px4_msgs/msg/detail/vehicle_global_position__traits.hpp
[5.680s] -- Up-to-date: /root/colcon_ws/install/px4_msgs/include/px4_msgs/msg/detail/vehicle_global_position__builder.hpp
[5.680s] -- Up-to-date: /root/colcon_ws/install/px4_msgs/include/px4_msgs/msg/detail/vehicle_angular_velocity__traits.hpp
[5.680s] -- Up-to-date: /root/colcon_ws/install/px4_msgs/include/px4_msgs/msg/detail/commander_set_state__struct.hpp
[5.680s] -- Up-to-date: /root/colcon_ws/install/px4_msgs/include/px4_msgs/msg/detail/collision_constraints__builder.hpp
[5.680s] -- Up-to-date: /root/colcon_ws/install/px4_msgs/include/px4_msgs/msg/detail/vehicle_odometry__traits.hpp
[5.680s] -- Up-to-date: /root/colcon_ws/install/px4_msgs/include/px4_msgs/msg/detail/failsafe_flags__struct.hpp
[5.681s] -- Up-to-date: /root/colcon_ws/install/px4_msgs/include/px4_msgs/msg/detail/vehicle_status__struct.hpp
[5.681s] -- Up-to-date: /root/colcon_ws/install/px4_msgs/include/px4_msgs/msg/detail/parameter_res__struct.hpp
[5.681s] -- Up-to-date: /root/colcon_ws/install/px4_msgs/include/px4_msgs/msg/detail/action_request__struct.hpp
[5.681s] -- Up-to-date: /root/colcon_ws/install/px4_msgs/include/px4_msgs/msg/detail/commander_status__struct.hpp
[5.681s] -- Up-to-date: /root/colcon_ws/install/px4_msgs/include/px4_msgs/msg/detail/vehicle_attitude_setpoint__traits.hpp
[5.681s] -- Up-to-date: /root/colcon_ws/install/px4_msgs/include/px4_msgs/msg/detail/trajectory_setpoint__traits.hpp
[5.681s] -- Up-to-date: /root/colcon_ws/install/px4_msgs/include/px4_msgs/msg/detail/vehicle_trajectory_bezier__struct.hpp
[5.681s] -- Up-to-date: /root/colcon_ws/install/px4_msgs/include/px4_msgs/msg/detail/vehicle_command__traits.hpp
[5.681s] -- Up-to-date: /root/colcon_ws/install/px4_msgs/include/px4_msgs/msg/detail/debug_vect__builder.hpp
[5.681s] -- Up-to-date: /root/colcon_ws/install/px4_msgs/include/px4_msgs/msg/detail/trajectory_setpoint__builder.hpp
[5.681s] -- Up-to-date: /root/colcon_ws/install/px4_msgs/include/px4_msgs/msg/detail/parameter_req__builder.hpp
[5.681s] -- Up-to-date: /root/colcon_ws/install/px4_msgs/include/px4_msgs/msg/detail/vehicle_trajectory_waypoint__struct.hpp
[5.681s] -- Up-to-date: /root/colcon_ws/install/px4_msgs/include/px4_msgs/msg/detail/vehicle_trajectory_waypoint__traits.hpp
[5.681s] -- Up-to-date: /root/colcon_ws/install/px4_msgs/include/px4_msgs/msg/detail/action_request__traits.hpp
[5.681s] -- Up-to-date: /root/colcon_ws/install/px4_msgs/include/px4_msgs/msg/detail/vehicle_attitude__struct.hpp
[5.681s] -- Up-to-date: /root/colcon_ws/install/px4_msgs/include/px4_msgs/msg/detail/vehicle_odometry__builder.hpp
[5.682s] -- Up-to-date: /root/colcon_ws/install/px4_msgs/include/px4_msgs/msg/detail/obstacle_distance__builder.hpp
[5.682s] -- Up-to-date: /root/colcon_ws/install/px4_msgs/include/px4_msgs/msg/detail/vehicle_attitude_setpoint__struct.hpp
[5.682s] -- Up-to-date: /root/colcon_ws/install/px4_msgs/include/px4_msgs/msg/detail/vehicle_attitude__builder.hpp
[5.682s] -- Up-to-date: /root/colcon_ws/install/px4_msgs/include/px4_msgs/msg/detail/vehicle_trajectory_bezier__builder.hpp
[5.682s] -- Up-to-date: /root/colcon_ws/install/px4_msgs/include/px4_msgs/msg/detail/vehicle_local_position__struct.hpp
[5.682s] -- Up-to-date: /root/colcon_ws/install/px4_msgs/include/px4_msgs/msg/detail/trajectory_waypoint__builder.hpp
[5.682s] -- Up-to-date: /root/colcon_ws/install/px4_msgs/include/px4_msgs/msg/detail/vehicle_attitude_setpoint__builder.hpp
[5.682s] -- Up-to-date: /root/colcon_ws/install/px4_msgs/include/px4_msgs/msg/detail/vehicle_angular_velocity__struct.hpp
[5.682s] -- Up-to-date: /root/colcon_ws/install/px4_msgs/include/px4_msgs/msg/detail/sensor_optical_flow__traits.hpp
[5.682s] -- Up-to-date: /root/colcon_ws/install/px4_msgs/include/px4_msgs/msg/detail/debug_vect__traits.hpp
[5.682s] -- Up-to-date: /root/colcon_ws/install/px4_msgs/include/px4_msgs/msg/detail/vehicle_control_mode__struct.hpp
[5.682s] -- Up-to-date: /root/colcon_ws/install/px4_msgs/include/px4_msgs/msg/detail/vehicle_trajectory_waypoint__builder.hpp
[5.682s] -- Up-to-date: /root/colcon_ws/install/px4_msgs/include/px4_msgs/msg/detail/vehicle_attitude__traits.hpp
[5.682s] -- Up-to-date: /root/colcon_ws/install/px4_msgs/include/px4_msgs/msg/detail/trajectory_bezier__builder.hpp
[5.683s] -- Up-to-date: /root/colcon_ws/install/px4_msgs/include/px4_msgs/msg/detail/sensor_combined__struct.hpp
[5.683s] -- Up-to-date: /root/colcon_ws/install/px4_msgs/include/px4_msgs/msg/detail/vehicle_local_position__builder.hpp
[5.683s] -- Up-to-date: /root/colcon_ws/install/px4_msgs/include/px4_msgs/msg/detail/onboard_computer_status__traits.hpp
[5.683s] -- Up-to-date: /root/colcon_ws/install/px4_msgs/include/px4_msgs/msg/detail/vehicle_local_position__traits.hpp
[5.683s] -- Up-to-date: /root/colcon_ws/install/px4_msgs/include/px4_msgs/msg/detail/vehicle_odometry__struct.hpp
[5.683s] -- Up-to-date: /root/colcon_ws/install/px4_msgs/include/px4_msgs/msg/detail/obstacle_distance__struct.hpp
[5.683s] -- Up-to-date: /root/colcon_ws/install/px4_msgs/include/px4_msgs/msg/detail/offboard_control_mode__traits.hpp
[5.683s] -- Up-to-date: /root/colcon_ws/install/px4_msgs/include/px4_msgs/msg/detail/collision_constraints__struct.hpp
[5.683s] -- Up-to-date: /root/colcon_ws/install/px4_msgs/include/px4_msgs/msg/detail/parameter_res__builder.hpp
[5.683s] -- Up-to-date: /root/colcon_ws/install/px4_msgs/include/px4_msgs/msg/detail/vehicle_status__builder.hpp
[5.683s] -- Up-to-date: /root/colcon_ws/install/px4_msgs/include/px4_msgs/msg/detail/onboard_computer_status__struct.hpp
[5.683s] -- Up-to-date: /root/colcon_ws/install/px4_msgs/include/px4_msgs/msg/detail/telemetry_status__traits.hpp
[5.683s] -- Up-to-date: /root/colcon_ws/install/px4_msgs/include/px4_msgs/msg/parameter_req.hpp
[5.683s] -- Up-to-date: /root/colcon_ws/install/px4_msgs/include/px4_msgs/msg/commander_status.hpp
[5.683s] -- Up-to-date: /root/colcon_ws/install/px4_msgs/include/px4_msgs/msg/vehicle_local_position.hpp
[5.683s] -- Up-to-date: /root/colcon_ws/install/px4_msgs/include/px4_msgs/msg/vehicle_trajectory_waypoint.hpp
[5.684s] -- Up-to-date: /root/colcon_ws/install/px4_msgs/include/px4_msgs/msg/obstacle_distance.hpp
[5.684s] -- Up-to-date: /root/colcon_ws/install/px4_msgs/include/px4_msgs/msg/vehicle_odometry.hpp
[5.684s] -- Up-to-date: /root/colcon_ws/install/px4_msgs/include/px4_msgs/msg/vehicle_trajectory_bezier.hpp
[5.684s] -- Up-to-date: /root/colcon_ws/install/px4_msgs/include/px4_msgs/msg/timesync_status.hpp
[5.684s] -- Up-to-date: /root/colcon_ws/install/px4_msgs/include/px4_msgs/msg/onboard_computer_status.hpp
[5.684s] -- Up-to-date: /root/colcon_ws/install/px4_msgs/include/px4_msgs/msg/vehicle_angular_velocity.hpp
[5.684s] -- Up-to-date: /root/colcon_ws/install/px4_msgs/include/px4_msgs/msg/trajectory_setpoint.hpp
[5.684s] -- Up-to-date: /root/colcon_ws/install/px4_msgs/include/px4_msgs/msg/sensor_combined.hpp
[5.684s] -- Up-to-date: /root/colcon_ws/install/px4_msgs/include/px4_msgs/msg/commander_set_state.hpp
[5.684s] -- Up-to-date: /root/colcon_ws/install/px4_msgs/include/px4_msgs/msg/vehicle_global_position.hpp
[5.684s] -- Up-to-date: /root/colcon_ws/install/px4_msgs/include/px4_msgs/msg/sensor_optical_flow.hpp
[5.684s] -- Up-to-date: /root/colcon_ws/install/px4_msgs/include/px4_msgs/msg/offboard_control_mode.hpp
[5.684s] -- Up-to-date: /root/colcon_ws/install/px4_msgs/include/px4_msgs/msg/telemetry_status.hpp
[5.684s] -- Up-to-date: /root/colcon_ws/install/px4_msgs/include/px4_msgs/msg/sensor_gps.hpp
[5.684s] -- Up-to-date: /root/colcon_ws/install/px4_msgs/include/px4_msgs/msg/vehicle_rates_setpoint.hpp
[5.684s] -- Up-to-date: /root/colcon_ws/install/px4_msgs/include/px4_msgs/msg/debug_vect.hpp
[5.684s] -- Up-to-date: /root/colcon_ws/install/px4_msgs/include/px4_msgs/msg/action_request.hpp
[5.684s] -- Up-to-date: /root/colcon_ws/install/px4_msgs/include/px4_msgs/msg/failsafe_flags.hpp
[5.684s] -- Up-to-date: /root/colcon_ws/install/px4_msgs/include/px4_msgs/msg/vehicle_control_mode.hpp
[5.685s] -- Up-to-date: /root/colcon_ws/install/px4_msgs/include/px4_msgs/msg/collision_constraints.hpp
[5.685s] -- Up-to-date: /root/colcon_ws/install/px4_msgs/include/px4_msgs/msg/trajectory_bezier.hpp
[5.685s] -- Up-to-date: /root/colcon_ws/install/px4_msgs/include/px4_msgs/msg/vehicle_command.hpp
[5.685s] -- Up-to-date: /root/colcon_ws/install/px4_msgs/include/px4_msgs/msg/trajectory_waypoint.hpp
[5.685s] -- Up-to-date: /root/colcon_ws/install/px4_msgs/include/px4_msgs/msg/parameter_res.hpp
[5.685s] -- Up-to-date: /root/colcon_ws/install/px4_msgs/include/px4_msgs
[5.685s] -- Up-to-date: /root/colcon_ws/install/px4_msgs/include/px4_msgs/msg
[5.685s] -- Up-to-date: /root/colcon_ws/install/px4_msgs/include/px4_msgs/msg/detail
[5.685s] -- Up-to-date: /root/colcon_ws/install/px4_msgs/include/px4_msgs/msg/detail/vehicle_status__type_support.cpp
[5.685s] -- Up-to-date: /root/colcon_ws/install/px4_msgs/include/px4_msgs/msg/detail/telemetry_status__type_support.cpp
[5.685s] -- Up-to-date: /root/colcon_ws/install/px4_msgs/include/px4_msgs/msg/detail/failsafe_flags__type_support.cpp
[5.685s] -- Up-to-date: /root/colcon_ws/install/px4_msgs/include/px4_msgs/msg/detail/commander_set_state__type_support.cpp
[5.685s] -- Up-to-date: /root/colcon_ws/install/px4_msgs/include/px4_msgs/msg/detail/vehicle_attitude_setpoint__type_support.cpp
[5.685s] -- Up-to-date: /root/colcon_ws/install/px4_msgs/include/px4_msgs/msg/detail/vehicle_attitude__type_support.cpp
[5.685s] -- Up-to-date: /root/colcon_ws/install/px4_msgs/include/px4_msgs/msg/detail/trajectory_setpoint__type_support.cpp
[5.685s] -- Up-to-date: /root/colcon_ws/install/px4_msgs/include/px4_msgs/msg/detail/vehicle_rates_setpoint__type_support.cpp
[5.685s] -- Up-to-date: /root/colcon_ws/install/px4_msgs/include/px4_msgs/msg/detail/action_request__type_support.cpp
[5.685s] -- Up-to-date: /root/colcon_ws/install/px4_msgs/include/px4_msgs/msg/detail/sensor_gps__rosidl_typesupport_introspection_cpp.hpp
[5.685s] -- Up-to-date: /root/colcon_ws/install/px4_msgs/include/px4_msgs/msg/detail/debug_vect__rosidl_typesupport_introspection_cpp.hpp
[5.686s] -- Up-to-date: /root/colcon_ws/install/px4_msgs/include/px4_msgs/msg/detail/vehicle_odometry__type_support.cpp
[5.686s] -- Up-to-date: /root/colcon_ws/install/px4_msgs/include/px4_msgs/msg/detail/action_request__rosidl_typesupport_introspection_cpp.hpp
[5.686s] -- Up-to-date: /root/colcon_ws/install/px4_msgs/include/px4_msgs/msg/detail/timesync_status__type_support.cpp
[5.686s] -- Up-to-date: /root/colcon_ws/install/px4_msgs/include/px4_msgs/msg/detail/trajectory_setpoint__rosidl_typesupport_introspection_cpp.hpp
[5.686s] -- Up-to-date: /root/colcon_ws/install/px4_msgs/include/px4_msgs/msg/detail/vehicle_trajectory_waypoint__type_support.cpp
[5.686s] -- Up-to-date: /root/colcon_ws/install/px4_msgs/include/px4_msgs/msg/detail/parameter_res__type_support.cpp
[5.686s] -- Up-to-date: /root/colcon_ws/install/px4_msgs/include/px4_msgs/msg/detail/vehicle_command__type_support.cpp
[5.686s] -- Up-to-date: /root/colcon_ws/install/px4_msgs/include/px4_msgs/msg/detail/sensor_optical_flow__rosidl_typesupport_introspection_cpp.hpp
[5.686s] -- Up-to-date: /root/colcon_ws/install/px4_msgs/include/px4_msgs/msg/detail/vehicle_trajectory_waypoint__rosidl_typesupport_introspection_cpp.hpp
[5.686s] -- Up-to-date: /root/colcon_ws/install/px4_msgs/include/px4_msgs/msg/detail/commander_status__type_support.cpp
[5.686s] -- Up-to-date: /root/colcon_ws/install/px4_msgs/include/px4_msgs/msg/detail/offboard_control_mode__rosidl_typesupport_introspection_cpp.hpp
[5.686s] -- Up-to-date: /root/colcon_ws/install/px4_msgs/include/px4_msgs/msg/detail/trajectory_bezier__type_support.cpp
[5.686s] -- Up-to-date: /root/colcon_ws/install/px4_msgs/include/px4_msgs/msg/detail/debug_vect__type_support.cpp
[5.686s] -- Up-to-date: /root/colcon_ws/install/px4_msgs/include/px4_msgs/msg/detail/vehicle_local_position__rosidl_typesupport_introspection_cpp.hpp
[5.686s] -- Up-to-date: /root/colcon_ws/install/px4_msgs/include/px4_msgs/msg/detail/vehicle_attitude_setpoint__rosidl_typesupport_introspection_cpp.hpp
[5.687s] -- Up-to-date: /root/colcon_ws/install/px4_msgs/include/px4_msgs/msg/detail/collision_constraints__type_support.cpp
[5.687s] -- Up-to-date: /root/colcon_ws/install/px4_msgs/include/px4_msgs/msg/detail/vehicle_angular_velocity__type_support.cpp
[5.687s] -- Up-to-date: /root/colcon_ws/install/px4_msgs/include/px4_msgs/msg/detail/failsafe_flags__rosidl_typesupport_introspection_cpp.hpp
[5.687s] -- Up-to-date: /root/colcon_ws/install/px4_msgs/include/px4_msgs/msg/detail/vehicle_local_position__type_support.cpp
[5.687s] -- Up-to-date: /root/colcon_ws/install/px4_msgs/include/px4_msgs/msg/detail/vehicle_status__rosidl_typesupport_introspection_cpp.hpp
[5.687s] -- Up-to-date: /root/colcon_ws/install/px4_msgs/include/px4_msgs/msg/detail/offboard_control_mode__type_support.cpp
[5.687s] -- Up-to-date: /root/colcon_ws/install/px4_msgs/include/px4_msgs/msg/detail/sensor_optical_flow__type_support.cpp
[5.687s] -- Up-to-date: /root/colcon_ws/install/px4_msgs/include/px4_msgs/msg/detail/vehicle_angular_velocity__rosidl_typesupport_introspection_cpp.hpp
[5.687s] -- Up-to-date: /root/colcon_ws/install/px4_msgs/include/px4_msgs/msg/detail/vehicle_global_position__type_support.cpp
[5.687s] -- Up-to-date: /root/colcon_ws/install/px4_msgs/include/px4_msgs/msg/detail/vehicle_trajectory_bezier__type_support.cpp
[5.687s] -- Up-to-date: /root/colcon_ws/install/px4_msgs/include/px4_msgs/msg/detail/vehicle_rates_setpoint__rosidl_typesupport_introspection_cpp.hpp
[5.687s] -- Up-to-date: /root/colcon_ws/install/px4_msgs/include/px4_msgs/msg/detail/timesync_status__rosidl_typesupport_introspection_cpp.hpp
[5.687s] -- Up-to-date: /root/colcon_ws/install/px4_msgs/include/px4_msgs/msg/detail/onboard_computer_status__rosidl_typesupport_introspection_cpp.hpp
[5.687s] -- Up-to-date: /root/colcon_ws/install/px4_msgs/include/px4_msgs/msg/detail/vehicle_global_position__rosidl_typesupport_introspection_cpp.hpp
[5.687s] -- Up-to-date: /root/colcon_ws/install/px4_msgs/include/px4_msgs/msg/detail/vehicle_command__rosidl_typesupport_introspection_cpp.hpp
[5.687s] -- Up-to-date: /root/colcon_ws/install/px4_msgs/include/px4_msgs/msg/detail/collision_constraints__rosidl_typesupport_introspection_cpp.hpp
[5.688s] -- Up-to-date: /root/colcon_ws/install/px4_msgs/include/px4_msgs/msg/detail/vehicle_control_mode__rosidl_typesupport_introspection_cpp.hpp
[5.688s] -- Up-to-date: /root/colcon_ws/install/px4_msgs/include/px4_msgs/msg/detail/sensor_combined__type_support.cpp
[5.688s] -- Up-to-date: /root/colcon_ws/install/px4_msgs/include/px4_msgs/msg/detail/vehicle_trajectory_bezier__rosidl_typesupport_introspection_cpp.hpp
[5.688s] -- Up-to-date: /root/colcon_ws/install/px4_msgs/include/px4_msgs/msg/detail/parameter_req__type_support.cpp
[5.688s] -- Up-to-date: /root/colcon_ws/install/px4_msgs/include/px4_msgs/msg/detail/sensor_gps__type_support.cpp
[5.688s] -- Up-to-date: /root/colcon_ws/install/px4_msgs/include/px4_msgs/msg/detail/commander_status__rosidl_typesupport_introspection_cpp.hpp
[5.688s] -- Up-to-date: /root/colcon_ws/install/px4_msgs/include/px4_msgs/msg/detail/parameter_res__rosidl_typesupport_introspection_cpp.hpp
[5.688s] -- Up-to-date: /root/colcon_ws/install/px4_msgs/include/px4_msgs/msg/detail/onboard_computer_status__type_support.cpp
[5.688s] -- Up-to-date: /root/colcon_ws/install/px4_msgs/include/px4_msgs/msg/detail/vehicle_odometry__rosidl_typesupport_introspection_cpp.hpp
[5.688s] -- Up-to-date: /root/colcon_ws/install/px4_msgs/include/px4_msgs/msg/detail/vehicle_attitude__rosidl_typesupport_introspection_cpp.hpp
[5.688s] -- Up-to-date: /root/colcon_ws/install/px4_msgs/include/px4_msgs/msg/detail/obstacle_distance__type_support.cpp
[5.688s] -- Up-to-date: /root/colcon_ws/install/px4_msgs/include/px4_msgs/msg/detail/trajectory_waypoint__type_support.cpp
[5.688s] -- Up-to-date: /root/colcon_ws/install/px4_msgs/include/px4_msgs/msg/detail/vehicle_control_mode__type_support.cpp
[5.688s] -- Up-to-date: /root/colcon_ws/install/px4_msgs/include/px4_msgs/msg/detail/obstacle_distance__rosidl_typesupport_introspection_cpp.hpp
[5.688s] -- Up-to-date: /root/colcon_ws/install/px4_msgs/include/px4_msgs/msg/detail/parameter_req__rosidl_typesupport_introspection_cpp.hpp
[5.689s] -- Up-to-date: /root/colcon_ws/install/px4_msgs/include/px4_msgs/msg/detail/commander_set_state__rosidl_typesupport_introspection_cpp.hpp
[5.689s] -- Up-to-date: /root/colcon_ws/install/px4_msgs/include/px4_msgs/msg/detail/trajectory_bezier__rosidl_typesupport_introspection_cpp.hpp
[5.689s] -- Up-to-date: /root/colcon_ws/install/px4_msgs/include/px4_msgs/msg/detail/telemetry_status__rosidl_typesupport_introspection_cpp.hpp
[5.689s] -- Up-to-date: /root/colcon_ws/install/px4_msgs/include/px4_msgs/msg/detail/trajectory_waypoint__rosidl_typesupport_introspection_cpp.hpp
[5.689s] -- Up-to-date: /root/colcon_ws/install/px4_msgs/include/px4_msgs/msg/detail/sensor_combined__rosidl_typesupport_introspection_cpp.hpp
[5.689s] -- Up-to-date: /root/colcon_ws/install/px4_msgs/lib/libpx4_msgs__rosidl_typesupport_introspection_cpp.so
[5.689s] -- Up-to-date: /root/colcon_ws/install/px4_msgs/lib/libpx4_msgs__rosidl_typesupport_cpp.so
[5.689s] -- Up-to-date: /root/colcon_ws/install/px4_msgs/share/px4_msgs/environment/pythonpath.sh
[5.689s] -- Up-to-date: /root/colcon_ws/install/px4_msgs/share/px4_msgs/environment/pythonpath.dsv
[5.689s] -- Up-to-date: /root/colcon_ws/install/px4_msgs/lib/python3.8/site-packages/px4_msgs/__init__.py
[5.780s] -- Up-to-date: /root/colcon_ws/install/px4_msgs/lib/python3.8/site-packages/px4_msgs/msg
[5.780s] -- Up-to-date: /root/colcon_ws/install/px4_msgs/lib/python3.8/site-packages/px4_msgs/msg/_telemetry_status_s.c
[5.780s] -- Up-to-date: /root/colcon_ws/install/px4_msgs/lib/python3.8/site-packages/px4_msgs/msg/_commander_status_s.c
[5.781s] -- Up-to-date: /root/colcon_ws/install/px4_msgs/lib/python3.8/site-packages/px4_msgs/msg/_timesync_status_s.c
[5.781s] -- Up-to-date: /root/colcon_ws/install/px4_msgs/lib/python3.8/site-packages/px4_msgs/msg/_vehicle_attitude.py
[5.781s] -- Up-to-date: /root/colcon_ws/install/px4_msgs/lib/python3.8/site-packages/px4_msgs/msg/_vehicle_control_mode_s.c
[5.781s] -- Up-to-date: /root/colcon_ws/install/px4_msgs/lib/python3.8/site-packages/px4_msgs/msg/_parameter_res_s.c
[5.781s] -- Up-to-date: /root/colcon_ws/install/px4_msgs/lib/python3.8/site-packages/px4_msgs/msg/_sensor_gps_s.c
[5.781s] -- Up-to-date: /root/colcon_ws/install/px4_msgs/lib/python3.8/site-packages/px4_msgs/msg/_vehicle_status.py
[5.781s] -- Up-to-date: /root/colcon_ws/install/px4_msgs/lib/python3.8/site-packages/px4_msgs/msg/_timesync_status.py
[5.781s] -- Up-to-date: /root/colcon_ws/install/px4_msgs/lib/python3.8/site-packages/px4_msgs/msg/_sensor_optical_flow.py
[5.781s] -- Up-to-date: /root/colcon_ws/install/px4_msgs/lib/python3.8/site-packages/px4_msgs/msg/_sensor_combined.py
[5.781s] -- Up-to-date: /root/colcon_ws/install/px4_msgs/lib/python3.8/site-packages/px4_msgs/msg/_vehicle_local_position.py
[5.781s] -- Up-to-date: /root/colcon_ws/install/px4_msgs/lib/python3.8/site-packages/px4_msgs/msg/_parameter_req_s.c
[5.782s] -- Up-to-date: /root/colcon_ws/install/px4_msgs/lib/python3.8/site-packages/px4_msgs/msg/_telemetry_status.py
[5.782s] -- Up-to-date: /root/colcon_ws/install/px4_msgs/lib/python3.8/site-packages/px4_msgs/msg/_debug_vect_s.c
[5.782s] -- Up-to-date: /root/colcon_ws/install/px4_msgs/lib/python3.8/site-packages/px4_msgs/msg/_parameter_res.py
[5.782s] -- Up-to-date: /root/colcon_ws/install/px4_msgs/lib/python3.8/site-packages/px4_msgs/msg/_vehicle_attitude_s.c
[5.782s] -- Up-to-date: /root/colcon_ws/install/px4_msgs/lib/python3.8/site-packages/px4_msgs/msg/_vehicle_command_s.c
[5.782s] -- Up-to-date: /root/colcon_ws/install/px4_msgs/lib/python3.8/site-packages/px4_msgs/msg/_action_request_s.c
[5.782s] -- Up-to-date: /root/colcon_ws/install/px4_msgs/lib/python3.8/site-packages/px4_msgs/msg/_trajectory_bezier_s.c
[5.782s] -- Up-to-date: /root/colcon_ws/install/px4_msgs/lib/python3.8/site-packages/px4_msgs/msg/_onboard_computer_status.py
[5.782s] -- Up-to-date: /root/colcon_ws/install/px4_msgs/lib/python3.8/site-packages/px4_msgs/msg/_vehicle_trajectory_waypoint.py
[5.782s] -- Up-to-date: /root/colcon_ws/install/px4_msgs/lib/python3.8/site-packages/px4_msgs/msg/_trajectory_bezier.py
[5.782s] -- Up-to-date: /root/colcon_ws/install/px4_msgs/lib/python3.8/site-packages/px4_msgs/msg/_vehicle_odometry.py
[5.782s] -- Up-to-date: /root/colcon_ws/install/px4_msgs/lib/python3.8/site-packages/px4_msgs/msg/_vehicle_angular_velocity_s.c
[5.782s] -- Up-to-date: /root/colcon_ws/install/px4_msgs/lib/python3.8/site-packages/px4_msgs/msg/_sensor_combined_s.c
[5.782s] -- Up-to-date: /root/colcon_ws/install/px4_msgs/lib/python3.8/site-packages/px4_msgs/msg/_obstacle_distance_s.c
[5.782s] -- Up-to-date: /root/colcon_ws/install/px4_msgs/lib/python3.8/site-packages/px4_msgs/msg/_trajectory_waypoint.py
[5.782s] -- Up-to-date: /root/colcon_ws/install/px4_msgs/lib/python3.8/site-packages/px4_msgs/msg/_action_request.py
[5.782s] -- Up-to-date: /root/colcon_ws/install/px4_msgs/lib/python3.8/site-packages/px4_msgs/msg/_trajectory_waypoint_s.c
[5.783s] -- Up-to-date: /root/colcon_ws/install/px4_msgs/lib/python3.8/site-packages/px4_msgs/msg/_vehicle_attitude_setpoint.py
[5.783s] -- Up-to-date: /root/colcon_ws/install/px4_msgs/lib/python3.8/site-packages/px4_msgs/msg/_vehicle_rates_setpoint_s.c
[5.783s] -- Up-to-date: /root/colcon_ws/install/px4_msgs/lib/python3.8/site-packages/px4_msgs/msg/_vehicle_rates_setpoint.py
[5.783s] -- Up-to-date: /root/colcon_ws/install/px4_msgs/lib/python3.8/site-packages/px4_msgs/msg/_sensor_gps.py
[5.783s] -- Up-to-date: /root/colcon_ws/install/px4_msgs/lib/python3.8/site-packages/px4_msgs/msg/_vehicle_status_s.c
[5.783s] -- Up-to-date: /root/colcon_ws/install/px4_msgs/lib/python3.8/site-packages/px4_msgs/msg/_commander_set_state_s.c
[5.783s] -- Up-to-date: /root/colcon_ws/install/px4_msgs/lib/python3.8/site-packages/px4_msgs/msg/_collision_constraints_s.c
[5.783s] -- Up-to-date: /root/colcon_ws/install/px4_msgs/lib/python3.8/site-packages/px4_msgs/msg/_vehicle_global_position.py
[5.783s] -- Up-to-date: /root/colcon_ws/install/px4_msgs/lib/python3.8/site-packages/px4_msgs/msg/_debug_vect.py
[5.783s] -- Up-to-date: /root/colcon_ws/install/px4_msgs/lib/python3.8/site-packages/px4_msgs/msg/_vehicle_command.py
[5.783s] -- Up-to-date: /root/colcon_ws/install/px4_msgs/lib/python3.8/site-packages/px4_msgs/msg/_trajectory_setpoint.py
[5.783s] -- Up-to-date: /root/colcon_ws/install/px4_msgs/lib/python3.8/site-packages/px4_msgs/msg/_vehicle_attitude_setpoint_s.c
[5.783s] -- Up-to-date: /root/colcon_ws/install/px4_msgs/lib/python3.8/site-packages/px4_msgs/msg/_vehicle_global_position_s.c
[5.783s] -- Up-to-date: /root/colcon_ws/install/px4_msgs/lib/python3.8/site-packages/px4_msgs/msg/_commander_status.py
[5.783s] -- Up-to-date: /root/colcon_ws/install/px4_msgs/lib/python3.8/site-packages/px4_msgs/msg/_vehicle_angular_velocity.py
[5.783s] -- Up-to-date: /root/colcon_ws/install/px4_msgs/lib/python3.8/site-packages/px4_msgs/msg/_offboard_control_mode_s.c
[5.783s] -- Up-to-date: /root/colcon_ws/install/px4_msgs/lib/python3.8/site-packages/px4_msgs/msg/_parameter_req.py
[5.784s] -- Up-to-date: /root/colcon_ws/install/px4_msgs/lib/python3.8/site-packages/px4_msgs/msg/_vehicle_local_position_s.c
[5.784s] -- Up-to-date: /root/colcon_ws/install/px4_msgs/lib/python3.8/site-packages/px4_msgs/msg/_vehicle_trajectory_bezier.py
[5.784s] -- Up-to-date: /root/colcon_ws/install/px4_msgs/lib/python3.8/site-packages/px4_msgs/msg/__init__.py
[5.784s] -- Up-to-date: /root/colcon_ws/install/px4_msgs/lib/python3.8/site-packages/px4_msgs/msg/_collision_constraints.py
[5.784s] -- Up-to-date: /root/colcon_ws/install/px4_msgs/lib/python3.8/site-packages/px4_msgs/msg/_trajectory_setpoint_s.c
[5.784s] -- Up-to-date: /root/colcon_ws/install/px4_msgs/lib/python3.8/site-packages/px4_msgs/msg/_vehicle_control_mode.py
[5.784s] -- Up-to-date: /root/colcon_ws/install/px4_msgs/lib/python3.8/site-packages/px4_msgs/msg/_sensor_optical_flow_s.c
[5.784s] -- Up-to-date: /root/colcon_ws/install/px4_msgs/lib/python3.8/site-packages/px4_msgs/msg/_failsafe_flags_s.c
[5.784s] -- Up-to-date: /root/colcon_ws/install/px4_msgs/lib/python3.8/site-packages/px4_msgs/msg/_vehicle_trajectory_waypoint_s.c
[5.784s] -- Up-to-date: /root/colcon_ws/install/px4_msgs/lib/python3.8/site-packages/px4_msgs/msg/_vehicle_odometry_s.c
[5.784s] -- Up-to-date: /root/colcon_ws/install/px4_msgs/lib/python3.8/site-packages/px4_msgs/msg/_offboard_control_mode.py
[5.784s] -- Up-to-date: /root/colcon_ws/install/px4_msgs/lib/python3.8/site-packages/px4_msgs/msg/_vehicle_trajectory_bezier_s.c
[5.784s] -- Up-to-date: /root/colcon_ws/install/px4_msgs/lib/python3.8/site-packages/px4_msgs/msg/_onboard_computer_status_s.c
[5.784s] -- Up-to-date: /root/colcon_ws/install/px4_msgs/lib/python3.8/site-packages/px4_msgs/msg/_obstacle_distance.py
[5.784s] -- Up-to-date: /root/colcon_ws/install/px4_msgs/lib/python3.8/site-packages/px4_msgs/msg/_commander_set_state.py
[5.784s] -- Up-to-date: /root/colcon_ws/install/px4_msgs/lib/python3.8/site-packages/px4_msgs/msg/_failsafe_flags.py
[5.784s] -- Up-to-date: /root/colcon_ws/install/px4_msgs/lib/python3.8/site-packages/px4_msgs/px4_msgs_s__rosidl_typesupport_fastrtps_c.cpython-38-x86_64-linux-gnu.so
[5.785s] -- Up-to-date: /root/colcon_ws/install/px4_msgs/lib/python3.8/site-packages/px4_msgs/px4_msgs_s__rosidl_typesupport_introspection_c.cpython-38-x86_64-linux-gnu.so
[5.795s] -- Up-to-date: /root/colcon_ws/install/px4_msgs/lib/python3.8/site-packages/px4_msgs/px4_msgs_s__rosidl_typesupport_c.cpython-38-x86_64-linux-gnu.so
[5.805s] -- Up-to-date: /root/colcon_ws/install/px4_msgs/lib/libpx4_msgs__python.so
[5.806s] -- Up-to-date: /root/colcon_ws/install/px4_msgs/share/px4_msgs/msg/ActionRequest.idl
[5.806s] -- Up-to-date: /root/colcon_ws/install/px4_msgs/share/px4_msgs/msg/CollisionConstraints.idl
[5.806s] -- Up-to-date: /root/colcon_ws/install/px4_msgs/share/px4_msgs/msg/CommanderSetState.idl
[5.806s] -- Up-to-date: /root/colcon_ws/install/px4_msgs/share/px4_msgs/msg/CommanderStatus.idl
[5.806s] -- Up-to-date: /root/colcon_ws/install/px4_msgs/share/px4_msgs/msg/DebugVect.idl
[5.806s] -- Up-to-date: /root/colcon_ws/install/px4_msgs/share/px4_msgs/msg/FailsafeFlags.idl
[5.806s] -- Up-to-date: /root/colcon_ws/install/px4_msgs/share/px4_msgs/msg/ObstacleDistance.idl
[5.806s] -- Up-to-date: /root/colcon_ws/install/px4_msgs/share/px4_msgs/msg/OffboardControlMode.idl
[5.806s] -- Up-to-date: /root/colcon_ws/install/px4_msgs/share/px4_msgs/msg/OnboardComputerStatus.idl
[5.807s] -- Up-to-date: /root/colcon_ws/install/px4_msgs/share/px4_msgs/msg/ParameterReq.idl
[5.807s] -- Up-to-date: /root/colcon_ws/install/px4_msgs/share/px4_msgs/msg/ParameterRes.idl
[5.807s] -- Up-to-date: /root/colcon_ws/install/px4_msgs/share/px4_msgs/msg/SensorCombined.idl
[5.807s] -- Up-to-date: /root/colcon_ws/install/px4_msgs/share/px4_msgs/msg/SensorGps.idl
[5.807s] -- Up-to-date: /root/colcon_ws/install/px4_msgs/share/px4_msgs/msg/SensorOpticalFlow.idl
[5.807s] -- Up-to-date: /root/colcon_ws/install/px4_msgs/share/px4_msgs/msg/TelemetryStatus.idl
[5.807s] -- Up-to-date: /root/colcon_ws/install/px4_msgs/share/px4_msgs/msg/TimesyncStatus.idl
[5.807s] -- Up-to-date: /root/colcon_ws/install/px4_msgs/share/px4_msgs/msg/TrajectoryBezier.idl
[5.807s] -- Up-to-date: /root/colcon_ws/install/px4_msgs/share/px4_msgs/msg/TrajectorySetpoint.idl
[5.807s] -- Up-to-date: /root/colcon_ws/install/px4_msgs/share/px4_msgs/msg/TrajectoryWaypoint.idl
[5.808s] -- Up-to-date: /root/colcon_ws/install/px4_msgs/share/px4_msgs/msg/VehicleAngularVelocity.idl
[5.808s] -- Up-to-date: /root/colcon_ws/install/px4_msgs/share/px4_msgs/msg/VehicleAttitude.idl
[5.808s] -- Up-to-date: /root/colcon_ws/install/px4_msgs/share/px4_msgs/msg/VehicleAttitudeSetpoint.idl
[5.808s] -- Up-to-date: /root/colcon_ws/install/px4_msgs/share/px4_msgs/msg/VehicleCommand.idl
[5.808s] -- Up-to-date: /root/colcon_ws/install/px4_msgs/share/px4_msgs/msg/VehicleControlMode.idl
[5.808s] -- Up-to-date: /root/colcon_ws/install/px4_msgs/share/px4_msgs/msg/VehicleGlobalPosition.idl
[5.808s] -- Up-to-date: /root/colcon_ws/install/px4_msgs/share/px4_msgs/msg/VehicleLocalPosition.idl
[5.808s] -- Up-to-date: /root/colcon_ws/install/px4_msgs/share/px4_msgs/msg/VehicleOdometry.idl
[5.808s] -- Up-to-date: /root/colcon_ws/install/px4_msgs/share/px4_msgs/msg/VehicleRatesSetpoint.idl
[5.808s] -- Up-to-date: /root/colcon_ws/install/px4_msgs/share/px4_msgs/msg/VehicleStatus.idl
[5.808s] -- Up-to-date: /root/colcon_ws/install/px4_msgs/share/px4_msgs/msg/VehicleTrajectoryBezier.idl
[5.808s] -- Up-to-date: /root/colcon_ws/install/px4_msgs/share/px4_msgs/msg/VehicleTrajectoryWaypoint.idl
[5.808s] -- Up-to-date: /root/colcon_ws/install/px4_msgs/share/px4_msgs/msg/ActionRequest.msg
[5.808s] -- Up-to-date: /root/colcon_ws/install/px4_msgs/share/px4_msgs/msg/CollisionConstraints.msg
[5.809s] -- Up-to-date: /root/colcon_ws/install/px4_msgs/share/px4_msgs/msg/CommanderSetState.msg
[5.809s] -- Up-to-date: /root/colcon_ws/install/px4_msgs/share/px4_msgs/msg/CommanderStatus.msg
[5.809s] -- Up-to-date: /root/colcon_ws/install/px4_msgs/share/px4_msgs/msg/DebugVect.msg
[5.809s] -- Up-to-date: /root/colcon_ws/install/px4_msgs/share/px4_msgs/msg/FailsafeFlags.msg
[5.809s] -- Up-to-date: /root/colcon_ws/install/px4_msgs/share/px4_msgs/msg/ObstacleDistance.msg
[5.809s] -- Up-to-date: /root/colcon_ws/install/px4_msgs/share/px4_msgs/msg/OffboardControlMode.msg
[5.809s] -- Up-to-date: /root/colcon_ws/install/px4_msgs/share/px4_msgs/msg/OnboardComputerStatus.msg
[5.809s] -- Up-to-date: /root/colcon_ws/install/px4_msgs/share/px4_msgs/msg/ParameterReq.msg
[5.809s] -- Up-to-date: /root/colcon_ws/install/px4_msgs/share/px4_msgs/msg/ParameterRes.msg
[5.809s] -- Up-to-date: /root/colcon_ws/install/px4_msgs/share/px4_msgs/msg/SensorCombined.msg
[5.809s] -- Up-to-date: /root/colcon_ws/install/px4_msgs/share/px4_msgs/msg/SensorGps.msg
[5.809s] -- Up-to-date: /root/colcon_ws/install/px4_msgs/share/px4_msgs/msg/SensorOpticalFlow.msg
[5.809s] -- Up-to-date: /root/colcon_ws/install/px4_msgs/share/px4_msgs/msg/TelemetryStatus.msg
[5.809s] -- Up-to-date: /root/colcon_ws/install/px4_msgs/share/px4_msgs/msg/TimesyncStatus.msg
[5.810s] -- Up-to-date: /root/colcon_ws/install/px4_msgs/share/px4_msgs/msg/TrajectoryBezier.msg
[5.810s] -- Up-to-date: /root/colcon_ws/install/px4_msgs/share/px4_msgs/msg/TrajectorySetpoint.msg
[5.810s] -- Up-to-date: /root/colcon_ws/install/px4_msgs/share/px4_msgs/msg/TrajectoryWaypoint.msg
[5.810s] -- Up-to-date: /root/colcon_ws/install/px4_msgs/share/px4_msgs/msg/VehicleAngularVelocity.msg
[5.810s] -- Up-to-date: /root/colcon_ws/install/px4_msgs/share/px4_msgs/msg/VehicleAttitude.msg
[5.810s] -- Up-to-date: /root/colcon_ws/install/px4_msgs/share/px4_msgs/msg/VehicleAttitudeSetpoint.msg
[5.810s] -- Up-to-date: /root/colcon_ws/install/px4_msgs/share/px4_msgs/msg/VehicleCommand.msg
[5.810s] -- Up-to-date: /root/colcon_ws/install/px4_msgs/share/px4_msgs/msg/VehicleControlMode.msg
[5.810s] -- Up-to-date: /root/colcon_ws/install/px4_msgs/share/px4_msgs/msg/VehicleGlobalPosition.msg
[5.810s] -- Up-to-date: /root/colcon_ws/install/px4_msgs/share/px4_msgs/msg/VehicleLocalPosition.msg
[5.810s] -- Up-to-date: /root/colcon_ws/install/px4_msgs/share/px4_msgs/msg/VehicleOdometry.msg
[5.810s] -- Up-to-date: /root/colcon_ws/install/px4_msgs/share/px4_msgs/msg/VehicleRatesSetpoint.msg
[5.810s] -- Up-to-date: /root/colcon_ws/install/px4_msgs/share/px4_msgs/msg/VehicleStatus.msg
[5.810s] -- Up-to-date: /root/colcon_ws/install/px4_msgs/share/px4_msgs/msg/VehicleTrajectoryBezier.msg
[5.811s] -- Up-to-date: /root/colcon_ws/install/px4_msgs/share/px4_msgs/msg/VehicleTrajectoryWaypoint.msg
[5.811s] -- Up-to-date: /root/colcon_ws/install/px4_msgs/share/ament_index/resource_index/package_run_dependencies/px4_msgs
[5.811s] -- Up-to-date: /root/colcon_ws/install/px4_msgs/share/ament_index/resource_index/parent_prefix_path/px4_msgs
[5.811s] -- Up-to-date: /root/colcon_ws/install/px4_msgs/share/px4_msgs/environment/ament_prefix_path.sh
[5.811s] -- Up-to-date: /root/colcon_ws/install/px4_msgs/share/px4_msgs/environment/ament_prefix_path.dsv
[5.811s] -- Up-to-date: /root/colcon_ws/install/px4_msgs/share/px4_msgs/environment/path.sh
[5.811s] -- Up-to-date: /root/colcon_ws/install/px4_msgs/share/px4_msgs/environment/path.dsv
[5.811s] -- Up-to-date: /root/colcon_ws/install/px4_msgs/share/px4_msgs/local_setup.bash
[5.811s] -- Up-to-date: /root/colcon_ws/install/px4_msgs/share/px4_msgs/local_setup.sh
[5.811s] -- Up-to-date: /root/colcon_ws/install/px4_msgs/share/px4_msgs/local_setup.zsh
[5.811s] -- Up-to-date: /root/colcon_ws/install/px4_msgs/share/px4_msgs/local_setup.dsv
[5.811s] -- Installing: /root/colcon_ws/install/px4_msgs/share/px4_msgs/package.dsv
[5.820s] -- Up-to-date: /root/colcon_ws/install/px4_msgs/share/ament_index/resource_index/packages/px4_msgs
[5.822s] -- Up-to-date: /root/colcon_ws/install/px4_msgs/share/px4_msgs/cmake/px4_msgs__rosidl_generator_cExport.cmake
[5.822s] -- Up-to-date: /root/colcon_ws/install/px4_msgs/share/px4_msgs/cmake/px4_msgs__rosidl_generator_cExport-noconfig.cmake
[5.823s] -- Up-to-date: /root/colcon_ws/install/px4_msgs/share/px4_msgs/cmake/px4_msgs__rosidl_typesupport_introspection_cExport.cmake
[5.823s] -- Up-to-date: /root/colcon_ws/install/px4_msgs/share/px4_msgs/cmake/px4_msgs__rosidl_typesupport_introspection_cExport-noconfig.cmake
[5.823s] -- Up-to-date: /root/colcon_ws/install/px4_msgs/share/px4_msgs/cmake/px4_msgs__rosidl_typesupport_cExport.cmake
[5.823s] -- Up-to-date: /root/colcon_ws/install/px4_msgs/share/px4_msgs/cmake/px4_msgs__rosidl_typesupport_cExport-noconfig.cmake
[5.824s] -- Up-to-date: /root/colcon_ws/install/px4_msgs/share/px4_msgs/cmake/px4_msgs__rosidl_generator_cppExport.cmake
[5.824s] -- Up-to-date: /root/colcon_ws/install/px4_msgs/share/px4_msgs/cmake/px4_msgs__rosidl_typesupport_introspection_cppExport.cmake
[5.825s] -- Up-to-date: /root/colcon_ws/install/px4_msgs/share/px4_msgs/cmake/px4_msgs__rosidl_typesupport_introspection_cppExport-noconfig.cmake
[5.825s] -- Up-to-date: /root/colcon_ws/install/px4_msgs/share/px4_msgs/cmake/px4_msgs__rosidl_typesupport_cppExport.cmake
[5.825s] -- Up-to-date: /root/colcon_ws/install/px4_msgs/share/px4_msgs/cmake/px4_msgs__rosidl_typesupport_cppExport-noconfig.cmake
[5.826s] -- Up-to-date: /root/colcon_ws/install/px4_msgs/share/px4_msgs/cmake/rosidl_cmake-extras.cmake
[5.826s] -- Up-to-date: /root/colcon_ws/install/px4_msgs/share/px4_msgs/cmake/ament_cmake_export_dependencies-extras.cmake
[5.826s] -- Up-to-date: /root/colcon_ws/install/px4_msgs/share/px4_msgs/cmake/ament_cmake_export_libraries-extras.cmake
[5.826s] -- Up-to-date: /root/colcon_ws/install/px4_msgs/share/px4_msgs/cmake/ament_cmake_export_targets-extras.cmake
[5.826s] -- Up-to-date: /root/colcon_ws/install/px4_msgs/share/px4_msgs/cmake/ament_cmake_export_include_directories-extras.cmake
[5.826s] -- Up-to-date: /root/colcon_ws/install/px4_msgs/share/px4_msgs/cmake/rosidl_cmake_export_typesupport_libraries-extras.cmake
[5.826s] -- Up-to-date: /root/colcon_ws/install/px4_msgs/share/px4_msgs/cmake/rosidl_cmake_export_typesupport_targets-extras.cmake
[5.827s] -- Up-to-date: /root/colcon_ws/install/px4_msgs/share/px4_msgs/cmake/px4_msgsConfig.cmake
[5.827s] -- Up-to-date: /root/colcon_ws/install/px4_msgs/share/px4_msgs/cmake/px4_msgsConfig-version.cmake
[5.827s] -- Up-to-date: /root/colcon_ws/install/px4_msgs/share/px4_msgs/package.xml
[5.834s] Invoked command in '/root/colcon_ws/build/px4_msgs' returned '0': CMAKE_PREFIX_PATH=${CMAKE_PREFIX_PATH}:/opt/ros/foxy /usr/bin/cmake --install /root/colcon_ws/build/px4_msgs
