[0.020s] Invoking command in '/root/colcon_ws/build/px4_ros_com': CMAKE_PREFIX_PATH=/root/colcon_ws/install/px4_msgs:/root/colcon_ws/install/px4_ros_com:/root/colcon_ws/install/microxrcedds_agent:/opt/ros/foxy LD_LIBRARY_PATH=/root/colcon_ws/install/px4_msgs/lib:/root/colcon_ws/install/px4_ros_com/lib:/root/colcon_ws/install/microxrcedds_agent/lib:/opt/ros/foxy/opt/yaml_cpp_vendor/lib:/opt/ros/foxy/opt/rviz_ogre_vendor/lib:/opt/ros/foxy/lib/x86_64-linux-gnu:/opt/ros/foxy/lib /usr/bin/cmake --build /root/colcon_ws/build/px4_ros_com -- -j8 -l8
[0.088s] [35m[1mScanning dependencies of target offboard_control[0m
[0.108s] [ 20%] Built target vehicle_gps_position_listener
[0.109s] [ 40%] Built target frame_transforms
[0.109s] [ 60%] Built target debug_vect_advertiser
[0.113s] [ 80%] Built target sensor_combined_listener
[0.133s] [ 90%] [32mBuilding CXX object CMakeFiles/offboard_control.dir/src/examples/offboard/offboard_control.cpp.o[0m
[5.242s] [100%] [32m[1mLinking CXX executable offboard_control[0m
[5.506s] [100%] Built target offboard_control
[5.521s] Invoked command in '/root/colcon_ws/build/px4_ros_com' returned '0': CMAKE_PREFIX_PATH=/root/colcon_ws/install/px4_msgs:/root/colcon_ws/install/px4_ros_com:/root/colcon_ws/install/microxrcedds_agent:/opt/ros/foxy LD_LIBRARY_PATH=/root/colcon_ws/install/px4_msgs/lib:/root/colcon_ws/install/px4_ros_com/lib:/root/colcon_ws/install/microxrcedds_agent/lib:/opt/ros/foxy/opt/yaml_cpp_vendor/lib:/opt/ros/foxy/opt/rviz_ogre_vendor/lib:/opt/ros/foxy/lib/x86_64-linux-gnu:/opt/ros/foxy/lib /usr/bin/cmake --build /root/colcon_ws/build/px4_ros_com -- -j8 -l8
[5.572s] Invoking command in '/root/colcon_ws/build/px4_ros_com': CMAKE_PREFIX_PATH=/root/colcon_ws/install/px4_msgs:/root/colcon_ws/install/px4_ros_com:/root/colcon_ws/install/microxrcedds_agent:/opt/ros/foxy LD_LIBRARY_PATH=/root/colcon_ws/install/px4_msgs/lib:/root/colcon_ws/install/px4_ros_com/lib:/root/colcon_ws/install/microxrcedds_agent/lib:/opt/ros/foxy/opt/yaml_cpp_vendor/lib:/opt/ros/foxy/opt/rviz_ogre_vendor/lib:/opt/ros/foxy/lib/x86_64-linux-gnu:/opt/ros/foxy/lib /usr/bin/cmake --install /root/colcon_ws/build/px4_ros_com
[5.585s] -- Install configuration: ""
[5.586s] -- Up-to-date: /root/colcon_ws/install/px4_ros_com/lib/px4_ros_com/sensor_combined_listener
[5.586s] -- Up-to-date: /root/colcon_ws/install/px4_ros_com/lib/px4_ros_com/vehicle_gps_position_listener
[5.587s] -- Up-to-date: /root/colcon_ws/install/px4_ros_com/lib/px4_ros_com/debug_vect_advertiser
[5.587s] -- Installing: /root/colcon_ws/install/px4_ros_com/lib/px4_ros_com/offboard_control
[5.590s] -- Set runtime path of "/root/colcon_ws/install/px4_ros_com/lib/px4_ros_com/offboard_control" to ""
[5.590s] -- Up-to-date: /root/colcon_ws/install/px4_ros_com/share/px4_ros_com/environment/library_path.sh
[5.590s] -- Up-to-date: /root/colcon_ws/install/px4_ros_com/share/px4_ros_com/environment/library_path.dsv
[5.591s] -- Up-to-date: /root/colcon_ws/install/px4_ros_com/include/px4_ros_com
[5.591s] -- Up-to-date: /root/colcon_ws/install/px4_ros_com/include/px4_ros_com/frame_transforms.h
[5.591s] -- Up-to-date: /root/colcon_ws/install/px4_ros_com/lib/libframe_transforms.so
[5.591s] -- Up-to-date: /root/colcon_ws/install/px4_ros_com/share/px4_ros_com//launch
[5.592s] -- Up-to-date: /root/colcon_ws/install/px4_ros_com/share/px4_ros_com//launch/offboard_control_launch.yaml
[5.592s] -- Up-to-date: /root/colcon_ws/install/px4_ros_com/share/px4_ros_com//launch/sensor_combined_listener.launch.py
[5.592s] -- Up-to-date: /root/colcon_ws/install/px4_ros_com/share/px4_ros_com//test
[5.592s] -- Up-to-date: /root/colcon_ws/install/px4_ros_com/share/px4_ros_com//test/pipeline_io_test.py
[5.592s] -- Up-to-date: /root/colcon_ws/install/px4_ros_com/share/px4_ros_com//test/test_input.py
[5.592s] -- Up-to-date: /root/colcon_ws/install/px4_ros_com/share/px4_ros_com//test/__init__.py
[5.592s] -- Up-to-date: /root/colcon_ws/install/px4_ros_com/share/px4_ros_com//test/test_output.py
[5.592s] -- Up-to-date: /root/colcon_ws/install/px4_ros_com/share/ament_index/resource_index/package_run_dependencies/px4_ros_com
[5.592s] -- Up-to-date: /root/colcon_ws/install/px4_ros_com/share/ament_index/resource_index/parent_prefix_path/px4_ros_com
[5.592s] -- Up-to-date: /root/colcon_ws/install/px4_ros_com/share/px4_ros_com/environment/ament_prefix_path.sh
[5.592s] -- Up-to-date: /root/colcon_ws/install/px4_ros_com/share/px4_ros_com/environment/ament_prefix_path.dsv
[5.592s] -- Up-to-date: /root/colcon_ws/install/px4_ros_com/share/px4_ros_com/environment/path.sh
[5.593s] -- Up-to-date: /root/colcon_ws/install/px4_ros_com/share/px4_ros_com/environment/path.dsv
[5.593s] -- Up-to-date: /root/colcon_ws/install/px4_ros_com/share/px4_ros_com/local_setup.bash
[5.593s] -- Up-to-date: /root/colcon_ws/install/px4_ros_com/share/px4_ros_com/local_setup.sh
[5.593s] -- Up-to-date: /root/colcon_ws/install/px4_ros_com/share/px4_ros_com/local_setup.zsh
[5.593s] -- Up-to-date: /root/colcon_ws/install/px4_ros_com/share/px4_ros_com/local_setup.dsv
[5.593s] -- Installing: /root/colcon_ws/install/px4_ros_com/share/px4_ros_com/package.dsv
[5.593s] -- Up-to-date: /root/colcon_ws/install/px4_ros_com/share/ament_index/resource_index/packages/px4_ros_com
[5.593s] -- Up-to-date: /root/colcon_ws/install/px4_ros_com/share/px4_ros_com/cmake/export_frame_transformsExport.cmake
[5.593s] -- Up-to-date: /root/colcon_ws/install/px4_ros_com/share/px4_ros_com/cmake/export_frame_transformsExport-noconfig.cmake
[5.593s] -- Up-to-date: /root/colcon_ws/install/px4_ros_com/share/px4_ros_com/cmake/ament_cmake_export_dependencies-extras.cmake
[5.593s] -- Up-to-date: /root/colcon_ws/install/px4_ros_com/share/px4_ros_com/cmake/ament_cmake_export_targets-extras.cmake
[5.593s] -- Up-to-date: /root/colcon_ws/install/px4_ros_com/share/px4_ros_com/cmake/ament_cmake_export_include_directories-extras.cmake
[5.593s] -- Up-to-date: /root/colcon_ws/install/px4_ros_com/share/px4_ros_com/cmake/ament_cmake_export_libraries-extras.cmake
[5.593s] -- Up-to-date: /root/colcon_ws/install/px4_ros_com/share/px4_ros_com/cmake/px4_ros_comConfig.cmake
[5.593s] -- Up-to-date: /root/colcon_ws/install/px4_ros_com/share/px4_ros_com/cmake/px4_ros_comConfig-version.cmake
[5.593s] -- Up-to-date: /root/colcon_ws/install/px4_ros_com/share/px4_ros_com/package.xml
[5.601s] Invoked command in '/root/colcon_ws/build/px4_ros_com' returned '0': CMAKE_PREFIX_PATH=/root/colcon_ws/install/px4_msgs:/root/colcon_ws/install/px4_ros_com:/root/colcon_ws/install/microxrcedds_agent:/opt/ros/foxy LD_LIBRARY_PATH=/root/colcon_ws/install/px4_msgs/lib:/root/colcon_ws/install/px4_ros_com/lib:/root/colcon_ws/install/microxrcedds_agent/lib:/opt/ros/foxy/opt/yaml_cpp_vendor/lib:/opt/ros/foxy/opt/rviz_ogre_vendor/lib:/opt/ros/foxy/lib/x86_64-linux-gnu:/opt/ros/foxy/lib /usr/bin/cmake --install /root/colcon_ws/build/px4_ros_com
