[0.018s] Invoking command in '/root/colcon_ws/build/px4_ros_com': CMAKE_PREFIX_PATH=/root/colcon_ws/install/px4_msgs:/root/colcon_ws/install/px4_ros_com:/root/colcon_ws/install/microxrcedds_agent:/opt/ros/foxy LD_LIBRARY_PATH=/root/colcon_ws/install/px4_msgs/lib:/root/colcon_ws/install/px4_ros_com/lib:/root/colcon_ws/install/microxrcedds_agent/lib:/opt/ros/foxy/opt/yaml_cpp_vendor/lib:/opt/ros/foxy/opt/rviz_ogre_vendor/lib:/opt/ros/foxy/lib/x86_64-linux-gnu:/opt/ros/foxy/lib /usr/bin/cmake --build /root/colcon_ws/build/px4_ros_com -- -j8 -l8
[0.070s] [35m[1mScanning dependencies of target offboard_control[0m
[0.093s] [ 40%] Built target debug_vect_advertiser
[0.093s] [ 40%] Built target sensor_combined_listener
[0.099s] [ 80%] Built target vehicle_gps_position_listener
[0.099s] [ 80%] Built target frame_transforms
[0.106s] [ 90%] [32mBuilding CXX object CMakeFiles/offboard_control.dir/src/examples/offboard/offboard_control.cpp.o[0m
[5.246s] [100%] [32m[1mLinking CXX executable offboard_control[0m
[5.995s] [100%] Built target offboard_control
[6.010s] Invoked command in '/root/colcon_ws/build/px4_ros_com' returned '0': CMAKE_PREFIX_PATH=/root/colcon_ws/install/px4_msgs:/root/colcon_ws/install/px4_ros_com:/root/colcon_ws/install/microxrcedds_agent:/opt/ros/foxy LD_LIBRARY_PATH=/root/colcon_ws/install/px4_msgs/lib:/root/colcon_ws/install/px4_ros_com/lib:/root/colcon_ws/install/microxrcedds_agent/lib:/opt/ros/foxy/opt/yaml_cpp_vendor/lib:/opt/ros/foxy/opt/rviz_ogre_vendor/lib:/opt/ros/foxy/lib/x86_64-linux-gnu:/opt/ros/foxy/lib /usr/bin/cmake --build /root/colcon_ws/build/px4_ros_com -- -j8 -l8
[6.047s] Invoking command in '/root/colcon_ws/build/px4_ros_com': CMAKE_PREFIX_PATH=/root/colcon_ws/install/px4_msgs:/root/colcon_ws/install/px4_ros_com:/root/colcon_ws/install/microxrcedds_agent:/opt/ros/foxy LD_LIBRARY_PATH=/root/colcon_ws/install/px4_msgs/lib:/root/colcon_ws/install/px4_ros_com/lib:/root/colcon_ws/install/microxrcedds_agent/lib:/opt/ros/foxy/opt/yaml_cpp_vendor/lib:/opt/ros/foxy/opt/rviz_ogre_vendor/lib:/opt/ros/foxy/lib/x86_64-linux-gnu:/opt/ros/foxy/lib /usr/bin/cmake --install /root/colcon_ws/build/px4_ros_com
[6.068s] -- Install configuration: ""
[6.068s] -- Up-to-date: /root/colcon_ws/install/px4_ros_com/lib/px4_ros_com/sensor_combined_listener
[6.069s] -- Up-to-date: /root/colcon_ws/install/px4_ros_com/lib/px4_ros_com/vehicle_gps_position_listener
[6.069s] -- Up-to-date: /root/colcon_ws/install/px4_ros_com/lib/px4_ros_com/debug_vect_advertiser
[6.070s] -- Installing: /root/colcon_ws/install/px4_ros_com/lib/px4_ros_com/offboard_control
[6.072s] -- Set runtime path of "/root/colcon_ws/install/px4_ros_com/lib/px4_ros_com/offboard_control" to ""
[6.072s] -- Up-to-date: /root/colcon_ws/install/px4_ros_com/share/px4_ros_com/environment/library_path.sh
[6.098s] -- Up-to-date: /root/colcon_ws/install/px4_ros_com/share/px4_ros_com/environment/library_path.dsv
[6.098s] -- Up-to-date: /root/colcon_ws/install/px4_ros_com/include/px4_ros_com
[6.098s] -- Up-to-date: /root/colcon_ws/install/px4_ros_com/include/px4_ros_com/frame_transforms.h
[6.098s] -- Up-to-date: /root/colcon_ws/install/px4_ros_com/lib/libframe_transforms.so
[6.098s] -- Up-to-date: /root/colcon_ws/install/px4_ros_com/share/px4_ros_com//launch
[6.098s] -- Up-to-date: /root/colcon_ws/install/px4_ros_com/share/px4_ros_com//launch/offboard_control_launch.yaml
[6.098s] -- Up-to-date: /root/colcon_ws/install/px4_ros_com/share/px4_ros_com//launch/sensor_combined_listener.launch.py
[6.098s] -- Up-to-date: /root/colcon_ws/install/px4_ros_com/share/px4_ros_com//test
[6.098s] -- Up-to-date: /root/colcon_ws/install/px4_ros_com/share/px4_ros_com//test/pipeline_io_test.py
[6.098s] -- Up-to-date: /root/colcon_ws/install/px4_ros_com/share/px4_ros_com//test/test_input.py
[6.099s] -- Up-to-date: /root/colcon_ws/install/px4_ros_com/share/px4_ros_com//test/__init__.py
[6.099s] -- Up-to-date: /root/colcon_ws/install/px4_ros_com/share/px4_ros_com//test/test_output.py
[6.099s] -- Up-to-date: /root/colcon_ws/install/px4_ros_com/share/ament_index/resource_index/package_run_dependencies/px4_ros_com
[6.099s] -- Up-to-date: /root/colcon_ws/install/px4_ros_com/share/ament_index/resource_index/parent_prefix_path/px4_ros_com
[6.099s] -- Up-to-date: /root/colcon_ws/install/px4_ros_com/share/px4_ros_com/environment/ament_prefix_path.sh
[6.099s] -- Up-to-date: /root/colcon_ws/install/px4_ros_com/share/px4_ros_com/environment/ament_prefix_path.dsv
[6.099s] -- Up-to-date: /root/colcon_ws/install/px4_ros_com/share/px4_ros_com/environment/path.sh
[6.099s] -- Up-to-date: /root/colcon_ws/install/px4_ros_com/share/px4_ros_com/environment/path.dsv
[6.099s] -- Up-to-date: /root/colcon_ws/install/px4_ros_com/share/px4_ros_com/local_setup.bash
[6.099s] -- Up-to-date: /root/colcon_ws/install/px4_ros_com/share/px4_ros_com/local_setup.sh
[6.099s] -- Up-to-date: /root/colcon_ws/install/px4_ros_com/share/px4_ros_com/local_setup.zsh
[6.099s] -- Up-to-date: /root/colcon_ws/install/px4_ros_com/share/px4_ros_com/local_setup.dsv
[6.099s] -- Installing: /root/colcon_ws/install/px4_ros_com/share/px4_ros_com/package.dsv
[6.141s] -- Up-to-date: /root/colcon_ws/install/px4_ros_com/share/ament_index/resource_index/packages/px4_ros_com
[6.154s] -- Up-to-date: /root/colcon_ws/install/px4_ros_com/share/px4_ros_com/cmake/export_frame_transformsExport.cmake
[6.155s] -- Up-to-date: /root/colcon_ws/install/px4_ros_com/share/px4_ros_com/cmake/export_frame_transformsExport-noconfig.cmake
[6.155s] -- Up-to-date: /root/colcon_ws/install/px4_ros_com/share/px4_ros_com/cmake/ament_cmake_export_dependencies-extras.cmake
[6.155s] -- Up-to-date: /root/colcon_ws/install/px4_ros_com/share/px4_ros_com/cmake/ament_cmake_export_targets-extras.cmake
[6.155s] -- Up-to-date: /root/colcon_ws/install/px4_ros_com/share/px4_ros_com/cmake/ament_cmake_export_include_directories-extras.cmake
[6.155s] -- Up-to-date: /root/colcon_ws/install/px4_ros_com/share/px4_ros_com/cmake/ament_cmake_export_libraries-extras.cmake
[6.156s] -- Up-to-date: /root/colcon_ws/install/px4_ros_com/share/px4_ros_com/cmake/px4_ros_comConfig.cmake
[6.156s] -- Up-to-date: /root/colcon_ws/install/px4_ros_com/share/px4_ros_com/cmake/px4_ros_comConfig-version.cmake
[6.156s] -- Up-to-date: /root/colcon_ws/install/px4_ros_com/share/px4_ros_com/package.xml
[6.162s] Invoked command in '/root/colcon_ws/build/px4_ros_com' returned '0': CMAKE_PREFIX_PATH=/root/colcon_ws/install/px4_msgs:/root/colcon_ws/install/px4_ros_com:/root/colcon_ws/install/microxrcedds_agent:/opt/ros/foxy LD_LIBRARY_PATH=/root/colcon_ws/install/px4_msgs/lib:/root/colcon_ws/install/px4_ros_com/lib:/root/colcon_ws/install/microxrcedds_agent/lib:/opt/ros/foxy/opt/yaml_cpp_vendor/lib:/opt/ros/foxy/opt/rviz_ogre_vendor/lib:/opt/ros/foxy/lib/x86_64-linux-gnu:/opt/ros/foxy/lib /usr/bin/cmake --install /root/colcon_ws/build/px4_ros_com
