[0.065s] Invoking command in '/root/colcon_ws/build/px4_ros_com': CMAKE_PREFIX_PATH=/root/colcon_ws/install/px4_msgs:/root/colcon_ws/install/px4_ros_com:/root/colcon_ws/install/microxrcedds_agent:/opt/ros/foxy LD_LIBRARY_PATH=/root/colcon_ws/install/px4_msgs/lib:/root/colcon_ws/install/px4_ros_com/lib:/root/colcon_ws/install/microxrcedds_agent/lib:/opt/ros/foxy/opt/yaml_cpp_vendor/lib:/opt/ros/foxy/opt/rviz_ogre_vendor/lib:/opt/ros/foxy/lib/x86_64-linux-gnu:/opt/ros/foxy/lib /usr/bin/cmake --build /root/colcon_ws/build/px4_ros_com -- -j8 -l8
[0.491s] [35m[1mScanning dependencies of target offboard_control[0m
[0.564s] [ 60%] Built target vehicle_gps_position_listener
[0.564s] [ 60%] Built target sensor_combined_listener
[0.564s] [ 60%] Built target debug_vect_advertiser
[0.616s] [ 70%] [32mBuilding CXX object CMakeFiles/offboard_control.dir/src/examples/offboard/offboard_control.cpp.o[0m
[0.626s] [ 90%] Built target frame_transforms
[7.728s] [100%] [32m[1mLinking CXX executable offboard_control[0m
[8.592s] [100%] Built target offboard_control
[8.604s] Invoked command in '/root/colcon_ws/build/px4_ros_com' returned '0': CMAKE_PREFIX_PATH=/root/colcon_ws/install/px4_msgs:/root/colcon_ws/install/px4_ros_com:/root/colcon_ws/install/microxrcedds_agent:/opt/ros/foxy LD_LIBRARY_PATH=/root/colcon_ws/install/px4_msgs/lib:/root/colcon_ws/install/px4_ros_com/lib:/root/colcon_ws/install/microxrcedds_agent/lib:/opt/ros/foxy/opt/yaml_cpp_vendor/lib:/opt/ros/foxy/opt/rviz_ogre_vendor/lib:/opt/ros/foxy/lib/x86_64-linux-gnu:/opt/ros/foxy/lib /usr/bin/cmake --build /root/colcon_ws/build/px4_ros_com -- -j8 -l8
[8.648s] Invoking command in '/root/colcon_ws/build/px4_ros_com': CMAKE_PREFIX_PATH=/root/colcon_ws/install/px4_msgs:/root/colcon_ws/install/px4_ros_com:/root/colcon_ws/install/microxrcedds_agent:/opt/ros/foxy LD_LIBRARY_PATH=/root/colcon_ws/install/px4_msgs/lib:/root/colcon_ws/install/px4_ros_com/lib:/root/colcon_ws/install/microxrcedds_agent/lib:/opt/ros/foxy/opt/yaml_cpp_vendor/lib:/opt/ros/foxy/opt/rviz_ogre_vendor/lib:/opt/ros/foxy/lib/x86_64-linux-gnu:/opt/ros/foxy/lib /usr/bin/cmake --install /root/colcon_ws/build/px4_ros_com
[8.670s] -- Install configuration: ""
[8.695s] -- Up-to-date: /root/colcon_ws/install/px4_ros_com/lib/px4_ros_com/sensor_combined_listener
[8.713s] -- Up-to-date: /root/colcon_ws/install/px4_ros_com/lib/px4_ros_com/vehicle_gps_position_listener
[8.729s] -- Up-to-date: /root/colcon_ws/install/px4_ros_com/lib/px4_ros_com/debug_vect_advertiser
[8.755s] -- Installing: /root/colcon_ws/install/px4_ros_com/lib/px4_ros_com/offboard_control
[8.760s] -- Set runtime path of "/root/colcon_ws/install/px4_ros_com/lib/px4_ros_com/offboard_control" to ""
[8.760s] -- Up-to-date: /root/colcon_ws/install/px4_ros_com/share/px4_ros_com/environment/library_path.sh
[8.760s] -- Up-to-date: /root/colcon_ws/install/px4_ros_com/share/px4_ros_com/environment/library_path.dsv
[8.760s] -- Up-to-date: /root/colcon_ws/install/px4_ros_com/include/px4_ros_com
[8.761s] -- Up-to-date: /root/colcon_ws/install/px4_ros_com/include/px4_ros_com/frame_transforms.h
[8.787s] -- Up-to-date: /root/colcon_ws/install/px4_ros_com/lib/libframe_transforms.so
[8.788s] -- Up-to-date: /root/colcon_ws/install/px4_ros_com/share/px4_ros_com//launch
[8.801s] -- Up-to-date: /root/colcon_ws/install/px4_ros_com/share/px4_ros_com//launch/offboard_control_launch.yaml
[8.801s] -- Up-to-date: /root/colcon_ws/install/px4_ros_com/share/px4_ros_com//launch/sensor_combined_listener.launch.py
[8.801s] -- Up-to-date: /root/colcon_ws/install/px4_ros_com/share/px4_ros_com//test
[8.801s] -- Up-to-date: /root/colcon_ws/install/px4_ros_com/share/px4_ros_com//test/pipeline_io_test.py
[8.801s] -- Up-to-date: /root/colcon_ws/install/px4_ros_com/share/px4_ros_com//test/test_input.py
[8.802s] -- Up-to-date: /root/colcon_ws/install/px4_ros_com/share/px4_ros_com//test/__init__.py
[8.802s] -- Up-to-date: /root/colcon_ws/install/px4_ros_com/share/px4_ros_com//test/test_output.py
[8.802s] -- Up-to-date: /root/colcon_ws/install/px4_ros_com/share/ament_index/resource_index/package_run_dependencies/px4_ros_com
[8.802s] -- Up-to-date: /root/colcon_ws/install/px4_ros_com/share/ament_index/resource_index/parent_prefix_path/px4_ros_com
[8.802s] -- Up-to-date: /root/colcon_ws/install/px4_ros_com/share/px4_ros_com/environment/ament_prefix_path.sh
[8.802s] -- Up-to-date: /root/colcon_ws/install/px4_ros_com/share/px4_ros_com/environment/ament_prefix_path.dsv
[8.802s] -- Up-to-date: /root/colcon_ws/install/px4_ros_com/share/px4_ros_com/environment/path.sh
[8.802s] -- Up-to-date: /root/colcon_ws/install/px4_ros_com/share/px4_ros_com/environment/path.dsv
[8.802s] -- Up-to-date: /root/colcon_ws/install/px4_ros_com/share/px4_ros_com/local_setup.bash
[8.802s] -- Up-to-date: /root/colcon_ws/install/px4_ros_com/share/px4_ros_com/local_setup.sh
[8.802s] -- Up-to-date: /root/colcon_ws/install/px4_ros_com/share/px4_ros_com/local_setup.zsh
[8.802s] -- Up-to-date: /root/colcon_ws/install/px4_ros_com/share/px4_ros_com/local_setup.dsv
[8.803s] -- Installing: /root/colcon_ws/install/px4_ros_com/share/px4_ros_com/package.dsv
[8.810s] -- Up-to-date: /root/colcon_ws/install/px4_ros_com/share/ament_index/resource_index/packages/px4_ros_com
[8.822s] -- Up-to-date: /root/colcon_ws/install/px4_ros_com/share/px4_ros_com/cmake/export_frame_transformsExport.cmake
[8.822s] -- Up-to-date: /root/colcon_ws/install/px4_ros_com/share/px4_ros_com/cmake/export_frame_transformsExport-noconfig.cmake
[8.822s] -- Up-to-date: /root/colcon_ws/install/px4_ros_com/share/px4_ros_com/cmake/ament_cmake_export_dependencies-extras.cmake
[8.822s] -- Up-to-date: /root/colcon_ws/install/px4_ros_com/share/px4_ros_com/cmake/ament_cmake_export_targets-extras.cmake
[8.822s] -- Up-to-date: /root/colcon_ws/install/px4_ros_com/share/px4_ros_com/cmake/ament_cmake_export_include_directories-extras.cmake
[8.822s] -- Up-to-date: /root/colcon_ws/install/px4_ros_com/share/px4_ros_com/cmake/ament_cmake_export_libraries-extras.cmake
[8.822s] -- Up-to-date: /root/colcon_ws/install/px4_ros_com/share/px4_ros_com/cmake/px4_ros_comConfig.cmake
[8.822s] -- Up-to-date: /root/colcon_ws/install/px4_ros_com/share/px4_ros_com/cmake/px4_ros_comConfig-version.cmake
[8.822s] -- Up-to-date: /root/colcon_ws/install/px4_ros_com/share/px4_ros_com/package.xml
[8.829s] Invoked command in '/root/colcon_ws/build/px4_ros_com' returned '0': CMAKE_PREFIX_PATH=/root/colcon_ws/install/px4_msgs:/root/colcon_ws/install/px4_ros_com:/root/colcon_ws/install/microxrcedds_agent:/opt/ros/foxy LD_LIBRARY_PATH=/root/colcon_ws/install/px4_msgs/lib:/root/colcon_ws/install/px4_ros_com/lib:/root/colcon_ws/install/microxrcedds_agent/lib:/opt/ros/foxy/opt/yaml_cpp_vendor/lib:/opt/ros/foxy/opt/rviz_ogre_vendor/lib:/opt/ros/foxy/lib/x86_64-linux-gnu:/opt/ros/foxy/lib /usr/bin/cmake --install /root/colcon_ws/build/px4_ros_com
